{"/Users/guyshick/Desktop/final project/CSFinalProject/frontend/src/context/ActiveModeContext.tsx": {"path":"/Users/guyshick/Desktop/final project/CSFinalProject/frontend/src/context/ActiveModeContext.tsx","statementMap":{"0":{"start":{"line":10,"column":26},"end":{"line":13,"column":2}},"1":{"start":{"line":16,"column":38},"end":{"line":16,"column":71}},"2":{"start":{"line":17,"column":2},"end":{"line":21,"column":4}},"3":{"start":{"line":25,"column":2},"end":{"line":25,"column":39}}},"fnMap":{"0":{"name":"(anonymous_0)","decl":{"start":{"line":12,"column":17},"end":{"line":12,"column":18}},"loc":{"start":{"line":12,"column":23},"end":{"line":12,"column":25}},"line":12},"1":{"name":"ActiveModeProvider","decl":{"start":{"line":15,"column":16},"end":{"line":15,"column":34}},"loc":{"start":{"line":15,"column":80},"end":{"line":22,"column":1}},"line":15},"2":{"name":"useActiveMode","decl":{"start":{"line":24,"column":16},"end":{"line":24,"column":29}},"loc":{"start":{"line":24,"column":32},"end":{"line":26,"column":1}},"line":24}},"branchMap":{},"s":{"0":0,"1":0,"2":0,"3":0},"f":{"0":0,"1":0,"2":0},"b":{}}
,"/Users/guyshick/Desktop/final project/CSFinalProject/frontend/src/context/LanguageContext.tsx": {"path":"/Users/guyshick/Desktop/final project/CSFinalProject/frontend/src/context/LanguageContext.tsx","statementMap":{"0":{"start":{"line":17,"column":20},"end":{"line":17,"column":37}},"1":{"start":{"line":19,"column":24},"end":{"line":24,"column":2}},"2":{"start":{"line":27,"column":34},"end":{"line":27,"column":58}},"3":{"start":{"line":29,"column":2},"end":{"line":38,"column":9}},"4":{"start":{"line":30,"column":4},"end":{"line":37,"column":23}},"5":{"start":{"line":31,"column":19},"end":{"line":31,"column":62}},"6":{"start":{"line":32,"column":6},"end":{"line":32,"column":24}},"7":{"start":{"line":33,"column":6},"end":{"line":33,"column":32}},"8":{"start":{"line":34,"column":6},"end":{"line":36,"column":7}},"9":{"start":{"line":35,"column":8},"end":{"line":35,"column":69}},"10":{"start":{"line":40,"column":25},"end":{"line":46,"column":16}},"11":{"start":{"line":41,"column":4},"end":{"line":45,"column":5}},"12":{"start":{"line":42,"column":6},"end":{"line":42,"column":24}},"13":{"start":{"line":43,"column":6},"end":{"line":43,"column":32}},"14":{"start":{"line":44,"column":6},"end":{"line":44,"column":62}},"15":{"start":{"line":48,"column":25},"end":{"line":71,"column":8}},"16":{"start":{"line":49,"column":27},"end":{"line":49,"column":64}},"17":{"start":{"line":50,"column":4},"end":{"line":50,"column":50}},"18":{"start":{"line":51,"column":4},"end":{"line":51,"column":22}},"19":{"start":{"line":52,"column":4},"end":{"line":52,"column":30}},"20":{"start":{"line":54,"column":4},"end":{"line":58,"column":5}},"21":{"start":{"line":55,"column":6},"end":{"line":55,"column":57}},"22":{"start":{"line":60,"column":4},"end":{"line":70,"column":5}},"23":{"start":{"line":61,"column":6},"end":{"line":61,"column":67}},"24":{"start":{"line":62,"column":11},"end":{"line":70,"column":5}},"25":{"start":{"line":63,"column":6},"end":{"line":63,"column":42}},"26":{"start":{"line":64,"column":6},"end":{"line":64,"column":42}},"27":{"start":{"line":65,"column":6},"end":{"line":69,"column":7}},"28":{"start":{"line":66,"column":8},"end":{"line":66,"column":36}},"29":{"start":{"line":73,"column":2},"end":{"line":77,"column":4}},"30":{"start":{"line":81,"column":2},"end":{"line":81,"column":37}}},"fnMap":{"0":{"name":"(anonymous_0)","decl":{"start":{"line":22,"column":18},"end":{"line":22,"column":19}},"loc":{"start":{"line":22,"column":30},"end":{"line":22,"column":32}},"line":22},"1":{"name":"(anonymous_1)","decl":{"start":{"line":23,"column":18},"end":{"line":23,"column":19}},"loc":{"start":{"line":23,"column":24},"end":{"line":23,"column":26}},"line":23},"2":{"name":"LanguageProvider","decl":{"start":{"line":26,"column":16},"end":{"line":26,"column":32}},"loc":{"start":{"line":26,"column":78},"end":{"line":78,"column":1}},"line":26},"3":{"name":"(anonymous_3)","decl":{"start":{"line":29,"column":12},"end":{"line":29,"column":13}},"loc":{"start":{"line":29,"column":18},"end":{"line":38,"column":3}},"line":29},"4":{"name":"(anonymous_4)","decl":{"start":{"line":30,"column":43},"end":{"line":30,"column":44}},"loc":{"start":{"line":30,"column":55},"end":{"line":37,"column":5}},"line":30},"5":{"name":"(anonymous_5)","decl":{"start":{"line":37,"column":13},"end":{"line":37,"column":14}},"loc":{"start":{"line":37,"column":19},"end":{"line":37,"column":21}},"line":37},"6":{"name":"(anonymous_6)","decl":{"start":{"line":40,"column":37},"end":{"line":40,"column":38}},"loc":{"start":{"line":40,"column":57},"end":{"line":46,"column":3}},"line":40},"7":{"name":"(anonymous_7)","decl":{"start":{"line":44,"column":52},"end":{"line":44,"column":53}},"loc":{"start":{"line":44,"column":58},"end":{"line":44,"column":60}},"line":44},"8":{"name":"(anonymous_8)","decl":{"start":{"line":48,"column":37},"end":{"line":48,"column":38}},"loc":{"start":{"line":48,"column":63},"end":{"line":71,"column":3}},"line":48},"9":{"name":"useLanguage","decl":{"start":{"line":80,"column":16},"end":{"line":80,"column":27}},"loc":{"start":{"line":80,"column":30},"end":{"line":82,"column":1}},"line":80}},"branchMap":{"0":{"loc":{"start":{"line":31,"column":20},"end":{"line":31,"column":49}},"type":"cond-expr","locations":[{"start":{"line":31,"column":38},"end":{"line":31,"column":42}},{"start":{"line":31,"column":45},"end":{"line":31,"column":49}}],"line":31},"1":{"loc":{"start":{"line":34,"column":6},"end":{"line":36,"column":7}},"type":"if","locations":[{"start":{"line":34,"column":6},"end":{"line":36,"column":7}},{"start":{},"end":{}}],"line":34},"2":{"loc":{"start":{"line":35,"column":39},"end":{"line":35,"column":68}},"type":"cond-expr","locations":[{"start":{"line":35,"column":55},"end":{"line":35,"column":60}},{"start":{"line":35,"column":63},"end":{"line":35,"column":68}}],"line":35},"3":{"loc":{"start":{"line":41,"column":4},"end":{"line":45,"column":5}},"type":"if","locations":[{"start":{"line":41,"column":4},"end":{"line":45,"column":5}},{"start":{},"end":{}}],"line":41},"4":{"loc":{"start":{"line":60,"column":4},"end":{"line":70,"column":5}},"type":"if","locations":[{"start":{"line":60,"column":4},"end":{"line":70,"column":5}},{"start":{"line":62,"column":11},"end":{"line":70,"column":5}}],"line":60},"5":{"loc":{"start":{"line":61,"column":37},"end":{"line":61,"column":66}},"type":"cond-expr","locations":[{"start":{"line":61,"column":53},"end":{"line":61,"column":58}},{"start":{"line":61,"column":61},"end":{"line":61,"column":66}}],"line":61},"6":{"loc":{"start":{"line":62,"column":11},"end":{"line":70,"column":5}},"type":"if","locations":[{"start":{"line":62,"column":11},"end":{"line":70,"column":5}},{"start":{},"end":{}}],"line":62}},"s":{"0":4,"1":4,"2":16,"3":16,"4":10,"5":9,"6":9,"7":9,"8":9,"9":0,"10":16,"11":2,"12":1,"13":1,"14":1,"15":16,"16":5,"17":5,"18":5,"19":5,"20":5,"21":5,"22":5,"23":0,"24":5,"25":4,"26":4,"27":4,"28":4,"29":16,"30":44},"f":{"0":0,"1":0,"2":16,"3":10,"4":9,"5":1,"6":2,"7":0,"8":5,"9":44},"b":{"0":[1,8],"1":[0,9],"2":[0,0],"3":[1,1],"4":[0,5],"5":[0,0],"6":[4,1]},"_coverageSchema":"1a1c01bbd47fc00a2c39e90264f33305004495a9","hash":"7890560b693b0e02227389ef1c3cfbd8e2b4bfe1"}
,"/Users/guyshick/Desktop/final project/CSFinalProject/frontend/src/context/NotificationContext.tsx": {"path":"/Users/guyshick/Desktop/final project/CSFinalProject/frontend/src/context/NotificationContext.tsx","statementMap":{"0":{"start":{"line":20,"column":33},"end":{"line":26,"column":1}},"1":{"start":{"line":27,"column":37},"end":{"line":31,"column":1}},"2":{"start":{"line":46,"column":28},"end":{"line":46,"column":80}},"3":{"start":{"line":48,"column":22},"end":{"line":48,"column":28}},"4":{"start":{"line":51,"column":44},"end":{"line":51,"column":75}},"5":{"start":{"line":52,"column":32},"end":{"line":52,"column":47}},"6":{"start":{"line":53,"column":28},"end":{"line":53,"column":57}},"7":{"start":{"line":55,"column":29},"end":{"line":66,"column":8}},"8":{"start":{"line":56,"column":4},"end":{"line":56,"column":21}},"9":{"start":{"line":57,"column":4},"end":{"line":57,"column":19}},"10":{"start":{"line":58,"column":4},"end":{"line":65,"column":5}},"11":{"start":{"line":59,"column":18},"end":{"line":59,"column":80}},"12":{"start":{"line":60,"column":6},"end":{"line":60,"column":53}},"13":{"start":{"line":62,"column":6},"end":{"line":62,"column":85}},"14":{"start":{"line":64,"column":6},"end":{"line":64,"column":24}},"15":{"start":{"line":68,"column":21},"end":{"line":77,"column":26}},"16":{"start":{"line":69,"column":4},"end":{"line":71,"column":6}},"17":{"start":{"line":70,"column":6},"end":{"line":70,"column":66}},"18":{"start":{"line":70,"column":23},"end":{"line":70,"column":64}},"19":{"start":{"line":72,"column":4},"end":{"line":76,"column":5}},"20":{"start":{"line":73,"column":6},"end":{"line":73,"column":53}},"21":{"start":{"line":75,"column":6},"end":{"line":75,"column":27}},"22":{"start":{"line":79,"column":24},"end":{"line":91,"column":26}},"23":{"start":{"line":80,"column":4},"end":{"line":83,"column":8}},"24":{"start":{"line":80,"column":31},"end":{"line":83,"column":6}},"25":{"start":{"line":81,"column":6},"end":{"line":81,"column":73}},"26":{"start":{"line":81,"column":64},"end":{"line":81,"column":73}},"27":{"start":{"line":82,"column":6},"end":{"line":82,"column":37}},"28":{"start":{"line":84,"column":4},"end":{"line":90,"column":5}},"29":{"start":{"line":85,"column":45},"end":{"line":85,"column":47}},"30":{"start":{"line":86,"column":6},"end":{"line":86,"column":35}},"31":{"start":{"line":86,"column":16},"end":{"line":86,"column":35}},"32":{"start":{"line":87,"column":6},"end":{"line":87,"column":69}},"33":{"start":{"line":89,"column":6},"end":{"line":89,"column":27}},"34":{"start":{"line":93,"column":20},"end":{"line":100,"column":26}},"35":{"start":{"line":94,"column":4},"end":{"line":94,"column":64}},"36":{"start":{"line":94,"column":31},"end":{"line":94,"column":62}},"37":{"start":{"line":94,"column":50},"end":{"line":94,"column":61}},"38":{"start":{"line":95,"column":4},"end":{"line":99,"column":5}},"39":{"start":{"line":96,"column":6},"end":{"line":96,"column":51}},"40":{"start":{"line":98,"column":6},"end":{"line":98,"column":27}},"41":{"start":{"line":102,"column":20},"end":{"line":109,"column":26}},"42":{"start":{"line":103,"column":4},"end":{"line":103,"column":25}},"43":{"start":{"line":104,"column":4},"end":{"line":108,"column":5}},"44":{"start":{"line":105,"column":6},"end":{"line":105,"column":45}},"45":{"start":{"line":107,"column":6},"end":{"line":107,"column":27}},"46":{"start":{"line":111,"column":22},"end":{"line":122,"column":3}},"47":{"start":{"line":113,"column":21},"end":{"line":115,"column":23}},"48":{"start":{"line":114,"column":38},"end":{"line":114,"column":65}},"49":{"start":{"line":116,"column":6},"end":{"line":118,"column":7}},"50":{"start":{"line":117,"column":8},"end":{"line":117,"column":94}},"51":{"start":{"line":117,"column":42},"end":{"line":117,"column":92}},"52":{"start":{"line":119,"column":6},"end":{"line":119,"column":55}},"53":{"start":{"line":119,"column":36},"end":{"line":119,"column":46}},"54":{"start":{"line":124,"column":22},"end":{"line":131,"column":3}},"55":{"start":{"line":126,"column":6},"end":{"line":128,"column":24}},"56":{"start":{"line":127,"column":38},"end":{"line":127,"column":65}},"57":{"start":{"line":134,"column":2},"end":{"line":136,"column":27}},"58":{"start":{"line":135,"column":4},"end":{"line":135,"column":25}},"59":{"start":{"line":139,"column":22},"end":{"line":139,"column":73}},"60":{"start":{"line":140,"column":2},"end":{"line":143,"column":27}},"61":{"start":{"line":141,"column":4},"end":{"line":141,"column":73}},"62":{"start":{"line":142,"column":4},"end":{"line":142,"column":82}},"63":{"start":{"line":142,"column":19},"end":{"line":142,"column":79}},"64":{"start":{"line":142,"column":44},"end":{"line":142,"column":79}},"65":{"start":{"line":147,"column":2},"end":{"line":172,"column":27}},"66":{"start":{"line":148,"column":18},"end":{"line":148,"column":22}},"67":{"start":{"line":149,"column":39},"end":{"line":149,"column":43}},"68":{"start":{"line":151,"column":4},"end":{"line":166,"column":9}},"69":{"start":{"line":152,"column":21},"end":{"line":152,"column":38}},"70":{"start":{"line":153,"column":27},"end":{"line":155,"column":7}},"71":{"start":{"line":154,"column":8},"end":{"line":154,"column":47}},"72":{"start":{"line":154,"column":21},"end":{"line":154,"column":47}},"73":{"start":{"line":156,"column":25},"end":{"line":159,"column":7}},"74":{"start":{"line":157,"column":25},"end":{"line":157,"column":76}},"75":{"start":{"line":158,"column":8},"end":{"line":158,"column":60}},"76":{"start":{"line":158,"column":34},"end":{"line":158,"column":60}},"77":{"start":{"line":160,"column":6},"end":{"line":160,"column":53}},"78":{"start":{"line":161,"column":6},"end":{"line":161,"column":47}},"79":{"start":{"line":162,"column":6},"end":{"line":165,"column":8}},"80":{"start":{"line":163,"column":8},"end":{"line":163,"column":56}},"81":{"start":{"line":164,"column":8},"end":{"line":164,"column":50}},"82":{"start":{"line":168,"column":4},"end":{"line":171,"column":6}},"83":{"start":{"line":169,"column":6},"end":{"line":169,"column":22}},"84":{"start":{"line":170,"column":6},"end":{"line":170,"column":18}},"85":{"start":{"line":174,"column":2},"end":{"line":180,"column":4}},"86":{"start":{"line":184,"column":14},"end":{"line":184,"column":45}},"87":{"start":{"line":185,"column":2},"end":{"line":185,"column":95}},"88":{"start":{"line":185,"column":12},"end":{"line":185,"column":95}},"89":{"start":{"line":186,"column":2},"end":{"line":186,"column":13}}},"fnMap":{"0":{"name":"NotificationProvider","decl":{"start":{"line":50,"column":16},"end":{"line":50,"column":36}},"loc":{"start":{"line":50,"column":82},"end":{"line":181,"column":1}},"line":50},"1":{"name":"(anonymous_1)","decl":{"start":{"line":55,"column":41},"end":{"line":55,"column":42}},"loc":{"start":{"line":55,"column":53},"end":{"line":66,"column":3}},"line":55},"2":{"name":"(anonymous_2)","decl":{"start":{"line":68,"column":33},"end":{"line":68,"column":34}},"loc":{"start":{"line":68,"column":55},"end":{"line":77,"column":3}},"line":68},"3":{"name":"(anonymous_3)","decl":{"start":{"line":69,"column":21},"end":{"line":69,"column":22}},"loc":{"start":{"line":70,"column":6},"end":{"line":70,"column":66}},"line":70},"4":{"name":"(anonymous_4)","decl":{"start":{"line":70,"column":15},"end":{"line":70,"column":16}},"loc":{"start":{"line":70,"column":23},"end":{"line":70,"column":64}},"line":70},"5":{"name":"(anonymous_5)","decl":{"start":{"line":79,"column":36},"end":{"line":79,"column":37}},"loc":{"start":{"line":79,"column":61},"end":{"line":91,"column":3}},"line":79},"6":{"name":"(anonymous_6)","decl":{"start":{"line":80,"column":21},"end":{"line":80,"column":22}},"loc":{"start":{"line":80,"column":31},"end":{"line":83,"column":6}},"line":80},"7":{"name":"(anonymous_7)","decl":{"start":{"line":80,"column":40},"end":{"line":80,"column":41}},"loc":{"start":{"line":80,"column":47},"end":{"line":83,"column":5}},"line":80},"8":{"name":"(anonymous_8)","decl":{"start":{"line":93,"column":32},"end":{"line":93,"column":33}},"loc":{"start":{"line":93,"column":54},"end":{"line":100,"column":3}},"line":93},"9":{"name":"(anonymous_9)","decl":{"start":{"line":94,"column":21},"end":{"line":94,"column":22}},"loc":{"start":{"line":94,"column":31},"end":{"line":94,"column":62}},"line":94},"10":{"name":"(anonymous_10)","decl":{"start":{"line":94,"column":43},"end":{"line":94,"column":44}},"loc":{"start":{"line":94,"column":50},"end":{"line":94,"column":61}},"line":94},"11":{"name":"(anonymous_11)","decl":{"start":{"line":102,"column":32},"end":{"line":102,"column":33}},"loc":{"start":{"line":102,"column":44},"end":{"line":109,"column":3}},"line":102},"12":{"name":"(anonymous_12)","decl":{"start":{"line":112,"column":4},"end":{"line":112,"column":5}},"loc":{"start":{"line":112,"column":52},"end":{"line":120,"column":5}},"line":112},"13":{"name":"(anonymous_13)","decl":{"start":{"line":114,"column":31},"end":{"line":114,"column":32}},"loc":{"start":{"line":114,"column":38},"end":{"line":114,"column":65}},"line":114},"14":{"name":"(anonymous_14)","decl":{"start":{"line":117,"column":35},"end":{"line":117,"column":36}},"loc":{"start":{"line":117,"column":42},"end":{"line":117,"column":92}},"line":117},"15":{"name":"(anonymous_15)","decl":{"start":{"line":119,"column":29},"end":{"line":119,"column":30}},"loc":{"start":{"line":119,"column":36},"end":{"line":119,"column":46}},"line":119},"16":{"name":"(anonymous_16)","decl":{"start":{"line":125,"column":4},"end":{"line":125,"column":5}},"loc":{"start":{"line":125,"column":31},"end":{"line":129,"column":5}},"line":125},"17":{"name":"(anonymous_17)","decl":{"start":{"line":127,"column":31},"end":{"line":127,"column":32}},"loc":{"start":{"line":127,"column":38},"end":{"line":127,"column":65}},"line":127},"18":{"name":"(anonymous_18)","decl":{"start":{"line":134,"column":12},"end":{"line":134,"column":13}},"loc":{"start":{"line":134,"column":18},"end":{"line":136,"column":3}},"line":134},"19":{"name":"(anonymous_19)","decl":{"start":{"line":140,"column":12},"end":{"line":140,"column":13}},"loc":{"start":{"line":140,"column":18},"end":{"line":143,"column":3}},"line":140},"20":{"name":"(anonymous_20)","decl":{"start":{"line":142,"column":11},"end":{"line":142,"column":12}},"loc":{"start":{"line":142,"column":17},"end":{"line":142,"column":81}},"line":142},"21":{"name":"(anonymous_21)","decl":{"start":{"line":147,"column":12},"end":{"line":147,"column":13}},"loc":{"start":{"line":147,"column":18},"end":{"line":172,"column":3}},"line":147},"22":{"name":"(anonymous_22)","decl":{"start":{"line":151,"column":10},"end":{"line":151,"column":11}},"loc":{"start":{"line":151,"column":22},"end":{"line":166,"column":5}},"line":151},"23":{"name":"(anonymous_23)","decl":{"start":{"line":153,"column":27},"end":{"line":153,"column":28}},"loc":{"start":{"line":153,"column":33},"end":{"line":155,"column":7}},"line":153},"24":{"name":"(anonymous_24)","decl":{"start":{"line":156,"column":25},"end":{"line":156,"column":26}},"loc":{"start":{"line":156,"column":74},"end":{"line":159,"column":7}},"line":156},"25":{"name":"(anonymous_25)","decl":{"start":{"line":162,"column":16},"end":{"line":162,"column":17}},"loc":{"start":{"line":162,"column":22},"end":{"line":165,"column":7}},"line":162},"26":{"name":"(anonymous_26)","decl":{"start":{"line":168,"column":11},"end":{"line":168,"column":12}},"loc":{"start":{"line":168,"column":17},"end":{"line":171,"column":5}},"line":168},"27":{"name":"useNotificationContext","decl":{"start":{"line":183,"column":16},"end":{"line":183,"column":38}},"loc":{"start":{"line":183,"column":41},"end":{"line":187,"column":1}},"line":183}},"branchMap":{"0":{"loc":{"start":{"line":60,"column":23},"end":{"line":60,"column":51}},"type":"binary-expr","locations":[{"start":{"line":60,"column":23},"end":{"line":60,"column":45}},{"start":{"line":60,"column":49},"end":{"line":60,"column":51}}],"line":60},"1":{"loc":{"start":{"line":62,"column":15},"end":{"line":62,"column":83}},"type":"cond-expr","locations":[{"start":{"line":62,"column":38},"end":{"line":62,"column":49}},{"start":{"line":62,"column":52},"end":{"line":62,"column":83}}],"line":62},"2":{"loc":{"start":{"line":70,"column":23},"end":{"line":70,"column":64}},"type":"cond-expr","locations":[{"start":{"line":70,"column":37},"end":{"line":70,"column":60}},{"start":{"line":70,"column":63},"end":{"line":70,"column":64}}],"line":70},"3":{"loc":{"start":{"line":81,"column":6},"end":{"line":81,"column":73}},"type":"if","locations":[{"start":{"line":81,"column":6},"end":{"line":81,"column":73}},{"start":{},"end":{}}],"line":81},"4":{"loc":{"start":{"line":81,"column":10},"end":{"line":81,"column":62}},"type":"binary-expr","locations":[{"start":{"line":81,"column":10},"end":{"line":81,"column":14}},{"start":{"line":81,"column":18},"end":{"line":81,"column":38}},{"start":{"line":81,"column":42},"end":{"line":81,"column":62}}],"line":81},"5":{"loc":{"start":{"line":86,"column":6},"end":{"line":86,"column":35}},"type":"if","locations":[{"start":{"line":86,"column":6},"end":{"line":86,"column":35}},{"start":{},"end":{}}],"line":86},"6":{"loc":{"start":{"line":113,"column":21},"end":{"line":115,"column":23}},"type":"cond-expr","locations":[{"start":{"line":114,"column":10},"end":{"line":114,"column":66}},{"start":{"line":115,"column":10},"end":{"line":115,"column":23}}],"line":113},"7":{"loc":{"start":{"line":116,"column":6},"end":{"line":118,"column":7}},"type":"if","locations":[{"start":{"line":116,"column":6},"end":{"line":118,"column":7}},{"start":{},"end":{}}],"line":116},"8":{"loc":{"start":{"line":117,"column":42},"end":{"line":117,"column":92}},"type":"binary-expr","locations":[{"start":{"line":117,"column":42},"end":{"line":117,"column":68}},{"start":{"line":117,"column":72},"end":{"line":117,"column":92}}],"line":117},"9":{"loc":{"start":{"line":126,"column":13},"end":{"line":128,"column":23}},"type":"cond-expr","locations":[{"start":{"line":127,"column":10},"end":{"line":127,"column":66}},{"start":{"line":128,"column":10},"end":{"line":128,"column":23}}],"line":126},"10":{"loc":{"start":{"line":142,"column":19},"end":{"line":142,"column":79}},"type":"if","locations":[{"start":{"line":142,"column":19},"end":{"line":142,"column":79}},{"start":{},"end":{}}],"line":142},"11":{"loc":{"start":{"line":154,"column":8},"end":{"line":154,"column":47}},"type":"if","locations":[{"start":{"line":154,"column":8},"end":{"line":154,"column":47}},{"start":{},"end":{}}],"line":154},"12":{"loc":{"start":{"line":158,"column":8},"end":{"line":158,"column":60}},"type":"if","locations":[{"start":{"line":158,"column":8},"end":{"line":158,"column":60}},{"start":{},"end":{}}],"line":158},"13":{"loc":{"start":{"line":158,"column":12},"end":{"line":158,"column":32}},"type":"binary-expr","locations":[{"start":{"line":158,"column":12},"end":{"line":158,"column":19}},{"start":{"line":158,"column":23},"end":{"line":158,"column":32}}],"line":158},"14":{"loc":{"start":{"line":185,"column":2},"end":{"line":185,"column":95}},"type":"if","locations":[{"start":{"line":185,"column":2},"end":{"line":185,"column":95}},{"start":{},"end":{}}],"line":185}},"s":{"0":1,"1":1,"2":1,"3":1,"4":62,"5":62,"6":62,"7":62,"8":22,"9":22,"10":22,"11":22,"12":21,"13":1,"14":22,"15":62,"16":2,"17":2,"18":2,"19":2,"20":2,"21":1,"22":62,"23":3,"24":3,"25":5,"26":1,"27":4,"28":3,"29":3,"30":3,"31":1,"32":3,"33":1,"34":62,"35":2,"36":2,"37":3,"38":2,"39":2,"40":1,"41":62,"42":2,"43":2,"44":2,"45":1,"46":62,"47":5,"48":11,"49":5,"50":3,"51":8,"52":5,"53":9,"54":62,"55":2,"56":3,"57":62,"58":17,"59":62,"60":62,"61":17,"62":17,"63":17,"64":17,"65":62,"66":17,"67":17,"68":17,"69":17,"70":17,"71":0,"72":0,"73":17,"74":0,"75":0,"76":0,"77":17,"78":17,"79":17,"80":17,"81":17,"82":17,"83":17,"84":17,"85":62,"86":60,"87":60,"88":2,"89":58},"f":{"0":62,"1":22,"2":2,"3":2,"4":2,"5":3,"6":3,"7":5,"8":2,"9":2,"10":3,"11":2,"12":5,"13":11,"14":8,"15":9,"16":2,"17":3,"18":17,"19":17,"20":17,"21":17,"22":17,"23":0,"24":0,"25":17,"26":17,"27":60},"b":{"0":[21,0],"1":[1,0],"2":[2,0],"3":[1,4],"4":[5,2,2],"5":[1,2],"6":[4,1],"7":[3,2],"8":[8,5],"9":[1,1],"10":[17,0],"11":[0,0],"12":[0,0],"13":[0,0],"14":[2,58]},"_coverageSchema":"1a1c01bbd47fc00a2c39e90264f33305004495a9","hash":"a8788a076cf87e4d3e67afbcc93db18d0feebf45"}
,"/Users/guyshick/Desktop/final project/CSFinalProject/frontend/src/hooks/useAuthBootstrap.ts": {"path":"/Users/guyshick/Desktop/final project/CSFinalProject/frontend/src/hooks/useAuthBootstrap.ts","statementMap":{"0":{"start":{"line":12,"column":26},"end":{"line":12,"column":52}},"1":{"start":{"line":15,"column":2},"end":{"line":15,"column":36}},"2":{"start":{"line":15,"column":29},"end":{"line":15,"column":36}},"3":{"start":{"line":16,"column":2},"end":{"line":35,"column":3}},"4":{"start":{"line":17,"column":28},"end":{"line":17,"column":73}},"5":{"start":{"line":18,"column":33},"end":{"line":18,"column":74}},"6":{"start":{"line":20,"column":22},"end":{"line":20,"column":30}},"7":{"start":{"line":21,"column":4},"end":{"line":25,"column":5}},"8":{"start":{"line":22,"column":25},"end":{"line":22,"column":70}},"9":{"start":{"line":23,"column":6},"end":{"line":23,"column":27}},"10":{"start":{"line":24,"column":6},"end":{"line":24,"column":60}},"11":{"start":{"line":27,"column":4},"end":{"line":32,"column":5}},"12":{"start":{"line":28,"column":24},"end":{"line":28,"column":89}},"13":{"start":{"line":29,"column":6},"end":{"line":29,"column":29}},"14":{"start":{"line":29,"column":22},"end":{"line":29,"column":29}},"15":{"start":{"line":30,"column":30},"end":{"line":30,"column":86}},"16":{"start":{"line":31,"column":6},"end":{"line":31,"column":60}},"17":{"start":{"line":41,"column":19},"end":{"line":41,"column":82}},"18":{"start":{"line":42,"column":2},"end":{"line":42,"column":71}},"19":{"start":{"line":46,"column":19},"end":{"line":46,"column":106}},"20":{"start":{"line":47,"column":18},"end":{"line":47,"column":48}},"21":{"start":{"line":49,"column":2},"end":{"line":51,"column":3}},"22":{"start":{"line":50,"column":4},"end":{"line":50,"column":19}},"23":{"start":{"line":53,"column":2},"end":{"line":55,"column":3}},"24":{"start":{"line":54,"column":4},"end":{"line":54,"column":84}},"25":{"start":{"line":57,"column":2},"end":{"line":59,"column":3}},"26":{"start":{"line":58,"column":4},"end":{"line":58,"column":25}},"27":{"start":{"line":61,"column":2},"end":{"line":61,"column":18}},"28":{"start":{"line":65,"column":30},"end":{"line":65,"column":71}},"29":{"start":{"line":66,"column":28},"end":{"line":66,"column":57}},"30":{"start":{"line":67,"column":36},"end":{"line":67,"column":65}},"31":{"start":{"line":68,"column":52},"end":{"line":68,"column":64}},"32":{"start":{"line":69,"column":32},"end":{"line":69,"column":47}},"33":{"start":{"line":70,"column":25},"end":{"line":70,"column":38}},"34":{"start":{"line":72,"column":26},"end":{"line":82,"column":8}},"35":{"start":{"line":73,"column":16},"end":{"line":73,"column":46}},"36":{"start":{"line":74,"column":4},"end":{"line":74,"column":49}},"37":{"start":{"line":76,"column":4},"end":{"line":79,"column":5}},"38":{"start":{"line":77,"column":18},"end":{"line":77,"column":63}},"39":{"start":{"line":78,"column":6},"end":{"line":78,"column":46}},"40":{"start":{"line":81,"column":4},"end":{"line":81,"column":50}},"41":{"start":{"line":84,"column":32},"end":{"line":146,"column":3}},"42":{"start":{"line":86,"column":6},"end":{"line":86,"column":28}},"43":{"start":{"line":87,"column":6},"end":{"line":87,"column":21}},"44":{"start":{"line":88,"column":6},"end":{"line":88,"column":39}},"45":{"start":{"line":89,"column":6},"end":{"line":89,"column":51}},"46":{"start":{"line":91,"column":6},"end":{"line":143,"column":7}},"47":{"start":{"line":92,"column":32},"end":{"line":92,"column":55}},"48":{"start":{"line":95,"column":8},"end":{"line":98,"column":9}},"49":{"start":{"line":96,"column":10},"end":{"line":96,"column":42}},"50":{"start":{"line":97,"column":10},"end":{"line":97,"column":17}},"51":{"start":{"line":99,"column":8},"end":{"line":99,"column":27}},"52":{"start":{"line":100,"column":8},"end":{"line":103,"column":9}},"53":{"start":{"line":101,"column":10},"end":{"line":101,"column":40}},"54":{"start":{"line":102,"column":10},"end":{"line":102,"column":43}},"55":{"start":{"line":105,"column":23},"end":{"line":105,"column":51}},"56":{"start":{"line":107,"column":8},"end":{"line":131,"column":9}},"57":{"start":{"line":109,"column":10},"end":{"line":128,"column":11}},"58":{"start":{"line":110,"column":25},"end":{"line":110,"column":80}},"59":{"start":{"line":111,"column":12},"end":{"line":114,"column":15}},"60":{"start":{"line":115,"column":23},"end":{"line":115,"column":46}},"61":{"start":{"line":116,"column":12},"end":{"line":119,"column":13}},"62":{"start":{"line":117,"column":14},"end":{"line":117,"column":46}},"63":{"start":{"line":118,"column":14},"end":{"line":118,"column":21}},"64":{"start":{"line":120,"column":12},"end":{"line":120,"column":31}},"65":{"start":{"line":121,"column":12},"end":{"line":124,"column":13}},"66":{"start":{"line":122,"column":14},"end":{"line":122,"column":44}},"67":{"start":{"line":123,"column":14},"end":{"line":123,"column":47}},"68":{"start":{"line":125,"column":12},"end":{"line":125,"column":19}},"69":{"start":{"line":129,"column":10},"end":{"line":129,"column":34}},"70":{"start":{"line":130,"column":10},"end":{"line":130,"column":17}},"71":{"start":{"line":133,"column":8},"end":{"line":139,"column":9}},"72":{"start":{"line":134,"column":10},"end":{"line":136,"column":12}},"73":{"start":{"line":137,"column":10},"end":{"line":137,"column":29}},"74":{"start":{"line":138,"column":10},"end":{"line":138,"column":17}},"75":{"start":{"line":141,"column":8},"end":{"line":141,"column":82}},"76":{"start":{"line":142,"column":8},"end":{"line":142,"column":27}},"77":{"start":{"line":148,"column":2},"end":{"line":163,"column":30}},"78":{"start":{"line":149,"column":24},"end":{"line":160,"column":6}},"79":{"start":{"line":150,"column":6},"end":{"line":157,"column":7}},"80":{"start":{"line":151,"column":8},"end":{"line":151,"column":27}},"81":{"start":{"line":152,"column":8},"end":{"line":152,"column":32}},"82":{"start":{"line":153,"column":8},"end":{"line":153,"column":23}},"83":{"start":{"line":154,"column":8},"end":{"line":154,"column":27}},"84":{"start":{"line":155,"column":8},"end":{"line":155,"column":33}},"85":{"start":{"line":156,"column":8},"end":{"line":156,"column":15}},"86":{"start":{"line":159,"column":6},"end":{"line":159,"column":39}},"87":{"start":{"line":162,"column":4},"end":{"line":162,"column":23}},"88":{"start":{"line":165,"column":17},"end":{"line":175,"column":8}},"89":{"start":{"line":166,"column":4},"end":{"line":166,"column":26}},"90":{"start":{"line":167,"column":4},"end":{"line":167,"column":19}},"91":{"start":{"line":169,"column":4},"end":{"line":174,"column":5}},"92":{"start":{"line":170,"column":6},"end":{"line":170,"column":69}},"93":{"start":{"line":172,"column":6},"end":{"line":172,"column":30}},"94":{"start":{"line":173,"column":6},"end":{"line":173,"column":98}},"95":{"start":{"line":177,"column":27},"end":{"line":214,"column":3}},"96":{"start":{"line":179,"column":6},"end":{"line":179,"column":28}},"97":{"start":{"line":180,"column":6},"end":{"line":180,"column":21}},"98":{"start":{"line":182,"column":6},"end":{"line":211,"column":7}},"99":{"start":{"line":183,"column":8},"end":{"line":186,"column":11}},"100":{"start":{"line":187,"column":32},"end":{"line":187,"column":55}},"101":{"start":{"line":189,"column":8},"end":{"line":192,"column":9}},"102":{"start":{"line":190,"column":10},"end":{"line":190,"column":42}},"103":{"start":{"line":191,"column":10},"end":{"line":191,"column":17}},"104":{"start":{"line":193,"column":8},"end":{"line":193,"column":27}},"105":{"start":{"line":195,"column":8},"end":{"line":207,"column":9}},"106":{"start":{"line":196,"column":10},"end":{"line":206,"column":11}},"107":{"start":{"line":197,"column":23},"end":{"line":197,"column":46}},"108":{"start":{"line":198,"column":12},"end":{"line":201,"column":13}},"109":{"start":{"line":199,"column":14},"end":{"line":199,"column":46}},"110":{"start":{"line":200,"column":14},"end":{"line":200,"column":21}},"111":{"start":{"line":202,"column":12},"end":{"line":202,"column":31}},"112":{"start":{"line":203,"column":12},"end":{"line":203,"column":19}},"113":{"start":{"line":209,"column":8},"end":{"line":209,"column":88}},"114":{"start":{"line":210,"column":8},"end":{"line":210,"column":32}},"115":{"start":{"line":216,"column":16},"end":{"line":224,"column":29}},"116":{"start":{"line":217,"column":4},"end":{"line":221,"column":5}},"117":{"start":{"line":218,"column":6},"end":{"line":218,"column":30}},"118":{"start":{"line":219,"column":6},"end":{"line":219,"column":21}},"119":{"start":{"line":220,"column":6},"end":{"line":220,"column":13}},"120":{"start":{"line":223,"column":4},"end":{"line":223,"column":50}},"121":{"start":{"line":226,"column":35},"end":{"line":246,"column":8}},"122":{"start":{"line":227,"column":17},"end":{"line":227,"column":33}},"123":{"start":{"line":228,"column":4},"end":{"line":228,"column":28}},"124":{"start":{"line":228,"column":15},"end":{"line":228,"column":28}},"125":{"start":{"line":229,"column":4},"end":{"line":229,"column":24}},"126":{"start":{"line":230,"column":4},"end":{"line":244,"column":5}},"127":{"start":{"line":232,"column":6},"end":{"line":237,"column":7}},"128":{"start":{"line":233,"column":8},"end":{"line":233,"column":36}},"129":{"start":{"line":234,"column":8},"end":{"line":234,"column":56}},"130":{"start":{"line":238,"column":6},"end":{"line":238,"column":25}},"131":{"start":{"line":239,"column":6},"end":{"line":242,"column":7}},"132":{"start":{"line":240,"column":8},"end":{"line":240,"column":38}},"133":{"start":{"line":241,"column":8},"end":{"line":241,"column":41}},"134":{"start":{"line":243,"column":6},"end":{"line":243,"column":18}},"135":{"start":{"line":245,"column":4},"end":{"line":245,"column":17}},"136":{"start":{"line":248,"column":17},"end":{"line":251,"column":8}},"137":{"start":{"line":249,"column":4},"end":{"line":249,"column":23}},"138":{"start":{"line":250,"column":4},"end":{"line":250,"column":24}},"139":{"start":{"line":253,"column":2},"end":{"line":264,"column":4}}},"fnMap":{"0":{"name":"registerPushTokenSilently","decl":{"start":{"line":14,"column":15},"end":{"line":14,"column":40}},"loc":{"start":{"line":14,"column":58},"end":{"line":36,"column":1}},"line":14},"1":{"name":"getApiErrorStatus","decl":{"start":{"line":40,"column":9},"end":{"line":40,"column":26}},"loc":{"start":{"line":40,"column":43},"end":{"line":43,"column":1}},"line":40},"2":{"name":"getApiErrorMessage","decl":{"start":{"line":45,"column":9},"end":{"line":45,"column":27}},"loc":{"start":{"line":45,"column":62},"end":{"line":62,"column":1}},"line":45},"3":{"name":"useAuthBootstrap","decl":{"start":{"line":64,"column":24},"end":{"line":64,"column":40}},"loc":{"start":{"line":64,"column":43},"end":{"line":265,"column":1}},"line":64},"4":{"name":"(anonymous_4)","decl":{"start":{"line":72,"column":38},"end":{"line":72,"column":39}},"loc":{"start":{"line":72,"column":68},"end":{"line":82,"column":3}},"line":72},"5":{"name":"(anonymous_5)","decl":{"start":{"line":85,"column":4},"end":{"line":85,"column":5}},"loc":{"start":{"line":85,"column":26},"end":{"line":144,"column":5}},"line":85},"6":{"name":"(anonymous_6)","decl":{"start":{"line":148,"column":12},"end":{"line":148,"column":13}},"loc":{"start":{"line":148,"column":18},"end":{"line":163,"column":3}},"line":148},"7":{"name":"(anonymous_7)","decl":{"start":{"line":149,"column":49},"end":{"line":149,"column":50}},"loc":{"start":{"line":149,"column":59},"end":{"line":160,"column":5}},"line":149},"8":{"name":"(anonymous_8)","decl":{"start":{"line":165,"column":29},"end":{"line":165,"column":30}},"loc":{"start":{"line":165,"column":72},"end":{"line":175,"column":3}},"line":165},"9":{"name":"(anonymous_9)","decl":{"start":{"line":178,"column":4},"end":{"line":178,"column":5}},"loc":{"start":{"line":178,"column":53},"end":{"line":212,"column":5}},"line":178},"10":{"name":"(anonymous_10)","decl":{"start":{"line":216,"column":28},"end":{"line":216,"column":29}},"loc":{"start":{"line":216,"column":40},"end":{"line":224,"column":3}},"line":216},"11":{"name":"(anonymous_11)","decl":{"start":{"line":226,"column":47},"end":{"line":226,"column":48}},"loc":{"start":{"line":226,"column":77},"end":{"line":246,"column":3}},"line":226},"12":{"name":"(anonymous_12)","decl":{"start":{"line":248,"column":29},"end":{"line":248,"column":30}},"loc":{"start":{"line":248,"column":41},"end":{"line":251,"column":3}},"line":248}},"branchMap":{"0":{"loc":{"start":{"line":15,"column":2},"end":{"line":15,"column":36}},"type":"if","locations":[{"start":{"line":15,"column":2},"end":{"line":15,"column":36}},{"start":{},"end":{}}],"line":15},"1":{"loc":{"start":{"line":21,"column":4},"end":{"line":25,"column":5}},"type":"if","locations":[{"start":{"line":21,"column":4},"end":{"line":25,"column":5}},{"start":{},"end":{}}],"line":21},"2":{"loc":{"start":{"line":21,"column":8},"end":{"line":21,"column":50}},"type":"binary-expr","locations":[{"start":{"line":21,"column":8},"end":{"line":21,"column":24}},{"start":{"line":21,"column":28},"end":{"line":21,"column":50}}],"line":21},"3":{"loc":{"start":{"line":27,"column":4},"end":{"line":32,"column":5}},"type":"if","locations":[{"start":{"line":27,"column":4},"end":{"line":32,"column":5}},{"start":{},"end":{}}],"line":27},"4":{"loc":{"start":{"line":29,"column":6},"end":{"line":29,"column":29}},"type":"if","locations":[{"start":{"line":29,"column":6},"end":{"line":29,"column":29}},{"start":{},"end":{}}],"line":29},"5":{"loc":{"start":{"line":42,"column":9},"end":{"line":42,"column":70}},"type":"cond-expr","locations":[{"start":{"line":42,"column":48},"end":{"line":42,"column":63}},{"start":{"line":42,"column":66},"end":{"line":42,"column":70}}],"line":42},"6":{"loc":{"start":{"line":49,"column":2},"end":{"line":51,"column":3}},"type":"if","locations":[{"start":{"line":49,"column":2},"end":{"line":51,"column":3}},{"start":{},"end":{}}],"line":49},"7":{"loc":{"start":{"line":49,"column":6},"end":{"line":49,"column":55}},"type":"binary-expr","locations":[{"start":{"line":49,"column":6},"end":{"line":49,"column":33}},{"start":{"line":49,"column":37},"end":{"line":49,"column":55}}],"line":49},"8":{"loc":{"start":{"line":53,"column":2},"end":{"line":55,"column":3}},"type":"if","locations":[{"start":{"line":53,"column":2},"end":{"line":55,"column":3}},{"start":{},"end":{}}],"line":53},"9":{"loc":{"start":{"line":53,"column":6},"end":{"line":53,"column":65}},"type":"binary-expr","locations":[{"start":{"line":53,"column":6},"end":{"line":53,"column":28}},{"start":{"line":53,"column":32},"end":{"line":53,"column":65}}],"line":53},"10":{"loc":{"start":{"line":57,"column":2},"end":{"line":59,"column":3}},"type":"if","locations":[{"start":{"line":57,"column":2},"end":{"line":59,"column":3}},{"start":{},"end":{}}],"line":57},"11":{"loc":{"start":{"line":57,"column":6},"end":{"line":57,"column":56}},"type":"binary-expr","locations":[{"start":{"line":57,"column":6},"end":{"line":57,"column":28}},{"start":{"line":57,"column":32},"end":{"line":57,"column":56}}],"line":57},"12":{"loc":{"start":{"line":76,"column":4},"end":{"line":79,"column":5}},"type":"if","locations":[{"start":{"line":76,"column":4},"end":{"line":79,"column":5}},{"start":{},"end":{}}],"line":76},"13":{"loc":{"start":{"line":76,"column":8},"end":{"line":76,"column":51}},"type":"binary-expr","locations":[{"start":{"line":76,"column":8},"end":{"line":76,"column":31}},{"start":{"line":76,"column":35},"end":{"line":76,"column":51}}],"line":76},"14":{"loc":{"start":{"line":88,"column":19},"end":{"line":88,"column":37}},"type":"binary-expr","locations":[{"start":{"line":88,"column":19},"end":{"line":88,"column":29}},{"start":{"line":88,"column":33},"end":{"line":88,"column":37}}],"line":88},"15":{"loc":{"start":{"line":89,"column":27},"end":{"line":89,"column":49}},"type":"binary-expr","locations":[{"start":{"line":89,"column":27},"end":{"line":89,"column":43}},{"start":{"line":89,"column":47},"end":{"line":89,"column":49}}],"line":89},"16":{"loc":{"start":{"line":95,"column":8},"end":{"line":98,"column":9}},"type":"if","locations":[{"start":{"line":95,"column":8},"end":{"line":98,"column":9}},{"start":{},"end":{}}],"line":95},"17":{"loc":{"start":{"line":95,"column":12},"end":{"line":95,"column":51}},"type":"binary-expr","locations":[{"start":{"line":95,"column":12},"end":{"line":95,"column":31}},{"start":{"line":95,"column":35},"end":{"line":95,"column":51}}],"line":95},"18":{"loc":{"start":{"line":100,"column":8},"end":{"line":103,"column":9}},"type":"if","locations":[{"start":{"line":100,"column":8},"end":{"line":103,"column":9}},{"start":{},"end":{}}],"line":100},"19":{"loc":{"start":{"line":107,"column":8},"end":{"line":131,"column":9}},"type":"if","locations":[{"start":{"line":107,"column":8},"end":{"line":131,"column":9}},{"start":{},"end":{}}],"line":107},"20":{"loc":{"start":{"line":110,"column":25},"end":{"line":110,"column":80}},"type":"binary-expr","locations":[{"start":{"line":110,"column":25},"end":{"line":110,"column":41}},{"start":{"line":110,"column":45},"end":{"line":110,"column":70}},{"start":{"line":110,"column":74},"end":{"line":110,"column":80}}],"line":110},"21":{"loc":{"start":{"line":116,"column":12},"end":{"line":119,"column":13}},"type":"if","locations":[{"start":{"line":116,"column":12},"end":{"line":119,"column":13}},{"start":{},"end":{}}],"line":116},"22":{"loc":{"start":{"line":116,"column":16},"end":{"line":116,"column":42}},"type":"binary-expr","locations":[{"start":{"line":116,"column":16},"end":{"line":116,"column":35}},{"start":{"line":116,"column":39},"end":{"line":116,"column":42}}],"line":116},"23":{"loc":{"start":{"line":121,"column":12},"end":{"line":124,"column":13}},"type":"if","locations":[{"start":{"line":121,"column":12},"end":{"line":124,"column":13}},{"start":{},"end":{}}],"line":121},"24":{"loc":{"start":{"line":133,"column":8},"end":{"line":139,"column":9}},"type":"if","locations":[{"start":{"line":133,"column":8},"end":{"line":139,"column":9}},{"start":{},"end":{}}],"line":133},"25":{"loc":{"start":{"line":150,"column":6},"end":{"line":157,"column":7}},"type":"if","locations":[{"start":{"line":150,"column":6},"end":{"line":157,"column":7}},{"start":{},"end":{}}],"line":150},"26":{"loc":{"start":{"line":185,"column":24},"end":{"line":185,"column":55}},"type":"binary-expr","locations":[{"start":{"line":185,"column":24},"end":{"line":185,"column":42}},{"start":{"line":185,"column":46},"end":{"line":185,"column":55}}],"line":185},"27":{"loc":{"start":{"line":189,"column":8},"end":{"line":192,"column":9}},"type":"if","locations":[{"start":{"line":189,"column":8},"end":{"line":192,"column":9}},{"start":{},"end":{}}],"line":189},"28":{"loc":{"start":{"line":189,"column":12},"end":{"line":189,"column":64}},"type":"binary-expr","locations":[{"start":{"line":189,"column":12},"end":{"line":189,"column":44}},{"start":{"line":189,"column":48},"end":{"line":189,"column":64}}],"line":189},"29":{"loc":{"start":{"line":195,"column":8},"end":{"line":207,"column":9}},"type":"if","locations":[{"start":{"line":195,"column":8},"end":{"line":207,"column":9}},{"start":{},"end":{}}],"line":195},"30":{"loc":{"start":{"line":198,"column":12},"end":{"line":201,"column":13}},"type":"if","locations":[{"start":{"line":198,"column":12},"end":{"line":201,"column":13}},{"start":{},"end":{}}],"line":198},"31":{"loc":{"start":{"line":198,"column":16},"end":{"line":198,"column":55}},"type":"binary-expr","locations":[{"start":{"line":198,"column":16},"end":{"line":198,"column":48}},{"start":{"line":198,"column":52},"end":{"line":198,"column":55}}],"line":198},"32":{"loc":{"start":{"line":217,"column":4},"end":{"line":221,"column":5}},"type":"if","locations":[{"start":{"line":217,"column":4},"end":{"line":221,"column":5}},{"start":{},"end":{}}],"line":217},"33":{"loc":{"start":{"line":228,"column":4},"end":{"line":228,"column":28}},"type":"if","locations":[{"start":{"line":228,"column":4},"end":{"line":228,"column":28}},{"start":{},"end":{}}],"line":228},"34":{"loc":{"start":{"line":230,"column":4},"end":{"line":244,"column":5}},"type":"if","locations":[{"start":{"line":230,"column":4},"end":{"line":244,"column":5}},{"start":{},"end":{}}],"line":230},"35":{"loc":{"start":{"line":239,"column":6},"end":{"line":242,"column":7}},"type":"if","locations":[{"start":{"line":239,"column":6},"end":{"line":242,"column":7}},{"start":{},"end":{}}],"line":239}},"s":{"0":1,"1":6,"2":0,"3":6,"4":6,"5":6,"6":6,"7":6,"8":0,"9":0,"10":0,"11":6,"12":6,"13":6,"14":0,"15":6,"16":6,"17":11,"18":11,"19":6,"20":6,"21":6,"22":1,"23":5,"24":1,"25":4,"26":3,"27":1,"28":57,"29":57,"30":57,"31":57,"32":57,"33":57,"34":57,"35":19,"36":11,"37":11,"38":0,"39":0,"40":11,"41":57,"42":12,"43":12,"44":12,"45":12,"46":12,"47":12,"48":4,"49":1,"50":1,"51":3,"52":3,"53":3,"54":3,"55":8,"56":8,"57":3,"58":3,"59":3,"60":2,"61":2,"62":1,"63":1,"64":1,"65":1,"66":1,"67":1,"68":1,"69":1,"70":1,"71":5,"72":1,"73":1,"74":1,"75":4,"76":4,"77":57,"78":28,"79":15,"80":4,"81":4,"82":4,"83":4,"84":4,"85":4,"86":11,"87":28,"88":57,"89":2,"90":2,"91":2,"92":2,"93":1,"94":1,"95":57,"96":6,"97":6,"98":6,"99":6,"100":3,"101":3,"102":1,"103":1,"104":2,"105":3,"106":2,"107":2,"108":2,"109":1,"110":1,"111":1,"112":1,"113":1,"114":1,"115":57,"116":2,"117":1,"118":1,"119":1,"120":1,"121":57,"122":4,"123":4,"124":1,"125":3,"126":3,"127":2,"128":2,"129":2,"130":2,"131":2,"132":2,"133":2,"134":2,"135":1,"136":57,"137":1,"138":1,"139":57},"f":{"0":6,"1":11,"2":6,"3":57,"4":19,"5":12,"6":28,"7":15,"8":2,"9":6,"10":2,"11":4,"12":1},"b":{"0":[0,6],"1":[0,6],"2":[6,6],"3":[6,0],"4":[0,6],"5":[8,3],"6":[1,5],"7":[6,1],"8":[1,4],"9":[5,4],"10":[3,1],"11":[4,3],"12":[0,11],"13":[11,0],"14":[12,0],"15":[12,1],"16":[1,3],"17":[4,2],"18":[3,0],"19":[3,5],"20":[3,0,0],"21":[1,1],"22":[2,1],"23":[1,0],"24":[1,4],"25":[4,11],"26":[6,5],"27":[1,2],"28":[3,1],"29":[2,1],"30":[1,1],"31":[2,1],"32":[1,1],"33":[1,3],"34":[2,1],"35":[2,0]},"_coverageSchema":"1a1c01bbd47fc00a2c39e90264f33305004495a9","hash":"4a9f28f0689ebe6050b08212d9cc202370210d9c"}
,"/Users/guyshick/Desktop/final project/CSFinalProject/frontend/src/hooks/useBids.ts": {"path":"/Users/guyshick/Desktop/final project/CSFinalProject/frontend/src/hooks/useBids.ts","statementMap":{"0":{"start":{"line":50,"column":26},"end":{"line":50,"column":49}},"1":{"start":{"line":51,"column":28},"end":{"line":51,"column":39}},"2":{"start":{"line":52,"column":32},"end":{"line":52,"column":47}},"3":{"start":{"line":53,"column":28},"end":{"line":53,"column":57}},"4":{"start":{"line":55,"column":20},"end":{"line":79,"column":23}},"5":{"start":{"line":56,"column":4},"end":{"line":56,"column":25}},"6":{"start":{"line":56,"column":18},"end":{"line":56,"column":25}},"7":{"start":{"line":57,"column":4},"end":{"line":57,"column":21}},"8":{"start":{"line":58,"column":4},"end":{"line":58,"column":19}},"9":{"start":{"line":60,"column":4},"end":{"line":78,"column":5}},"10":{"start":{"line":61,"column":45},"end":{"line":61,"column":60}},"11":{"start":{"line":62,"column":6},"end":{"line":62,"column":41}},"12":{"start":{"line":62,"column":18},"end":{"line":62,"column":41}},"13":{"start":{"line":64,"column":18},"end":{"line":64,"column":65}},"14":{"start":{"line":65,"column":6},"end":{"line":65,"column":35}},"15":{"start":{"line":66,"column":6},"end":{"line":66,"column":36}},"16":{"start":{"line":68,"column":23},"end":{"line":68,"column":82}},"17":{"start":{"line":69,"column":6},"end":{"line":75,"column":7}},"18":{"start":{"line":70,"column":8},"end":{"line":70,"column":68}},"19":{"start":{"line":71,"column":13},"end":{"line":75,"column":7}},"20":{"start":{"line":72,"column":8},"end":{"line":72,"column":79}},"21":{"start":{"line":74,"column":8},"end":{"line":74,"column":46}},"22":{"start":{"line":77,"column":6},"end":{"line":77,"column":24}},"23":{"start":{"line":81,"column":2},"end":{"line":83,"column":18}},"24":{"start":{"line":82,"column":4},"end":{"line":82,"column":16}},"25":{"start":{"line":85,"column":27},"end":{"line":94,"column":14}},"26":{"start":{"line":86,"column":4},"end":{"line":93,"column":7}},"27":{"start":{"line":87,"column":22},"end":{"line":87,"column":89}},"28":{"start":{"line":87,"column":39},"end":{"line":87,"column":87}},"29":{"start":{"line":89,"column":6},"end":{"line":91,"column":7}},"30":{"start":{"line":90,"column":8},"end":{"line":90,"column":58}},"31":{"start":{"line":90,"column":37},"end":{"line":90,"column":56}},"32":{"start":{"line":92,"column":6},"end":{"line":92,"column":21}},"33":{"start":{"line":96,"column":27},"end":{"line":98,"column":8}},"34":{"start":{"line":97,"column":4},"end":{"line":97,"column":58}},"35":{"start":{"line":97,"column":22},"end":{"line":97,"column":56}},"36":{"start":{"line":97,"column":41},"end":{"line":97,"column":55}},"37":{"start":{"line":100,"column":2},"end":{"line":100,"column":97}}},"fnMap":{"0":{"name":"useBids","decl":{"start":{"line":49,"column":24},"end":{"line":49,"column":31}},"loc":{"start":{"line":49,"column":88},"end":{"line":101,"column":1}},"line":49},"1":{"name":"(anonymous_1)","decl":{"start":{"line":55,"column":32},"end":{"line":55,"column":33}},"loc":{"start":{"line":55,"column":44},"end":{"line":79,"column":3}},"line":55},"2":{"name":"(anonymous_2)","decl":{"start":{"line":81,"column":12},"end":{"line":81,"column":13}},"loc":{"start":{"line":81,"column":18},"end":{"line":83,"column":3}},"line":81},"3":{"name":"(anonymous_3)","decl":{"start":{"line":85,"column":39},"end":{"line":85,"column":40}},"loc":{"start":{"line":85,"column":80},"end":{"line":94,"column":3}},"line":85},"4":{"name":"(anonymous_4)","decl":{"start":{"line":86,"column":12},"end":{"line":86,"column":13}},"loc":{"start":{"line":86,"column":22},"end":{"line":93,"column":5}},"line":86},"5":{"name":"(anonymous_5)","decl":{"start":{"line":87,"column":31},"end":{"line":87,"column":32}},"loc":{"start":{"line":87,"column":39},"end":{"line":87,"column":87}},"line":87},"6":{"name":"(anonymous_6)","decl":{"start":{"line":90,"column":30},"end":{"line":90,"column":31}},"loc":{"start":{"line":90,"column":37},"end":{"line":90,"column":56}},"line":90},"7":{"name":"(anonymous_7)","decl":{"start":{"line":96,"column":39},"end":{"line":96,"column":40}},"loc":{"start":{"line":96,"column":58},"end":{"line":98,"column":3}},"line":96},"8":{"name":"(anonymous_8)","decl":{"start":{"line":97,"column":12},"end":{"line":97,"column":13}},"loc":{"start":{"line":97,"column":22},"end":{"line":97,"column":56}},"line":97},"9":{"name":"(anonymous_9)","decl":{"start":{"line":97,"column":34},"end":{"line":97,"column":35}},"loc":{"start":{"line":97,"column":41},"end":{"line":97,"column":55}},"line":97}},"branchMap":{"0":{"loc":{"start":{"line":49,"column":32},"end":{"line":49,"column":86}},"type":"default-arg","locations":[{"start":{"line":49,"column":84},"end":{"line":49,"column":86}}],"line":49},"1":{"loc":{"start":{"line":49,"column":34},"end":{"line":49,"column":47}},"type":"default-arg","locations":[{"start":{"line":49,"column":43},"end":{"line":49,"column":47}}],"line":49},"2":{"loc":{"start":{"line":49,"column":49},"end":{"line":49,"column":63}},"type":"default-arg","locations":[{"start":{"line":49,"column":59},"end":{"line":49,"column":63}}],"line":49},"3":{"loc":{"start":{"line":56,"column":4},"end":{"line":56,"column":25}},"type":"if","locations":[{"start":{"line":56,"column":4},"end":{"line":56,"column":25}},{"start":{},"end":{}}],"line":56},"4":{"loc":{"start":{"line":62,"column":6},"end":{"line":62,"column":41}},"type":"if","locations":[{"start":{"line":62,"column":6},"end":{"line":62,"column":41}},{"start":{},"end":{}}],"line":62},"5":{"loc":{"start":{"line":65,"column":14},"end":{"line":65,"column":33}},"type":"binary-expr","locations":[{"start":{"line":65,"column":14},"end":{"line":65,"column":27}},{"start":{"line":65,"column":31},"end":{"line":65,"column":33}}],"line":65},"6":{"loc":{"start":{"line":66,"column":15},"end":{"line":66,"column":34}},"type":"binary-expr","locations":[{"start":{"line":66,"column":15},"end":{"line":66,"column":29}},{"start":{"line":66,"column":33},"end":{"line":66,"column":34}}],"line":66},"7":{"loc":{"start":{"line":69,"column":6},"end":{"line":75,"column":7}},"type":"if","locations":[{"start":{"line":69,"column":6},"end":{"line":75,"column":7}},{"start":{"line":71,"column":13},"end":{"line":75,"column":7}}],"line":69},"8":{"loc":{"start":{"line":71,"column":13},"end":{"line":75,"column":7}},"type":"if","locations":[{"start":{"line":71,"column":13},"end":{"line":75,"column":7}},{"start":{"line":73,"column":13},"end":{"line":75,"column":7}}],"line":71},"9":{"loc":{"start":{"line":87,"column":39},"end":{"line":87,"column":87}},"type":"cond-expr","locations":[{"start":{"line":87,"column":56},"end":{"line":87,"column":83}},{"start":{"line":87,"column":86},"end":{"line":87,"column":87}}],"line":87},"10":{"loc":{"start":{"line":89,"column":6},"end":{"line":91,"column":7}},"type":"if","locations":[{"start":{"line":89,"column":6},"end":{"line":91,"column":7}},{"start":{},"end":{}}],"line":89}},"s":{"0":25,"1":25,"2":25,"3":25,"4":25,"5":8,"6":1,"7":7,"8":7,"9":7,"10":7,"11":7,"12":2,"13":7,"14":5,"15":5,"16":2,"17":2,"18":1,"19":1,"20":1,"21":0,"22":7,"23":25,"24":8,"25":25,"26":2,"27":2,"28":2,"29":2,"30":1,"31":1,"32":1,"33":25,"34":1,"35":1,"36":2,"37":25},"f":{"0":25,"1":8,"2":8,"3":2,"4":2,"5":2,"6":1,"7":1,"8":1,"9":2},"b":{"0":[17],"1":[18],"2":[24],"3":[1,7],"4":[2,5],"5":[5,0],"6":[5,0],"7":[1,1],"8":[1,0],"9":[2,0],"10":[1,1]},"_coverageSchema":"1a1c01bbd47fc00a2c39e90264f33305004495a9","hash":"766c8fc2529f4b120d03ae867b4df333d6d6b35c"}
,"/Users/guyshick/Desktop/final project/CSFinalProject/frontend/src/hooks/useGoogleAuth.ts": {"path":"/Users/guyshick/Desktop/final project/CSFinalProject/frontend/src/hooks/useGoogleAuth.ts","statementMap":{"0":{"start":{"line":6,"column":22},"end":{"line":6,"column":66}},"1":{"start":{"line":7,"column":22},"end":{"line":7,"column":66}},"2":{"start":{"line":8,"column":26},"end":{"line":8,"column":74}},"3":{"start":{"line":11,"column":35},"end":{"line":15,"column":4}},"4":{"start":{"line":17,"column":17},"end":{"line":35,"column":19}},"5":{"start":{"line":18,"column":4},"end":{"line":21,"column":5}},"6":{"start":{"line":19,"column":6},"end":{"line":19,"column":34}},"7":{"start":{"line":20,"column":6},"end":{"line":20,"column":13}},"8":{"start":{"line":24,"column":19},"end":{"line":24,"column":38}},"9":{"start":{"line":25,"column":4},"end":{"line":27,"column":5}},"10":{"start":{"line":26,"column":6},"end":{"line":26,"column":54}},"11":{"start":{"line":29,"column":20},"end":{"line":29,"column":43}},"12":{"start":{"line":30,"column":4},"end":{"line":32,"column":5}},"13":{"start":{"line":31,"column":6},"end":{"line":31,"column":58}},"14":{"start":{"line":34,"column":4},"end":{"line":34,"column":46}},"15":{"start":{"line":37,"column":2},"end":{"line":37,"column":69}}},"fnMap":{"0":{"name":"useGoogleAuth","decl":{"start":{"line":10,"column":24},"end":{"line":10,"column":37}},"loc":{"start":{"line":10,"column":40},"end":{"line":38,"column":1}},"line":10},"1":{"name":"(anonymous_1)","decl":{"start":{"line":17,"column":29},"end":{"line":17,"column":30}},"loc":{"start":{"line":17,"column":41},"end":{"line":35,"column":3}},"line":17}},"branchMap":{"0":{"loc":{"start":{"line":18,"column":4},"end":{"line":21,"column":5}},"type":"if","locations":[{"start":{"line":18,"column":4},"end":{"line":21,"column":5}},{"start":{},"end":{}}],"line":18},"1":{"loc":{"start":{"line":25,"column":4},"end":{"line":27,"column":5}},"type":"if","locations":[{"start":{"line":25,"column":4},"end":{"line":27,"column":5}},{"start":{},"end":{}}],"line":25},"2":{"loc":{"start":{"line":30,"column":4},"end":{"line":32,"column":5}},"type":"if","locations":[{"start":{"line":30,"column":4},"end":{"line":32,"column":5}},{"start":{},"end":{}}],"line":30},"3":{"loc":{"start":{"line":37,"column":26},"end":{"line":37,"column":66}},"type":"binary-expr","locations":[{"start":{"line":37,"column":26},"end":{"line":37,"column":41}},{"start":{"line":37,"column":45},"end":{"line":37,"column":66}}],"line":37}},"s":{"0":1,"1":1,"2":1,"3":5,"4":5,"5":4,"6":1,"7":1,"8":3,"9":3,"10":1,"11":2,"12":2,"13":1,"14":1,"15":5},"f":{"0":5,"1":4},"b":{"0":[1,3],"1":[1,2],"2":[1,1],"3":[5,0]},"_coverageSchema":"1a1c01bbd47fc00a2c39e90264f33305004495a9","hash":"e282d9d7c4a97fe6aeb91f6ed4a5cbcbe9a06ffa"}
,"/Users/guyshick/Desktop/final project/CSFinalProject/frontend/src/hooks/useNotifications.ts": {"path":"/Users/guyshick/Desktop/final project/CSFinalProject/frontend/src/hooks/useNotifications.ts","statementMap":{"0":{"start":{"line":18,"column":33},"end":{"line":18,"column":100}},"1":{"start":{"line":19,"column":37},"end":{"line":19,"column":48}},"2":{"start":{"line":34,"column":50},"end":{"line":34,"column":81}},"3":{"start":{"line":35,"column":28},"end":{"line":35,"column":39}},"4":{"start":{"line":36,"column":32},"end":{"line":36,"column":47}},"5":{"start":{"line":37,"column":28},"end":{"line":37,"column":57}},"6":{"start":{"line":39,"column":24},"end":{"line":41,"column":22}},"7":{"start":{"line":40,"column":37},"end":{"line":40,"column":64}},"8":{"start":{"line":43,"column":22},"end":{"line":43,"column":68}},"9":{"start":{"line":43,"column":50},"end":{"line":43,"column":60}},"10":{"start":{"line":45,"column":29},"end":{"line":64,"column":15}},"11":{"start":{"line":46,"column":4},"end":{"line":46,"column":25}},"12":{"start":{"line":46,"column":18},"end":{"line":46,"column":25}},"13":{"start":{"line":48,"column":4},"end":{"line":48,"column":21}},"14":{"start":{"line":49,"column":4},"end":{"line":49,"column":19}},"15":{"start":{"line":51,"column":4},"end":{"line":63,"column":5}},"16":{"start":{"line":52,"column":18},"end":{"line":54,"column":8}},"17":{"start":{"line":55,"column":6},"end":{"line":55,"column":56}},"18":{"start":{"line":56,"column":6},"end":{"line":56,"column":36}},"19":{"start":{"line":59,"column":8},"end":{"line":59,"column":76}},"20":{"start":{"line":60,"column":6},"end":{"line":60,"column":20}},"21":{"start":{"line":62,"column":6},"end":{"line":62,"column":24}},"22":{"start":{"line":66,"column":21},"end":{"line":75,"column":26}},"23":{"start":{"line":67,"column":4},"end":{"line":69,"column":6}},"24":{"start":{"line":68,"column":6},"end":{"line":68,"column":66}},"25":{"start":{"line":68,"column":23},"end":{"line":68,"column":64}},"26":{"start":{"line":70,"column":4},"end":{"line":74,"column":5}},"27":{"start":{"line":71,"column":6},"end":{"line":71,"column":53}},"28":{"start":{"line":73,"column":6},"end":{"line":73,"column":27}},"29":{"start":{"line":77,"column":24},"end":{"line":84,"column":26}},"30":{"start":{"line":78,"column":4},"end":{"line":78,"column":78}},"31":{"start":{"line":78,"column":34},"end":{"line":78,"column":76}},"32":{"start":{"line":78,"column":51},"end":{"line":78,"column":74}},"33":{"start":{"line":79,"column":4},"end":{"line":83,"column":5}},"34":{"start":{"line":80,"column":6},"end":{"line":80,"column":51}},"35":{"start":{"line":82,"column":6},"end":{"line":82,"column":27}},"36":{"start":{"line":86,"column":2},"end":{"line":88,"column":27}},"37":{"start":{"line":87,"column":4},"end":{"line":87,"column":25}},"38":{"start":{"line":91,"column":22},"end":{"line":91,"column":73}},"39":{"start":{"line":92,"column":2},"end":{"line":97,"column":50}},"40":{"start":{"line":93,"column":4},"end":{"line":96,"column":5}},"41":{"start":{"line":94,"column":6},"end":{"line":94,"column":74}},"42":{"start":{"line":95,"column":6},"end":{"line":95,"column":84}},"43":{"start":{"line":95,"column":21},"end":{"line":95,"column":81}},"44":{"start":{"line":95,"column":46},"end":{"line":95,"column":81}},"45":{"start":{"line":99,"column":2},"end":{"line":108,"column":4}}},"fnMap":{"0":{"name":"useNotifications","decl":{"start":{"line":29,"column":24},"end":{"line":29,"column":40}},"loc":{"start":{"line":33,"column":32},"end":{"line":109,"column":1}},"line":33},"1":{"name":"(anonymous_1)","decl":{"start":{"line":40,"column":30},"end":{"line":40,"column":31}},"loc":{"start":{"line":40,"column":37},"end":{"line":40,"column":64}},"line":40},"2":{"name":"(anonymous_2)","decl":{"start":{"line":43,"column":43},"end":{"line":43,"column":44}},"loc":{"start":{"line":43,"column":50},"end":{"line":43,"column":60}},"line":43},"3":{"name":"(anonymous_3)","decl":{"start":{"line":45,"column":41},"end":{"line":45,"column":42}},"loc":{"start":{"line":45,"column":53},"end":{"line":64,"column":3}},"line":45},"4":{"name":"(anonymous_4)","decl":{"start":{"line":66,"column":33},"end":{"line":66,"column":34}},"loc":{"start":{"line":66,"column":55},"end":{"line":75,"column":3}},"line":66},"5":{"name":"(anonymous_5)","decl":{"start":{"line":67,"column":24},"end":{"line":67,"column":25}},"loc":{"start":{"line":68,"column":6},"end":{"line":68,"column":66}},"line":68},"6":{"name":"(anonymous_6)","decl":{"start":{"line":68,"column":15},"end":{"line":68,"column":16}},"loc":{"start":{"line":68,"column":23},"end":{"line":68,"column":64}},"line":68},"7":{"name":"(anonymous_7)","decl":{"start":{"line":77,"column":36},"end":{"line":77,"column":37}},"loc":{"start":{"line":77,"column":48},"end":{"line":84,"column":3}},"line":77},"8":{"name":"(anonymous_8)","decl":{"start":{"line":78,"column":24},"end":{"line":78,"column":25}},"loc":{"start":{"line":78,"column":34},"end":{"line":78,"column":76}},"line":78},"9":{"name":"(anonymous_9)","decl":{"start":{"line":78,"column":43},"end":{"line":78,"column":44}},"loc":{"start":{"line":78,"column":51},"end":{"line":78,"column":74}},"line":78},"10":{"name":"(anonymous_10)","decl":{"start":{"line":86,"column":12},"end":{"line":86,"column":13}},"loc":{"start":{"line":86,"column":18},"end":{"line":88,"column":3}},"line":86},"11":{"name":"(anonymous_11)","decl":{"start":{"line":92,"column":12},"end":{"line":92,"column":13}},"loc":{"start":{"line":92,"column":18},"end":{"line":97,"column":3}},"line":92},"12":{"name":"(anonymous_12)","decl":{"start":{"line":95,"column":13},"end":{"line":95,"column":14}},"loc":{"start":{"line":95,"column":19},"end":{"line":95,"column":83}},"line":95}},"branchMap":{"0":{"loc":{"start":{"line":29,"column":41},"end":{"line":33,"column":30}},"type":"default-arg","locations":[{"start":{"line":33,"column":28},"end":{"line":33,"column":30}}],"line":29},"1":{"loc":{"start":{"line":30,"column":2},"end":{"line":30,"column":16}},"type":"default-arg","locations":[{"start":{"line":30,"column":12},"end":{"line":30,"column":16}}],"line":30},"2":{"loc":{"start":{"line":32,"column":2},"end":{"line":32,"column":18}},"type":"default-arg","locations":[{"start":{"line":32,"column":17},"end":{"line":32,"column":18}}],"line":32},"3":{"loc":{"start":{"line":39,"column":24},"end":{"line":41,"column":22}},"type":"cond-expr","locations":[{"start":{"line":40,"column":6},"end":{"line":40,"column":65}},{"start":{"line":41,"column":6},"end":{"line":41,"column":22}}],"line":39},"4":{"loc":{"start":{"line":46,"column":4},"end":{"line":46,"column":25}},"type":"if","locations":[{"start":{"line":46,"column":4},"end":{"line":46,"column":25}},{"start":{},"end":{}}],"line":46},"5":{"loc":{"start":{"line":55,"column":26},"end":{"line":55,"column":54}},"type":"binary-expr","locations":[{"start":{"line":55,"column":26},"end":{"line":55,"column":48}},{"start":{"line":55,"column":52},"end":{"line":55,"column":54}}],"line":55},"6":{"loc":{"start":{"line":56,"column":15},"end":{"line":56,"column":34}},"type":"binary-expr","locations":[{"start":{"line":56,"column":15},"end":{"line":56,"column":29}},{"start":{"line":56,"column":33},"end":{"line":56,"column":34}}],"line":56},"7":{"loc":{"start":{"line":59,"column":8},"end":{"line":59,"column":76}},"type":"cond-expr","locations":[{"start":{"line":59,"column":31},"end":{"line":59,"column":42}},{"start":{"line":59,"column":45},"end":{"line":59,"column":76}}],"line":59},"8":{"loc":{"start":{"line":68,"column":23},"end":{"line":68,"column":64}},"type":"cond-expr","locations":[{"start":{"line":68,"column":37},"end":{"line":68,"column":60}},{"start":{"line":68,"column":63},"end":{"line":68,"column":64}}],"line":68},"9":{"loc":{"start":{"line":93,"column":4},"end":{"line":96,"column":5}},"type":"if","locations":[{"start":{"line":93,"column":4},"end":{"line":96,"column":5}},{"start":{},"end":{}}],"line":93},"10":{"loc":{"start":{"line":93,"column":8},"end":{"line":93,"column":35}},"type":"binary-expr","locations":[{"start":{"line":93,"column":8},"end":{"line":93,"column":24}},{"start":{"line":93,"column":28},"end":{"line":93,"column":35}}],"line":93},"11":{"loc":{"start":{"line":95,"column":21},"end":{"line":95,"column":81}},"type":"if","locations":[{"start":{"line":95,"column":21},"end":{"line":95,"column":81}},{"start":{},"end":{}}],"line":95}},"s":{"0":1,"1":1,"2":45,"3":45,"4":45,"5":45,"6":45,"7":4,"8":45,"9":19,"10":45,"11":16,"12":1,"13":15,"14":15,"15":15,"16":15,"17":14,"18":14,"19":1,"20":1,"21":15,"22":45,"23":2,"24":2,"25":2,"26":2,"27":2,"28":1,"29":45,"30":2,"31":2,"32":3,"33":2,"34":2,"35":1,"36":45,"37":13,"38":45,"39":45,"40":13,"41":1,"42":1,"43":1,"44":1,"45":45},"f":{"0":45,"1":4,"2":19,"3":16,"4":2,"5":2,"6":2,"7":2,"8":2,"9":3,"10":13,"11":13,"12":1},"b":{"0":[33],"1":[44],"2":[40],"3":[6,39],"4":[1,15],"5":[14,0],"6":[14,0],"7":[1,0],"8":[2,0],"9":[1,12],"10":[13,1],"11":[1,0]},"_coverageSchema":"1a1c01bbd47fc00a2c39e90264f33305004495a9","hash":"375edc37876b25b454d4b3f90bb00ff3e3a9e030"}
,"/Users/guyshick/Desktop/final project/CSFinalProject/frontend/src/hooks/useReviews.ts": {"path":"/Users/guyshick/Desktop/final project/CSFinalProject/frontend/src/hooks/useReviews.ts","statementMap":{"0":{"start":{"line":23,"column":32},"end":{"line":23,"column":54}},"1":{"start":{"line":24,"column":28},"end":{"line":24,"column":39}},"2":{"start":{"line":25,"column":32},"end":{"line":25,"column":47}},"3":{"start":{"line":26,"column":28},"end":{"line":26,"column":57}},"4":{"start":{"line":28,"column":23},"end":{"line":52,"column":23}},"5":{"start":{"line":29,"column":4},"end":{"line":33,"column":5}},"6":{"start":{"line":30,"column":6},"end":{"line":30,"column":21}},"7":{"start":{"line":31,"column":6},"end":{"line":31,"column":24}},"8":{"start":{"line":32,"column":6},"end":{"line":32,"column":13}},"9":{"start":{"line":35,"column":4},"end":{"line":35,"column":21}},"10":{"start":{"line":36,"column":4},"end":{"line":36,"column":19}},"11":{"start":{"line":38,"column":4},"end":{"line":51,"column":5}},"12":{"start":{"line":39,"column":18},"end":{"line":41,"column":8}},"13":{"start":{"line":42,"column":6},"end":{"line":42,"column":41}},"14":{"start":{"line":43,"column":6},"end":{"line":43,"column":36}},"15":{"start":{"line":46,"column":8},"end":{"line":46,"column":70}},"16":{"start":{"line":47,"column":6},"end":{"line":47,"column":20}},"17":{"start":{"line":48,"column":6},"end":{"line":48,"column":21}},"18":{"start":{"line":50,"column":6},"end":{"line":50,"column":24}},"19":{"start":{"line":54,"column":2},"end":{"line":56,"column":21}},"20":{"start":{"line":55,"column":4},"end":{"line":55,"column":19}},"21":{"start":{"line":58,"column":2},"end":{"line":58,"column":67}},"22":{"start":{"line":66,"column":2},"end":{"line":66,"column":74}}},"fnMap":{"0":{"name":"useReviews","decl":{"start":{"line":22,"column":24},"end":{"line":22,"column":34}},"loc":{"start":{"line":22,"column":81},"end":{"line":59,"column":1}},"line":22},"1":{"name":"(anonymous_1)","decl":{"start":{"line":28,"column":35},"end":{"line":28,"column":36}},"loc":{"start":{"line":28,"column":47},"end":{"line":52,"column":3}},"line":28},"2":{"name":"(anonymous_2)","decl":{"start":{"line":54,"column":12},"end":{"line":54,"column":13}},"loc":{"start":{"line":54,"column":18},"end":{"line":56,"column":3}},"line":54},"3":{"name":"reportReview","decl":{"start":{"line":61,"column":22},"end":{"line":61,"column":34}},"loc":{"start":{"line":65,"column":2},"end":{"line":67,"column":1}},"line":65}},"branchMap":{"0":{"loc":{"start":{"line":22,"column":45},"end":{"line":22,"column":59}},"type":"default-arg","locations":[{"start":{"line":22,"column":55},"end":{"line":22,"column":59}}],"line":22},"1":{"loc":{"start":{"line":29,"column":4},"end":{"line":33,"column":5}},"type":"if","locations":[{"start":{"line":29,"column":4},"end":{"line":33,"column":5}},{"start":{},"end":{}}],"line":29},"2":{"loc":{"start":{"line":29,"column":8},"end":{"line":29,"column":27}},"type":"binary-expr","locations":[{"start":{"line":29,"column":8},"end":{"line":29,"column":16}},{"start":{"line":29,"column":20},"end":{"line":29,"column":27}}],"line":29},"3":{"loc":{"start":{"line":42,"column":17},"end":{"line":42,"column":39}},"type":"binary-expr","locations":[{"start":{"line":42,"column":17},"end":{"line":42,"column":33}},{"start":{"line":42,"column":37},"end":{"line":42,"column":39}}],"line":42},"4":{"loc":{"start":{"line":43,"column":15},"end":{"line":43,"column":34}},"type":"binary-expr","locations":[{"start":{"line":43,"column":15},"end":{"line":43,"column":29}},{"start":{"line":43,"column":33},"end":{"line":43,"column":34}}],"line":43},"5":{"loc":{"start":{"line":46,"column":8},"end":{"line":46,"column":70}},"type":"cond-expr","locations":[{"start":{"line":46,"column":31},"end":{"line":46,"column":42}},{"start":{"line":46,"column":45},"end":{"line":46,"column":70}}],"line":46}},"s":{"0":13,"1":13,"2":13,"3":13,"4":13,"5":5,"6":2,"7":2,"8":2,"9":3,"10":3,"11":3,"12":3,"13":2,"14":2,"15":1,"16":1,"17":1,"18":3,"19":13,"20":5,"21":13,"22":0},"f":{"0":13,"1":5,"2":5,"3":0},"b":{"0":[11],"1":[2,3],"2":[5,4],"3":[2,0],"4":[2,0],"5":[1,0]},"_coverageSchema":"1a1c01bbd47fc00a2c39e90264f33305004495a9","hash":"e13429e6bc26b12b068e40d16a325df02cc4a9a6"}
,"/Users/guyshick/Desktop/final project/CSFinalProject/frontend/src/hooks/useTasks.ts": {"path":"/Users/guyshick/Desktop/final project/CSFinalProject/frontend/src/hooks/useTasks.ts","statementMap":{"0":{"start":{"line":62,"column":38},"end":{"line":72,"column":1}},"1":{"start":{"line":76,"column":2},"end":{"line":76,"column":53}},"2":{"start":{"line":76,"column":30},"end":{"line":76,"column":53}},"3":{"start":{"line":77,"column":2},"end":{"line":77,"column":91}},"4":{"start":{"line":77,"column":49},"end":{"line":77,"column":91}},"5":{"start":{"line":78,"column":2},"end":{"line":85,"column":3}},"6":{"start":{"line":78,"column":15},"end":{"line":78,"column":16}},"7":{"start":{"line":79,"column":25},"end":{"line":79,"column":37}},"8":{"start":{"line":80,"column":25},"end":{"line":80,"column":41}},"9":{"start":{"line":81,"column":4},"end":{"line":84,"column":5}},"10":{"start":{"line":82,"column":16},"end":{"line":82,"column":44}},"11":{"start":{"line":83,"column":6},"end":{"line":83,"column":38}},"12":{"start":{"line":86,"column":2},"end":{"line":86,"column":25}},"13":{"start":{"line":91,"column":26},"end":{"line":91,"column":28}},"14":{"start":{"line":92,"column":27},"end":{"line":92,"column":34}},"15":{"start":{"line":96,"column":10},"end":{"line":96,"column":11}},"16":{"start":{"line":97,"column":2},"end":{"line":99,"column":3}},"17":{"start":{"line":97,"column":15},"end":{"line":97,"column":16}},"18":{"start":{"line":98,"column":4},"end":{"line":98,"column":49}},"19":{"start":{"line":100,"column":2},"end":{"line":100,"column":17}},"20":{"start":{"line":105,"column":12},"end":{"line":105,"column":28}},"21":{"start":{"line":106,"column":16},"end":{"line":106,"column":53}},"22":{"start":{"line":107,"column":19},"end":{"line":107,"column":72}},"23":{"start":{"line":109,"column":26},"end":{"line":109,"column":78}},"24":{"start":{"line":110,"column":15},"end":{"line":110,"column":64}},"25":{"start":{"line":111,"column":15},"end":{"line":111,"column":61}},"26":{"start":{"line":113,"column":15},"end":{"line":113,"column":25}},"27":{"start":{"line":114,"column":19},"end":{"line":114,"column":43}},"28":{"start":{"line":116,"column":2},"end":{"line":118,"column":3}},"29":{"start":{"line":117,"column":4},"end":{"line":117,"column":30}},"30":{"start":{"line":120,"column":2},"end":{"line":120,"column":42}},"31":{"start":{"line":125,"column":19},"end":{"line":125,"column":82}},"32":{"start":{"line":126,"column":2},"end":{"line":126,"column":71}},"33":{"start":{"line":130,"column":19},"end":{"line":130,"column":106}},"34":{"start":{"line":131,"column":18},"end":{"line":131,"column":48}},"35":{"start":{"line":133,"column":2},"end":{"line":135,"column":3}},"36":{"start":{"line":134,"column":4},"end":{"line":134,"column":19}},"37":{"start":{"line":137,"column":2},"end":{"line":137,"column":55}},"38":{"start":{"line":150,"column":28},"end":{"line":150,"column":57}},"39":{"start":{"line":151,"column":32},"end":{"line":151,"column":47}},"40":{"start":{"line":152,"column":28},"end":{"line":152,"column":57}},"41":{"start":{"line":154,"column":19},"end":{"line":154,"column":80}},"42":{"start":{"line":156,"column":22},"end":{"line":167,"column":3}},"43":{"start":{"line":157,"column":11},"end":{"line":165,"column":5}},"44":{"start":{"line":169,"column":21},"end":{"line":227,"column":29}},"45":{"start":{"line":170,"column":4},"end":{"line":175,"column":5}},"46":{"start":{"line":171,"column":6},"end":{"line":171,"column":19}},"47":{"start":{"line":172,"column":6},"end":{"line":172,"column":24}},"48":{"start":{"line":173,"column":6},"end":{"line":173,"column":21}},"49":{"start":{"line":174,"column":6},"end":{"line":174,"column":13}},"50":{"start":{"line":177,"column":4},"end":{"line":177,"column":21}},"51":{"start":{"line":178,"column":4},"end":{"line":178,"column":19}},"52":{"start":{"line":180,"column":4},"end":{"line":226,"column":5}},"53":{"start":{"line":181,"column":23},"end":{"line":183,"column":8}},"54":{"start":{"line":185,"column":24},"end":{"line":207,"column":8}},"55":{"start":{"line":186,"column":23},"end":{"line":186,"column":86}},"56":{"start":{"line":187,"column":8},"end":{"line":206,"column":8}},"57":{"start":{"line":209,"column":6},"end":{"line":209,"column":26}},"58":{"start":{"line":211,"column":21},"end":{"line":211,"column":46}},"59":{"start":{"line":212,"column":22},"end":{"line":212,"column":48}},"60":{"start":{"line":214,"column":6},"end":{"line":222,"column":7}},"61":{"start":{"line":215,"column":8},"end":{"line":215,"column":69}},"62":{"start":{"line":216,"column":13},"end":{"line":222,"column":7}},"63":{"start":{"line":217,"column":8},"end":{"line":217,"column":78}},"64":{"start":{"line":218,"column":13},"end":{"line":222,"column":7}},"65":{"start":{"line":219,"column":8},"end":{"line":219,"column":26}},"66":{"start":{"line":221,"column":8},"end":{"line":221,"column":49}},"67":{"start":{"line":223,"column":6},"end":{"line":223,"column":19}},"68":{"start":{"line":225,"column":6},"end":{"line":225,"column":24}},"69":{"start":{"line":229,"column":2},"end":{"line":231,"column":19}},"70":{"start":{"line":230,"column":4},"end":{"line":230,"column":17}},"71":{"start":{"line":233,"column":2},"end":{"line":238,"column":4}}},"fnMap":{"0":{"name":"minLngForLat","decl":{"start":{"line":75,"column":16},"end":{"line":75,"column":28}},"loc":{"start":{"line":75,"column":50},"end":{"line":87,"column":1}},"line":75},"1":{"name":"hashCode","decl":{"start":{"line":95,"column":16},"end":{"line":95,"column":24}},"loc":{"start":{"line":95,"column":44},"end":{"line":101,"column":1}},"line":95},"2":{"name":"applyPrivacyOffset","decl":{"start":{"line":104,"column":16},"end":{"line":104,"column":34}},"loc":{"start":{"line":104,"column":107},"end":{"line":121,"column":1}},"line":104},"3":{"name":"getErrorStatus","decl":{"start":{"line":124,"column":9},"end":{"line":124,"column":23}},"loc":{"start":{"line":124,"column":40},"end":{"line":127,"column":1}},"line":124},"4":{"name":"getErrorMessage","decl":{"start":{"line":129,"column":9},"end":{"line":129,"column":24}},"loc":{"start":{"line":129,"column":41},"end":{"line":138,"column":1}},"line":129},"5":{"name":"useTasks","decl":{"start":{"line":140,"column":24},"end":{"line":140,"column":32}},"loc":{"start":{"line":149,"column":19},"end":{"line":239,"column":1}},"line":149},"6":{"name":"(anonymous_6)","decl":{"start":{"line":157,"column":4},"end":{"line":157,"column":5}},"loc":{"start":{"line":157,"column":11},"end":{"line":165,"column":5}},"line":157},"7":{"name":"(anonymous_7)","decl":{"start":{"line":169,"column":33},"end":{"line":169,"column":34}},"loc":{"start":{"line":169,"column":45},"end":{"line":227,"column":3}},"line":169},"8":{"name":"(anonymous_8)","decl":{"start":{"line":185,"column":56},"end":{"line":185,"column":57}},"loc":{"start":{"line":185,"column":90},"end":{"line":207,"column":7}},"line":185},"9":{"name":"(anonymous_9)","decl":{"start":{"line":229,"column":12},"end":{"line":229,"column":13}},"loc":{"start":{"line":229,"column":18},"end":{"line":231,"column":3}},"line":229}},"branchMap":{"0":{"loc":{"start":{"line":76,"column":2},"end":{"line":76,"column":53}},"type":"if","locations":[{"start":{"line":76,"column":2},"end":{"line":76,"column":53}},{"start":{},"end":{}}],"line":76},"1":{"loc":{"start":{"line":77,"column":2},"end":{"line":77,"column":91}},"type":"if","locations":[{"start":{"line":77,"column":2},"end":{"line":77,"column":91}},{"start":{},"end":{}}],"line":77},"2":{"loc":{"start":{"line":81,"column":4},"end":{"line":84,"column":5}},"type":"if","locations":[{"start":{"line":81,"column":4},"end":{"line":84,"column":5}},{"start":{},"end":{}}],"line":81},"3":{"loc":{"start":{"line":81,"column":8},"end":{"line":81,"column":34}},"type":"binary-expr","locations":[{"start":{"line":81,"column":8},"end":{"line":81,"column":19}},{"start":{"line":81,"column":23},"end":{"line":81,"column":34}}],"line":81},"4":{"loc":{"start":{"line":116,"column":2},"end":{"line":118,"column":3}},"type":"if","locations":[{"start":{"line":116,"column":2},"end":{"line":118,"column":3}},{"start":{},"end":{}}],"line":116},"5":{"loc":{"start":{"line":126,"column":9},"end":{"line":126,"column":70}},"type":"cond-expr","locations":[{"start":{"line":126,"column":48},"end":{"line":126,"column":63}},{"start":{"line":126,"column":66},"end":{"line":126,"column":70}}],"line":126},"6":{"loc":{"start":{"line":133,"column":2},"end":{"line":135,"column":3}},"type":"if","locations":[{"start":{"line":133,"column":2},"end":{"line":135,"column":3}},{"start":{},"end":{}}],"line":133},"7":{"loc":{"start":{"line":133,"column":6},"end":{"line":133,"column":55}},"type":"binary-expr","locations":[{"start":{"line":133,"column":6},"end":{"line":133,"column":33}},{"start":{"line":133,"column":37},"end":{"line":133,"column":55}}],"line":133},"8":{"loc":{"start":{"line":137,"column":9},"end":{"line":137,"column":54}},"type":"cond-expr","locations":[{"start":{"line":137,"column":34},"end":{"line":137,"column":47}},{"start":{"line":137,"column":50},"end":{"line":137,"column":54}}],"line":137},"9":{"loc":{"start":{"line":143,"column":2},"end":{"line":143,"column":13}},"type":"default-arg","locations":[{"start":{"line":143,"column":11},"end":{"line":143,"column":13}}],"line":143},"10":{"loc":{"start":{"line":144,"column":2},"end":{"line":144,"column":17}},"type":"default-arg","locations":[{"start":{"line":144,"column":13},"end":{"line":144,"column":17}}],"line":144},"11":{"loc":{"start":{"line":145,"column":2},"end":{"line":145,"column":17}},"type":"default-arg","locations":[{"start":{"line":145,"column":13},"end":{"line":145,"column":17}}],"line":145},"12":{"loc":{"start":{"line":146,"column":2},"end":{"line":146,"column":17}},"type":"default-arg","locations":[{"start":{"line":146,"column":13},"end":{"line":146,"column":17}}],"line":146},"13":{"loc":{"start":{"line":147,"column":2},"end":{"line":147,"column":12}},"type":"default-arg","locations":[{"start":{"line":147,"column":10},"end":{"line":147,"column":12}}],"line":147},"14":{"loc":{"start":{"line":148,"column":2},"end":{"line":148,"column":16}},"type":"default-arg","locations":[{"start":{"line":148,"column":12},"end":{"line":148,"column":16}}],"line":148},"15":{"loc":{"start":{"line":154,"column":19},"end":{"line":154,"column":80}},"type":"binary-expr","locations":[{"start":{"line":154,"column":19},"end":{"line":154,"column":26}},{"start":{"line":154,"column":30},"end":{"line":154,"column":53}},{"start":{"line":154,"column":57},"end":{"line":154,"column":80}}],"line":154},"16":{"loc":{"start":{"line":161,"column":16},"end":{"line":161,"column":37}},"type":"binary-expr","locations":[{"start":{"line":161,"column":16},"end":{"line":161,"column":24}},{"start":{"line":161,"column":28},"end":{"line":161,"column":37}}],"line":161},"17":{"loc":{"start":{"line":162,"column":16},"end":{"line":162,"column":37}},"type":"binary-expr","locations":[{"start":{"lin
[...]
,"/Users/guyshick/Desktop/final project/CSFinalProject/frontend/src/hooks/useUnreadMessages.ts": {"path":"/Users/guyshick/Desktop/final project/CSFinalProject/frontend/src/hooks/useUnreadMessages.ts","statementMap":{"0":{"start":{"line":6,"column":22},"end":{"line":6,"column":27}},"1":{"start":{"line":14,"column":40},"end":{"line":14,"column":51}},"2":{"start":{"line":15,"column":22},"end":{"line":15,"column":73}},"3":{"start":{"line":17,"column":16},"end":{"line":33,"column":12}},"4":{"start":{"line":18,"column":4},"end":{"line":18,"column":34}},"5":{"start":{"line":18,"column":27},"end":{"line":18,"column":34}},"6":{"start":{"line":19,"column":4},"end":{"line":32,"column":5}},"7":{"start":{"line":20,"column":45},"end":{"line":20,"column":47}},"8":{"start":{"line":21,"column":6},"end":{"line":21,"column":35}},"9":{"start":{"line":21,"column":16},"end":{"line":21,"column":35}},"10":{"start":{"line":22,"column":18},"end":{"line":22,"column":65}},"11":{"start":{"line":23,"column":76},"end":{"line":23,"column":104}},"12":{"start":{"line":26,"column":20},"end":{"line":28,"column":15}},"13":{"start":{"line":27,"column":23},"end":{"line":27,"column":74}},"14":{"start":{"line":29,"column":6},"end":{"line":29,"column":28}},"15":{"start":{"line":35,"column":2},"end":{"line":54,"column":14}},"16":{"start":{"line":36,"column":4},"end":{"line":36,"column":17}},"17":{"start":{"line":38,"column":4},"end":{"line":38,"column":73}},"18":{"start":{"line":38,"column":44},"end":{"line":38,"column":56}},"19":{"start":{"line":41,"column":63},"end":{"line":41,"column":67}},"20":{"start":{"line":42,"column":4},"end":{"line":47,"column":9}},"21":{"start":{"line":43,"column":6},"end":{"line":43,"column":36}},"22":{"start":{"line":43,"column":29},"end":{"line":43,"column":36}},"23":{"start":{"line":44,"column":6},"end":{"line":44,"column":33}},"24":{"start":{"line":45,"column":6},"end":{"line":45,"column":55}},"25":{"start":{"line":45,"column":41},"end":{"line":45,"column":53}},"26":{"start":{"line":46,"column":6},"end":{"line":46,"column":53}},"27":{"start":{"line":46,"column":39},"end":{"line":46,"column":51}},"28":{"start":{"line":49,"column":4},"end":{"line":53,"column":6}},"29":{"start":{"line":50,"column":6},"end":{"line":50,"column":66}},"30":{"start":{"line":50,"column":31},"end":{"line":50,"column":66}},"31":{"start":{"line":51,"column":6},"end":{"line":51,"column":37}},"32":{"start":{"line":52,"column":6},"end":{"line":52,"column":35}},"33":{"start":{"line":56,"column":2},"end":{"line":56,"column":41}}},"fnMap":{"0":{"name":"useUnreadMessages","decl":{"start":{"line":13,"column":16},"end":{"line":13,"column":33}},"loc":{"start":{"line":13,"column":64},"end":{"line":57,"column":1}},"line":13},"1":{"name":"(anonymous_1)","decl":{"start":{"line":17,"column":28},"end":{"line":17,"column":29}},"loc":{"start":{"line":17,"column":40},"end":{"line":33,"column":3}},"line":17},"2":{"name":"(anonymous_2)","decl":{"start":{"line":27,"column":16},"end":{"line":27,"column":17}},"loc":{"start":{"line":27,"column":23},"end":{"line":27,"column":74}},"line":27},"3":{"name":"(anonymous_3)","decl":{"start":{"line":35,"column":12},"end":{"line":35,"column":13}},"loc":{"start":{"line":35,"column":18},"end":{"line":54,"column":3}},"line":35},"4":{"name":"(anonymous_4)","decl":{"start":{"line":38,"column":38},"end":{"line":38,"column":39}},"loc":{"start":{"line":38,"column":44},"end":{"line":38,"column":56}},"line":38},"5":{"name":"(anonymous_5)","decl":{"start":{"line":42,"column":10},"end":{"line":42,"column":11}},"loc":{"start":{"line":42,"column":22},"end":{"line":47,"column":5}},"line":42},"6":{"name":"(anonymous_6)","decl":{"start":{"line":45,"column":35},"end":{"line":45,"column":36}},"loc":{"start":{"line":45,"column":41},"end":{"line":45,"column":53}},"line":45},"7":{"name":"(anonymous_7)","decl":{"start":{"line":46,"column":33},"end":{"line":46,"column":34}},"loc":{"start":{"line":46,"column":39},"end":{"line":46,"column":51}},"line":46},"8":{"name":"(anonymous_8)","decl":{"start":{"line":49,"column":11},"end":{"line":49,"column":12}},"loc":{"start":{"line":49,"column":17},"end":{"line":53,"column":5}},"line":49}},"branchMap":{"0":{"loc":{"start":{"line":18,"column":4},"end":{"line":18,"column":34}},"type":"if","locations":[{"start":{"line":18,"column":4},"end":{"line":18,"column":34}},{"start":{},"end":{}}],"line":18},"1":{"loc":{"start":{"line":21,"column":6},"end":{"line":21,"column":35}},"type":"if","locations":[{"start":{"line":21,"column":6},"end":{"line":21,"column":35}},{"start":{},"end":{}}],"line":21},"2":{"loc":{"start":{"line":23,"column":76},"end":{"line":23,"column":104}},"type":"binary-expr","locations":[{"start":{"line":23,"column":76},"end":{"line":23,"column":98}},{"start":{"line":23,"column":102},"end":{"line":23,"column":104}}],"line":23},"3":{"loc":{"start":{"line":27,"column":23},"end":{"line":27,"column":74}},"type":"binary-expr","locations":[{"start":{"line":27,"column":23},"end":{"line":27,"column":53}},{"start":{"line":27,"column":57},"end":{"line":27,"column":74}}],"line":27},"4":{"loc":{"start":{"line":43,"column":6},"end":{"line":43,"column":36}},"type":"if","locations":[{"start":{"line":43,"column":6},"end":{"line":43,"column":36}},{"start":{},"end":{}}],"line":43},"5":{"loc":{"start":{"line":50,"column":6},"end":{"line":50,"column":66}},"type":"if","locations":[{"start":{"line":50,"column":6},"end":{"line":50,"column":66}},{"start":{},"end":{}}],"line":50}},"s":{"0":1,"1":14,"2":14,"3":14,"4":9,"5":0,"6":9,"7":9,"8":9,"9":2,"10":9,"11":8,"12":8,"13":12,"14":8,"15":14,"16":8,"17":8,"18":0,"19":8,"20":8,"21":8,"22":0,"23":8,"24":8,"25":0,"26":8,"27":0,"28":8,"29":8,"30":8,"31":8,"32":8,"33":14},"f":{"0":14,"1":9,"2":12,"3":8,"4":0,"5":8,"6":0,"7":0,"8":8},"b":{"0":[0,9],"1":[2,7],"2":[8,0],"3":[12,8],"4":[0,8],"5":[8,0]},"_coverageSchema":"1a1c01bbd47fc00a2c39e90264f33305004495a9","hash":"ef6801d03fcc44ba33b758e121e98ba6c0887d7c"}
,"/Users/guyshick/Desktop/final project/CSFinalProject/frontend/src/utils/authErrors.ts": {"path":"/Users/guyshick/Desktop/final project/CSFinalProject/frontend/src/utils/authErrors.ts","statementMap":{"0":{"start":{"line":5,"column":57},"end":{"line":16,"column":1}},"1":{"start":{"line":19,"column":15},"end":{"line":19,"column":57}},"2":{"start":{"line":20,"column":2},"end":{"line":20,"column":72}},"3":{"start":{"line":20,"column":60},"end":{"line":20,"column":72}},"4":{"start":{"line":22,"column":2},"end":{"line":25,"column":3}},"5":{"start":{"line":23,"column":18},"end":{"line":23,"column":55}},"6":{"start":{"line":24,"column":4},"end":{"line":24,"column":45}},"7":{"start":{"line":24,"column":15},"end":{"line":24,"column":45}},"8":{"start":{"line":26,"column":2},"end":{"line":26,"column":14}},"9":{"start":{"line":35,"column":15},"end":{"line":35,"column":45}},"10":{"start":{"line":36,"column":2},"end":{"line":36,"column":29}},"11":{"start":{"line":36,"column":13},"end":{"line":36,"column":29}},"12":{"start":{"line":37,"column":2},"end":{"line":37,"column":73}}},"fnMap":{"0":{"name":"extractFirebaseAuthCode","decl":{"start":{"line":18,"column":9},"end":{"line":18,"column":32}},"loc":{"start":{"line":18,"column":64},"end":{"line":27,"column":1}},"line":18},"1":{"name":"friendlyAuthError","decl":{"start":{"line":34,"column":16},"end":{"line":34,"column":33}},"loc":{"start":{"line":34,"column":76},"end":{"line":38,"column":1}},"line":34}},"branchMap":{"0":{"loc":{"start":{"line":20,"column":2},"end":{"line":20,"column":72}},"type":"if","locations":[{"start":{"line":20,"column":2},"end":{"line":20,"column":72}},{"start":{},"end":{}}],"line":20},"1":{"loc":{"start":{"line":20,"column":6},"end":{"line":20,"column":58}},"type":"binary-expr","locations":[{"start":{"line":20,"column":6},"end":{"line":20,"column":30}},{"start":{"line":20,"column":34},"end":{"line":20,"column":58}}],"line":20},"2":{"loc":{"start":{"line":22,"column":2},"end":{"line":25,"column":3}},"type":"if","locations":[{"start":{"line":22,"column":2},"end":{"line":25,"column":3}},{"start":{},"end":{}}],"line":22},"3":{"loc":{"start":{"line":24,"column":4},"end":{"line":24,"column":45}},"type":"if","locations":[{"start":{"line":24,"column":4},"end":{"line":24,"column":45}},{"start":{},"end":{}}],"line":24},"4":{"loc":{"start":{"line":36,"column":2},"end":{"line":36,"column":29}},"type":"if","locations":[{"start":{"line":36,"column":2},"end":{"line":36,"column":29}},{"start":{},"end":{}}],"line":36},"5":{"loc":{"start":{"line":37,"column":16},"end":{"line":37,"column":71}},"type":"binary-expr","locations":[{"start":{"line":37,"column":16},"end":{"line":37,"column":46}},{"start":{"line":37,"column":50},"end":{"line":37,"column":71}}],"line":37}},"s":{"0":3,"1":8,"2":8,"3":3,"4":5,"5":3,"6":3,"7":1,"8":4,"9":8,"10":8,"11":4,"12":4},"f":{"0":8,"1":8},"b":{"0":[3,5],"1":[8,4],"2":[3,2],"3":[1,2],"4":[4,4],"5":[4,1]},"_coverageSchema":"1a1c01bbd47fc00a2c39e90264f33305004495a9","hash":"b3358f72b0a9ed3876012b011880fc8417eb6d45"}
,"/Users/guyshick/Desktop/final project/CSFinalProject/frontend/src/utils/categoryMetadata.ts": {"path":"/Users/guyshick/Desktop/final project/CSFinalProject/frontend/src/utils/categoryMetadata.ts","statementMap":{"0":{"start":{"line":16,"column":2},"end":{"line":16,"column":51}}},"fnMap":{"0":{"name":"getCategoryLabel","decl":{"start":{"line":15,"column":16},"end":{"line":15,"column":32}},"loc":{"start":{"line":15,"column":89},"end":{"line":17,"column":1}},"line":15}},"branchMap":{},"s":{"0":59},"f":{"0":59},"b":{},"_coverageSchema":"1a1c01bbd47fc00a2c39e90264f33305004495a9","hash":"38d493d1e24eb148cbf88ae29565773e5036214b"}
,"/Users/guyshick/Desktop/final project/CSFinalProject/frontend/src/utils/profanityFilter.ts": {"path":"/Users/guyshick/Desktop/final project/CSFinalProject/frontend/src/utils/profanityFilter.ts","statementMap":{"0":{"start":{"line":6,"column":22},"end":{"line":27,"column":1}},"1":{"start":{"line":29,"column":21},"end":{"line":78,"column":1}},"2":{"start":{"line":81,"column":16},"end":{"line":81,"column":34}},"3":{"start":{"line":83,"column":2},"end":{"line":86,"column":3}},"4":{"start":{"line":84,"column":18},"end":{"line":84,"column":50}},"5":{"start":{"line":85,"column":4},"end":{"line":85,"column":39}},"6":{"start":{"line":85,"column":27},"end":{"line":85,"column":39}},"7":{"start":{"line":88,"column":19},"end":{"line":88,"column":44}},"8":{"start":{"line":89,"column":2},"end":{"line":91,"column":3}},"9":{"start":{"line":90,"column":4},"end":{"line":90,"column":45}},"10":{"start":{"line":90,"column":33},"end":{"line":90,"column":45}},"11":{"start":{"line":93,"column":2},"end":{"line":93,"column":15}},"12":{"start":{"line":97,"column":2},"end":{"line":97,"column":71}}},"fnMap":{"0":{"name":"containsProfanity","decl":{"start":{"line":80,"column":16},"end":{"line":80,"column":33}},"loc":{"start":{"line":80,"column":57},"end":{"line":94,"column":1}},"line":80}},"branchMap":{"0":{"loc":{"start":{"line":85,"column":4},"end":{"line":85,"column":39}},"type":"if","locations":[{"start":{"line":85,"column":4},"end":{"line":85,"column":39}},{"start":{},"end":{}}],"line":85},"1":{"loc":{"start":{"line":90,"column":4},"end":{"line":90,"column":45}},"type":"if","locations":[{"start":{"line":90,"column":4},"end":{"line":90,"column":45}},{"start":{},"end":{}}],"line":90}},"s":{"0":1,"1":1,"2":8,"3":8,"4":265,"5":265,"6":2,"7":6,"8":6,"9":147,"10":3,"11":3,"12":1},"f":{"0":8},"b":{"0":[2,263],"1":[3,144]},"_coverageSchema":"1a1c01bbd47fc00a2c39e90264f33305004495a9","hash":"e384b6b572fa8aa34cb2b11182ce48d873deb8f8"}
,"/Users/guyshick/Desktop/final project/CSFinalProject/frontend/src/utils/socialAuth.ts": {"path":"/Users/guyshick/Desktop/final project/CSFinalProject/frontend/src/utils/socialAuth.ts","statementMap":{"0":{"start":{"line":15,"column":19},"end":{"line":15,"column":43}},"1":{"start":{"line":16,"column":2},"end":{"line":16,"column":40}},"2":{"start":{"line":20,"column":21},"end":{"line":20,"column":59}},"3":{"start":{"line":21,"column":2},"end":{"line":21,"column":47}},"4":{"start":{"line":27,"column":2},"end":{"line":33,"column":3}},"5":{"start":{"line":28,"column":21},"end":{"line":28,"column":51}},"6":{"start":{"line":29,"column":4},"end":{"line":29,"column":31}},"7":{"start":{"line":30,"column":4},"end":{"line":30,"column":30}},"8":{"start":{"line":31,"column":4},"end":{"line":31,"column":42}},"9":{"start":{"line":32,"column":4},"end":{"line":32,"column":11}},"10":{"start":{"line":36,"column":16},"end":{"line":36,"column":59}},"11":{"start":{"line":37,"column":22},"end":{"line":40,"column":3}},"12":{"start":{"line":42,"column":26},"end":{"line":48,"column":4}},"13":{"start":{"line":50,"column":2},"end":{"line":52,"column":3}},"14":{"start":{"line":51,"column":4},"end":{"line":51,"column":64}},"15":{"start":{"line":54,"column":26},"end":{"line":57,"column":4}},"16":{"start":{"line":59,"column":2},"end":{"line":59,"column":52}},"17":{"start":{"line":66,"column":2},"end":{"line":66,"column":56}}},"fnMap":{"0":{"name":"signInWithGoogleWeb","decl":{"start":{"line":14,"column":22},"end":{"line":14,"column":41}},"loc":{"start":{"line":14,"column":59},"end":{"line":17,"column":1}},"line":14},"1":{"name":"signInWithGoogleCredential","decl":{"start":{"line":19,"column":22},"end":{"line":19,"column":48}},"loc":{"start":{"line":19,"column":81},"end":{"line":22,"column":1}},"line":19},"2":{"name":"signInWithApple","decl":{"start":{"line":26,"column":22},"end":{"line":26,"column":37}},"loc":{"start":{"line":26,"column":55},"end":{"line":60,"column":1}},"line":26},"3":{"name":"isAppleSignInAvailable","decl":{"start":{"line":64,"column":16},"end":{"line":64,"column":38}},"loc":{"start":{"line":64,"column":50},"end":{"line":67,"column":1}},"line":64}},"branchMap":{"0":{"loc":{"start":{"line":27,"column":2},"end":{"line":33,"column":3}},"type":"if","locations":[{"start":{"line":27,"column":2},"end":{"line":33,"column":3}},{"start":{},"end":{}}],"line":27},"1":{"loc":{"start":{"line":50,"column":2},"end":{"line":52,"column":3}},"type":"if","locations":[{"start":{"line":50,"column":2},"end":{"line":52,"column":3}},{"start":{},"end":{}}],"line":50},"2":{"loc":{"start":{"line":66,"column":9},"end":{"line":66,"column":55}},"type":"binary-expr","locations":[{"start":{"line":66,"column":9},"end":{"line":66,"column":30}},{"start":{"line":66,"column":34},"end":{"line":66,"column":55}}],"line":66}},"s":{"0":1,"1":1,"2":1,"3":1,"4":3,"5":1,"6":1,"7":1,"8":1,"9":1,"10":2,"11":2,"12":2,"13":2,"14":1,"15":1,"16":1,"17":3},"f":{"0":1,"1":1,"2":3,"3":3},"b":{"0":[1,2],"1":[1,1],"2":[3,2]},"_coverageSchema":"1a1c01bbd47fc00a2c39e90264f33305004495a9","hash":"60039b20460c5303f057e3859a62cdc412b2f217"}
,"/Users/guyshick/Desktop/final project/CSFinalProject/frontend/src/utils/socket.ts": {"path":"/Users/guyshick/Desktop/final project/CSFinalProject/frontend/src/utils/socket.ts","statementMap":{"0":{"start":{"line":4,"column":17},"end":{"line":4,"column":59}},"1":{"start":{"line":6,"column":29},"end":{"line":6,"column":33}},"2":{"start":{"line":7,"column":32},"end":{"line":7,"column":36}},"3":{"start":{"line":15,"column":21},"end":{"line":15,"column":50}},"4":{"start":{"line":16,"column":16},"end":{"line":16,"column":52}},"5":{"start":{"line":19,"column":2},"end":{"line":23,"column":3}},"6":{"start":{"line":20,"column":4},"end":{"line":20,"column":25}},"7":{"start":{"line":21,"column":4},"end":{"line":21,"column":19}},"8":{"start":{"line":22,"column":4},"end":{"line":22,"column":22}},"9":{"start":{"line":25,"column":2},"end":{"line":25,"column":41}},"10":{"start":{"line":25,"column":26},"end":{"line":25,"column":41}},"11":{"start":{"line":28,"column":2},"end":{"line":28,"column":24}},"12":{"start":{"line":30,"column":2},"end":{"line":34,"column":5}},"13":{"start":{"line":35,"column":2},"end":{"line":35,"column":26}},"14":{"start":{"line":37,"column":2},"end":{"line":37,"column":17}},"15":{"start":{"line":44,"column":2},"end":{"line":44,"column":24}},"16":{"start":{"line":45,"column":2},"end":{"line":45,"column":17}},"17":{"start":{"line":46,"column":2},"end":{"line":46,"column":20}}},"fnMap":{"0":{"name":"getSocket","decl":{"start":{"line":14,"column":22},"end":{"line":14,"column":31}},"loc":{"start":{"line":14,"column":51},"end":{"line":38,"column":1}},"line":14},"1":{"name":"disconnectSocket","decl":{"start":{"line":43,"column":16},"end":{"line":43,"column":32}},"loc":{"start":{"line":43,"column":41},"end":{"line":47,"column":1}},"line":43}},"branchMap":{"0":{"loc":{"start":{"line":4,"column":17},"end":{"line":4,"column":59}},"type":"binary-expr","locations":[{"start":{"line":4,"column":17},"end":{"line":4,"column":53}},{"start":{"line":4,"column":57},"end":{"line":4,"column":59}}],"line":4},"1":{"loc":{"start":{"line":15,"column":21},"end":{"line":15,"column":50}},"type":"binary-expr","locations":[{"start":{"line":15,"column":21},"end":{"line":15,"column":42}},{"start":{"line":15,"column":46},"end":{"line":15,"column":50}}],"line":15},"2":{"loc":{"start":{"line":19,"column":2},"end":{"line":23,"column":3}},"type":"if","locations":[{"start":{"line":19,"column":2},"end":{"line":23,"column":3}},{"start":{},"end":{}}],"line":19},"3":{"loc":{"start":{"line":19,"column":6},"end":{"line":19,"column":53}},"type":"binary-expr","locations":[{"start":{"line":19,"column":6},"end":{"line":19,"column":24}},{"start":{"line":19,"column":28},"end":{"line":19,"column":53}}],"line":19},"4":{"loc":{"start":{"line":25,"column":2},"end":{"line":25,"column":41}},"type":"if","locations":[{"start":{"line":25,"column":2},"end":{"line":25,"column":41}},{"start":{},"end":{}}],"line":25}},"s":{"0":3,"1":3,"2":3,"3":25,"4":25,"5":25,"6":1,"7":1,"8":1,"9":25,"10":17,"11":8,"12":8,"13":8,"14":8,"15":13,"16":13,"17":13},"f":{"0":25,"1":13},"b":{"0":[3,3],"1":[25,5],"2":[1,24],"3":[25,18],"4":[17,8]},"_coverageSchema":"1a1c01bbd47fc00a2c39e90264f33305004495a9","hash":"3b649606d90a64ad90029f44dae2d28b14ea262d"}
,"/Users/guyshick/Desktop/final project/CSFinalProject/frontend/src/utils/uploadImage.ts": {"path":"/Users/guyshick/Desktop/final project/CSFinalProject/frontend/src/utils/uploadImage.ts","statementMap":{"0":{"start":{"line":17,"column":19},"end":{"line":17,"column":35}},"1":{"start":{"line":18,"column":15},"end":{"line":18,"column":36}},"2":{"start":{"line":19,"column":21},"end":{"line":19,"column":39}},"3":{"start":{"line":20,"column":2},"end":{"line":20,"column":38}},"4":{"start":{"line":21,"column":2},"end":{"line":21,"column":36}}},"fnMap":{"0":{"name":"uploadImage","decl":{"start":{"line":16,"column":22},"end":{"line":16,"column":33}},"loc":{"start":{"line":16,"column":78},"end":{"line":22,"column":1}},"line":16}},"branchMap":{},"s":{"0":4,"1":3,"2":3,"3":3,"4":2},"f":{"0":4},"b":{},"_coverageSchema":"1a1c01bbd47fc00a2c39e90264f33305004495a9","hash":"135e5d9a3753eb95626d9517fb4587df698ff7a3"}
}
