{"/Users/guyshick/Desktop/final project/CSFinalProject/frontend/src/context/NotificationContext.tsx": {"path":"/Users/guyshick/Desktop/final project/CSFinalProject/frontend/src/context/NotificationContext.tsx","statementMap":{"0":{"start":{"line":19,"column":33},"end":{"line":19,"column":100}},"1":{"start":{"line":20,"column":37},"end":{"line":20,"column":48}},"2":{"start":{"line":35,"column":28},"end":{"line":35,"column":80}},"3":{"start":{"line":37,"column":22},"end":{"line":37,"column":28}},"4":{"start":{"line":40,"column":44},"end":{"line":40,"column":75}},"5":{"start":{"line":41,"column":32},"end":{"line":41,"column":47}},"6":{"start":{"line":42,"column":28},"end":{"line":42,"column":57}},"7":{"start":{"line":44,"column":29},"end":{"line":55,"column":8}},"8":{"start":{"line":45,"column":4},"end":{"line":45,"column":21}},"9":{"start":{"line":46,"column":4},"end":{"line":46,"column":19}},"10":{"start":{"line":47,"column":4},"end":{"line":54,"column":5}},"11":{"start":{"line":48,"column":18},"end":{"line":48,"column":80}},"12":{"start":{"line":49,"column":6},"end":{"line":49,"column":53}},"13":{"start":{"line":51,"column":6},"end":{"line":51,"column":85}},"14":{"start":{"line":53,"column":6},"end":{"line":53,"column":24}},"15":{"start":{"line":57,"column":21},"end":{"line":66,"column":26}},"16":{"start":{"line":58,"column":4},"end":{"line":60,"column":6}},"17":{"start":{"line":59,"column":6},"end":{"line":59,"column":66}},"18":{"start":{"line":59,"column":23},"end":{"line":59,"column":64}},"19":{"start":{"line":61,"column":4},"end":{"line":65,"column":5}},"20":{"start":{"line":62,"column":6},"end":{"line":62,"column":53}},"21":{"start":{"line":64,"column":6},"end":{"line":64,"column":27}},"22":{"start":{"line":68,"column":24},"end":{"line":75,"column":26}},"23":{"start":{"line":69,"column":4},"end":{"line":69,"column":75}},"24":{"start":{"line":69,"column":31},"end":{"line":69,"column":73}},"25":{"start":{"line":69,"column":48},"end":{"line":69,"column":71}},"26":{"start":{"line":70,"column":4},"end":{"line":74,"column":5}},"27":{"start":{"line":71,"column":6},"end":{"line":71,"column":51}},"28":{"start":{"line":73,"column":6},"end":{"line":73,"column":27}},"29":{"start":{"line":77,"column":20},"end":{"line":84,"column":26}},"30":{"start":{"line":78,"column":4},"end":{"line":78,"column":64}},"31":{"start":{"line":78,"column":31},"end":{"line":78,"column":62}},"32":{"start":{"line":78,"column":50},"end":{"line":78,"column":61}},"33":{"start":{"line":79,"column":4},"end":{"line":83,"column":5}},"34":{"start":{"line":80,"column":6},"end":{"line":80,"column":51}},"35":{"start":{"line":82,"column":6},"end":{"line":82,"column":27}},"36":{"start":{"line":86,"column":20},"end":{"line":93,"column":26}},"37":{"start":{"line":87,"column":4},"end":{"line":87,"column":25}},"38":{"start":{"line":88,"column":4},"end":{"line":92,"column":5}},"39":{"start":{"line":89,"column":6},"end":{"line":89,"column":45}},"40":{"start":{"line":91,"column":6},"end":{"line":91,"column":27}},"41":{"start":{"line":95,"column":22},"end":{"line":103,"column":3}},"42":{"start":{"line":97,"column":23},"end":{"line":99,"column":23}},"43":{"start":{"line":98,"column":38},"end":{"line":98,"column":65}},"44":{"start":{"line":100,"column":6},"end":{"line":100,"column":55}},"45":{"start":{"line":100,"column":36},"end":{"line":100,"column":46}},"46":{"start":{"line":105,"column":22},"end":{"line":112,"column":3}},"47":{"start":{"line":107,"column":6},"end":{"line":109,"column":24}},"48":{"start":{"line":108,"column":38},"end":{"line":108,"column":65}},"49":{"start":{"line":115,"column":2},"end":{"line":117,"column":27}},"50":{"start":{"line":116,"column":4},"end":{"line":116,"column":25}},"51":{"start":{"line":120,"column":22},"end":{"line":120,"column":73}},"52":{"start":{"line":121,"column":2},"end":{"line":124,"column":27}},"53":{"start":{"line":122,"column":4},"end":{"line":122,"column":73}},"54":{"start":{"line":123,"column":4},"end":{"line":123,"column":82}},"55":{"start":{"line":123,"column":19},"end":{"line":123,"column":79}},"56":{"start":{"line":123,"column":44},"end":{"line":123,"column":79}},"57":{"start":{"line":128,"column":2},"end":{"line":147,"column":27}},"58":{"start":{"line":129,"column":18},"end":{"line":129,"column":22}},"59":{"start":{"line":130,"column":39},"end":{"line":130,"column":43}},"60":{"start":{"line":132,"column":4},"end":{"line":141,"column":9}},"61":{"start":{"line":133,"column":21},"end":{"line":133,"column":38}},"62":{"start":{"line":134,"column":22},"end":{"line":138,"column":7}},"63":{"start":{"line":136,"column":25},"end":{"line":136,"column":76}},"64":{"start":{"line":137,"column":8},"end":{"line":137,"column":60}},"65":{"start":{"line":137,"column":34},"end":{"line":137,"column":60}},"66":{"start":{"line":139,"column":6},"end":{"line":139,"column":44}},"67":{"start":{"line":140,"column":6},"end":{"line":140,"column":61}},"68":{"start":{"line":140,"column":22},"end":{"line":140,"column":60}},"69":{"start":{"line":143,"column":4},"end":{"line":146,"column":6}},"70":{"start":{"line":144,"column":6},"end":{"line":144,"column":22}},"71":{"start":{"line":145,"column":6},"end":{"line":145,"column":18}},"72":{"start":{"line":149,"column":2},"end":{"line":155,"column":4}},"73":{"start":{"line":159,"column":14},"end":{"line":159,"column":45}},"74":{"start":{"line":160,"column":2},"end":{"line":160,"column":95}},"75":{"start":{"line":160,"column":12},"end":{"line":160,"column":95}},"76":{"start":{"line":161,"column":2},"end":{"line":161,"column":13}}},"fnMap":{"0":{"name":"NotificationProvider","decl":{"start":{"line":39,"column":16},"end":{"line":39,"column":36}},"loc":{"start":{"line":39,"column":82},"end":{"line":156,"column":1}},"line":39},"1":{"name":"(anonymous_1)","decl":{"start":{"line":44,"column":41},"end":{"line":44,"column":42}},"loc":{"start":{"line":44,"column":53},"end":{"line":55,"column":3}},"line":44},"2":{"name":"(anonymous_2)","decl":{"start":{"line":57,"column":33},"end":{"line":57,"column":34}},"loc":{"start":{"line":57,"column":55},"end":{"line":66,"column":3}},"line":57},"3":{"name":"(anonymous_3)","decl":{"start":{"line":58,"column":21},"end":{"line":58,"column":22}},"loc":{"start":{"line":59,"column":6},"end":{"line":59,"column":66}},"line":59},"4":{"name":"(anonymous_4)","decl":{"start":{"line":59,"column":15},"end":{"line":59,"column":16}},"loc":{"start":{"line":59,"column":23},"end":{"line":59,"column":64}},"line":59},"5":{"name":"(anonymous_5)","decl":{"start":{"line":68,"column":36},"end":{"line":68,"column":37}},"loc":{"start":{"line":68,"column":48},"end":{"line":75,"column":3}},"line":68},"6":{"name":"(anonymous_6)","decl":{"start":{"line":69,"column":21},"end":{"line":69,"column":22}},"loc":{"start":{"line":69,"column":31},"end":{"line":69,"column":73}},"line":69},"7":{"name":"(anonymous_7)","decl":{"start":{"line":69,"column":40},"end":{"line":69,"column":41}},"loc":{"start":{"line":69,"column":48},"end":{"line":69,"column":71}},"line":69},"8":{"name":"(anonymous_8)","decl":{"start":{"line":77,"column":32},"end":{"line":77,"column":33}},"loc":{"start":{"line":77,"column":54},"end":{"line":84,"column":3}},"line":77},"9":{"name":"(anonymous_9)","decl":{"start":{"line":78,"column":21},"end":{"line":78,"column":22}},"loc":{"start":{"line":78,"column":31},"end":{"line":78,"column":62}},"line":78},"10":{"name":"(anonymous_10)","decl":{"start":{"line":78,"column":43},"end":{"line":78,"column":44}},"loc":{"start":{"line":78,"column":50},"end":{"line":78,"column":61}},"line":78},"11":{"name":"(anonymous_11)","decl":{"start":{"line":86,"column":32},"end":{"line":86,"column":33}},"loc":{"start":{"line":86,"column":44},"end":{"line":93,"column":3}},"line":86},"12":{"name":"(anonymous_12)","decl":{"start":{"line":96,"column":4},"end":{"line":96,"column":5}},"loc":{"start":{"line":96,"column":31},"end":{"line":101,"column":5}},"line":96},"13":{"name":"(anonymous_13)","decl":{"start":{"line":98,"column":31},"end":{"line":98,"column":32}},"loc":{"start":{"line":98,"column":38},"end":{"line":98,"column":65}},"line":98},"14":{"name":"(anonymous_14)","decl":{"start":{"line":100,"column":29},"end":{"line":100,"column":30}},"loc":{"start":{"line":100,"column":36},"end":{"line":100,"column":46}},"line":100},"15":{"name":"(anonymous_15)","decl":{"start":{"line":106,"column":4},"end":{"line":106,"column":5}},"loc":{"start":{"line":106,"column":31},"end":{"line":110,"column":5}},"line":106},"16":{"name":"(anonymous_16)","decl":{"start":{"line":108,"column":31},"end":{"line":108,"column":32}},"loc":{"start":{"line":108,"column":38},"end":{"line":108,"column":65}},"line":108},"17":{"name":"(anonymous_17)","decl":{"start":{"line":115,"column":12},"end":{"line":115,"column":13}},"loc":{"start":{"line":115,"column":18},"end":{"line":117,"column":3}},"line":115},"18":{"name":"(anonymous_18)","decl":{"start":{"line":121,"column":12},"end":{"line":121,"column":13}},"loc":{"start":{"line":121,"column":18},"end":{"line":124,"column":3}},"line":121},"19":{"name":"(anonymous_19)","decl":{"start":{"line":123,"column":11},"end":{"line":123,"column":12}},"loc":{"start":{"line":123,"column":17},"end":{"line":123,"column":81}},"line":123},"20":{"name":"(anonymous_20)","decl":{"start":{"line":128,"column":12},"end":{"line":128,"column":13}},"loc":{"start":{"line":128,"column":18},"end":{"line":147,"column":3}},"line":128},"21":{"name":"(anonymous_21)","decl":{"start":{"line":132,"column":10},"end":{"line":132,"column":11}},"loc":{"start":{"line":132,"column":22},"end":{"line":141,"column":5}},"line":132},"22":{"name":"(anonymous_22)","decl":{"start":{"line":134,"column":22},"end":{"line":134,"column":23}},"loc":{"start":{"line":134,"column":71},"end":{"line":138,"column":7}},"line":134},"23":{"name":"(anonymous_23)","decl":{"start":{"line":140,"column":16},"end":{"line":140,"column":17}},"loc":{"start":{"line":140,"column":22},"end":{"line":140,"column":60}},"line":140},"24":{"name":"(anonymous_24)","decl":{"start":{"line":143,"column":11},"end":{"line":143,"column":12}},"loc":{"start":{"line":143,"column":17},"end":{"line":146,"column":5}},"line":143},"25":{"name":"useNotificationContext","decl":{"start":{"line":158,"column":16},"end":{"line":158,"column":38}},"loc":{"start":{"line":158,"column":41},"end":{"line":162,"column":1}},"line":158}},"branchMap":{"0":{"loc":{"start":{"line":49,"column":23},"end":{"line":49,"column":51}},"type":"binary-expr","locations":[{"start":{"line":49,"column":23},"end":{"line":49,"column":45}},{"start":{"line":49,"column":49},"end":{"line":49,"column":51}}],"line":49},"1":{"loc":{"start":{"line":51,"column":15},"end":{"line":51,"column":83}},"type":"cond-expr","locations":[{"start":{"line":51,"column":38},"end":{"line":51,"column":49}},{"start":{"line":51,"column":52},"end":{"line":51,"column":83}}],"line":51},"2":{"loc":{"start":{"line":59,"column":23},"end":{"line":59,"column":64}},"type":"cond-expr","locations":[{"start":{"line":59,"column":37},"end":{"line":59,"column":60}},{"start":{"line":59,"column":63},"end":{"line":59,"column":64}}],"line":59},"3":{"loc":{"start":{"line":97,"column":23},"end":{"line":99,"column":23}},"type":"cond-expr","locations":[{"start":{"line":98,"column":10},"end":{"line":98,"column":66}},{"start":{"line":99,"column":10},"end":{"line":99,"column":23}}],"line":97},"4":{"loc":{"start":{"line":107,"column":13},"end":{"line":109,"column":23}},"type":"cond-expr","locations":[{"start":{"line":108,"column":10},"end":{"line":108,"column":66}},{"start":{"line":109,"column":10},"end":{"line":109,"column":23}}],"line":107},"5":{"loc":{"start":{"line":123,"column":19},"end":{"line":123,"column":79}},"type":"if","locations":[{"start":{"line":123,"column":19},"end":{"line":123,"column":79}},{"start":{},"end":{}}],"line":123},"6":{"loc":{"start":{"line":137,"column":8},"end":{"line":137,"column":60}},"type":"if","locations":[{"start":{"line":137,"column":8},"end":{"line":137,"column":60}},{"start":{},"end":{}}],"line":137},"7":{"loc":{"start":{"line":137,"column":12},"end":{"line":137,"column":32}},"type":"binary-expr","locations":[{"start":{"line":137,"column":12},"end":{"line":137,"column":19}},{"start":{"line":137,"column":23},"end":{"line":137,"column":32}}],"line":137},"8":{"loc":{"start":{"line":160,"column":2},"end":{"line":160,"column":95}},"type":"if","locations":[{"start":{"line":160,"column":2},"end":{"line":160,"column":95}},{"start":{},"end":{}}],"line":160}},"s":{"0":1,"1":1,"2":1,"3":1,"4":55,"5":55,"6":55,"7":55,"8":20,"9":20,"10":20,"11":20,"12":19,"13":1,"14":20,"15":55,"16":2,"17":2,"18":2,"19":2,"20":2,"21":1,"22":55,"23":2,"24":2,"25":3,"26":2,"27":2,"28":1,"29":55,"30":2,"31":2,"32":3,"33":2,"34":2,"35":1,"36":55,"37":2,"38":2,"39":2,"40":1,"41":55,"42":2,"43":2,"44":2,"45":4,"46":55,"47":2,"48":3,"49":55,"50":15,"51":55,"52":55,"53":15,"54":15,"55":15,"56":15,"57":55,"58":15,"59":15,"60":15,"61":15,"62":15,"63":0,"64":0,"65":0,"66":15,"67":15,"68":15,"69":15,"70":15,"71":15,"72":55,"73":53,"74":53,"75":2,"76":51},"f":{"0":55,"1":20,"2":2,"3":2,"4":2,"5":2,"6":2,"7":3,"8":2,"9":2,"10":3,"11":2,"12":2,"13":2,"14":4,"15":2,"16":3,"17":15,"18":15,"19":15,"20":15,"21":15,"22":0,"23":15,"24":15,"25":53},"b":{"0":[19,0],"1":[1,0],"2":[2,0],"3":[1,1],"4":[1,1],"5":[15,0],"6":[0,0],"7":[0,0],"8":[2,51]},"_coverageSchema":"1a1c01bbd47fc00a2c39e90264f33305004495a9","hash":"ec5277f91060f37db2203e0f114b7657b9ec1f20"}
,"/Users/guyshick/Desktop/final project/CSFinalProject/frontend/src/hooks/useAuthBootstrap.ts": {"path":"/Users/guyshick/Desktop/final project/CSFinalProject/frontend/src/hooks/useAuthBootstrap.ts","statementMap":{"0":{"start":{"line":11,"column":26},"end":{"line":11,"column":52}},"1":{"start":{"line":14,"column":2},"end":{"line":14,"column":36}},"2":{"start":{"line":14,"column":29},"end":{"line":14,"column":36}},"3":{"start":{"line":15,"column":2},"end":{"line":34,"column":3}},"4":{"start":{"line":16,"column":28},"end":{"line":16,"column":73}},"5":{"start":{"line":17,"column":33},"end":{"line":17,"column":74}},"6":{"start":{"line":19,"column":22},"end":{"line":19,"column":30}},"7":{"start":{"line":20,"column":4},"end":{"line":24,"column":5}},"8":{"start":{"line":21,"column":25},"end":{"line":21,"column":70}},"9":{"start":{"line":22,"column":6},"end":{"line":22,"column":27}},"10":{"start":{"line":23,"column":6},"end":{"line":23,"column":60}},"11":{"start":{"line":26,"column":4},"end":{"line":31,"column":5}},"12":{"start":{"line":27,"column":24},"end":{"line":27,"column":89}},"13":{"start":{"line":28,"column":6},"end":{"line":28,"column":29}},"14":{"start":{"line":28,"column":22},"end":{"line":28,"column":29}},"15":{"start":{"line":29,"column":30},"end":{"line":29,"column":86}},"16":{"start":{"line":30,"column":6},"end":{"line":30,"column":60}},"17":{"start":{"line":40,"column":19},"end":{"line":40,"column":82}},"18":{"start":{"line":41,"column":2},"end":{"line":41,"column":71}},"19":{"start":{"line":45,"column":19},"end":{"line":45,"column":106}},"20":{"start":{"line":46,"column":18},"end":{"line":46,"column":48}},"21":{"start":{"line":48,"column":2},"end":{"line":50,"column":3}},"22":{"start":{"line":49,"column":4},"end":{"line":49,"column":19}},"23":{"start":{"line":52,"column":2},"end":{"line":54,"column":3}},"24":{"start":{"line":53,"column":4},"end":{"line":53,"column":84}},"25":{"start":{"line":56,"column":2},"end":{"line":58,"column":3}},"26":{"start":{"line":57,"column":4},"end":{"line":57,"column":25}},"27":{"start":{"line":60,"column":2},"end":{"line":60,"column":18}},"28":{"start":{"line":64,"column":30},"end":{"line":64,"column":71}},"29":{"start":{"line":65,"column":28},"end":{"line":65,"column":57}},"30":{"start":{"line":66,"column":36},"end":{"line":66,"column":65}},"31":{"start":{"line":67,"column":52},"end":{"line":67,"column":64}},"32":{"start":{"line":68,"column":32},"end":{"line":68,"column":47}},"33":{"start":{"line":69,"column":25},"end":{"line":69,"column":38}},"34":{"start":{"line":71,"column":26},"end":{"line":74,"column":8}},"35":{"start":{"line":72,"column":16},"end":{"line":72,"column":46}},"36":{"start":{"line":73,"column":4},"end":{"line":73,"column":49}},"37":{"start":{"line":76,"column":32},"end":{"line":111,"column":3}},"38":{"start":{"line":78,"column":6},"end":{"line":78,"column":28}},"39":{"start":{"line":79,"column":6},"end":{"line":79,"column":21}},"40":{"start":{"line":80,"column":6},"end":{"line":80,"column":39}},"41":{"start":{"line":81,"column":6},"end":{"line":81,"column":51}},"42":{"start":{"line":83,"column":6},"end":{"line":108,"column":7}},"43":{"start":{"line":84,"column":8},"end":{"line":84,"column":32}},"44":{"start":{"line":85,"column":8},"end":{"line":85,"column":27}},"45":{"start":{"line":86,"column":8},"end":{"line":89,"column":9}},"46":{"start":{"line":87,"column":10},"end":{"line":87,"column":40}},"47":{"start":{"line":88,"column":10},"end":{"line":88,"column":43}},"48":{"start":{"line":91,"column":23},"end":{"line":91,"column":51}},"49":{"start":{"line":93,"column":8},"end":{"line":96,"column":9}},"50":{"start":{"line":94,"column":10},"end":{"line":94,"column":34}},"51":{"start":{"line":95,"column":10},"end":{"line":95,"column":17}},"52":{"start":{"line":98,"column":8},"end":{"line":104,"column":9}},"53":{"start":{"line":99,"column":10},"end":{"line":101,"column":12}},"54":{"start":{"line":102,"column":10},"end":{"line":102,"column":29}},"55":{"start":{"line":103,"column":10},"end":{"line":103,"column":17}},"56":{"start":{"line":106,"column":8},"end":{"line":106,"column":82}},"57":{"start":{"line":107,"column":8},"end":{"line":107,"column":27}},"58":{"start":{"line":113,"column":2},"end":{"line":128,"column":30}},"59":{"start":{"line":114,"column":24},"end":{"line":125,"column":6}},"60":{"start":{"line":115,"column":6},"end":{"line":122,"column":7}},"61":{"start":{"line":116,"column":8},"end":{"line":116,"column":27}},"62":{"start":{"line":117,"column":8},"end":{"line":117,"column":32}},"63":{"start":{"line":118,"column":8},"end":{"line":118,"column":23}},"64":{"start":{"line":119,"column":8},"end":{"line":119,"column":27}},"65":{"start":{"line":120,"column":8},"end":{"line":120,"column":33}},"66":{"start":{"line":121,"column":8},"end":{"line":121,"column":15}},"67":{"start":{"line":124,"column":6},"end":{"line":124,"column":39}},"68":{"start":{"line":127,"column":4},"end":{"line":127,"column":23}},"69":{"start":{"line":130,"column":17},"end":{"line":140,"column":8}},"70":{"start":{"line":131,"column":4},"end":{"line":131,"column":26}},"71":{"start":{"line":132,"column":4},"end":{"line":132,"column":19}},"72":{"start":{"line":134,"column":4},"end":{"line":139,"column":5}},"73":{"start":{"line":135,"column":6},"end":{"line":135,"column":69}},"74":{"start":{"line":137,"column":6},"end":{"line":137,"column":30}},"75":{"start":{"line":138,"column":6},"end":{"line":138,"column":68}},"76":{"start":{"line":142,"column":27},"end":{"line":170,"column":3}},"77":{"start":{"line":144,"column":6},"end":{"line":144,"column":28}},"78":{"start":{"line":145,"column":6},"end":{"line":145,"column":21}},"79":{"start":{"line":147,"column":6},"end":{"line":167,"column":7}},"80":{"start":{"line":148,"column":8},"end":{"line":151,"column":11}},"81":{"start":{"line":152,"column":8},"end":{"line":152,"column":32}},"82":{"start":{"line":153,"column":8},"end":{"line":153,"column":27}},"83":{"start":{"line":155,"column":8},"end":{"line":163,"column":9}},"84":{"start":{"line":156,"column":10},"end":{"line":162,"column":11}},"85":{"start":{"line":157,"column":12},"end":{"line":157,"column":36}},"86":{"start":{"line":158,"column":12},"end":{"line":158,"column":31}},"87":{"start":{"line":159,"column":12},"end":{"line":159,"column":19}},"88":{"start":{"line":165,"column":8},"end":{"line":165,"column":88}},"89":{"start":{"line":166,"column":8},"end":{"line":166,"column":32}},"90":{"start":{"line":172,"column":16},"end":{"line":180,"column":29}},"91":{"start":{"line":173,"column":4},"end":{"line":177,"column":5}},"92":{"start":{"line":174,"column":6},"end":{"line":174,"column":30}},"93":{"start":{"line":175,"column":6},"end":{"line":175,"column":21}},"94":{"start":{"line":176,"column":6},"end":{"line":176,"column":13}},"95":{"start":{"line":179,"column":4},"end":{"line":179,"column":50}},"96":{"start":{"line":182,"column":17},"end":{"line":185,"column":8}},"97":{"start":{"line":183,"column":4},"end":{"line":183,"column":23}},"98":{"start":{"line":184,"column":4},"end":{"line":184,"column":24}},"99":{"start":{"line":187,"column":2},"end":{"line":197,"column":4}}},"fnMap":{"0":{"name":"registerPushTokenSilently","decl":{"start":{"line":13,"column":15},"end":{"line":13,"column":40}},"loc":{"start":{"line":13,"column":58},"end":{"line":35,"column":1}},"line":13},"1":{"name":"getApiErrorStatus","decl":{"start":{"line":39,"column":9},"end":{"line":39,"column":26}},"loc":{"start":{"line":39,"column":43},"end":{"line":42,"column":1}},"line":39},"2":{"name":"getApiErrorMessage","decl":{"start":{"line":44,"column":9},"end":{"line":44,"column":27}},"loc":{"start":{"line":44,"column":62},"end":{"line":61,"column":1}},"line":44},"3":{"name":"useAuthBootstrap","decl":{"start":{"line":63,"column":24},"end":{"line":63,"column":40}},"loc":{"start":{"line":63,"column":43},"end":{"line":198,"column":1}},"line":63},"4":{"name":"(anonymous_4)","decl":{"start":{"line":71,"column":38},"end":{"line":71,"column":39}},"loc":{"start":{"line":71,"column":50},"end":{"line":74,"column":3}},"line":71},"5":{"name":"(anonymous_5)","decl":{"start":{"line":77,"column":4},"end":{"line":77,"column":5}},"loc":{"start":{"line":77,"column":26},"end":{"line":109,"column":5}},"line":77},"6":{"name":"(anonymous_6)","decl":{"start":{"line":113,"column":12},"end":{"line":113,"column":13}},"loc":{"start":{"line":113,"column":18},"end":{"line":128,"column":3}},"line":113},"7":{"name":"(anonymous_7)","decl":{"start":{"line":114,"column":49},"end":{"line":114,"column":50}},"loc":{"start":{"line":114,"column":59},"end":{"line":125,"column":5}},"line":114},"8":{"name":"(anonymous_8)","decl":{"start":{"line":130,"column":29},"end":{"line":130,"column":30}},"loc":{"start":{"line":130,"column":72},"end":{"line":140,"column":3}},"line":130},"9":{"name":"(anonymous_9)","decl":{"start":{"line":143,"column":4},"end":{"line":143,"column":5}},"loc":{"start":{"line":143,"column":53},"end":{"line":168,"column":5}},"line":143},"10":{"name":"(anonymous_10)","decl":{"start":{"line":172,"column":28},"end":{"line":172,"column":29}},"loc":{"start":{"line":172,"column":40},"end":{"line":180,"column":3}},"line":172},"11":{"name":"(anonymous_11)","decl":{"start":{"line":182,"column":29},"end":{"line":182,"column":30}},"loc":{"start":{"line":182,"column":41},"end":{"line":185,"column":3}},"line":182}},"branchMap":{"0":{"loc":{"start":{"line":14,"column":2},"end":{"line":14,"column":36}},"type":"if","locations":[{"start":{"line":14,"column":2},"end":{"line":14,"column":36}},{"start":{},"end":{}}],"line":14},"1":{"loc":{"start":{"line":20,"column":4},"end":{"line":24,"column":5}},"type":"if","locations":[{"start":{"line":20,"column":4},"end":{"line":24,"column":5}},{"start":{},"end":{}}],"line":20},"2":{"loc":{"start":{"line":20,"column":8},"end":{"line":20,"column":50}},"type":"binary-expr","locations":[{"start":{"line":20,"column":8},"end":{"line":20,"column":24}},{"start":{"line":20,"column":28},"end":{"line":20,"column":50}}],"line":20},"3":{"loc":{"start":{"line":26,"column":4},"end":{"line":31,"column":5}},"type":"if","locations":[{"start":{"line":26,"column":4},"end":{"line":31,"column":5}},{"start":{},"end":{}}],"line":26},"4":{"loc":{"start":{"line":28,"column":6},"end":{"line":28,"column":29}},"type":"if","locations":[{"start":{"line":28,"column":6},"end":{"line":28,"column":29}},{"start":{},"end":{}}],"line":28},"5":{"loc":{"start":{"line":41,"column":9},"end":{"line":41,"column":70}},"type":"cond-expr","locations":[{"start":{"line":41,"column":48},"end":{"line":41,"column":63}},{"start":{"line":41,"column":66},"end":{"line":41,"column":70}}],"line":41},"6":{"loc":{"start":{"line":48,"column":2},"end":{"line":50,"column":3}},"type":"if","locations":[{"start":{"line":48,"column":2},"end":{"line":50,"column":3}},{"start":{},"end":{}}],"line":48},"7":{"loc":{"start":{"line":48,"column":6},"end":{"line":48,"column":55}},"type":"binary-expr","locations":[{"start":{"line":48,"column":6},"end":{"line":48,"column":33}},{"start":{"line":48,"column":37},"end":{"line":48,"column":55}}],"line":48},"8":{"loc":{"start":{"line":52,"column":2},"end":{"line":54,"column":3}},"type":"if","locations":[{"start":{"line":52,"column":2},"end":{"line":54,"column":3}},{"start":{},"end":{}}],"line":52},"9":{"loc":{"start":{"line":52,"column":6},"end":{"line":52,"column":65}},"type":"binary-expr","locations":[{"start":{"line":52,"column":6},"end":{"line":52,"column":28}},{"start":{"line":52,"column":32},"end":{"line":52,"column":65}}],"line":52},"10":{"loc":{"start":{"line":56,"column":2},"end":{"line":58,"column":3}},"type":"if","locations":[{"start":{"line":56,"column":2},"end":{"line":58,"column":3}},{"start":{},"end":{}}],"line":56},"11":{"loc":{"start":{"line":56,"column":6},"end":{"line":56,"column":56}},"type":"binary-expr","locations":[{"start":{"line":56,"column":6},"end":{"line":56,"column":28}},{"start":{"line":56,"column":32},"end":{"line":56,"column":56}}],"line":56},"12":{"loc":{"start":{"line":80,"column":19},"end":{"line":80,"column":37}},"type":"binary-expr","locations":[{"start":{"line":80,"column":19},"end":{"line":80,"column":29}},{"start":{"line":80,"column":33},"end":{"line":80,"column":37}}],"line":80},"13":{"loc":{"start":{"line":81,"column":27},"end":{"line":81,"column":49}},"type":"binary-expr","locations":[{"start":{"line":81,"column":27},"end":{"line":81,"column":43}},{"start":{"line":81,"column":47},"end":{"line":81,"column":49}}],"line":81},"14":{"loc":{"start":{"line":86,"column":8},"end":{"line":89,"column":9}},"type":"if","locations":[{"start":{"line":86,"column":8},"end":{"line":89,"column":9}},{"start":{},"end":{}}],"line":86},"15":{"loc":{"start":{"line":93,"column":8},"end":{"line":96,"column":9}},"type":"if","locations":[{"start":{"line":93,"column":8},"end":{"line":96,"column":9}},{"start":{},"end":{}}],"line":93},"16":{"loc":{"start":{"line":98,"column":8},"end":{"line":104,"column":9}},"type":"if","locations":[{"start":{"line":98,"column":8},"end":{"line":104,"column":9}},{"start":{},"end":{}}],"line":98},"17":{"loc":{"start":{"line":115,"column":6},"end":{"line":122,"column":7}},"type":"if","locations":[{"start":{"line":115,"column":6},"end":{"line":122,"column":7}},{"start":{},"end":{}}],"line":115},"18":{"loc":{"start":{"line":150,"column":24},"end":{"line":150,"column":55}},"type":"binary-expr","locations":[{"start":{"line":150,"column":24},"end":{"line":150,"column":42}},{"start":{"line":150,"column":46},"end":{"line":150,"column":55}}],"line":150},"19":{"loc":{"start":{"line":155,"column":8},"end":{"line":163,"column":9}},"type":"if","locations":[{"start":{"line":155,"column":8},"end":{"line":163,"column":9}},{"start":{},"end":{}}],"line":155},"20":{"loc":{"start":{"line":173,"column":4},"end":{"line":177,"column":5}},"type":"if","locations":[{"start":{"line":173,"column":4},"end":{"line":177,"column":5}},{"start":{},"end":{}}],"line":173}},"s":{"0":1,"1":2,"2":0,"3":2,"4":2,"5":2,"6":2,"7":2,"8":0,"9":0,"10":0,"11":2,"12":2,"13":2,"14":0,"15":2,"16":2,"17":7,"18":7,"19":5,"20":5,"21":5,"22":1,"23":4,"24":1,"25":3,"26":3,"27":0,"28":34,"29":34,"30":34,"31":34,"32":34,"33":34,"34":34,"35":10,"36":5,"37":34,"38":7,"39":7,"40":7,"41":7,"42":7,"43":7,"44":2,"45":2,"46":2,"47":2,"48":5,"49":5,"50":1,"51":1,"52":4,"53":1,"54":1,"55":1,"56":3,"57":3,"58":34,"59":17,"60":10,"61":4,"62":4,"63":4,"64":4,"65":4,"66":4,"67":6,"68":17,"69":34,"70":2,"71":2,"72":2,"73":2,"74":1,"75":1,"76":34,"77":4,"78":4,"79":4,"80":4,"81":2,"82":2,"83":2,"84":1,"85":1,"86":1,"87":1,"88":1,"89":1,"90":34,"91":2,"92":1,"93":1,"94":1,"95":1,"96":34,"97":1,"98":1,"99":34},"f":{"0":2,"1":7,"2":5,"3":34,"4":10,"5":7,"6":17,"7":10,"8":2,"9":4,"10":2,"11":1},"b":{"0":[0,2],"1":[0,2],"2":[2,2],"3":[2,0],"4":[0,2],"5":[4,3],"6":[1,4],"7":[5,1],"8":[1,3],"9":[4,4],"10":[3,0],"11":[3,3],"12":[7,0],"13":[7,1],"14":[2,0],"15":[1,4],"16":[1,3],"17":[4,6],"18":[4,3],"19":[1,1],"20":[1,1]},"_coverageSchema":"1a1c01bbd47fc00a2c39e90264f33305004495a9","hash":"51a829625e97d6b83b67095a8e9ee70f3e44b7b1"}
,"/Users/guyshick/Desktop/final project/CSFinalProject/frontend/src/hooks/useBids.ts": {"path":"/Users/guyshick/Desktop/final project/CSFinalProject/frontend/src/hooks/useBids.ts","statementMap":{"0":{"start":{"line":44,"column":26},"end":{"line":44,"column":49}},"1":{"start":{"line":45,"column":28},"end":{"line":45,"column":39}},"2":{"start":{"line":46,"column":32},"end":{"line":46,"column":47}},"3":{"start":{"line":47,"column":28},"end":{"line":47,"column":57}},"4":{"start":{"line":49,"column":20},"end":{"line":73,"column":23}},"5":{"start":{"line":50,"column":4},"end":{"line":50,"column":25}},"6":{"start":{"line":50,"column":18},"end":{"line":50,"column":25}},"7":{"start":{"line":51,"column":4},"end":{"line":51,"column":21}},"8":{"start":{"line":52,"column":4},"end":{"line":52,"column":19}},"9":{"start":{"line":54,"column":4},"end":{"line":72,"column":5}},"10":{"start":{"line":55,"column":45},"end":{"line":55,"column":60}},"11":{"start":{"line":56,"column":6},"end":{"line":56,"column":41}},"12":{"start":{"line":56,"column":18},"end":{"line":56,"column":41}},"13":{"start":{"line":58,"column":18},"end":{"line":58,"column":65}},"14":{"start":{"line":59,"column":6},"end":{"line":59,"column":35}},"15":{"start":{"line":60,"column":6},"end":{"line":60,"column":36}},"16":{"start":{"line":62,"column":23},"end":{"line":62,"column":82}},"17":{"start":{"line":63,"column":6},"end":{"line":69,"column":7}},"18":{"start":{"line":64,"column":8},"end":{"line":64,"column":68}},"19":{"start":{"line":65,"column":13},"end":{"line":69,"column":7}},"20":{"start":{"line":66,"column":8},"end":{"line":66,"column":79}},"21":{"start":{"line":68,"column":8},"end":{"line":68,"column":46}},"22":{"start":{"line":71,"column":6},"end":{"line":71,"column":24}},"23":{"start":{"line":75,"column":2},"end":{"line":77,"column":18}},"24":{"start":{"line":76,"column":4},"end":{"line":76,"column":16}},"25":{"start":{"line":79,"column":27},"end":{"line":88,"column":14}},"26":{"start":{"line":80,"column":4},"end":{"line":87,"column":7}},"27":{"start":{"line":81,"column":22},"end":{"line":81,"column":89}},"28":{"start":{"line":81,"column":39},"end":{"line":81,"column":87}},"29":{"start":{"line":83,"column":6},"end":{"line":85,"column":7}},"30":{"start":{"line":84,"column":8},"end":{"line":84,"column":58}},"31":{"start":{"line":84,"column":37},"end":{"line":84,"column":56}},"32":{"start":{"line":86,"column":6},"end":{"line":86,"column":21}},"33":{"start":{"line":90,"column":27},"end":{"line":92,"column":8}},"34":{"start":{"line":91,"column":4},"end":{"line":91,"column":58}},"35":{"start":{"line":91,"column":22},"end":{"line":91,"column":56}},"36":{"start":{"line":91,"column":41},"end":{"line":91,"column":55}},"37":{"start":{"line":94,"column":2},"end":{"line":94,"column":97}}},"fnMap":{"0":{"name":"useBids","decl":{"start":{"line":43,"column":24},"end":{"line":43,"column":31}},"loc":{"start":{"line":43,"column":88},"end":{"line":95,"column":1}},"line":43},"1":{"name":"(anonymous_1)","decl":{"start":{"line":49,"column":32},"end":{"line":49,"column":33}},"loc":{"start":{"line":49,"column":44},"end":{"line":73,"column":3}},"line":49},"2":{"name":"(anonymous_2)","decl":{"start":{"line":75,"column":12},"end":{"line":75,"column":13}},"loc":{"start":{"line":75,"column":18},"end":{"line":77,"column":3}},"line":75},"3":{"name":"(anonymous_3)","decl":{"start":{"line":79,"column":39},"end":{"line":79,"column":40}},"loc":{"start":{"line":79,"column":80},"end":{"line":88,"column":3}},"line":79},"4":{"name":"(anonymous_4)","decl":{"start":{"line":80,"column":12},"end":{"line":80,"column":13}},"loc":{"start":{"line":80,"column":22},"end":{"line":87,"column":5}},"line":80},"5":{"name":"(anonymous_5)","decl":{"start":{"line":81,"column":31},"end":{"line":81,"column":32}},"loc":{"start":{"line":81,"column":39},"end":{"line":81,"column":87}},"line":81},"6":{"name":"(anonymous_6)","decl":{"start":{"line":84,"column":30},"end":{"line":84,"column":31}},"loc":{"start":{"line":84,"column":37},"end":{"line":84,"column":56}},"line":84},"7":{"name":"(anonymous_7)","decl":{"start":{"line":90,"column":39},"end":{"line":90,"column":40}},"loc":{"start":{"line":90,"column":58},"end":{"line":92,"column":3}},"line":90},"8":{"name":"(anonymous_8)","decl":{"start":{"line":91,"column":12},"end":{"line":91,"column":13}},"loc":{"start":{"line":91,"column":22},"end":{"line":91,"column":56}},"line":91},"9":{"name":"(anonymous_9)","decl":{"start":{"line":91,"column":34},"end":{"line":91,"column":35}},"loc":{"start":{"line":91,"column":41},"end":{"line":91,"column":55}},"line":91}},"branchMap":{"0":{"loc":{"start":{"line":43,"column":32},"end":{"line":43,"column":86}},"type":"default-arg","locations":[{"start":{"line":43,"column":84},"end":{"line":43,"column":86}}],"line":43},"1":{"loc":{"start":{"line":43,"column":34},"end":{"line":43,"column":47}},"type":"default-arg","locations":[{"start":{"line":43,"column":43},"end":{"line":43,"column":47}}],"line":43},"2":{"loc":{"start":{"line":43,"column":49},"end":{"line":43,"column":63}},"type":"default-arg","locations":[{"start":{"line":43,"column":59},"end":{"line":43,"column":63}}],"line":43},"3":{"loc":{"start":{"line":50,"column":4},"end":{"line":50,"column":25}},"type":"if","locations":[{"start":{"line":50,"column":4},"end":{"line":50,"column":25}},{"start":{},"end":{}}],"line":50},"4":{"loc":{"start":{"line":56,"column":6},"end":{"line":56,"column":41}},"type":"if","locations":[{"start":{"line":56,"column":6},"end":{"line":56,"column":41}},{"start":{},"end":{}}],"line":56},"5":{"loc":{"start":{"line":59,"column":14},"end":{"line":59,"column":33}},"type":"binary-expr","locations":[{"start":{"line":59,"column":14},"end":{"line":59,"column":27}},{"start":{"line":59,"column":31},"end":{"line":59,"column":33}}],"line":59},"6":{"loc":{"start":{"line":60,"column":15},"end":{"line":60,"column":34}},"type":"binary-expr","locations":[{"start":{"line":60,"column":15},"end":{"line":60,"column":29}},{"start":{"line":60,"column":33},"end":{"line":60,"column":34}}],"line":60},"7":{"loc":{"start":{"line":63,"column":6},"end":{"line":69,"column":7}},"type":"if","locations":[{"start":{"line":63,"column":6},"end":{"line":69,"column":7}},{"start":{"line":65,"column":13},"end":{"line":69,"column":7}}],"line":63},"8":{"loc":{"start":{"line":65,"column":13},"end":{"line":69,"column":7}},"type":"if","locations":[{"start":{"line":65,"column":13},"end":{"line":69,"column":7}},{"start":{"line":67,"column":13},"end":{"line":69,"column":7}}],"line":65},"9":{"loc":{"start":{"line":81,"column":39},"end":{"line":81,"column":87}},"type":"cond-expr","locations":[{"start":{"line":81,"column":56},"end":{"line":81,"column":83}},{"start":{"line":81,"column":86},"end":{"line":81,"column":87}}],"line":81},"10":{"loc":{"start":{"line":83,"column":6},"end":{"line":85,"column":7}},"type":"if","locations":[{"start":{"line":83,"column":6},"end":{"line":85,"column":7}},{"start":{},"end":{}}],"line":83}},"s":{"0":25,"1":25,"2":25,"3":25,"4":25,"5":8,"6":1,"7":7,"8":7,"9":7,"10":7,"11":7,"12":2,"13":7,"14":5,"15":5,"16":2,"17":2,"18":1,"19":1,"20":1,"21":0,"22":7,"23":25,"24":8,"25":25,"26":2,"27":2,"28":2,"29":2,"30":1,"31":1,"32":1,"33":25,"34":1,"35":1,"36":2,"37":25},"f":{"0":25,"1":8,"2":8,"3":2,"4":2,"5":2,"6":1,"7":1,"8":1,"9":2},"b":{"0":[17],"1":[18],"2":[24],"3":[1,7],"4":[2,5],"5":[5,0],"6":[5,0],"7":[1,1],"8":[1,0],"9":[2,0],"10":[1,1]},"_coverageSchema":"1a1c01bbd47fc00a2c39e90264f33305004495a9","hash":"75f5baa89795a098d0853f4be07997910341c75a"}
,"/Users/guyshick/Desktop/final project/CSFinalProject/frontend/src/hooks/useGoogleAuth.ts": {"path":"/Users/guyshick/Desktop/final project/CSFinalProject/frontend/src/hooks/useGoogleAuth.ts","statementMap":{"0":{"start":{"line":6,"column":22},"end":{"line":6,"column":66}},"1":{"start":{"line":7,"column":22},"end":{"line":7,"column":66}},"2":{"start":{"line":8,"column":26},"end":{"line":8,"column":74}},"3":{"start":{"line":11,"column":35},"end":{"line":15,"column":4}},"4":{"start":{"line":17,"column":17},"end":{"line":35,"column":19}},"5":{"start":{"line":18,"column":4},"end":{"line":21,"column":5}},"6":{"start":{"line":19,"column":6},"end":{"line":19,"column":34}},"7":{"start":{"line":20,"column":6},"end":{"line":20,"column":13}},"8":{"start":{"line":24,"column":19},"end":{"line":24,"column":38}},"9":{"start":{"line":25,"column":4},"end":{"line":27,"column":5}},"10":{"start":{"line":26,"column":6},"end":{"line":26,"column":54}},"11":{"start":{"line":29,"column":20},"end":{"line":29,"column":43}},"12":{"start":{"line":30,"column":4},"end":{"line":32,"column":5}},"13":{"start":{"line":31,"column":6},"end":{"line":31,"column":58}},"14":{"start":{"line":34,"column":4},"end":{"line":34,"column":46}},"15":{"start":{"line":37,"column":2},"end":{"line":37,"column":69}}},"fnMap":{"0":{"name":"useGoogleAuth","decl":{"start":{"line":10,"column":24},"end":{"line":10,"column":37}},"loc":{"start":{"line":10,"column":40},"end":{"line":38,"column":1}},"line":10},"1":{"name":"(anonymous_1)","decl":{"start":{"line":17,"column":29},"end":{"line":17,"column":30}},"loc":{"start":{"line":17,"column":41},"end":{"line":35,"column":3}},"line":17}},"branchMap":{"0":{"loc":{"start":{"line":18,"column":4},"end":{"line":21,"column":5}},"type":"if","locations":[{"start":{"line":18,"column":4},"end":{"line":21,"column":5}},{"start":{},"end":{}}],"line":18},"1":{"loc":{"start":{"line":25,"column":4},"end":{"line":27,"column":5}},"type":"if","locations":[{"start":{"line":25,"column":4},"end":{"line":27,"column":5}},{"start":{},"end":{}}],"line":25},"2":{"loc":{"start":{"line":30,"column":4},"end":{"line":32,"column":5}},"type":"if","locations":[{"start":{"line":30,"column":4},"end":{"line":32,"column":5}},{"start":{},"end":{}}],"line":30},"3":{"loc":{"start":{"line":37,"column":26},"end":{"line":37,"column":66}},"type":"binary-expr","locations":[{"start":{"line":37,"column":26},"end":{"line":37,"column":41}},{"start":{"line":37,"column":45},"end":{"line":37,"column":66}}],"line":37}},"s":{"0":1,"1":1,"2":1,"3":5,"4":5,"5":4,"6":1,"7":1,"8":3,"9":3,"10":1,"11":2,"12":2,"13":1,"14":1,"15":5},"f":{"0":5,"1":4},"b":{"0":[1,3],"1":[1,2],"2":[1,1],"3":[5,0]},"_coverageSchema":"1a1c01bbd47fc00a2c39e90264f33305004495a9","hash":"e282d9d7c4a97fe6aeb91f6ed4a5cbcbe9a06ffa"}
,"/Users/guyshick/Desktop/final project/CSFinalProject/frontend/src/hooks/useNotifications.ts": {"path":"/Users/guyshick/Desktop/final project/CSFinalProject/frontend/src/hooks/useNotifications.ts","statementMap":{"0":{"start":{"line":18,"column":33},"end":{"line":18,"column":100}},"1":{"start":{"line":19,"column":37},"end":{"line":19,"column":48}},"2":{"start":{"line":34,"column":50},"end":{"line":34,"column":81}},"3":{"start":{"line":35,"column":28},"end":{"line":35,"column":39}},"4":{"start":{"line":36,"column":32},"end":{"line":36,"column":47}},"5":{"start":{"line":37,"column":28},"end":{"line":37,"column":57}},"6":{"start":{"line":39,"column":24},"end":{"line":41,"column":22}},"7":{"start":{"line":40,"column":37},"end":{"line":40,"column":64}},"8":{"start":{"line":43,"column":22},"end":{"line":43,"column":68}},"9":{"start":{"line":43,"column":50},"end":{"line":43,"column":60}},"10":{"start":{"line":45,"column":29},"end":{"line":64,"column":15}},"11":{"start":{"line":46,"column":4},"end":{"line":46,"column":25}},"12":{"start":{"line":46,"column":18},"end":{"line":46,"column":25}},"13":{"start":{"line":48,"column":4},"end":{"line":48,"column":21}},"14":{"start":{"line":49,"column":4},"end":{"line":49,"column":19}},"15":{"start":{"line":51,"column":4},"end":{"line":63,"column":5}},"16":{"start":{"line":52,"column":18},"end":{"line":54,"column":8}},"17":{"start":{"line":55,"column":6},"end":{"line":55,"column":56}},"18":{"start":{"line":56,"column":6},"end":{"line":56,"column":36}},"19":{"start":{"line":59,"column":8},"end":{"line":59,"column":76}},"20":{"start":{"line":60,"column":6},"end":{"line":60,"column":20}},"21":{"start":{"line":62,"column":6},"end":{"line":62,"column":24}},"22":{"start":{"line":66,"column":21},"end":{"line":75,"column":26}},"23":{"start":{"line":67,"column":4},"end":{"line":69,"column":6}},"24":{"start":{"line":68,"column":6},"end":{"line":68,"column":66}},"25":{"start":{"line":68,"column":23},"end":{"line":68,"column":64}},"26":{"start":{"line":70,"column":4},"end":{"line":74,"column":5}},"27":{"start":{"line":71,"column":6},"end":{"line":71,"column":53}},"28":{"start":{"line":73,"column":6},"end":{"line":73,"column":27}},"29":{"start":{"line":77,"column":24},"end":{"line":84,"column":26}},"30":{"start":{"line":78,"column":4},"end":{"line":78,"column":78}},"31":{"start":{"line":78,"column":34},"end":{"line":78,"column":76}},"32":{"start":{"line":78,"column":51},"end":{"line":78,"column":74}},"33":{"start":{"line":79,"column":4},"end":{"line":83,"column":5}},"34":{"start":{"line":80,"column":6},"end":{"line":80,"column":51}},"35":{"start":{"line":82,"column":6},"end":{"line":82,"column":27}},"36":{"start":{"line":86,"column":2},"end":{"line":88,"column":27}},"37":{"start":{"line":87,"column":4},"end":{"line":87,"column":25}},"38":{"start":{"line":91,"column":22},"end":{"line":91,"column":73}},"39":{"start":{"line":92,"column":2},"end":{"line":97,"column":50}},"40":{"start":{"line":93,"column":4},"end":{"line":96,"column":5}},"41":{"start":{"line":94,"column":6},"end":{"line":94,"column":74}},"42":{"start":{"line":95,"column":6},"end":{"line":95,"column":84}},"43":{"start":{"line":95,"column":21},"end":{"line":95,"column":81}},"44":{"start":{"line":95,"column":46},"end":{"line":95,"column":81}},"45":{"start":{"line":99,"column":2},"end":{"line":108,"column":4}}},"fnMap":{"0":{"name":"useNotifications","decl":{"start":{"line":29,"column":24},"end":{"line":29,"column":40}},"loc":{"start":{"line":33,"column":32},"end":{"line":109,"column":1}},"line":33},"1":{"name":"(anonymous_1)","decl":{"start":{"line":40,"column":30},"end":{"line":40,"column":31}},"loc":{"start":{"line":40,"column":37},"end":{"line":40,"column":64}},"line":40},"2":{"name":"(anonymous_2)","decl":{"start":{"line":43,"column":43},"end":{"line":43,"column":44}},"loc":{"start":{"line":43,"column":50},"end":{"line":43,"column":60}},"line":43},"3":{"name":"(anonymous_3)","decl":{"start":{"line":45,"column":41},"end":{"line":45,"column":42}},"loc":{"start":{"line":45,"column":53},"end":{"line":64,"column":3}},"line":45},"4":{"name":"(anonymous_4)","decl":{"start":{"line":66,"column":33},"end":{"line":66,"column":34}},"loc":{"start":{"line":66,"column":55},"end":{"line":75,"column":3}},"line":66},"5":{"name":"(anonymous_5)","decl":{"start":{"line":67,"column":24},"end":{"line":67,"column":25}},"loc":{"start":{"line":68,"column":6},"end":{"line":68,"column":66}},"line":68},"6":{"name":"(anonymous_6)","decl":{"start":{"line":68,"column":15},"end":{"line":68,"column":16}},"loc":{"start":{"line":68,"column":23},"end":{"line":68,"column":64}},"line":68},"7":{"name":"(anonymous_7)","decl":{"start":{"line":77,"column":36},"end":{"line":77,"column":37}},"loc":{"start":{"line":77,"column":48},"end":{"line":84,"column":3}},"line":77},"8":{"name":"(anonymous_8)","decl":{"start":{"line":78,"column":24},"end":{"line":78,"column":25}},"loc":{"start":{"line":78,"column":34},"end":{"line":78,"column":76}},"line":78},"9":{"name":"(anonymous_9)","decl":{"start":{"line":78,"column":43},"end":{"line":78,"column":44}},"loc":{"start":{"line":78,"column":51},"end":{"line":78,"column":74}},"line":78},"10":{"name":"(anonymous_10)","decl":{"start":{"line":86,"column":12},"end":{"line":86,"column":13}},"loc":{"start":{"line":86,"column":18},"end":{"line":88,"column":3}},"line":86},"11":{"name":"(anonymous_11)","decl":{"start":{"line":92,"column":12},"end":{"line":92,"column":13}},"loc":{"start":{"line":92,"column":18},"end":{"line":97,"column":3}},"line":92},"12":{"name":"(anonymous_12)","decl":{"start":{"line":95,"column":13},"end":{"line":95,"column":14}},"loc":{"start":{"line":95,"column":19},"end":{"line":95,"column":83}},"line":95}},"branchMap":{"0":{"loc":{"start":{"line":29,"column":41},"end":{"line":33,"column":30}},"type":"default-arg","locations":[{"start":{"line":33,"column":28},"end":{"line":33,"column":30}}],"line":29},"1":{"loc":{"start":{"line":30,"column":2},"end":{"line":30,"column":16}},"type":"default-arg","locations":[{"start":{"line":30,"column":12},"end":{"line":30,"column":16}}],"line":30},"2":{"loc":{"start":{"line":32,"column":2},"end":{"line":32,"column":18}},"type":"default-arg","locations":[{"start":{"line":32,"column":17},"end":{"line":32,"column":18}}],"line":32},"3":{"loc":{"start":{"line":39,"column":24},"end":{"line":41,"column":22}},"type":"cond-expr","locations":[{"start":{"line":40,"column":6},"end":{"line":40,"column":65}},{"start":{"line":41,"column":6},"end":{"line":41,"column":22}}],"line":39},"4":{"loc":{"start":{"line":46,"column":4},"end":{"line":46,"column":25}},"type":"if","locations":[{"start":{"line":46,"column":4},"end":{"line":46,"column":25}},{"start":{},"end":{}}],"line":46},"5":{"loc":{"start":{"line":55,"column":26},"end":{"line":55,"column":54}},"type":"binary-expr","locations":[{"start":{"line":55,"column":26},"end":{"line":55,"column":48}},{"start":{"line":55,"column":52},"end":{"line":55,"column":54}}],"line":55},"6":{"loc":{"start":{"line":56,"column":15},"end":{"line":56,"column":34}},"type":"binary-expr","locations":[{"start":{"line":56,"column":15},"end":{"line":56,"column":29}},{"start":{"line":56,"column":33},"end":{"line":56,"column":34}}],"line":56},"7":{"loc":{"start":{"line":59,"column":8},"end":{"line":59,"column":76}},"type":"cond-expr","locations":[{"start":{"line":59,"column":31},"end":{"line":59,"column":42}},{"start":{"line":59,"column":45},"end":{"line":59,"column":76}}],"line":59},"8":{"loc":{"start":{"line":68,"column":23},"end":{"line":68,"column":64}},"type":"cond-expr","locations":[{"start":{"line":68,"column":37},"end":{"line":68,"column":60}},{"start":{"line":68,"column":63},"end":{"line":68,"column":64}}],"line":68},"9":{"loc":{"start":{"line":93,"column":4},"end":{"line":96,"column":5}},"type":"if","locations":[{"start":{"line":93,"column":4},"end":{"line":96,"column":5}},{"start":{},"end":{}}],"line":93},"10":{"loc":{"start":{"line":93,"column":8},"end":{"line":93,"column":35}},"type":"binary-expr","locations":[{"start":{"line":93,"column":8},"end":{"line":93,"column":24}},{"start":{"line":93,"column":28},"end":{"line":93,"column":35}}],"line":93},"11":{"loc":{"start":{"line":95,"column":21},"end":{"line":95,"column":81}},"type":"if","locations":[{"start":{"line":95,"column":21},"end":{"line":95,"column":81}},{"start":{},"end":{}}],"line":95}},"s":{"0":1,"1":1,"2":45,"3":45,"4":45,"5":45,"6":45,"7":4,"8":45,"9":19,"10":45,"11":16,"12":1,"13":15,"14":15,"15":15,"16":15,"17":14,"18":14,"19":1,"20":1,"21":15,"22":45,"23":2,"24":2,"25":2,"26":2,"27":2,"28":1,"29":45,"30":2,"31":2,"32":3,"33":2,"34":2,"35":1,"36":45,"37":13,"38":45,"39":45,"40":13,"41":1,"42":1,"43":1,"44":1,"45":45},"f":{"0":45,"1":4,"2":19,"3":16,"4":2,"5":2,"6":2,"7":2,"8":2,"9":3,"10":13,"11":13,"12":1},"b":{"0":[33],"1":[44],"2":[40],"3":[6,39],"4":[1,15],"5":[14,0],"6":[14,0],"7":[1,0],"8":[2,0],"9":[1,12],"10":[13,1],"11":[1,0]},"_coverageSchema":"1a1c01bbd47fc00a2c39e90264f33305004495a9","hash":"375edc37876b25b454d4b3f90bb00ff3e3a9e030"}
,"/Users/guyshick/Desktop/final project/CSFinalProject/frontend/src/hooks/useReviews.ts": {"path":"/Users/guyshick/Desktop/final project/CSFinalProject/frontend/src/hooks/useReviews.ts","statementMap":{"0":{"start":{"line":23,"column":32},"end":{"line":23,"column":54}},"1":{"start":{"line":24,"column":28},"end":{"line":24,"column":39}},"2":{"start":{"line":25,"column":32},"end":{"line":25,"column":47}},"3":{"start":{"line":26,"column":28},"end":{"line":26,"column":57}},"4":{"start":{"line":28,"column":23},"end":{"line":52,"column":23}},"5":{"start":{"line":29,"column":4},"end":{"line":33,"column":5}},"6":{"start":{"line":30,"column":6},"end":{"line":30,"column":21}},"7":{"start":{"line":31,"column":6},"end":{"line":31,"column":24}},"8":{"start":{"line":32,"column":6},"end":{"line":32,"column":13}},"9":{"start":{"line":35,"column":4},"end":{"line":35,"column":21}},"10":{"start":{"line":36,"column":4},"end":{"line":36,"column":19}},"11":{"start":{"line":38,"column":4},"end":{"line":51,"column":5}},"12":{"start":{"line":39,"column":18},"end":{"line":41,"column":8}},"13":{"start":{"line":42,"column":6},"end":{"line":42,"column":41}},"14":{"start":{"line":43,"column":6},"end":{"line":43,"column":36}},"15":{"start":{"line":46,"column":8},"end":{"line":46,"column":70}},"16":{"start":{"line":47,"column":6},"end":{"line":47,"column":20}},"17":{"start":{"line":48,"column":6},"end":{"line":48,"column":21}},"18":{"start":{"line":50,"column":6},"end":{"line":50,"column":24}},"19":{"start":{"line":54,"column":2},"end":{"line":56,"column":21}},"20":{"start":{"line":55,"column":4},"end":{"line":55,"column":19}},"21":{"start":{"line":58,"column":2},"end":{"line":58,"column":67}},"22":{"start":{"line":66,"column":2},"end":{"line":66,"column":74}}},"fnMap":{"0":{"name":"useReviews","decl":{"start":{"line":22,"column":24},"end":{"line":22,"column":34}},"loc":{"start":{"line":22,"column":81},"end":{"line":59,"column":1}},"line":22},"1":{"name":"(anonymous_1)","decl":{"start":{"line":28,"column":35},"end":{"line":28,"column":36}},"loc":{"start":{"line":28,"column":47},"end":{"line":52,"column":3}},"line":28},"2":{"name":"(anonymous_2)","decl":{"start":{"line":54,"column":12},"end":{"line":54,"column":13}},"loc":{"start":{"line":54,"column":18},"end":{"line":56,"column":3}},"line":54},"3":{"name":"reportReview","decl":{"start":{"line":61,"column":22},"end":{"line":61,"column":34}},"loc":{"start":{"line":65,"column":2},"end":{"line":67,"column":1}},"line":65}},"branchMap":{"0":{"loc":{"start":{"line":22,"column":45},"end":{"line":22,"column":59}},"type":"default-arg","locations":[{"start":{"line":22,"column":55},"end":{"line":22,"column":59}}],"line":22},"1":{"loc":{"start":{"line":29,"column":4},"end":{"line":33,"column":5}},"type":"if","locations":[{"start":{"line":29,"column":4},"end":{"line":33,"column":5}},{"start":{},"end":{}}],"line":29},"2":{"loc":{"start":{"line":29,"column":8},"end":{"line":29,"column":27}},"type":"binary-expr","locations":[{"start":{"line":29,"column":8},"end":{"line":29,"column":16}},{"start":{"line":29,"column":20},"end":{"line":29,"column":27}}],"line":29},"3":{"loc":{"start":{"line":42,"column":17},"end":{"line":42,"column":39}},"type":"binary-expr","locations":[{"start":{"line":42,"column":17},"end":{"line":42,"column":33}},{"start":{"line":42,"column":37},"end":{"line":42,"column":39}}],"line":42},"4":{"loc":{"start":{"line":43,"column":15},"end":{"line":43,"column":34}},"type":"binary-expr","locations":[{"start":{"line":43,"column":15},"end":{"line":43,"column":29}},{"start":{"line":43,"column":33},"end":{"line":43,"column":34}}],"line":43},"5":{"loc":{"start":{"line":46,"column":8},"end":{"line":46,"column":70}},"type":"cond-expr","locations":[{"start":{"line":46,"column":31},"end":{"line":46,"column":42}},{"start":{"line":46,"column":45},"end":{"line":46,"column":70}}],"line":46}},"s":{"0":13,"1":13,"2":13,"3":13,"4":13,"5":5,"6":2,"7":2,"8":2,"9":3,"10":3,"11":3,"12":3,"13":2,"14":2,"15":1,"16":1,"17":1,"18":3,"19":13,"20":5,"21":13,"22":0},"f":{"0":13,"1":5,"2":5,"3":0},"b":{"0":[11],"1":[2,3],"2":[5,4],"3":[2,0],"4":[2,0],"5":[1,0]},"_coverageSchema":"1a1c01bbd47fc00a2c39e90264f33305004495a9","hash":"e13429e6bc26b12b068e40d16a325df02cc4a9a6"}
,"/Users/guyshick/Desktop/final project/CSFinalProject/frontend/src/hooks/useTasks.ts": {"path":"/Users/guyshick/Desktop/final project/CSFinalProject/frontend/src/hooks/useTasks.ts","statementMap":{"0":{"start":{"line":60,"column":38},"end":{"line":70,"column":1}},"1":{"start":{"line":74,"column":2},"end":{"line":74,"column":53}},"2":{"start":{"line":74,"column":30},"end":{"line":74,"column":53}},"3":{"start":{"line":75,"column":2},"end":{"line":75,"column":91}},"4":{"start":{"line":75,"column":49},"end":{"line":75,"column":91}},"5":{"start":{"line":76,"column":2},"end":{"line":83,"column":3}},"6":{"start":{"line":76,"column":15},"end":{"line":76,"column":16}},"7":{"start":{"line":77,"column":25},"end":{"line":77,"column":37}},"8":{"start":{"line":78,"column":25},"end":{"line":78,"column":41}},"9":{"start":{"line":79,"column":4},"end":{"line":82,"column":5}},"10":{"start":{"line":80,"column":16},"end":{"line":80,"column":44}},"11":{"start":{"line":81,"column":6},"end":{"line":81,"column":38}},"12":{"start":{"line":84,"column":2},"end":{"line":84,"column":25}},"13":{"start":{"line":89,"column":26},"end":{"line":89,"column":28}},"14":{"start":{"line":90,"column":27},"end":{"line":90,"column":34}},"15":{"start":{"line":94,"column":10},"end":{"line":94,"column":11}},"16":{"start":{"line":95,"column":2},"end":{"line":97,"column":3}},"17":{"start":{"line":95,"column":15},"end":{"line":95,"column":16}},"18":{"start":{"line":96,"column":4},"end":{"line":96,"column":49}},"19":{"start":{"line":98,"column":2},"end":{"line":98,"column":17}},"20":{"start":{"line":103,"column":12},"end":{"line":103,"column":28}},"21":{"start":{"line":104,"column":16},"end":{"line":104,"column":53}},"22":{"start":{"line":105,"column":19},"end":{"line":105,"column":72}},"23":{"start":{"line":107,"column":26},"end":{"line":107,"column":78}},"24":{"start":{"line":108,"column":15},"end":{"line":108,"column":64}},"25":{"start":{"line":109,"column":15},"end":{"line":109,"column":61}},"26":{"start":{"line":111,"column":15},"end":{"line":111,"column":25}},"27":{"start":{"line":112,"column":19},"end":{"line":112,"column":43}},"28":{"start":{"line":114,"column":2},"end":{"line":116,"column":3}},"29":{"start":{"line":115,"column":4},"end":{"line":115,"column":30}},"30":{"start":{"line":118,"column":2},"end":{"line":118,"column":42}},"31":{"start":{"line":123,"column":19},"end":{"line":123,"column":82}},"32":{"start":{"line":124,"column":2},"end":{"line":124,"column":71}},"33":{"start":{"line":128,"column":19},"end":{"line":128,"column":106}},"34":{"start":{"line":129,"column":18},"end":{"line":129,"column":48}},"35":{"start":{"line":131,"column":2},"end":{"line":133,"column":3}},"36":{"start":{"line":132,"column":4},"end":{"line":132,"column":19}},"37":{"start":{"line":135,"column":2},"end":{"line":135,"column":55}},"38":{"start":{"line":148,"column":28},"end":{"line":148,"column":57}},"39":{"start":{"line":149,"column":32},"end":{"line":149,"column":47}},"40":{"start":{"line":150,"column":28},"end":{"line":150,"column":57}},"41":{"start":{"line":152,"column":19},"end":{"line":152,"column":80}},"42":{"start":{"line":154,"column":22},"end":{"line":165,"column":3}},"43":{"start":{"line":155,"column":11},"end":{"line":163,"column":5}},"44":{"start":{"line":167,"column":21},"end":{"line":224,"column":29}},"45":{"start":{"line":168,"column":4},"end":{"line":173,"column":5}},"46":{"start":{"line":169,"column":6},"end":{"line":169,"column":19}},"47":{"start":{"line":170,"column":6},"end":{"line":170,"column":24}},"48":{"start":{"line":171,"column":6},"end":{"line":171,"column":21}},"49":{"start":{"line":172,"column":6},"end":{"line":172,"column":13}},"50":{"start":{"line":175,"column":4},"end":{"line":175,"column":21}},"51":{"start":{"line":176,"column":4},"end":{"line":176,"column":19}},"52":{"start":{"line":178,"column":4},"end":{"line":223,"column":5}},"53":{"start":{"line":179,"column":23},"end":{"line":181,"column":8}},"54":{"start":{"line":183,"column":24},"end":{"line":204,"column":8}},"55":{"start":{"line":184,"column":23},"end":{"line":184,"column":86}},"56":{"start":{"line":185,"column":8},"end":{"line":203,"column":8}},"57":{"start":{"line":206,"column":6},"end":{"line":206,"column":26}},"58":{"start":{"line":208,"column":21},"end":{"line":208,"column":46}},"59":{"start":{"line":209,"column":22},"end":{"line":209,"column":48}},"60":{"start":{"line":211,"column":6},"end":{"line":219,"column":7}},"61":{"start":{"line":212,"column":8},"end":{"line":212,"column":69}},"62":{"start":{"line":213,"column":13},"end":{"line":219,"column":7}},"63":{"start":{"line":214,"column":8},"end":{"line":214,"column":78}},"64":{"start":{"line":215,"column":13},"end":{"line":219,"column":7}},"65":{"start":{"line":216,"column":8},"end":{"line":216,"column":26}},"66":{"start":{"line":218,"column":8},"end":{"line":218,"column":49}},"67":{"start":{"line":220,"column":6},"end":{"line":220,"column":19}},"68":{"start":{"line":222,"column":6},"end":{"line":222,"column":24}},"69":{"start":{"line":226,"column":2},"end":{"line":228,"column":19}},"70":{"start":{"line":227,"column":4},"end":{"line":227,"column":17}},"71":{"start":{"line":230,"column":2},"end":{"line":235,"column":4}}},"fnMap":{"0":{"name":"minLngForLat","decl":{"start":{"line":73,"column":16},"end":{"line":73,"column":28}},"loc":{"start":{"line":73,"column":50},"end":{"line":85,"column":1}},"line":73},"1":{"name":"hashCode","decl":{"start":{"line":93,"column":16},"end":{"line":93,"column":24}},"loc":{"start":{"line":93,"column":44},"end":{"line":99,"column":1}},"line":93},"2":{"name":"applyPrivacyOffset","decl":{"start":{"line":102,"column":16},"end":{"line":102,"column":34}},"loc":{"start":{"line":102,"column":107},"end":{"line":119,"column":1}},"line":102},"3":{"name":"getErrorStatus","decl":{"start":{"line":122,"column":9},"end":{"line":122,"column":23}},"loc":{"start":{"line":122,"column":40},"end":{"line":125,"column":1}},"line":122},"4":{"name":"getErrorMessage","decl":{"start":{"line":127,"column":9},"end":{"line":127,"column":24}},"loc":{"start":{"line":127,"column":41},"end":{"line":136,"column":1}},"line":127},"5":{"name":"useTasks","decl":{"start":{"line":138,"column":24},"end":{"line":138,"column":32}},"loc":{"start":{"line":147,"column":19},"end":{"line":236,"column":1}},"line":147},"6":{"name":"(anonymous_6)","decl":{"start":{"line":155,"column":4},"end":{"line":155,"column":5}},"loc":{"start":{"line":155,"column":11},"end":{"line":163,"column":5}},"line":155},"7":{"name":"(anonymous_7)","decl":{"start":{"line":167,"column":33},"end":{"line":167,"column":34}},"loc":{"start":{"line":167,"column":45},"end":{"line":224,"column":3}},"line":167},"8":{"name":"(anonymous_8)","decl":{"start":{"line":183,"column":56},"end":{"line":183,"column":57}},"loc":{"start":{"line":183,"column":90},"end":{"line":204,"column":7}},"line":183},"9":{"name":"(anonymous_9)","decl":{"start":{"line":226,"column":12},"end":{"line":226,"column":13}},"loc":{"start":{"line":226,"column":18},"end":{"line":228,"column":3}},"line":226}},"branchMap":{"0":{"loc":{"start":{"line":74,"column":2},"end":{"line":74,"column":53}},"type":"if","locations":[{"start":{"line":74,"column":2},"end":{"line":74,"column":53}},{"start":{},"end":{}}],"line":74},"1":{"loc":{"start":{"line":75,"column":2},"end":{"line":75,"column":91}},"type":"if","locations":[{"start":{"line":75,"column":2},"end":{"line":75,"column":91}},{"start":{},"end":{}}],"line":75},"2":{"loc":{"start":{"line":79,"column":4},"end":{"line":82,"column":5}},"type":"if","locations":[{"start":{"line":79,"column":4},"end":{"line":82,"column":5}},{"start":{},"end":{}}],"line":79},"3":{"loc":{"start":{"line":79,"column":8},"end":{"line":79,"column":34}},"type":"binary-expr","locations":[{"start":{"line":79,"column":8},"end":{"line":79,"column":19}},{"start":{"line":79,"column":23},"end":{"line":79,"column":34}}],"line":79},"4":{"loc":{"start":{"line":114,"column":2},"end":{"line":116,"column":3}},"type":"if","locations":[{"start":{"line":114,"column":2},"end":{"line":116,"column":3}},{"start":{},"end":{}}],"line":114},"5":{"loc":{"start":{"line":124,"column":9},"end":{"line":124,"column":70}},"type":"cond-expr","locations":[{"start":{"line":124,"column":48},"end":{"line":124,"column":63}},{"start":{"line":124,"column":66},"end":{"line":124,"column":70}}],"line":124},"6":{"loc":{"start":{"line":131,"column":2},"end":{"line":133,"column":3}},"type":"if","locations":[{"start":{"line":131,"column":2},"end":{"line":133,"column":3}},{"start":{},"end":{}}],"line":131},"7":{"loc":{"start":{"line":131,"column":6},"end":{"line":131,"column":55}},"type":"binary-expr","locations":[{"start":{"line":131,"column":6},"end":{"line":131,"column":33}},{"start":{"line":131,"column":37},"end":{"line":131,"column":55}}],"line":131},"8":{"loc":{"start":{"line":135,"column":9},"end":{"line":135,"column":54}},"type":"cond-expr","locations":[{"start":{"line":135,"column":34},"end":{"line":135,"column":47}},{"start":{"line":135,"column":50},"end":{"line":135,"column":54}}],"line":135},"9":{"loc":{"start":{"line":141,"column":2},"end":{"line":141,"column":13}},"type":"default-arg","locations":[{"start":{"line":141,"column":11},"end":{"line":141,"column":13}}],"line":141},"10":{"loc":{"start":{"line":142,"column":2},"end":{"line":142,"column":17}},"type":"default-arg","locations":[{"start":{"line":142,"column":13},"end":{"line":142,"column":17}}],"line":142},"11":{"loc":{"start":{"line":143,"column":2},"end":{"line":143,"column":17}},"type":"default-arg","locations":[{"start":{"line":143,"column":13},"end":{"line":143,"column":17}}],"line":143},"12":{"loc":{"start":{"line":144,"column":2},"end":{"line":144,"column":17}},"type":"default-arg","locations":[{"start":{"line":144,"column":13},"end":{"line":144,"column":17}}],"line":144},"13":{"loc":{"start":{"line":145,"column":2},"end":{"line":145,"column":12}},"type":"default-arg","locations":[{"start":{"line":145,"column":10},"end":{"line":145,"column":12}}],"line":145},"14":{"loc":{"start":{"line":146,"column":2},"end":{"line":146,"column":16}},"type":"default-arg","locations":[{"start":{"line":146,"column":12},"end":{"line":146,"column":16}}],"line":146},"15":{"loc":{"start":{"line":152,"column":19},"end":{"line":152,"column":80}},"type":"binary-expr","locations":[{"start":{"line":152,"column":19},"end":{"line":152,"column":26}},{"start":{"line":152,"column":30},"end":{"line":152,"column":53}},{"start":{"line":152,"column":57},"end":{"line":152,"column":80}}],"line":152},"16":{"loc":{"start":{"line":159,"column":16},"end":{"line":159,"column":37}},"type":"binary-expr","locations":[{"start":{"line":159,"column":16},"end":{"line":159,"column":24}},{"start":{"line":159,"column":28},"end":{"line":159,"column":37}}],"line":159},"17":{"loc":{"start":{"line":160,"column":16},"end":{"line":160,"column":37}},"type":"binary-expr","locations":[{"start":{"line":160,"column":16},"end":{"line":160,"column":24}},{"start":{"line":160,"column":28},"end":{"line":160,"column":37}}],"line":160},"18":{"loc":{"start":{"line":161,"column":16},"end":{"line":161,"column":37}},"type":"binary-expr","locations":[{"start":{"line":161,"column":16},"end":{"line":161,"column":24}},{"start":{"line":161,"column":28},"end":{"line":161,"column":37}}],"line":161},"19":{"loc":{"start":{"line":168,"column":4},"end":{"line":173,"column":5}},"type":"if","locations":[{"start":{"line":168,"column":4},"end":{"line":173,"column":5}},{"start":{},"end":{}}],"line":168},"20":{"loc":{"start":{"line":183,"column":25},"end":{"line":183,"column":50}},"type":"binary-expr","locations":[{"start":{"line":183,"column":25},"end":{"line":183,"column":44}},{"start":{"line":183,"column":48},"end":{"line":183,"column":50}}],"line":183},"21":{"loc":{"start":{"line":190,"column":19},"end":{"line":190,"column":40}},"type":"binary-expr","locations":[{"start":{"line":190,"column":19},"end":{"line":190,"column":34}},{"start":{"line":190,"column":38},"end":{"line":190,"column":40}}],"line":190},"22":{"loc":{"start":{"line":193,"column":17},"end":{"line":193,"column":43}},"type":"binary-expr","locations":[{"start":{"line":193,"column":17},"end":{"line":193,"column":29}},{"start":{"line":193,"column":33},"end":{"line":193,"column":43}}],"line":193},"23":{"loc":{"start":{"line":202,"column":25},"end":{"line":202,"column":44}},"type":"binary-expr","locations":[{"start":{"line":202,"column":25},"end":{"line":202,"column":39}},{"start":{"line":202,"column":43},"end":{"line":202,"column":44}}],"line":202},"24":{"loc":{"start":{"line":211,"column":6},"end":{"line":219,"column":7}},"type":"if","locations":[{"start":{"line":211,"column":6},"end":{"line":219,"column":7}},{"start":{"line":213,"column":13},"end":{"line":219,"column":7}}],"line":211},"25":{"loc":{"start":{"line":213,"column":13},"end":{"line":219,"column":7}},"type":"if","locations":[{"start":{"line":213,"column":13},"end":{"line":219,"column":7}},{"start":{"line":215,"column":13},"end":{"line":219,"column":7}}],"line":213},"26":{"loc":{"start":{"line":215,"column":13},"end":{"line":219,"column":7}},"type":"if","locations":[{"start":{"line":215,"column":13},"end":{"line":219,"column":7}},{"start":{"line":217,"column":13},"end":{"line":219,"column":7}}],"line":215}},"s":{"0":1,"1":30,"2":3,"3":27,"4":3,"5":24,"6":24,"7":98,"8":98,"9":98,"10":24,"11":24,"12":0,"13":1,"14":1,"15":24,"16":24,"17":24,"18":223,"19":24,"20":15,"21":15,"22":15,"23":15,"24":15,"25":15,"26":15,"27":15,"28":15,"29":0,"30":15,"31":5,"32":5,"33":5,"34":5,"35":5,"36":1,"37":4,"38":31,"39":31,"40":31,"41":31,"42":31,"43":11,"44":31,"45":11,"46":2,"47":2,"48":2,"49":2,"50":9,"51":9,"52":9,"53":9,"54":4,"55":3,"56":3,"57":4,"58":5,"59":5,"60":5,"61":1,"62":4,"63":1,"64":3,"65":2,"66":1,"67":5,"68":9,"69":31,"70":11,"71":31},"f":{"0":30,"1":24,"2":15,"3":5,"4":5,"5":31,"6":11,"7":11,"8":3,"9":11},"b":{"0":[3,27],"1":[3,24],"2":[24,74],"3":[98,98],"4":[0,15],"5":[2,3],"6":[1,4],"7":[5,1],"8":[2,2],"9":[31],"10":[28],"11":[28],"12":[28],"13":[31],"14":[29],"15":[31,29,27],"16":[11,10],"17":[11,10],"18":[11,10],"19":[2,9],"20":[4,0],"21":[3,0],"22":[3,3],"23":[3,0],"24":[1,4],"25":[1,3],"26":[2,1]},"_coverageSchema":"1a1c01bbd47fc00a2c39e90264f33305004495a9","hash":"8ab6fcd612c68ff64e8acbc779f1cc63bb0f53cb"}
,"/Users/guyshick/Desktop/final project/CSFinalProject/frontend/src/hooks/useUnreadMessages.ts": {"path":"/Users/guyshick/Desktop/final project/CSFinalProject/frontend/src/hooks/useUnreadMessages.ts","statementMap":{"0":{"start":{"line":6,"column":22},"end":{"line":6,"column":28}},"1":{"start":{"line":13,"column":40},"end":{"line":13,"column":51}},"2":{"start":{"line":14,"column":22},"end":{"line":14,"column":73}},"3":{"start":{"line":16,"column":16},"end":{"line":26,"column":8}},"4":{"start":{"line":17,"column":4},"end":{"line":17,"column":34}},"5":{"start":{"line":17,"column":27},"end":{"line":17,"column":34}},"6":{"start":{"line":18,"column":4},"end":{"line":25,"column":5}},"7":{"start":{"line":19,"column":18},"end":{"line":19,"column":53}},"8":{"start":{"line":20,"column":55},"end":{"line":20,"column":83}},"9":{"start":{"line":21,"column":20},"end":{"line":21,"column":76}},"10":{"start":{"line":21,"column":53},"end":{"line":21,"column":72}},"11":{"start":{"line":22,"column":6},"end":{"line":22,"column":28}},"12":{"start":{"line":28,"column":2},"end":{"line":47,"column":14}},"13":{"start":{"line":29,"column":4},"end":{"line":29,"column":17}},"14":{"start":{"line":31,"column":4},"end":{"line":31,"column":73}},"15":{"start":{"line":31,"column":44},"end":{"line":31,"column":56}},"16":{"start":{"line":34,"column":63},"end":{"line":34,"column":67}},"17":{"start":{"line":35,"column":4},"end":{"line":40,"column":9}},"18":{"start":{"line":36,"column":6},"end":{"line":36,"column":36}},"19":{"start":{"line":36,"column":29},"end":{"line":36,"column":36}},"20":{"start":{"line":37,"column":6},"end":{"line":37,"column":33}},"21":{"start":{"line":38,"column":6},"end":{"line":38,"column":55}},"22":{"start":{"line":38,"column":41},"end":{"line":38,"column":53}},"23":{"start":{"line":39,"column":6},"end":{"line":39,"column":53}},"24":{"start":{"line":39,"column":39},"end":{"line":39,"column":51}},"25":{"start":{"line":42,"column":4},"end":{"line":46,"column":6}},"26":{"start":{"line":43,"column":6},"end":{"line":43,"column":66}},"27":{"start":{"line":43,"column":31},"end":{"line":43,"column":66}},"28":{"start":{"line":44,"column":6},"end":{"line":44,"column":37}},"29":{"start":{"line":45,"column":6},"end":{"line":45,"column":35}},"30":{"start":{"line":49,"column":2},"end":{"line":49,"column":41}}},"fnMap":{"0":{"name":"useUnreadMessages","decl":{"start":{"line":12,"column":16},"end":{"line":12,"column":33}},"loc":{"start":{"line":12,"column":36},"end":{"line":50,"column":1}},"line":12},"1":{"name":"(anonymous_1)","decl":{"start":{"line":16,"column":28},"end":{"line":16,"column":29}},"loc":{"start":{"line":16,"column":40},"end":{"line":26,"column":3}},"line":16},"2":{"name":"(anonymous_2)","decl":{"start":{"line":21,"column":41},"end":{"line":21,"column":42}},"loc":{"start":{"line":21,"column":53},"end":{"line":21,"column":72}},"line":21},"3":{"name":"(anonymous_3)","decl":{"start":{"line":28,"column":12},"end":{"line":28,"column":13}},"loc":{"start":{"line":28,"column":18},"end":{"line":47,"column":3}},"line":28},"4":{"name":"(anonymous_4)","decl":{"start":{"line":31,"column":38},"end":{"line":31,"column":39}},"loc":{"start":{"line":31,"column":44},"end":{"line":31,"column":56}},"line":31},"5":{"name":"(anonymous_5)","decl":{"start":{"line":35,"column":10},"end":{"line":35,"column":11}},"loc":{"start":{"line":35,"column":22},"end":{"line":40,"column":5}},"line":35},"6":{"name":"(anonymous_6)","decl":{"start":{"line":38,"column":35},"end":{"line":38,"column":36}},"loc":{"start":{"line":38,"column":41},"end":{"line":38,"column":53}},"line":38},"7":{"name":"(anonymous_7)","decl":{"start":{"line":39,"column":33},"end":{"line":39,"column":34}},"loc":{"start":{"line":39,"column":39},"end":{"line":39,"column":51}},"line":39},"8":{"name":"(anonymous_8)","decl":{"start":{"line":42,"column":11},"end":{"line":42,"column":12}},"loc":{"start":{"line":42,"column":17},"end":{"line":46,"column":5}},"line":42}},"branchMap":{"0":{"loc":{"start":{"line":17,"column":4},"end":{"line":17,"column":34}},"type":"if","locations":[{"start":{"line":17,"column":4},"end":{"line":17,"column":34}},{"start":{},"end":{}}],"line":17},"1":{"loc":{"start":{"line":20,"column":55},"end":{"line":20,"column":83}},"type":"binary-expr","locations":[{"start":{"line":20,"column":55},"end":{"line":20,"column":77}},{"start":{"line":20,"column":81},"end":{"line":20,"column":83}}],"line":20},"2":{"loc":{"start":{"line":36,"column":6},"end":{"line":36,"column":36}},"type":"if","locations":[{"start":{"line":36,"column":6},"end":{"line":36,"column":36}},{"start":{},"end":{}}],"line":36},"3":{"loc":{"start":{"line":43,"column":6},"end":{"line":43,"column":66}},"type":"if","locations":[{"start":{"line":43,"column":6},"end":{"line":43,"column":66}},{"start":{},"end":{}}],"line":43}},"s":{"0":1,"1":9,"2":9,"3":9,"4":6,"5":0,"6":6,"7":6,"8":5,"9":5,"10":6,"11":5,"12":9,"13":5,"14":5,"15":0,"16":5,"17":5,"18":5,"19":0,"20":5,"21":5,"22":0,"23":5,"24":0,"25":5,"26":5,"27":5,"28":5,"29":5,"30":9},"f":{"0":9,"1":6,"2":6,"3":5,"4":0,"5":5,"6":0,"7":0,"8":5},"b":{"0":[0,6],"1":[5,0],"2":[0,5],"3":[5,0]},"_coverageSchema":"1a1c01bbd47fc00a2c39e90264f33305004495a9","hash":"e0080c30a2314aebf6568d6867be27e369f118b1"}
,"/Users/guyshick/Desktop/final project/CSFinalProject/frontend/src/utils/categoryMetadata.ts": {"path":"/Users/guyshick/Desktop/final project/CSFinalProject/frontend/src/utils/categoryMetadata.ts","statementMap":{},"fnMap":{},"branchMap":{},"s":{},"f":{},"b":{},"_coverageSchema":"1a1c01bbd47fc00a2c39e90264f33305004495a9","hash":"c0c985c6ad67c8a44e5cb431060feff351aa9541"}
,"/Users/guyshick/Desktop/final project/CSFinalProject/frontend/src/utils/profanityFilter.ts": {"path":"/Users/guyshick/Desktop/final project/CSFinalProject/frontend/src/utils/profanityFilter.ts","statementMap":{"0":{"start":{"line":6,"column":22},"end":{"line":27,"column":1}},"1":{"start":{"line":29,"column":21},"end":{"line":75,"column":1}},"2":{"start":{"line":78,"column":16},"end":{"line":78,"column":34}},"3":{"start":{"line":80,"column":2},"end":{"line":83,"column":3}},"4":{"start":{"line":81,"column":18},"end":{"line":81,"column":50}},"5":{"start":{"line":82,"column":4},"end":{"line":82,"column":39}},"6":{"start":{"line":82,"column":27},"end":{"line":82,"column":39}},"7":{"start":{"line":85,"column":19},"end":{"line":85,"column":44}},"8":{"start":{"line":86,"column":2},"end":{"line":88,"column":3}},"9":{"start":{"line":87,"column":4},"end":{"line":87,"column":45}},"10":{"start":{"line":87,"column":33},"end":{"line":87,"column":45}},"11":{"start":{"line":90,"column":2},"end":{"line":90,"column":15}},"12":{"start":{"line":94,"column":2},"end":{"line":94,"column":71}}},"fnMap":{"0":{"name":"containsProfanity","decl":{"start":{"line":77,"column":16},"end":{"line":77,"column":33}},"loc":{"start":{"line":77,"column":57},"end":{"line":91,"column":1}},"line":77}},"branchMap":{"0":{"loc":{"start":{"line":82,"column":4},"end":{"line":82,"column":39}},"type":"if","locations":[{"start":{"line":82,"column":4},"end":{"line":82,"column":39}},{"start":{},"end":{}}],"line":82},"1":{"loc":{"start":{"line":87,"column":4},"end":{"line":87,"column":45}},"type":"if","locations":[{"start":{"line":87,"column":4},"end":{"line":87,"column":45}},{"start":{},"end":{}}],"line":87}},"s":{"0":1,"1":1,"2":8,"3":8,"4":265,"5":265,"6":2,"7":6,"8":6,"9":138,"10":3,"11":3,"12":1},"f":{"0":8},"b":{"0":[2,263],"1":[3,135]},"_coverageSchema":"1a1c01bbd47fc00a2c39e90264f33305004495a9","hash":"4d06b7339d38820bca2e1f66ab9cc9ee7fb0a0e8"}
,"/Users/guyshick/Desktop/final project/CSFinalProject/frontend/src/utils/socialAuth.ts": {"path":"/Users/guyshick/Desktop/final project/CSFinalProject/frontend/src/utils/socialAuth.ts","statementMap":{"0":{"start":{"line":15,"column":19},"end":{"line":15,"column":43}},"1":{"start":{"line":16,"column":2},"end":{"line":16,"column":40}},"2":{"start":{"line":20,"column":21},"end":{"line":20,"column":59}},"3":{"start":{"line":21,"column":2},"end":{"line":21,"column":47}},"4":{"start":{"line":27,"column":2},"end":{"line":33,"column":3}},"5":{"start":{"line":28,"column":21},"end":{"line":28,"column":51}},"6":{"start":{"line":29,"column":4},"end":{"line":29,"column":31}},"7":{"start":{"line":30,"column":4},"end":{"line":30,"column":30}},"8":{"start":{"line":31,"column":4},"end":{"line":31,"column":42}},"9":{"start":{"line":32,"column":4},"end":{"line":32,"column":11}},"10":{"start":{"line":36,"column":16},"end":{"line":36,"column":59}},"11":{"start":{"line":37,"column":22},"end":{"line":40,"column":3}},"12":{"start":{"line":42,"column":26},"end":{"line":48,"column":4}},"13":{"start":{"line":50,"column":2},"end":{"line":52,"column":3}},"14":{"start":{"line":51,"column":4},"end":{"line":51,"column":64}},"15":{"start":{"line":54,"column":26},"end":{"line":57,"column":4}},"16":{"start":{"line":59,"column":2},"end":{"line":59,"column":52}},"17":{"start":{"line":66,"column":2},"end":{"line":66,"column":56}}},"fnMap":{"0":{"name":"signInWithGoogleWeb","decl":{"start":{"line":14,"column":22},"end":{"line":14,"column":41}},"loc":{"start":{"line":14,"column":59},"end":{"line":17,"column":1}},"line":14},"1":{"name":"signInWithGoogleCredential","decl":{"start":{"line":19,"column":22},"end":{"line":19,"column":48}},"loc":{"start":{"line":19,"column":81},"end":{"line":22,"column":1}},"line":19},"2":{"name":"signInWithApple","decl":{"start":{"line":26,"column":22},"end":{"line":26,"column":37}},"loc":{"start":{"line":26,"column":55},"end":{"line":60,"column":1}},"line":26},"3":{"name":"isAppleSignInAvailable","decl":{"start":{"line":64,"column":16},"end":{"line":64,"column":38}},"loc":{"start":{"line":64,"column":50},"end":{"line":67,"column":1}},"line":64}},"branchMap":{"0":{"loc":{"start":{"line":27,"column":2},"end":{"line":33,"column":3}},"type":"if","locations":[{"start":{"line":27,"column":2},"end":{"line":33,"column":3}},{"start":{},"end":{}}],"line":27},"1":{"loc":{"start":{"line":50,"column":2},"end":{"line":52,"column":3}},"type":"if","locations":[{"start":{"line":50,"column":2},"end":{"line":52,"column":3}},{"start":{},"end":{}}],"line":50},"2":{"loc":{"start":{"line":66,"column":9},"end":{"line":66,"column":55}},"type":"binary-expr","locations":[{"start":{"line":66,"column":9},"end":{"line":66,"column":30}},{"start":{"line":66,"column":34},"end":{"line":66,"column":55}}],"line":66}},"s":{"0":1,"1":1,"2":1,"3":1,"4":3,"5":1,"6":1,"7":1,"8":1,"9":1,"10":2,"11":2,"12":2,"13":2,"14":1,"15":1,"16":1,"17":3},"f":{"0":1,"1":1,"2":3,"3":3},"b":{"0":[1,2],"1":[1,1],"2":[3,2]},"_coverageSchema":"1a1c01bbd47fc00a2c39e90264f33305004495a9","hash":"60039b20460c5303f057e3859a62cdc412b2f217"}
,"/Users/guyshick/Desktop/final project/CSFinalProject/frontend/src/utils/socket.ts": {"path":"/Users/guyshick/Desktop/final project/CSFinalProject/frontend/src/utils/socket.ts","statementMap":{"0":{"start":{"line":4,"column":17},"end":{"line":4,"column":59}},"1":{"start":{"line":6,"column":29},"end":{"line":6,"column":33}},"2":{"start":{"line":7,"column":32},"end":{"line":7,"column":36}},"3":{"start":{"line":15,"column":21},"end":{"line":15,"column":50}},"4":{"start":{"line":16,"column":16},"end":{"line":16,"column":52}},"5":{"start":{"line":19,"column":2},"end":{"line":23,"column":3}},"6":{"start":{"line":20,"column":4},"end":{"line":20,"column":25}},"7":{"start":{"line":21,"column":4},"end":{"line":21,"column":19}},"8":{"start":{"line":22,"column":4},"end":{"line":22,"column":22}},"9":{"start":{"line":25,"column":2},"end":{"line":25,"column":41}},"10":{"start":{"line":25,"column":26},"end":{"line":25,"column":41}},"11":{"start":{"line":28,"column":2},"end":{"line":28,"column":24}},"12":{"start":{"line":30,"column":2},"end":{"line":34,"column":5}},"13":{"start":{"line":35,"column":2},"end":{"line":35,"column":26}},"14":{"start":{"line":37,"column":2},"end":{"line":37,"column":17}},"15":{"start":{"line":44,"column":2},"end":{"line":44,"column":24}},"16":{"start":{"line":45,"column":2},"end":{"line":45,"column":17}},"17":{"start":{"line":46,"column":2},"end":{"line":46,"column":20}}},"fnMap":{"0":{"name":"getSocket","decl":{"start":{"line":14,"column":22},"end":{"line":14,"column":31}},"loc":{"start":{"line":14,"column":51},"end":{"line":38,"column":1}},"line":14},"1":{"name":"disconnectSocket","decl":{"start":{"line":43,"column":16},"end":{"line":43,"column":32}},"loc":{"start":{"line":43,"column":41},"end":{"line":47,"column":1}},"line":43}},"branchMap":{"0":{"loc":{"start":{"line":4,"column":17},"end":{"line":4,"column":59}},"type":"binary-expr","locations":[{"start":{"line":4,"column":17},"end":{"line":4,"column":53}},{"start":{"line":4,"column":57},"end":{"line":4,"column":59}}],"line":4},"1":{"loc":{"start":{"line":15,"column":21},"end":{"line":15,"column":50}},"type":"binary-expr","locations":[{"start":{"line":15,"column":21},"end":{"line":15,"column":42}},{"start":{"line":15,"column":46},"end":{"line":15,"column":50}}],"line":15},"2":{"loc":{"start":{"line":19,"column":2},"end":{"line":23,"column":3}},"type":"if","locations":[{"start":{"line":19,"column":2},"end":{"line":23,"column":3}},{"start":{},"end":{}}],"line":19},"3":{"loc":{"start":{"line":19,"column":6},"end":{"line":19,"column":53}},"type":"binary-expr","locations":[{"start":{"line":19,"column":6},"end":{"line":19,"column":24}},{"start":{"line":19,"column":28},"end":{"line":19,"column":53}}],"line":19},"4":{"loc":{"start":{"line":25,"column":2},"end":{"line":25,"column":41}},"type":"if","locations":[{"start":{"line":25,"column":2},"end":{"line":25,"column":41}},{"start":{},"end":{}}],"line":25}},"s":{"0":3,"1":3,"2":3,"3":23,"4":23,"5":23,"6":1,"7":1,"8":1,"9":23,"10":15,"11":8,"12":8,"13":8,"14":8,"15":13,"16":13,"17":13},"f":{"0":23,"1":13},"b":{"0":[3,3],"1":[23,5],"2":[1,22],"3":[23,16],"4":[15,8]},"_coverageSchema":"1a1c01bbd47fc00a2c39e90264f33305004495a9","hash":"3b649606d90a64ad90029f44dae2d28b14ea262d"}
,"/Users/guyshick/Desktop/final project/CSFinalProject/frontend/src/utils/uploadImage.ts": {"path":"/Users/guyshick/Desktop/final project/CSFinalProject/frontend/src/utils/uploadImage.ts","statementMap":{"0":{"start":{"line":17,"column":19},"end":{"line":17,"column":35}},"1":{"start":{"line":18,"column":15},"end":{"line":18,"column":36}},"2":{"start":{"line":19,"column":21},"end":{"line":19,"column":39}},"3":{"start":{"line":20,"column":2},"end":{"line":20,"column":38}},"4":{"start":{"line":21,"column":2},"end":{"line":21,"column":36}}},"fnMap":{"0":{"name":"uploadImage","decl":{"start":{"line":16,"column":22},"end":{"line":16,"column":33}},"loc":{"start":{"line":16,"column":78},"end":{"line":22,"column":1}},"line":16}},"branchMap":{},"s":{"0":4,"1":3,"2":3,"3":3,"4":2},"f":{"0":4},"b":{},"_coverageSchema":"1a1c01bbd47fc00a2c39e90264f33305004495a9","hash":"135e5d9a3753eb95626d9517fb4587df698ff7a3"}
}
