TN:
SF:src/context/ActiveModeContext.tsx
FN:12,(anonymous_0)
FN:15,ActiveModeProvider
FN:24,useActiveMode
FNF:3
FNH:0
FNDA:0,(anonymous_0)
FNDA:0,ActiveModeProvider
FNDA:0,useActiveMode
DA:10,0
DA:16,0
DA:17,0
DA:25,0
LF:4
LH:0
BRF:0
BRH:0
end_of_record
TN:
SF:src/context/LanguageContext.tsx
FN:22,(anonymous_0)
FN:23,(anonymous_1)
FN:26,LanguageProvider
FN:29,(anonymous_3)
FN:30,(anonymous_4)
FN:37,(anonymous_5)
FN:40,(anonymous_6)
FN:44,(anonymous_7)
FN:48,(anonymous_8)
FN:80,useLanguage
FNF:10
FNH:7
FNDA:0,(anonymous_0)
FNDA:0,(anonymous_1)
FNDA:16,LanguageProvider
FNDA:10,(anonymous_3)
FNDA:9,(anonymous_4)
FNDA:1,(anonymous_5)
FNDA:2,(anonymous_6)
FNDA:0,(anonymous_7)
FNDA:5,(anonymous_8)
FNDA:44,useLanguage
DA:17,4
DA:19,4
DA:27,16
DA:29,16
DA:30,10
DA:31,9
DA:32,9
DA:33,9
DA:34,9
DA:35,0
DA:40,16
DA:41,2
DA:42,1
DA:43,1
DA:44,1
DA:48,16
DA:49,5
DA:50,5
DA:51,5
DA:52,5
DA:54,5
DA:55,5
DA:60,5
DA:61,0
DA:62,5
DA:63,4
DA:64,4
DA:65,4
DA:66,4
DA:73,16
DA:81,44
LF:31
LH:29
BRDA:31,0,0,1
BRDA:31,0,1,8
BRDA:34,1,0,0
BRDA:34,1,1,9
BRDA:35,2,0,0
BRDA:35,2,1,0
BRDA:41,3,0,1
BRDA:41,3,1,1
BRDA:60,4,0,0
BRDA:60,4,1,5
BRDA:61,5,0,0
BRDA:61,5,1,0
BRDA:62,6,0,4
BRDA:62,6,1,1
BRF:14
BRH:8
end_of_record
TN:
SF:src/context/NotificationContext.tsx
FN:50,NotificationProvider
FN:55,(anonymous_1)
FN:68,(anonymous_2)
FN:69,(anonymous_3)
FN:70,(anonymous_4)
FN:79,(anonymous_5)
FN:80,(anonymous_6)
FN:80,(anonymous_7)
FN:93,(anonymous_8)
FN:94,(anonymous_9)
FN:94,(anonymous_10)
FN:102,(anonymous_11)
FN:112,(anonymous_12)
FN:114,(anonymous_13)
FN:117,(anonymous_14)
FN:119,(anonymous_15)
FN:125,(anonymous_16)
FN:127,(anonymous_17)
FN:134,(anonymous_18)
FN:140,(anonymous_19)
FN:142,(anonymous_20)
FN:147,(anonymous_21)
FN:151,(anonymous_22)
FN:153,(anonymous_23)
FN:156,(anonymous_24)
FN:162,(anonymous_25)
FN:168,(anonymous_26)
FN:183,useNotificationContext
FNF:28
FNH:26
FNDA:62,NotificationProvider
FNDA:22,(anonymous_1)
FNDA:2,(anonymous_2)
FNDA:2,(anonymous_3)
FNDA:2,(anonymous_4)
FNDA:3,(anonymous_5)
FNDA:3,(anonymous_6)
FNDA:5,(anonymous_7)
FNDA:2,(anonymous_8)
FNDA:2,(anonymous_9)
FNDA:3,(anonymous_10)
FNDA:2,(anonymous_11)
FNDA:5,(anonymous_12)
FNDA:11,(anonymous_13)
FNDA:8,(anonymous_14)
FNDA:9,(anonymous_15)
FNDA:2,(anonymous_16)
FNDA:3,(anonymous_17)
FNDA:17,(anonymous_18)
FNDA:17,(anonymous_19)
FNDA:17,(anonymous_20)
FNDA:17,(anonymous_21)
FNDA:17,(anonymous_22)
FNDA:0,(anonymous_23)
FNDA:0,(anonymous_24)
FNDA:17,(anonymous_25)
FNDA:17,(anonymous_26)
FNDA:60,useNotificationContext
DA:20,1
DA:27,1
DA:46,1
DA:48,1
DA:51,62
DA:52,62
DA:53,62
DA:55,62
DA:56,22
DA:57,22
DA:58,22
DA:59,22
DA:60,21
DA:62,1
DA:64,22
DA:68,62
DA:69,2
DA:70,2
DA:72,2
DA:73,2
DA:75,1
DA:79,62
DA:80,3
DA:81,5
DA:82,4
DA:84,3
DA:85,3
DA:86,3
DA:87,3
DA:89,1
DA:93,62
DA:94,3
DA:95,2
DA:96,2
DA:98,1
DA:102,62
DA:103,2
DA:104,2
DA:105,2
DA:107,1
DA:111,62
DA:113,5
DA:114,11
DA:116,5
DA:117,8
DA:119,9
DA:124,62
DA:126,2
DA:127,3
DA:134,62
DA:135,17
DA:139,62
DA:140,62
DA:141,17
DA:142,17
DA:147,62
DA:148,17
DA:149,17
DA:151,17
DA:152,17
DA:153,17
DA:154,0
DA:156,17
DA:157,0
DA:158,0
DA:160,17
DA:161,17
DA:162,17
DA:163,17
DA:164,17
DA:168,17
DA:169,17
DA:170,17
DA:174,62
DA:184,60
DA:185,60
DA:186,58
LF:77
LH:74
BRDA:60,0,0,21
BRDA:60,0,1,0
BRDA:62,1,0,1
BRDA:62,1,1,0
BRDA:70,2,0,2
BRDA:70,2,1,0
BRDA:81,3,0,1
BRDA:81,3,1,4
BRDA:81,4,0,5
BRDA:81,4,1,2
BRDA:81,4,2,2
BRDA:86,5,0,1
BRDA:86,5,1,2
BRDA:113,6,0,4
BRDA:113,6,1,1
BRDA:116,7,0,3
BRDA:116,7,1,2
BRDA:117,8,0,8
BRDA:117,8,1,5
BRDA:126,9,0,1
BRDA:126,9,1,1
BRDA:142,10,0,17
BRDA:142,10,1,0
BRDA:154,11,0,0
BRDA:154,11,1,0
BRDA:158,12,0,0
BRDA:158,12,1,0
BRDA:158,13,0,0
BRDA:158,13,1,0
BRDA:185,14,0,2
BRDA:185,14,1,58
BRF:31
BRH:21
end_of_record
TN:
SF:src/hooks/useAuthBootstrap.ts
FN:14,registerPushTokenSilently
FN:40,getApiErrorStatus
FN:45,getApiErrorMessage
FN:64,useAuthBootstrap
FN:72,(anonymous_4)
FN:85,(anonymous_5)
FN:148,(anonymous_6)
FN:149,(anonymous_7)
FN:165,(anonymous_8)
FN:178,(anonymous_9)
FN:216,(anonymous_10)
FN:226,(anonymous_11)
FN:248,(anonymous_12)
FNF:13
FNH:13
FNDA:6,registerPushTokenSilently
FNDA:11,getApiErrorStatus
FNDA:6,getApiErrorMessage
FNDA:57,useAuthBootstrap
FNDA:19,(anonymous_4)
FNDA:12,(anonymous_5)
FNDA:28,(anonymous_6)
FNDA:15,(anonymous_7)
FNDA:2,(anonymous_8)
FNDA:6,(anonymous_9)
FNDA:2,(anonymous_10)
FNDA:4,(anonymous_11)
FNDA:1,(anonymous_12)
DA:12,1
DA:15,6
DA:16,6
DA:17,6
DA:18,6
DA:20,6
DA:21,6
DA:22,0
DA:23,0
DA:24,0
DA:27,6
DA:28,6
DA:29,6
DA:30,6
DA:31,6
DA:41,11
DA:42,11
DA:46,6
DA:47,6
DA:49,6
DA:50,1
DA:53,5
DA:54,1
DA:57,4
DA:58,3
DA:61,1
DA:65,57
DA:66,57
DA:67,57
DA:68,57
DA:69,57
DA:70,57
DA:72,57
DA:73,19
DA:74,11
DA:76,11
DA:77,0
DA:78,0
DA:81,11
DA:84,57
DA:86,12
DA:87,12
DA:88,12
DA:89,12
DA:91,12
DA:92,12
DA:95,4
DA:96,1
DA:97,1
DA:99,3
DA:100,3
DA:101,3
DA:102,3
DA:105,8
DA:107,8
DA:109,3
DA:110,3
DA:111,3
DA:115,2
DA:116,2
DA:117,1
DA:118,1
DA:120,1
DA:121,1
DA:122,1
DA:123,1
DA:125,1
DA:129,1
DA:130,1
DA:133,5
DA:134,1
DA:137,1
DA:138,1
DA:141,4
DA:142,4
DA:148,57
DA:149,28
DA:150,15
DA:151,4
DA:152,4
DA:153,4
DA:154,4
DA:155,4
DA:156,4
DA:159,11
DA:162,28
DA:165,57
DA:166,2
DA:167,2
DA:169,2
DA:170,2
DA:172,1
DA:173,1
DA:177,57
DA:179,6
DA:180,6
DA:182,6
DA:183,6
DA:187,3
DA:189,3
DA:190,1
DA:191,1
DA:193,2
DA:195,3
DA:196,2
DA:197,2
DA:198,2
DA:199,1
DA:200,1
DA:202,1
DA:203,1
DA:209,1
DA:210,1
DA:216,57
DA:217,2
DA:218,1
DA:219,1
DA:220,1
DA:223,1
DA:226,57
DA:227,4
DA:228,4
DA:229,3
DA:230,3
DA:232,2
DA:233,2
DA:234,2
DA:238,2
DA:239,2
DA:240,2
DA:241,2
DA:243,2
DA:245,1
DA:248,57
DA:249,1
DA:250,1
DA:253,57
LF:137
LH:132
BRDA:15,0,0,0
BRDA:15,0,1,6
BRDA:21,1,0,0
BRDA:21,1,1,6
BRDA:21,2,0,6
BRDA:21,2,1,6
BRDA:27,3,0,6
BRDA:27,3,1,0
BRDA:29,4,0,0
BRDA:29,4,1,6
BRDA:42,5,0,8
BRDA:42,5,1,3
BRDA:49,6,0,1
BRDA:49,6,1,5
BRDA:49,7,0,6
BRDA:49,7,1,1
BRDA:53,8,0,1
BRDA:53,8,1,4
BRDA:53,9,0,5
BRDA:53,9,1,4
BRDA:57,10,0,3
BRDA:57,10,1,1
BRDA:57,11,0,4
BRDA:57,11,1,3
BRDA:76,12,0,0
BRDA:76,12,1,11
BRDA:76,13,0,11
BRDA:76,13,1,0
BRDA:88,14,0,12
BRDA:88,14,1,0
BRDA:89,15,0,12
BRDA:89,15,1,1
BRDA:95,16,0,1
BRDA:95,16,1,3
BRDA:95,17,0,4
BRDA:95,17,1,2
BRDA:100,18,0,3
BRDA:100,18,1,0
BRDA:107,19,0,3
BRDA:107,19,1,5
BRDA:110,20,0,3
BRDA:110,20,1,0
BRDA:110,20,2,0
BRDA:116,21,0,1
BRDA:116,21,1,1
BRDA:116,22,0,2
BRDA:116,22,1,1
BRDA:121,23,0,1
BRDA:121,23,1,0
BRDA:133,24,0,1
BRDA:133,24,1,4
BRDA:150,25,0,4
BRDA:150,25,1,11
BRDA:185,26,0,6
BRDA:185,26,1,5
BRDA:189,27,0,1
BRDA:189,27,1,2
BRDA:189,28,0,3
BRDA:189,28,1,1
BRDA:195,29,0,2
BRDA:195,29,1,1
BRDA:198,30,0,1
BRDA:198,30,1,1
BRDA:198,31,0,2
BRDA:198,31,1,1
BRDA:217,32,0,1
BRDA:217,32,1,1
BRDA:228,33,0,1
BRDA:228,33,1,3
BRDA:230,34,0,2
BRDA:230,34,1,1
BRDA:239,35,0,2
BRDA:239,35,1,0
BRF:73
BRH:61
end_of_record
TN:
SF:src/hooks/useBids.ts
FN:49,useBids
FN:55,(anonymous_1)
FN:81,(anonymous_2)
FN:85,(anonymous_3)
FN:86,(anonymous_4)
FN:87,(anonymous_5)
FN:90,(anonymous_6)
FN:96,(anonymous_7)
FN:97,(anonymous_8)
FN:97,(anonymous_9)
FNF:10
FNH:10
FNDA:25,useBids
FNDA:8,(anonymous_1)
FNDA:8,(anonymous_2)
FNDA:2,(anonymous_3)
FNDA:2,(anonymous_4)
FNDA:2,(anonymous_5)
FNDA:1,(anonymous_6)
FNDA:1,(anonymous_7)
FNDA:1,(anonymous_8)
FNDA:2,(anonymous_9)
DA:50,25
DA:51,25
DA:52,25
DA:53,25
DA:55,25
DA:56,8
DA:57,7
DA:58,7
DA:60,7
DA:61,7
DA:62,7
DA:64,7
DA:65,5
DA:66,5
DA:68,2
DA:69,2
DA:70,1
DA:71,1
DA:72,1
DA:74,0
DA:77,7
DA:81,25
DA:82,8
DA:85,25
DA:86,2
DA:87,2
DA:89,2
DA:90,1
DA:92,1
DA:96,25
DA:97,2
DA:100,25
LF:32
LH:31
BRDA:49,0,0,17
BRDA:49,1,0,18
BRDA:49,2,0,24
BRDA:56,3,0,1
BRDA:56,3,1,7
BRDA:62,4,0,2
BRDA:62,4,1,5
BRDA:65,5,0,5
BRDA:65,5,1,0
BRDA:66,6,0,5
BRDA:66,6,1,0
BRDA:69,7,0,1
BRDA:69,7,1,1
BRDA:71,8,0,1
BRDA:71,8,1,0
BRDA:87,9,0,2
BRDA:87,9,1,0
BRDA:89,10,0,1
BRDA:89,10,1,1
BRF:19
BRH:15
end_of_record
TN:
SF:src/hooks/useGoogleAuth.ts
FN:10,useGoogleAuth
FN:17,(anonymous_1)
FNF:2
FNH:2
FNDA:5,useGoogleAuth
FNDA:4,(anonymous_1)
DA:6,1
DA:7,1
DA:8,1
DA:11,5
DA:17,5
DA:18,4
DA:19,1
DA:20,1
DA:24,3
DA:25,3
DA:26,1
DA:29,2
DA:30,2
DA:31,1
DA:34,1
DA:37,5
LF:16
LH:16
BRDA:18,0,0,1
BRDA:18,0,1,3
BRDA:25,1,0,1
BRDA:25,1,1,2
BRDA:30,2,0,1
BRDA:30,2,1,1
BRDA:37,3,0,5
BRDA:37,3,1,0
BRF:8
BRH:7
end_of_record
TN:
SF:src/hooks/useNotifications.ts
FN:29,useNotifications
FN:40,(anonymous_1)
FN:43,(anonymous_2)
FN:45,(anonymous_3)
FN:66,(anonymous_4)
FN:67,(anonymous_5)
FN:68,(anonymous_6)
FN:77,(anonymous_7)
FN:78,(anonymous_8)
FN:78,(anonymous_9)
FN:86,(anonymous_10)
FN:92,(anonymous_11)
FN:95,(anonymous_12)
FNF:13
FNH:13
FNDA:45,useNotifications
FNDA:4,(anonymous_1)
FNDA:19,(anonymous_2)
FNDA:16,(anonymous_3)
FNDA:2,(anonymous_4)
FNDA:2,(anonymous_5)
FNDA:2,(anonymous_6)
FNDA:2,(anonymous_7)
FNDA:2,(anonymous_8)
FNDA:3,(anonymous_9)
FNDA:13,(anonymous_10)
FNDA:13,(anonymous_11)
FNDA:1,(anonymous_12)
DA:18,1
DA:19,1
DA:34,45
DA:35,45
DA:36,45
DA:37,45
DA:39,45
DA:40,4
DA:43,45
DA:45,45
DA:46,16
DA:48,15
DA:49,15
DA:51,15
DA:52,15
DA:55,14
DA:56,14
DA:59,1
DA:60,1
DA:62,15
DA:66,45
DA:67,2
DA:68,2
DA:70,2
DA:71,2
DA:73,1
DA:77,45
DA:78,3
DA:79,2
DA:80,2
DA:82,1
DA:86,45
DA:87,13
DA:91,45
DA:92,45
DA:93,13
DA:94,1
DA:95,1
DA:99,45
LF:39
LH:39
BRDA:29,0,0,33
BRDA:30,1,0,44
BRDA:32,2,0,40
BRDA:39,3,0,6
BRDA:39,3,1,39
BRDA:46,4,0,1
BRDA:46,4,1,15
BRDA:55,5,0,14
BRDA:55,5,1,0
BRDA:56,6,0,14
BRDA:56,6,1,0
BRDA:59,7,0,1
BRDA:59,7,1,0
BRDA:68,8,0,2
BRDA:68,8,1,0
BRDA:93,9,0,1
BRDA:93,9,1,12
BRDA:93,10,0,13
BRDA:93,10,1,1
BRDA:95,11,0,1
BRDA:95,11,1,0
BRF:21
BRH:16
end_of_record
TN:
SF:src/hooks/useReviews.ts
FN:22,useReviews
FN:28,(anonymous_1)
FN:54,(anonymous_2)
FN:61,reportReview
FNF:4
FNH:3
FNDA:13,useReviews
FNDA:5,(anonymous_1)
FNDA:5,(anonymous_2)
FNDA:0,reportReview
DA:23,13
DA:24,13
DA:25,13
DA:26,13
DA:28,13
DA:29,5
DA:30,2
DA:31,2
DA:32,2
DA:35,3
DA:36,3
DA:38,3
DA:39,3
DA:42,2
DA:43,2
DA:46,1
DA:47,1
DA:48,1
DA:50,3
DA:54,13
DA:55,5
DA:58,13
DA:66,0
LF:23
LH:22
BRDA:22,0,0,11
BRDA:29,1,0,2
BRDA:29,1,1,3
BRDA:29,2,0,5
BRDA:29,2,1,4
BRDA:42,3,0,2
BRDA:42,3,1,0
BRDA:43,4,0,2
BRDA:43,4,1,0
BRDA:46,5,0,1
BRDA:46,5,1,0
BRF:11
BRH:8
end_of_record
TN:
SF:src/hooks/useTasks.ts
FN:75,minLngForLat
FN:95,hashCode
FN:104,applyPrivacyOffset
FN:124,getErrorStatus
FN:129,getErrorMessage
FN:140,useTasks
FN:157,(anonymous_6)
FN:169,(anonymous_7)
FN:185,(anonymous_8)
FN:229,(anonymous_9)
FNF:10
FNH:10
FNDA:30,minLngForLat
FNDA:24,hashCode
FNDA:15,applyPrivacyOffset
FNDA:5,getErrorStatus
FNDA:5,getErrorMessage
FNDA:31,useTasks
FNDA:11,(anonymous_6)
FNDA:11,(anonymous_7)
FNDA:3,(anonymous_8)
FNDA:11,(anonymous_9)
DA:62,1
DA:76,30
DA:77,27
DA:78,24
DA:79,98
DA:80,98
DA:81,98
DA:82,24
DA:83,24
DA:86,0
DA:91,1
DA:92,1
DA:96,24
DA:97,24
DA:98,223
DA:100,24
DA:105,15
DA:106,15
DA:107,15
DA:109,15
DA:110,15
DA:111,15
DA:113,15
DA:114,15
DA:116,15
DA:117,0
DA:120,15
DA:125,5
DA:126,5
DA:130,5
DA:131,5
DA:133,5
DA:134,1
DA:137,4
DA:150,31
DA:151,31
DA:152,31
DA:154,31
DA:156,31
DA:157,11
DA:169,31
DA:170,11
DA:171,2
DA:172,2
DA:173,2
DA:174,2
DA:177,9
DA:178,9
DA:180,9
DA:181,9
DA:185,4
DA:186,3
DA:187,3
DA:209,4
DA:211,5
DA:212,5
DA:214,5
DA:215,1
DA:216,4
DA:217,1
DA:218,3
DA:219,2
DA:221,1
DA:223,5
DA:225,9
DA:229,31
DA:230,11
DA:233,31
LF:68
LH:66
BRDA:76,0,0,3
BRDA:76,0,1,27
BRDA:77,1,0,3
BRDA:77,1,1,24
BRDA:81,2,0,24
BRDA:81,2,1,74
BRDA:81,3,0,98
BRDA:81,3,1,98
BRDA:116,4,0,0
BRDA:116,4,1,15
BRDA:126,5,0,2
BRDA:126,5,1,3
BRDA:133,6,0,1
BRDA:133,6,1,4
BRDA:133,7,0,5
BRDA:133,7,1,1
BRDA:137,8,0,2
BRDA:137,8,1,2
BRDA:143,9,0,31
BRDA:144,10,0,28
BRDA:145,11,0,28
BRDA:146,12,0,28
BRDA:147,13,0,31
BRDA:148,14,0,29
BRDA:154,15,0,31
BRDA:154,15,1,29
BRDA:154,15,2,27
BRDA:161,16,0,11
BRDA:161,16,1,10
BRDA:162,17,0,11
BRDA:162,17,1,10
BRDA:163,18,0,11
BRDA:163,18,1,10
BRDA:170,19,0,2
BRDA:170,19,1,9
BRDA:185,20,0,4
BRDA:185,20,1,0
BRDA:192,21,0,3
BRDA:192,21,1,0
BRDA:195,22,0,3
BRDA:195,22,1,3
BRDA:198,23,0,3
BRDA:198,23,1,3
BRDA:205,24,0,3
BRDA:205,24,1,0
BRDA:214,25,0,1
BRDA:214,25,1,4
BRDA:216,26,0,1
BRDA:216,26,1,3
BRDA:218,27,0,2
BRDA:218,27,1,1
BRF:51
BRH:47
end_of_record
TN:
SF:src/hooks/useUnreadMessages.ts
FN:13,useUnreadMessages
FN:17,(anonymous_1)
FN:27,(anonymous_2)
FN:35,(anonymous_3)
FN:38,(anonymous_4)
FN:42,(anonymous_5)
FN:45,(anonymous_6)
FN:46,(anonymous_7)
FN:49,(anonymous_8)
FNF:9
FNH:6
FNDA:14,useUnreadMessages
FNDA:9,(anonymous_1)
FNDA:12,(anonymous_2)
FNDA:8,(anonymous_3)
FNDA:0,(anonymous_4)
FNDA:8,(anonymous_5)
FNDA:0,(anonymous_6)
FNDA:0,(anonymous_7)
FNDA:8,(anonymous_8)
DA:6,1
DA:14,14
DA:15,14
DA:17,14
DA:18,9
DA:19,9
DA:20,9
DA:21,9
DA:22,9
DA:23,8
DA:26,8
DA:27,12
DA:29,8
DA:35,14
DA:36,8
DA:38,8
DA:41,8
DA:42,8
DA:43,8
DA:44,8
DA:45,8
DA:46,8
DA:49,8
DA:50,8
DA:51,8
DA:52,8
DA:56,14
LF:27
LH:27
BRDA:18,0,0,0
BRDA:18,0,1,9
BRDA:21,1,0,2
BRDA:21,1,1,7
BRDA:23,2,0,8
BRDA:23,2,1,0
BRDA:27,3,0,12
BRDA:27,3,1,8
BRDA:43,4,0,0
BRDA:43,4,1,8
BRDA:50,5,0,8
BRDA:50,5,1,0
BRF:12
BRH:8
end_of_record
TN:
SF:src/utils/authErrors.ts
FN:18,extractFirebaseAuthCode
FN:34,friendlyAuthError
FNF:2
FNH:2
FNDA:8,extractFirebaseAuthCode
FNDA:8,friendlyAuthError
DA:5,3
DA:19,8
DA:20,8
DA:22,5
DA:23,3
DA:24,3
DA:26,4
DA:35,8
DA:36,8
DA:37,4
LF:10
LH:10
BRDA:20,0,0,3
BRDA:20,0,1,5
BRDA:20,1,0,8
BRDA:20,1,1,4
BRDA:22,2,0,3
BRDA:22,2,1,2
BRDA:24,3,0,1
BRDA:24,3,1,2
BRDA:36,4,0,4
BRDA:36,4,1,4
BRDA:37,5,0,4
BRDA:37,5,1,1
BRF:12
BRH:12
end_of_record
TN:
SF:src/utils/categoryMetadata.ts
FN:15,getCategoryLabel
FNF:1
FNH:1
FNDA:59,getCategoryLabel
DA:16,59
LF:1
LH:1
BRF:0
BRH:0
end_of_record
TN:
SF:src/utils/profanityFilter.ts
FN:80,containsProfanity
FNF:1
FNH:1
FNDA:8,containsProfanity
DA:6,1
DA:29,1
DA:81,8
DA:83,8
DA:84,265
DA:85,265
DA:88,6
DA:89,6
DA:90,147
DA:93,3
DA:97,1
LF:11
LH:11
BRDA:85,0,0,2
BRDA:85,0,1,263
BRDA:90,1,0,3
BRDA:90,1,1,144
BRF:4
BRH:4
end_of_record
TN:
SF:src/utils/socialAuth.ts
FN:14,signInWithGoogleWeb
FN:19,signInWithGoogleCredential
FN:26,signInWithApple
FN:64,isAppleSignInAvailable
FNF:4
FNH:4
FNDA:1,signInWithGoogleWeb
FNDA:1,signInWithGoogleCredential
FNDA:3,signInWithApple
FNDA:3,isAppleSignInAvailable
DA:15,1
DA:16,1
DA:20,1
DA:21,1
DA:27,3
DA:28,1
DA:29,1
DA:30,1
DA:31,1
DA:32,1
DA:36,2
DA:37,2
DA:42,2
DA:50,2
DA:51,1
DA:54,1
DA:59,1
DA:66,3
LF:18
LH:18
BRDA:27,0,0,1
BRDA:27,0,1,2
BRDA:50,1,0,1
BRDA:50,1,1,1
BRDA:66,2,0,3
BRDA:66,2,1,2
BRF:6
BRH:6
end_of_record
TN:
SF:src/utils/socket.ts
FN:14,getSocket
FN:43,disconnectSocket
FNF:2
FNH:2
FNDA:25,getSocket
FNDA:13,disconnectSocket
DA:4,3
DA:6,3
DA:7,3
DA:15,25
DA:16,25
DA:19,25
DA:20,1
DA:21,1
DA:22,1
DA:25,25
DA:28,8
DA:30,8
DA:35,8
DA:37,8
DA:44,13
DA:45,13
DA:46,13
LF:17
LH:17
BRDA:4,0,0,3
BRDA:4,0,1,3
BRDA:15,1,0,25
BRDA:15,1,1,5
BRDA:19,2,0,1
BRDA:19,2,1,24
BRDA:19,3,0,25
BRDA:19,3,1,18
BRDA:25,4,0,17
BRDA:25,4,1,8
BRF:10
BRH:10
end_of_record
TN:
SF:src/utils/uploadImage.ts
FN:16,uploadImage
FNF:1
FNH:1
FNDA:4,uploadImage
DA:17,4
DA:18,3
DA:19,3
DA:20,3
DA:21,2
LF:5
LH:5
BRF:0
BRH:0
end_of_record
