TN:
SF:src/context/NotificationContext.tsx
FN:39,NotificationProvider
FN:44,(anonymous_1)
FN:57,(anonymous_2)
FN:58,(anonymous_3)
FN:59,(anonymous_4)
FN:68,(anonymous_5)
FN:69,(anonymous_6)
FN:69,(anonymous_7)
FN:77,(anonymous_8)
FN:78,(anonymous_9)
FN:78,(anonymous_10)
FN:86,(anonymous_11)
FN:96,(anonymous_12)
FN:98,(anonymous_13)
FN:100,(anonymous_14)
FN:106,(anonymous_15)
FN:108,(anonymous_16)
FN:115,(anonymous_17)
FN:121,(anonymous_18)
FN:123,(anonymous_19)
FN:128,(anonymous_20)
FN:132,(anonymous_21)
FN:134,(anonymous_22)
FN:140,(anonymous_23)
FN:143,(anonymous_24)
FN:158,useNotificationContext
FNF:26
FNH:25
FNDA:55,NotificationProvider
FNDA:20,(anonymous_1)
FNDA:2,(anonymous_2)
FNDA:2,(anonymous_3)
FNDA:2,(anonymous_4)
FNDA:2,(anonymous_5)
FNDA:2,(anonymous_6)
FNDA:3,(anonymous_7)
FNDA:2,(anonymous_8)
FNDA:2,(anonymous_9)
FNDA:3,(anonymous_10)
FNDA:2,(anonymous_11)
FNDA:2,(anonymous_12)
FNDA:2,(anonymous_13)
FNDA:4,(anonymous_14)
FNDA:2,(anonymous_15)
FNDA:3,(anonymous_16)
FNDA:15,(anonymous_17)
FNDA:15,(anonymous_18)
FNDA:15,(anonymous_19)
FNDA:15,(anonymous_20)
FNDA:15,(anonymous_21)
FNDA:0,(anonymous_22)
FNDA:15,(anonymous_23)
FNDA:15,(anonymous_24)
FNDA:53,useNotificationContext
DA:19,1
DA:20,1
DA:35,1
DA:37,1
DA:40,55
DA:41,55
DA:42,55
DA:44,55
DA:45,20
DA:46,20
DA:47,20
DA:48,20
DA:49,19
DA:51,1
DA:53,20
DA:57,55
DA:58,2
DA:59,2
DA:61,2
DA:62,2
DA:64,1
DA:68,55
DA:69,3
DA:70,2
DA:71,2
DA:73,1
DA:77,55
DA:78,3
DA:79,2
DA:80,2
DA:82,1
DA:86,55
DA:87,2
DA:88,2
DA:89,2
DA:91,1
DA:95,55
DA:97,2
DA:98,2
DA:100,4
DA:105,55
DA:107,2
DA:108,3
DA:115,55
DA:116,15
DA:120,55
DA:121,55
DA:122,15
DA:123,15
DA:128,55
DA:129,15
DA:130,15
DA:132,15
DA:133,15
DA:134,15
DA:136,0
DA:137,0
DA:139,15
DA:140,15
DA:143,15
DA:144,15
DA:145,15
DA:149,55
DA:159,53
DA:160,53
DA:161,51
LF:66
LH:64
BRDA:49,0,0,19
BRDA:49,0,1,0
BRDA:51,1,0,1
BRDA:51,1,1,0
BRDA:59,2,0,2
BRDA:59,2,1,0
BRDA:97,3,0,1
BRDA:97,3,1,1
BRDA:107,4,0,1
BRDA:107,4,1,1
BRDA:123,5,0,15
BRDA:123,5,1,0
BRDA:137,6,0,0
BRDA:137,6,1,0
BRDA:137,7,0,0
BRDA:137,7,1,0
BRDA:160,8,0,2
BRDA:160,8,1,51
BRF:18
BRH:10
end_of_record
TN:
SF:src/hooks/useAuthBootstrap.ts
FN:13,registerPushTokenSilently
FN:39,getApiErrorStatus
FN:44,getApiErrorMessage
FN:63,useAuthBootstrap
FN:71,(anonymous_4)
FN:77,(anonymous_5)
FN:113,(anonymous_6)
FN:114,(anonymous_7)
FN:130,(anonymous_8)
FN:143,(anonymous_9)
FN:172,(anonymous_10)
FN:182,(anonymous_11)
FNF:12
FNH:12
FNDA:2,registerPushTokenSilently
FNDA:7,getApiErrorStatus
FNDA:5,getApiErrorMessage
FNDA:34,useAuthBootstrap
FNDA:10,(anonymous_4)
FNDA:7,(anonymous_5)
FNDA:17,(anonymous_6)
FNDA:10,(anonymous_7)
FNDA:2,(anonymous_8)
FNDA:4,(anonymous_9)
FNDA:2,(anonymous_10)
FNDA:1,(anonymous_11)
DA:11,1
DA:14,2
DA:15,2
DA:16,2
DA:17,2
DA:19,2
DA:20,2
DA:21,0
DA:22,0
DA:23,0
DA:26,2
DA:27,2
DA:28,2
DA:29,2
DA:30,2
DA:40,7
DA:41,7
DA:45,5
DA:46,5
DA:48,5
DA:49,1
DA:52,4
DA:53,1
DA:56,3
DA:57,3
DA:60,0
DA:64,34
DA:65,34
DA:66,34
DA:67,34
DA:68,34
DA:69,34
DA:71,34
DA:72,10
DA:73,5
DA:76,34
DA:78,7
DA:79,7
DA:80,7
DA:81,7
DA:83,7
DA:84,7
DA:85,2
DA:86,2
DA:87,2
DA:88,2
DA:91,5
DA:93,5
DA:94,1
DA:95,1
DA:98,4
DA:99,1
DA:102,1
DA:103,1
DA:106,3
DA:107,3
DA:113,34
DA:114,17
DA:115,10
DA:116,4
DA:117,4
DA:118,4
DA:119,4
DA:120,4
DA:121,4
DA:124,6
DA:127,17
DA:130,34
DA:131,2
DA:132,2
DA:134,2
DA:135,2
DA:137,1
DA:138,1
DA:142,34
DA:144,4
DA:145,4
DA:147,4
DA:148,4
DA:152,2
DA:153,2
DA:155,2
DA:156,1
DA:157,1
DA:158,1
DA:159,1
DA:165,1
DA:166,1
DA:172,34
DA:173,2
DA:174,1
DA:175,1
DA:176,1
DA:179,1
DA:182,34
DA:183,1
DA:184,1
DA:187,34
LF:98
LH:94
BRDA:14,0,0,0
BRDA:14,0,1,2
BRDA:20,1,0,0
BRDA:20,1,1,2
BRDA:20,2,0,2
BRDA:20,2,1,2
BRDA:26,3,0,2
BRDA:26,3,1,0
BRDA:28,4,0,0
BRDA:28,4,1,2
BRDA:41,5,0,4
BRDA:41,5,1,3
BRDA:48,6,0,1
BRDA:48,6,1,4
BRDA:48,7,0,5
BRDA:48,7,1,1
BRDA:52,8,0,1
BRDA:52,8,1,3
BRDA:52,9,0,4
BRDA:52,9,1,4
BRDA:56,10,0,3
BRDA:56,10,1,0
BRDA:56,11,0,3
BRDA:56,11,1,3
BRDA:80,12,0,7
BRDA:80,12,1,0
BRDA:81,13,0,7
BRDA:81,13,1,1
BRDA:86,14,0,2
BRDA:86,14,1,0
BRDA:93,15,0,1
BRDA:93,15,1,4
BRDA:98,16,0,1
BRDA:98,16,1,3
BRDA:115,17,0,4
BRDA:115,17,1,6
BRDA:150,18,0,4
BRDA:150,18,1,3
BRDA:155,19,0,1
BRDA:155,19,1,1
BRDA:173,20,0,1
BRDA:173,20,1,1
BRF:42
BRH:35
end_of_record
TN:
SF:src/hooks/useBids.ts
FN:43,useBids
FN:49,(anonymous_1)
FN:75,(anonymous_2)
FN:79,(anonymous_3)
FN:80,(anonymous_4)
FN:81,(anonymous_5)
FN:84,(anonymous_6)
FN:90,(anonymous_7)
FN:91,(anonymous_8)
FN:91,(anonymous_9)
FNF:10
FNH:10
FNDA:25,useBids
FNDA:8,(anonymous_1)
FNDA:8,(anonymous_2)
FNDA:2,(anonymous_3)
FNDA:2,(anonymous_4)
FNDA:2,(anonymous_5)
FNDA:1,(anonymous_6)
FNDA:1,(anonymous_7)
FNDA:1,(anonymous_8)
FNDA:2,(anonymous_9)
DA:44,25
DA:45,25
DA:46,25
DA:47,25
DA:49,25
DA:50,8
DA:51,7
DA:52,7
DA:54,7
DA:55,7
DA:56,7
DA:58,7
DA:59,5
DA:60,5
DA:62,2
DA:63,2
DA:64,1
DA:65,1
DA:66,1
DA:68,0
DA:71,7
DA:75,25
DA:76,8
DA:79,25
DA:80,2
DA:81,2
DA:83,2
DA:84,1
DA:86,1
DA:90,25
DA:91,2
DA:94,25
LF:32
LH:31
BRDA:43,0,0,17
BRDA:43,1,0,18
BRDA:43,2,0,24
BRDA:50,3,0,1
BRDA:50,3,1,7
BRDA:56,4,0,2
BRDA:56,4,1,5
BRDA:59,5,0,5
BRDA:59,5,1,0
BRDA:60,6,0,5
BRDA:60,6,1,0
BRDA:63,7,0,1
BRDA:63,7,1,1
BRDA:65,8,0,1
BRDA:65,8,1,0
BRDA:81,9,0,2
BRDA:81,9,1,0
BRDA:83,10,0,1
BRDA:83,10,1,1
BRF:19
BRH:15
end_of_record
TN:
SF:src/hooks/useGoogleAuth.ts
FN:10,useGoogleAuth
FN:17,(anonymous_1)
FNF:2
FNH:2
FNDA:5,useGoogleAuth
FNDA:4,(anonymous_1)
DA:6,1
DA:7,1
DA:8,1
DA:11,5
DA:17,5
DA:18,4
DA:19,1
DA:20,1
DA:24,3
DA:25,3
DA:26,1
DA:29,2
DA:30,2
DA:31,1
DA:34,1
DA:37,5
LF:16
LH:16
BRDA:18,0,0,1
BRDA:18,0,1,3
BRDA:25,1,0,1
BRDA:25,1,1,2
BRDA:30,2,0,1
BRDA:30,2,1,1
BRDA:37,3,0,5
BRDA:37,3,1,0
BRF:8
BRH:7
end_of_record
TN:
SF:src/hooks/useNotifications.ts
FN:29,useNotifications
FN:40,(anonymous_1)
FN:43,(anonymous_2)
FN:45,(anonymous_3)
FN:66,(anonymous_4)
FN:67,(anonymous_5)
FN:68,(anonymous_6)
FN:77,(anonymous_7)
FN:78,(anonymous_8)
FN:78,(anonymous_9)
FN:86,(anonymous_10)
FN:92,(anonymous_11)
FN:95,(anonymous_12)
FNF:13
FNH:13
FNDA:45,useNotifications
FNDA:4,(anonymous_1)
FNDA:19,(anonymous_2)
FNDA:16,(anonymous_3)
FNDA:2,(anonymous_4)
FNDA:2,(anonymous_5)
FNDA:2,(anonymous_6)
FNDA:2,(anonymous_7)
FNDA:2,(anonymous_8)
FNDA:3,(anonymous_9)
FNDA:13,(anonymous_10)
FNDA:13,(anonymous_11)
FNDA:1,(anonymous_12)
DA:18,1
DA:19,1
DA:34,45
DA:35,45
DA:36,45
DA:37,45
DA:39,45
DA:40,4
DA:43,45
DA:45,45
DA:46,16
DA:48,15
DA:49,15
DA:51,15
DA:52,15
DA:55,14
DA:56,14
DA:59,1
DA:60,1
DA:62,15
DA:66,45
DA:67,2
DA:68,2
DA:70,2
DA:71,2
DA:73,1
DA:77,45
DA:78,3
DA:79,2
DA:80,2
DA:82,1
DA:86,45
DA:87,13
DA:91,45
DA:92,45
DA:93,13
DA:94,1
DA:95,1
DA:99,45
LF:39
LH:39
BRDA:29,0,0,33
BRDA:30,1,0,44
BRDA:32,2,0,40
BRDA:39,3,0,6
BRDA:39,3,1,39
BRDA:46,4,0,1
BRDA:46,4,1,15
BRDA:55,5,0,14
BRDA:55,5,1,0
BRDA:56,6,0,14
BRDA:56,6,1,0
BRDA:59,7,0,1
BRDA:59,7,1,0
BRDA:68,8,0,2
BRDA:68,8,1,0
BRDA:93,9,0,1
BRDA:93,9,1,12
BRDA:93,10,0,13
BRDA:93,10,1,1
BRDA:95,11,0,1
BRDA:95,11,1,0
BRF:21
BRH:16
end_of_record
TN:
SF:src/hooks/useReviews.ts
FN:22,useReviews
FN:28,(anonymous_1)
FN:54,(anonymous_2)
FN:61,reportReview
FNF:4
FNH:3
FNDA:13,useReviews
FNDA:5,(anonymous_1)
FNDA:5,(anonymous_2)
FNDA:0,reportReview
DA:23,13
DA:24,13
DA:25,13
DA:26,13
DA:28,13
DA:29,5
DA:30,2
DA:31,2
DA:32,2
DA:35,3
DA:36,3
DA:38,3
DA:39,3
DA:42,2
DA:43,2
DA:46,1
DA:47,1
DA:48,1
DA:50,3
DA:54,13
DA:55,5
DA:58,13
DA:66,0
LF:23
LH:22
BRDA:22,0,0,11
BRDA:29,1,0,2
BRDA:29,1,1,3
BRDA:29,2,0,5
BRDA:29,2,1,4
BRDA:42,3,0,2
BRDA:42,3,1,0
BRDA:43,4,0,2
BRDA:43,4,1,0
BRDA:46,5,0,1
BRDA:46,5,1,0
BRF:11
BRH:8
end_of_record
TN:
SF:src/hooks/useTasks.ts
FN:73,minLngForLat
FN:93,hashCode
FN:102,applyPrivacyOffset
FN:122,getErrorStatus
FN:127,getErrorMessage
FN:138,useTasks
FN:155,(anonymous_6)
FN:167,(anonymous_7)
FN:183,(anonymous_8)
FN:226,(anonymous_9)
FNF:10
FNH:10
FNDA:30,minLngForLat
FNDA:24,hashCode
FNDA:15,applyPrivacyOffset
FNDA:5,getErrorStatus
FNDA:5,getErrorMessage
FNDA:31,useTasks
FNDA:11,(anonymous_6)
FNDA:11,(anonymous_7)
FNDA:3,(anonymous_8)
FNDA:11,(anonymous_9)
DA:60,1
DA:74,30
DA:75,27
DA:76,24
DA:77,98
DA:78,98
DA:79,98
DA:80,24
DA:81,24
DA:84,0
DA:89,1
DA:90,1
DA:94,24
DA:95,24
DA:96,223
DA:98,24
DA:103,15
DA:104,15
DA:105,15
DA:107,15
DA:108,15
DA:109,15
DA:111,15
DA:112,15
DA:114,15
DA:115,0
DA:118,15
DA:123,5
DA:124,5
DA:128,5
DA:129,5
DA:131,5
DA:132,1
DA:135,4
DA:148,31
DA:149,31
DA:150,31
DA:152,31
DA:154,31
DA:155,11
DA:167,31
DA:168,11
DA:169,2
DA:170,2
DA:171,2
DA:172,2
DA:175,9
DA:176,9
DA:178,9
DA:179,9
DA:183,4
DA:184,3
DA:185,3
DA:206,4
DA:208,5
DA:209,5
DA:211,5
DA:212,1
DA:213,4
DA:214,1
DA:215,3
DA:216,2
DA:218,1
DA:220,5
DA:222,9
DA:226,31
DA:227,11
DA:230,31
LF:68
LH:66
BRDA:74,0,0,3
BRDA:74,0,1,27
BRDA:75,1,0,3
BRDA:75,1,1,24
BRDA:79,2,0,24
BRDA:79,2,1,74
BRDA:79,3,0,98
BRDA:79,3,1,98
BRDA:114,4,0,0
BRDA:114,4,1,15
BRDA:124,5,0,2
BRDA:124,5,1,3
BRDA:131,6,0,1
BRDA:131,6,1,4
BRDA:131,7,0,5
BRDA:131,7,1,1
BRDA:135,8,0,2
BRDA:135,8,1,2
BRDA:141,9,0,31
BRDA:142,10,0,28
BRDA:143,11,0,28
BRDA:144,12,0,28
BRDA:145,13,0,31
BRDA:146,14,0,29
BRDA:152,15,0,31
BRDA:152,15,1,29
BRDA:152,15,2,27
BRDA:159,16,0,11
BRDA:159,16,1,10
BRDA:160,17,0,11
BRDA:160,17,1,10
BRDA:161,18,0,11
BRDA:161,18,1,10
BRDA:168,19,0,2
BRDA:168,19,1,9
BRDA:183,20,0,4
BRDA:183,20,1,0
BRDA:190,21,0,3
BRDA:190,21,1,0
BRDA:193,22,0,3
BRDA:193,22,1,3
BRDA:202,23,0,3
BRDA:202,23,1,0
BRDA:211,24,0,1
BRDA:211,24,1,4
BRDA:213,25,0,1
BRDA:213,25,1,3
BRDA:215,26,0,2
BRDA:215,26,1,1
BRF:49
BRH:45
end_of_record
TN:
SF:src/hooks/useUnreadMessages.ts
FN:12,useUnreadMessages
FN:16,(anonymous_1)
FN:21,(anonymous_2)
FN:28,(anonymous_3)
FN:31,(anonymous_4)
FN:35,(anonymous_5)
FN:38,(anonymous_6)
FN:39,(anonymous_7)
FN:42,(anonymous_8)
FNF:9
FNH:6
FNDA:9,useUnreadMessages
FNDA:6,(anonymous_1)
FNDA:6,(anonymous_2)
FNDA:5,(anonymous_3)
FNDA:0,(anonymous_4)
FNDA:5,(anonymous_5)
FNDA:0,(anonymous_6)
FNDA:0,(anonymous_7)
FNDA:5,(anonymous_8)
DA:6,1
DA:13,9
DA:14,9
DA:16,9
DA:17,6
DA:18,6
DA:19,6
DA:20,5
DA:21,6
DA:22,5
DA:28,9
DA:29,5
DA:31,5
DA:34,5
DA:35,5
DA:36,5
DA:37,5
DA:38,5
DA:39,5
DA:42,5
DA:43,5
DA:44,5
DA:45,5
DA:49,9
LF:24
LH:24
BRDA:17,0,0,0
BRDA:17,0,1,6
BRDA:20,1,0,5
BRDA:20,1,1,0
BRDA:36,2,0,0
BRDA:36,2,1,5
BRDA:43,3,0,5
BRDA:43,3,1,0
BRF:8
BRH:4
end_of_record
TN:
SF:src/utils/categoryMetadata.ts
FNF:0
FNH:0
LF:0
LH:0
BRF:0
BRH:0
end_of_record
TN:
SF:src/utils/profanityFilter.ts
FN:77,containsProfanity
FNF:1
FNH:1
FNDA:8,containsProfanity
DA:6,1
DA:29,1
DA:78,8
DA:80,8
DA:81,265
DA:82,265
DA:85,6
DA:86,6
DA:87,138
DA:90,3
DA:94,1
LF:11
LH:11
BRDA:82,0,0,2
BRDA:82,0,1,263
BRDA:87,1,0,3
BRDA:87,1,1,135
BRF:4
BRH:4
end_of_record
TN:
SF:src/utils/socialAuth.ts
FN:14,signInWithGoogleWeb
FN:19,signInWithGoogleCredential
FN:26,signInWithApple
FN:64,isAppleSignInAvailable
FNF:4
FNH:4
FNDA:1,signInWithGoogleWeb
FNDA:1,signInWithGoogleCredential
FNDA:3,signInWithApple
FNDA:3,isAppleSignInAvailable
DA:15,1
DA:16,1
DA:20,1
DA:21,1
DA:27,3
DA:28,1
DA:29,1
DA:30,1
DA:31,1
DA:32,1
DA:36,2
DA:37,2
DA:42,2
DA:50,2
DA:51,1
DA:54,1
DA:59,1
DA:66,3
LF:18
LH:18
BRDA:27,0,0,1
BRDA:27,0,1,2
BRDA:50,1,0,1
BRDA:50,1,1,1
BRDA:66,2,0,3
BRDA:66,2,1,2
BRF:6
BRH:6
end_of_record
TN:
SF:src/utils/socket.ts
FN:14,getSocket
FN:43,disconnectSocket
FNF:2
FNH:2
FNDA:23,getSocket
FNDA:13,disconnectSocket
DA:4,3
DA:6,3
DA:7,3
DA:15,23
DA:16,23
DA:19,23
DA:20,1
DA:21,1
DA:22,1
DA:25,23
DA:28,8
DA:30,8
DA:35,8
DA:37,8
DA:44,13
DA:45,13
DA:46,13
LF:17
LH:17
BRDA:4,0,0,3
BRDA:4,0,1,3
BRDA:15,1,0,23
BRDA:15,1,1,5
BRDA:19,2,0,1
BRDA:19,2,1,22
BRDA:19,3,0,23
BRDA:19,3,1,16
BRDA:25,4,0,15
BRDA:25,4,1,8
BRF:10
BRH:10
end_of_record
TN:
SF:src/utils/uploadImage.ts
FN:16,uploadImage
FNF:1
FNH:1
FNDA:4,uploadImage
DA:17,4
DA:18,3
DA:19,3
DA:20,3
DA:21,2
LF:5
LH:5
BRF:0
BRH:0
end_of_record
