<?xml version="1.0" encoding="UTF-8"?>
<coverage generated="1781189455335" clover="3.2.0">
  <project timestamp="1781189455335" name="All files">
    <metrics statements="978" coveredstatements="932" conditionals="554" coveredconditionals="456" methods="94" coveredmethods="89" elements="1626" coveredelements="1477" complexity="0" loc="978" ncloc="978" packages="5" files="19" classes="19"/>
    <package name="src">
      <metrics statements="50" coveredstatements="48" conditionals="2" coveredconditionals="1" methods="4" coveredmethods="2"/>
      <file name="app.ts" path="/Users/guyshick/Desktop/final project/CSFinalProject/backend/src/app.ts">
        <metrics statements="31" coveredstatements="29" conditionals="2" coveredconditionals="1" methods="2" coveredmethods="0"/>
        <line num="1" count="12" type="stmt"/>
        <line num="2" count="12" type="stmt"/>
        <line num="3" count="12" type="stmt"/>
        <line num="4" count="12" type="stmt"/>
        <line num="6" count="12" type="stmt"/>
        <line num="7" count="12" type="stmt"/>
        <line num="8" count="12" type="stmt"/>
        <line num="9" count="12" type="stmt"/>
        <line num="10" count="12" type="stmt"/>
        <line num="11" count="12" type="stmt"/>
        <line num="12" count="12" type="stmt"/>
        <line num="13" count="12" type="stmt"/>
        <line num="14" count="12" type="stmt"/>
        <line num="16" count="12" type="stmt"/>
        <line num="18" count="12" type="stmt"/>
        <line num="20" count="0" type="stmt"/>
        <line num="23" count="12" type="stmt"/>
        <line num="24" count="12" type="stmt"/>
        <line num="25" count="12" type="stmt"/>
        <line num="27" count="12" type="stmt"/>
        <line num="28" count="0" type="stmt"/>
        <line num="31" count="12" type="stmt"/>
        <line num="32" count="12" type="stmt"/>
        <line num="33" count="12" type="stmt"/>
        <line num="34" count="12" type="stmt"/>
        <line num="35" count="12" type="stmt"/>
        <line num="36" count="12" type="stmt"/>
        <line num="37" count="12" type="stmt"/>
        <line num="38" count="12" type="stmt"/>
        <line num="40" count="12" type="stmt"/>
        <line num="42" count="12" type="stmt"/>
      </file>
      <file name="schemas.ts" path="/Users/guyshick/Desktop/final project/CSFinalProject/backend/src/schemas.ts">
        <metrics statements="19" coveredstatements="19" conditionals="0" coveredconditionals="0" methods="2" coveredmethods="2"/>
        <line num="1" count="13" type="stmt"/>
        <line num="2" count="13" type="stmt"/>
        <line num="4" count="13" type="stmt"/>
        <line num="9" count="13" type="stmt"/>
        <line num="22" count="13" type="stmt"/>
        <line num="31" count="13" type="stmt"/>
        <line num="35" count="13" type="stmt"/>
        <line num="40" count="13" type="stmt"/>
        <line num="45" count="13" type="stmt"/>
        <line num="51" count="21" type="stmt"/>
        <line num="55" count="13" type="stmt"/>
        <line num="61" count="1" type="stmt"/>
        <line num="65" count="13" type="stmt"/>
        <line num="77" count="13" type="stmt"/>
        <line num="81" count="13" type="stmt"/>
        <line num="86" count="13" type="stmt"/>
        <line num="90" count="13" type="stmt"/>
        <line num="94" count="13" type="stmt"/>
        <line num="100" count="13" type="stmt"/>
      </file>
    </package>
    <package name="src.middleware">
      <metrics statements="42" coveredstatements="41" conditionals="10" coveredconditionals="9" methods="5" coveredmethods="5"/>
      <file name="adminAuth.ts" path="/Users/guyshick/Desktop/final project/CSFinalProject/backend/src/middleware/adminAuth.ts">
        <metrics statements="6" coveredstatements="6" conditionals="2" coveredconditionals="2" methods="1" coveredmethods="1"/>
        <line num="2" count="12" type="stmt"/>
        <line num="8" count="12" type="stmt"/>
        <line num="13" count="22" type="cond" truecount="2" falsecount="0"/>
        <line num="14" count="4" type="stmt"/>
        <line num="15" count="4" type="stmt"/>
        <line num="17" count="18" type="stmt"/>
      </file>
      <file name="auth.ts" path="/Users/guyshick/Desktop/final project/CSFinalProject/backend/src/middleware/auth.ts">
        <metrics statements="18" coveredstatements="18" conditionals="4" coveredconditionals="4" methods="1" coveredmethods="1"/>
        <line num="2" count="12" type="stmt"/>
        <line num="3" count="12" type="stmt"/>
        <line num="4" count="12" type="stmt"/>
        <line num="6" count="12" type="stmt"/>
        <line num="11" count="696" type="stmt"/>
        <line num="12" count="696" type="stmt"/>
        <line num="13" count="696" type="cond" truecount="2" falsecount="0"/>
        <line num="14" count="5" type="stmt"/>
        <line num="17" count="691" type="stmt"/>
        <line num="19" count="691" type="stmt"/>
        <line num="20" count="691" type="stmt"/>
        <line num="22" count="1" type="stmt"/>
        <line num="25" count="690" type="stmt"/>
        <line num="29" count="690" type="cond" truecount="2" falsecount="0"/>
        <line num="30" count="1" type="stmt"/>
        <line num="33" count="689" type="stmt"/>
        <line num="34" count="689" type="stmt"/>
        <line num="36" count="7" type="stmt"/>
      </file>
      <file name="errorHandler.ts" path="/Users/guyshick/Desktop/final project/CSFinalProject/backend/src/middleware/errorHandler.ts">
        <metrics statements="7" coveredstatements="7" conditionals="2" coveredconditionals="2" methods="1" coveredmethods="1"/>
        <line num="2" count="13" type="stmt"/>
        <line num="4" count="13" type="stmt"/>
        <line num="10" count="94" type="cond" truecount="2" falsecount="0"/>
        <line num="11" count="93" type="stmt"/>
        <line num="18" count="93" type="stmt"/>
        <line num="21" count="1" type="stmt"/>
        <line num="22" count="1" type="stmt"/>
      </file>
      <file name="validate.ts" path="/Users/guyshick/Desktop/final project/CSFinalProject/backend/src/middleware/validate.ts">
        <metrics statements="11" coveredstatements="10" conditionals="2" coveredconditionals="1" methods="2" coveredmethods="2"/>
        <line num="2" count="13" type="stmt"/>
        <line num="3" count="13" type="stmt"/>
        <line num="5" count="13" type="stmt"/>
        <line num="6" count="183" type="stmt"/>
        <line num="7" count="362" type="stmt"/>
        <line num="8" count="362" type="stmt"/>
        <line num="9" count="353" type="stmt"/>
        <line num="11" count="9" type="cond" truecount="1" falsecount="1"/>
        <line num="12" count="9" type="stmt"/>
        <line num="13" count="9" type="stmt"/>
        <line num="15" count="0" type="stmt"/>
      </file>
    </package>
    <package name="src.routes">
      <metrics statements="772" coveredstatements="730" conditionals="504" coveredconditionals="416" methods="70" coveredmethods="67"/>
      <file name="admin.ts" path="/Users/guyshick/Desktop/final project/CSFinalProject/backend/src/routes/admin.ts">
        <metrics statements="90" coveredstatements="82" conditionals="56" coveredconditionals="52" methods="8" coveredmethods="8"/>
        <line num="1" count="12" type="stmt"/>
        <line num="2" count="12" type="stmt"/>
        <line num="3" count="12" type="stmt"/>
        <line num="4" count="12" type="stmt"/>
        <line num="5" count="12" type="stmt"/>
        <line num="6" count="12" type="stmt"/>
        <line num="7" count="12" type="stmt"/>
        <line num="8" count="12" type="stmt"/>
        <line num="9" count="12" type="stmt"/>
        <line num="11" count="12" type="stmt"/>
        <line num="13" count="12" type="stmt"/>
        <line num="14" count="12" type="stmt"/>
        <line num="17" count="12" type="stmt"/>
        <line num="20" count="1" type="stmt"/>
        <line num="21" count="1" type="cond" truecount="2" falsecount="0"/>
        <line num="22" count="1" type="cond" truecount="2" falsecount="0"/>
        <line num="23" count="1" type="stmt"/>
        <line num="25" count="1" type="stmt"/>
        <line num="46" count="1" type="stmt"/>
        <line num="48" count="0" type="stmt"/>
        <line num="54" count="12" type="stmt"/>
        <line num="57" count="2" type="stmt"/>
        <line num="58" count="2" type="stmt"/>
        <line num="61" count="2" type="cond" truecount="2" falsecount="0"/>
        <line num="63" count="1" type="stmt"/>
        <line num="69" count="1" type="stmt"/>
        <line num="71" count="1" type="stmt"/>
        <line num="73" count="1" type="stmt"/>
        <line num="79" count="12" type="stmt"/>
        <line num="82" count="2" type="stmt"/>
        <line num="83" count="2" type="stmt"/>
        <line num="86" count="2" type="cond" truecount="2" falsecount="0"/>
        <line num="88" count="1" type="stmt"/>
        <line num="98" count="1" type="stmt"/>
        <line num="100" count="1" type="stmt"/>
        <line num="106" count="12" type="stmt"/>
        <line num="109" count="1" type="stmt"/>
        <line num="110" count="1" type="cond" truecount="2" falsecount="0"/>
        <line num="111" count="1" type="cond" truecount="2" falsecount="0"/>
        <line num="112" count="1" type="stmt"/>
        <line num="114" count="1" type="stmt"/>
        <line num="131" count="1" type="stmt"/>
        <line num="133" count="0" type="stmt"/>
        <line num="139" count="12" type="stmt"/>
        <line num="142" count="4" type="stmt"/>
        <line num="143" count="4" type="stmt"/>
        <line num="144" count="4" type="cond" truecount="4" falsecount="0"/>
        <line num="145" count="1" type="stmt"/>
        <line num="148" count="3" type="stmt"/>
        <line num="149" count="3" type="cond" truecount="2" falsecount="0"/>
        <line num="151" count="2" type="cond" truecount="2" falsecount="0"/>
        <line num="152" count="2" type="stmt"/>
        <line num="158" count="2" type="stmt"/>
        <line num="171" count="2" type="stmt"/>
        <line num="173" count="1" type="stmt"/>
        <line num="179" count="12" type="stmt"/>
        <line num="182" count="3" type="stmt"/>
        <line num="183" count="3" type="stmt"/>
        <line num="184" count="3" type="cond" truecount="4" falsecount="0"/>
        <line num="185" count="2" type="stmt"/>
        <line num="188" count="1" type="stmt"/>
        <line num="189" count="1" type="cond" truecount="1" falsecount="1"/>
        <line num="191" count="0" type="cond" truecount="0" falsecount="2"/>
        <line num="192" count="0" type="stmt"/>
        <line num="194" count="0" type="stmt"/>
        <line num="195" count="0" type="stmt"/>
        <line num="197" count="0" type="stmt"/>
        <line num="203" count="12" type="stmt"/>
        <line num="206" count="1" type="stmt"/>
        <line num="207" count="1" type="cond" truecount="2" falsecount="0"/>
        <line num="208" count="1" type="cond" truecount="2" falsecount="0"/>
        <line num="209" count="1" type="stmt"/>
        <line num="211" count="1" type="stmt"/>
        <line num="231" count="1" type="stmt"/>
        <line num="233" count="0" type="stmt"/>
        <line num="239" count="12" type="stmt"/>
        <line num="243" count="4" type="stmt"/>
        <line num="244" count="4" type="stmt"/>
        <line num="246" count="4" type="stmt"/>
        <line num="247" count="4" type="cond" truecount="2" falsecount="0"/>
        <line num="249" count="3" type="cond" truecount="2" falsecount="0"/>
        <line num="250" count="3" type="stmt"/>
        <line num="260" count="3" type="cond" truecount="1" falsecount="1"/>
        <line num="261" count="3" type="cond" truecount="2" falsecount="0"/>
        <line num="262" count="3" type="cond" truecount="2" falsecount="0"/>
        <line num="263" count="3" type="cond" truecount="2" falsecount="0"/>
        <line num="267" count="3" type="stmt"/>
        <line num="269" count="3" type="stmt"/>
        <line num="271" count="1" type="stmt"/>
        <line num="276" count="12" type="stmt"/>
      </file>
      <file name="auth.ts" path="/Users/guyshick/Desktop/final project/CSFinalProject/backend/src/routes/auth.ts">
        <metrics statements="26" coveredstatements="26" conditionals="14" coveredconditionals="13" methods="1" coveredmethods="1"/>
        <line num="1" count="12" type="stmt"/>
        <line num="2" count="12" type="stmt"/>
        <line num="3" count="12" type="stmt"/>
        <line num="4" count="12" type="stmt"/>
        <line num="5" count="12" type="stmt"/>
        <line num="6" count="12" type="stmt"/>
        <line num="7" count="12" type="stmt"/>
        <line num="9" count="12" type="stmt"/>
        <line num="13" count="12" type="stmt"/>
        <line num="14" count="5" type="stmt"/>
        <line num="15" count="5" type="stmt"/>
        <line num="16" count="5" type="cond" truecount="2" falsecount="0"/>
        <line num="17" count="1" type="stmt"/>
        <line num="20" count="4" type="stmt"/>
        <line num="21" count="4" type="stmt"/>
        <line num="23" count="3" type="stmt"/>
        <line num="28" count="3" type="stmt"/>
        <line num="37" count="2" type="stmt"/>
        <line num="39" count="3" type="cond" truecount="2" falsecount="0"/>
        <line num="43" count="1" type="stmt"/>
        <line num="46" count="2" type="cond" truecount="2" falsecount="0"/>
        <line num="50" count="1" type="stmt"/>
        <line num="51" count="1" type="cond" truecount="1" falsecount="1"/>
        <line num="52" count="1" type="stmt"/>
        <line num="55" count="1" type="stmt"/>
        <line num="59" count="12" type="stmt"/>
      </file>
      <file name="bids.ts" path="/Users/guyshick/Desktop/final project/CSFinalProject/backend/src/routes/bids.ts">
        <metrics statements="110" coveredstatements="107" conditionals="72" coveredconditionals="55" methods="9" coveredmethods="9"/>
        <line num="1" count="12" type="stmt"/>
        <line num="3" count="12" type="stmt"/>
        <line num="4" count="12" type="stmt"/>
        <line num="5" count="12" type="stmt"/>
        <line num="6" count="12" type="stmt"/>
        <line num="7" count="12" type="stmt"/>
        <line num="8" count="12" type="stmt"/>
        <line num="9" count="12" type="stmt"/>
        <line num="16" count="12" type="stmt"/>
        <line num="18" count="12" type="stmt"/>
        <line num="21" count="12" type="stmt"/>
        <line num="22" count="80" type="stmt"/>
        <line num="23" count="80" type="stmt"/>
        <line num="28" count="80" type="cond" truecount="1" falsecount="1"/>
        <line num="29" count="80" type="cond" truecount="2" falsecount="0"/>
        <line num="30" count="79" type="cond" truecount="2" falsecount="0"/>
        <line num="33" count="78" type="stmt"/>
        <line num="40" count="78" type="stmt"/>
        <line num="41" count="78" type="stmt"/>
        <line num="42" count="78" type="cond" truecount="3" falsecount="1"/>
        <line num="43" count="0" type="stmt"/>
        <line num="46" count="78" type="stmt"/>
        <line num="50" count="78" type="stmt"/>
        <line num="54" count="78" type="stmt"/>
        <line num="66" count="78" type="stmt"/>
        <line num="76" count="78" type="stmt"/>
        <line num="80" count="78" type="stmt"/>
        <line num="81" count="2" type="stmt"/>
        <line num="91" count="78" type="stmt"/>
        <line num="92" count="78" type="stmt"/>
        <line num="94" count="2" type="stmt"/>
        <line num="99" count="12" type="stmt"/>
        <line num="100" count="5" type="stmt"/>
        <line num="101" count="5" type="stmt"/>
        <line num="106" count="5" type="cond" truecount="1" falsecount="1"/>
        <line num="107" count="5" type="cond" truecount="2" falsecount="0"/>
        <line num="108" count="4" type="cond" truecount="1" falsecount="1"/>
        <line num="110" count="4" type="stmt"/>
        <line num="112" count="4" type="stmt"/>
        <line num="121" count="4" type="stmt"/>
        <line num="130" count="4" type="stmt"/>
        <line num="132" count="1" type="stmt"/>
        <line num="137" count="12" type="stmt"/>
        <line num="138" count="3" type="stmt"/>
        <line num="139" count="3" type="stmt"/>
        <line num="144" count="3" type="cond" truecount="1" falsecount="1"/>
        <line num="145" count="3" type="cond" truecount="1" falsecount="1"/>
        <line num="146" count="3" type="cond" truecount="1" falsecount="1"/>
        <line num="148" count="3" type="stmt"/>
        <line num="153" count="3" type="stmt"/>
        <line num="162" count="3" type="stmt"/>
        <line num="164" count="0" type="stmt"/>
        <line num="169" count="12" type="stmt"/>
        <line num="170" count="4" type="stmt"/>
        <line num="171" count="4" type="stmt"/>
        <line num="176" count="4" type="cond" truecount="1" falsecount="1"/>
        <line num="177" count="4" type="cond" truecount="2" falsecount="0"/>
        <line num="178" count="3" type="cond" truecount="2" falsecount="0"/>
        <line num="179" count="2" type="cond" truecount="1" falsecount="1"/>
        <line num="181" count="2" type="stmt"/>
        <line num="182" count="2" type="stmt"/>
        <line num="186" count="2" type="stmt"/>
        <line num="192" count="2" type="stmt"/>
        <line num="202" count="2" type="stmt"/>
        <line num="203" count="2" type="cond" truecount="1" falsecount="1"/>
        <line num="204" count="0" type="stmt"/>
        <line num="210" count="2" type="stmt"/>
        <line num="212" count="2" type="stmt"/>
        <line num="217" count="12" type="stmt"/>
        <line num="218" count="2" type="stmt"/>
        <line num="219" count="2" type="stmt"/>
        <line num="224" count="2" type="cond" truecount="1" falsecount="1"/>
        <line num="225" count="2" type="cond" truecount="1" falsecount="1"/>
        <line num="226" count="2" type="cond" truecount="2" falsecount="0"/>
        <line num="227" count="1" type="cond" truecount="1" falsecount="1"/>
        <line num="229" count="1" type="stmt"/>
        <line num="234" count="1" type="stmt"/>
        <line num="236" count="1" type="stmt"/>
        <line num="241" count="12" type="stmt"/>
        <line num="242" count="6" type="stmt"/>
        <line num="243" count="6" type="stmt"/>
        <line num="247" count="6" type="cond" truecount="1" falsecount="1"/>
        <line num="248" count="6" type="cond" truecount="2" falsecount="0"/>
        <line num="249" count="5" type="cond" truecount="2" falsecount="0"/>
        <line num="251" count="4" type="stmt"/>
        <line num="252" count="4" type="stmt"/>
        <line num="253" count="4" type="cond" truecount="2" falsecount="0"/>
        <line num="254" count="2" type="cond" truecount="4" falsecount="0"/>
        <line num="255" count="1" type="stmt"/>
        <line num="257" count="1" type="stmt"/>
        <line num="259" count="3" type="cond" truecount="2" falsecount="0"/>
        <line num="260" count="2" type="cond" truecount="4" falsecount="0"/>
        <line num="261" count="1" type="stmt"/>
        <line num="263" count="1" type="stmt"/>
        <line num="266" count="2" type="cond" truecount="2" falsecount="0"/>
        <line num="267" count="1" type="stmt"/>
        <line num="270" count="1" type="stmt"/>
        <line num="275" count="1" type="stmt"/>
        <line num="277" count="5" type="stmt"/>
        <line num="282" count="12" type="stmt"/>
        <line num="283" count="3" type="stmt"/>
        <line num="284" count="3" type="stmt"/>
        <line num="285" count="3" type="cond" truecount="1" falsecount="1"/>
        <line num="286" count="3" type="cond" truecount="1" falsecount="1"/>
        <line num="287" count="3" type="cond" truecount="4" falsecount="0"/>
        <line num="288" count="1" type="stmt"/>
        <line num="290" count="2" type="stmt"/>
        <line num="291" count="2" type="stmt"/>
        <line num="293" count="1" type="stmt"/>
        <line num="297" count="12" type="stmt"/>
      </file>
      <file name="messages.ts" path="/Users/guyshick/Desktop/final project/CSFinalProject/backend/src/routes/messages.ts">
        <metrics statements="78" coveredstatements="71" conditionals="69" coveredconditionals="50" methods="9" coveredmethods="7"/>
        <line num="1" count="12" type="stmt"/>
        <line num="2" count="12" type="stmt"/>
        <line num="3" count="12" type="stmt"/>
        <line num="4" count="12" type="stmt"/>
        <line num="5" count="12" type="stmt"/>
        <line num="7" count="12" type="stmt"/>
        <line num="9" count="12" type="stmt"/>
        <line num="12" count="12" type="stmt"/>
        <line num="13" count="7" type="stmt"/>
        <line num="14" count="7" type="stmt"/>
        <line num="15" count="7" type="stmt"/>
        <line num="16" count="7" type="cond" truecount="2" falsecount="0"/>
        <line num="17" count="7" type="cond" truecount="2" falsecount="0"/>
        <line num="18" count="7" type="stmt"/>
        <line num="20" count="7" type="stmt"/>
        <line num="21" count="7" type="cond" truecount="2" falsecount="0"/>
        <line num="24" count="6" type="cond" truecount="2" falsecount="0"/>
        <line num="25" count="6" type="cond" truecount="2" falsecount="0"/>
        <line num="30" count="6" type="cond" truecount="4" falsecount="0"/>
        <line num="32" count="5" type="stmt"/>
        <line num="45" count="5" type="stmt"/>
        <line num="47" count="2" type="stmt"/>
        <line num="53" count="12" type="stmt"/>
        <line num="54" count="12" type="stmt"/>
        <line num="55" count="12" type="stmt"/>
        <line num="56" count="12" type="stmt"/>
        <line num="60" count="12" type="cond" truecount="2" falsecount="0"/>
        <line num="67" count="12" type="stmt"/>
        <line num="90" count="12" type="stmt"/>
        <line num="91" count="12" type="stmt"/>
        <line num="101" count="12" type="stmt"/>
        <line num="103" count="12" type="stmt"/>
        <line num="106" count="8" type="stmt"/>
        <line num="107" count="8" type="stmt"/>
        <line num="108" count="8" type="cond" truecount="2" falsecount="0"/>
        <line num="110" count="5" type="cond" truecount="1" falsecount="4"/>
        <line num="112" count="3" type="stmt"/>
        <line num="115" count="8" type="cond" truecount="1" falsecount="1"/>
        <line num="116" count="0" type="cond" truecount="0" falsecount="6"/>
        <line num="119" count="8" type="cond" truecount="1" falsecount="1"/>
        <line num="121" count="8" type="stmt"/>
        <line num="134" count="0" type="cond" truecount="0" falsecount="2"/>
        <line num="135" count="0" type="cond" truecount="0" falsecount="2"/>
        <line num="136" count="0" type="stmt"/>
        <line num="139" count="12" type="stmt"/>
        <line num="141" count="0" type="stmt"/>
        <line num="146" count="12" type="stmt"/>
        <line num="147" count="5" type="stmt"/>
        <line num="148" count="5" type="stmt"/>
        <line num="149" count="5" type="stmt"/>
        <line num="151" count="5" type="stmt"/>
        <line num="152" count="5" type="cond" truecount="2" falsecount="0"/>
        <line num="155" count="4" type="cond" truecount="2" falsecount="0"/>
        <line num="156" count="4" type="cond" truecount="2" falsecount="0"/>
        <line num="158" count="3" type="cond" truecount="4" falsecount="0"/>
        <line num="159" count="1" type="stmt"/>
        <line num="162" count="2" type="stmt"/>
        <line num="164" count="2" type="stmt"/>
        <line num="166" count="3" type="stmt"/>
        <line num="171" count="12" type="stmt"/>
        <line num="172" count="6" type="stmt"/>
        <line num="173" count="6" type="stmt"/>
        <line num="174" count="6" type="stmt"/>
        <line num="176" count="6" type="stmt"/>
        <line num="177" count="6" type="cond" truecount="2" falsecount="0"/>
        <line num="180" count="5" type="cond" truecount="2" falsecount="0"/>
        <line num="181" count="5" type="cond" truecount="2" falsecount="0"/>
        <line num="186" count="5" type="cond" truecount="4" falsecount="0"/>
        <line num="189" count="4" type="stmt"/>
        <line num="194" count="4" type="stmt"/>
        <line num="200" count="4" type="cond" truecount="2" falsecount="0"/>
        <line num="201" count="3" type="stmt"/>
        <line num="202" count="3" type="cond" truecount="1" falsecount="1"/>
        <line num="203" count="0" type="stmt"/>
        <line num="206" count="0" type="stmt"/>
        <line num="211" count="4" type="stmt"/>
        <line num="213" count="2" type="stmt"/>
        <line num="217" count="12" type="stmt"/>
      </file>
      <file name="notifications.ts" path="/Users/guyshick/Desktop/final project/CSFinalProject/backend/src/routes/notifications.ts">
        <metrics statements="44" coveredstatements="41" conditionals="10" coveredconditionals="10" methods="5" coveredmethods="5"/>
        <line num="1" count="12" type="stmt"/>
        <line num="2" count="12" type="stmt"/>
        <line num="3" count="12" type="stmt"/>
        <line num="4" count="12" type="stmt"/>
        <line num="6" count="12" type="stmt"/>
        <line num="8" count="12" type="stmt"/>
        <line num="11" count="12" type="stmt"/>
        <line num="12" count="1" type="stmt"/>
        <line num="16" count="1" type="stmt"/>
        <line num="18" count="1" type="stmt"/>
        <line num="19" count="1" type="stmt"/>
        <line num="20" count="1" type="stmt"/>
        <line num="22" count="1" type="stmt"/>
        <line num="32" count="1" type="stmt"/>
        <line num="34" count="0" type="stmt"/>
        <line num="40" count="12" type="stmt"/>
        <line num="41" count="1" type="stmt"/>
        <line num="42" count="1" type="stmt"/>
        <line num="47" count="1" type="stmt"/>
        <line num="49" count="0" type="stmt"/>
        <line num="54" count="12" type="stmt"/>
        <line num="55" count="3" type="stmt"/>
        <line num="56" count="3" type="stmt"/>
        <line num="60" count="3" type="cond" truecount="2" falsecount="0"/>
        <line num="61" count="2" type="cond" truecount="2" falsecount="0"/>
        <line num="62" count="1" type="stmt"/>
        <line num="65" count="1" type="stmt"/>
        <line num="70" count="1" type="stmt"/>
        <line num="72" count="2" type="stmt"/>
        <line num="77" count="12" type="stmt"/>
        <line num="78" count="1" type="stmt"/>
        <line num="79" count="1" type="stmt"/>
        <line num="82" count="1" type="stmt"/>
        <line num="84" count="0" type="stmt"/>
        <line num="89" count="12" type="stmt"/>
        <line num="90" count="3" type="stmt"/>
        <line num="91" count="3" type="stmt"/>
        <line num="95" count="3" type="cond" truecount="2" falsecount="0"/>
        <line num="96" count="2" type="cond" truecount="2" falsecount="0"/>
        <line num="97" count="1" type="stmt"/>
        <line num="100" count="1" type="stmt"/>
        <line num="101" count="1" type="stmt"/>
        <line num="103" count="2" type="stmt"/>
        <line num="107" count="12" type="stmt"/>
      </file>
      <file name="reviews.ts" path="/Users/guyshick/Desktop/final project/CSFinalProject/backend/src/routes/reviews.ts">
        <metrics statements="25" coveredstatements="24" conditionals="10" coveredconditionals="9" methods="1" coveredmethods="1"/>
        <line num="1" count="12" type="stmt"/>
        <line num="2" count="12" type="stmt"/>
        <line num="3" count="12" type="stmt"/>
        <line num="4" count="12" type="stmt"/>
        <line num="5" count="12" type="stmt"/>
        <line num="6" count="12" type="stmt"/>
        <line num="7" count="12" type="stmt"/>
        <line num="13" count="12" type="stmt"/>
        <line num="15" count="12" type="stmt"/>
        <line num="18" count="12" type="stmt"/>
        <line num="22" count="20" type="stmt"/>
        <line num="23" count="20" type="stmt"/>
        <line num="27" count="20" type="cond" truecount="2" falsecount="0"/>
        <line num="29" count="19" type="cond" truecount="2" falsecount="0"/>
        <line num="30" count="1" type="stmt"/>
        <line num="33" count="18" type="stmt"/>
        <line num="38" count="18" type="stmt"/>
        <line num="39" count="18" type="stmt"/>
        <line num="49" count="17" type="stmt"/>
        <line num="54" count="17" type="stmt"/>
        <line num="56" count="1" type="cond" truecount="1" falsecount="1"/>
        <line num="60" count="1" type="stmt"/>
        <line num="62" count="0" type="stmt"/>
        <line num="65" count="3" type="stmt"/>
        <line num="70" count="12" type="stmt"/>
      </file>
      <file name="tasks.ts" path="/Users/guyshick/Desktop/final project/CSFinalProject/backend/src/routes/tasks.ts">
        <metrics statements="289" coveredstatements="280" conditionals="235" coveredconditionals="193" methods="24" coveredmethods="23"/>
        <line num="1" count="12" type="stmt"/>
        <line num="2" count="12" type="stmt"/>
        <line num="3" count="12" type="stmt"/>
        <line num="4" count="12" type="stmt"/>
        <line num="5" count="12" type="stmt"/>
        <line num="6" count="12" type="stmt"/>
        <line num="7" count="12" type="stmt"/>
        <line num="8" count="12" type="stmt"/>
        <line num="14" count="12" type="stmt"/>
        <line num="15" count="12" type="stmt"/>
        <line num="24" count="12" type="stmt"/>
        <line num="27" count="12" type="stmt"/>
        <line num="34" count="139" type="cond" truecount="3" falsecount="1"/>
        <line num="35" count="139" type="stmt"/>
        <line num="36" count="558" type="stmt"/>
        <line num="37" count="558" type="stmt"/>
        <line num="38" count="558" type="cond" truecount="4" falsecount="0"/>
        <line num="39" count="139" type="stmt"/>
        <line num="40" count="139" type="stmt"/>
        <line num="41" count="139" type="stmt"/>
        <line num="44" count="0" type="stmt"/>
        <line num="48" count="12" type="stmt"/>
        <line num="51" count="12" type="stmt"/>
        <line num="52" count="139" type="stmt"/>
        <line num="64" count="139" type="stmt"/>
        <line num="78" count="139" type="cond" truecount="2" falsecount="0"/>
        <line num="79" count="1" type="stmt"/>
        <line num="84" count="138" type="stmt"/>
        <line num="110" count="138" type="stmt"/>
        <line num="115" count="138" type="stmt"/>
        <line num="117" count="1" type="stmt"/>
        <line num="122" count="12" type="stmt"/>
        <line num="123" count="7" type="stmt"/>
        <line num="134" count="7" type="stmt"/>
        <line num="136" count="7" type="cond" truecount="4" falsecount="0"/>
        <line num="137" count="1" type="stmt"/>
        <line num="140" count="6" type="stmt"/>
        <line num="141" count="6" type="stmt"/>
        <line num="142" count="6" type="stmt"/>
        <line num="143" count="6" type="stmt"/>
        <line num="144" count="6" type="stmt"/>
        <line num="145" count="6" type="stmt"/>
        <line num="146" count="6" type="stmt"/>
        <line num="148" count="6" type="cond" truecount="2" falsecount="0"/>
        <line num="149" count="6" type="cond" truecount="2" falsecount="0"/>
        <line num="177" count="6" type="cond" truecount="4" falsecount="0"/>
        <line num="178" count="1" type="stmt"/>
        <line num="211" count="1" type="stmt"/>
        <line num="224" count="5" type="stmt"/>
        <line num="256" count="5" type="stmt"/>
        <line num="269" count="6" type="stmt"/>
        <line num="270" count="6" type="stmt"/>
        <line num="272" count="1" type="stmt"/>
        <line num="277" count="12" type="stmt"/>
        <line num="278" count="5" type="stmt"/>
        <line num="279" count="5" type="stmt"/>
        <line num="297" count="5" type="cond" truecount="2" falsecount="0"/>
        <line num="300" count="4" type="stmt"/>
        <line num="304" count="4" type="cond" truecount="1" falsecount="1"/>
        <line num="306" count="4" type="stmt"/>
        <line num="307" count="4" type="stmt"/>
        <line num="310" count="4" type="stmt"/>
        <line num="311" count="4" type="cond" truecount="4" falsecount="0"/>
        <line num="315" count="4" type="stmt"/>
        <line num="325" count="1" type="stmt"/>
        <line num="330" count="12" type="stmt"/>
        <line num="331" count="5" type="stmt"/>
        <line num="332" count="5" type="stmt"/>
        <line num="333" count="5" type="cond" truecount="4" falsecount="0"/>
        <line num="335" count="4" type="stmt"/>
        <line num="339" count="4" type="stmt"/>
        <line num="340" count="4" type="cond" truecount="2" falsecount="0"/>
        <line num="342" count="3" type="cond" truecount="1" falsecount="1"/>
        <line num="343" count="3" type="cond" truecount="1" falsecount="1"/>
        <line num="344" count="0" type="stmt"/>
        <line num="345" count="0" type="stmt"/>
        <line num="349" count="3" type="stmt"/>
        <line num="357" count="3" type="stmt"/>
        <line num="359" count="3" type="stmt"/>
        <line num="361" count="3" type="cond" truecount="4" falsecount="0"/>
        <line num="362" count="1" type="stmt"/>
        <line num="363" count="1" type="stmt"/>
        <line num="366" count="2" type="stmt"/>
        <line num="369" count="2" type="stmt"/>
        <line num="370" count="6" type="stmt"/>
        <line num="377" count="2" type="stmt"/>
        <line num="385" count="2" type="stmt"/>
        <line num="390" count="12" type="stmt"/>
        <line num="391" count="3" type="stmt"/>
        <line num="392" count="3" type="stmt"/>
        <line num="393" count="3" type="cond" truecount="1" falsecount="1"/>
        <line num="394" count="3" type="cond" truecount="2" falsecount="0"/>
        <line num="395" count="2" type="cond" truecount="2" falsecount="0"/>
        <line num="397" count="1" type="stmt"/>
        <line num="399" count="1" type="stmt"/>
        <line num="411" count="1" type="stmt"/>
        <line num="413" count="2" type="stmt"/>
        <line num="418" count="12" type="stmt"/>
        <line num="419" count="14" type="stmt"/>
        <line num="420" count="14" type="stmt"/>
        <line num="421" count="14" type="stmt"/>
        <line num="423" count="14" type="cond" truecount="1" falsecount="1"/>
        <line num="425" count="14" type="cond" truecount="2" falsecount="0"/>
        <line num="430" count="13" type="stmt"/>
        <line num="435" count="13" type="cond" truecount="2" falsecount="0"/>
        <line num="436" count="2" type="stmt"/>
        <line num="441" count="11" type="cond" truecount="4" falsecount="0"/>
        <line num="443" count="6" type="stmt"/>
        <line num="447" count="6" type="stmt"/>
        <line num="448" count="6" type="stmt"/>
        <line num="452" count="6" type="stmt"/>
        <line num="458" count="6" type="stmt"/>
        <line num="459" count="2" type="stmt"/>
        <line num="468" count="5" type="cond" truecount="3" falsecount="1"/>
        <line num="469" count="5" type="cond" truecount="2" falsecount="0"/>
        <line num="470" count="1" type="stmt"/>
        <line num="472" count="4" type="stmt"/>
        <line num="477" count="4" type="cond" truecount="1" falsecount="1"/>
        <line num="478" count="4" type="stmt"/>
        <line num="490" count="10" type="stmt"/>
        <line num="491" count="10" type="cond" truecount="1" falsecount="1"/>
        <line num="492" count="0" type="stmt"/>
        <line num="498" count="10" type="stmt"/>
        <line num="499" count="10" type="stmt"/>
        <line num="501" count="4" type="stmt"/>
        <line num="506" count="12" type="stmt"/>
        <line num="507" count="7" type="stmt"/>
        <line num="508" count="7" type="stmt"/>
        <line num="510" count="7" type="cond" truecount="2" falsecount="0"/>
        <line num="511" count="6" type="cond" truecount="2" falsecount="0"/>
        <line num="512" count="5" type="cond" truecount="2" falsecount="0"/>
        <line num="521" count="4" type="stmt"/>
        <line num="522" count="4" type="stmt"/>
        <line num="523" count="4" type="stmt"/>
        <line num="524" count="4" type="stmt"/>
        <line num="530" count="4" type="stmt"/>
        <line num="532" count="3" type="stmt"/>
        <line num="537" count="12" type="stmt"/>
        <line num="538" count="44" type="stmt"/>
        <line num="539" count="44" type="stmt"/>
        <line num="541" count="44" type="cond" truecount="1" falsecount="1"/>
        <line num="542" count="44" type="cond" truecount="1" falsecount="1"/>
        <line num="543" count="44" type="cond" truecount="4" falsecount="0"/>
        <line num="544" count="1" type="stmt"/>
        <line num="547" count="43" type="stmt"/>
        <line num="553" count="43" type="cond" truecount="1" falsecount="1"/>
        <line num="554" count="43" type="stmt"/>
        <line num="564" count="43" type="stmt"/>
        <line num="566" count="1" type="stmt"/>
        <line num="571" count="12" type="stmt"/>
        <line num="572" count="73" type="stmt"/>
        <line num="573" count="73" type="stmt"/>
        <line num="575" count="73" type="cond" truecount="1" falsecount="1"/>
        <line num="576" count="73" type="cond" truecount="1" falsecount="1"/>
        <line num="577" count="73" type="cond" truecount="1" falsecount="1"/>
        <line num="579" count="73" type="stmt"/>
        <line num="580" count="73" type="stmt"/>
        <line num="581" count="73" type="cond" truecount="3" falsecount="1"/>
        <line num="584" count="73" type="stmt"/>
        <line num="585" count="73" type="stmt"/>
        <line num="586" count="73" type="cond" truecount="3" falsecount="1"/>
        <line num="587" count="0" type="stmt"/>
        <line num="589" count="73" type="cond" truecount="4" falsecount="0"/>
        <line num="590" count="1" type="stmt"/>
        <line num="592" count="72" type="cond" truecount="4" falsecount="0"/>
        <line num="593" count="1" type="stmt"/>
        <line num="596" count="71" type="stmt"/>
        <line num="597" count="71" type="cond" truecount="2" falsecount="0"/>
        <line num="598" count="71" type="cond" truecount="2" falsecount="0"/>
        <line num="599" count="39" type="stmt"/>
        <line num="600" count="39" type="stmt"/>
        <line num="603" count="71" type="cond" truecount="2" falsecount="0"/>
        <line num="604" count="71" type="cond" truecount="2" falsecount="0"/>
        <line num="605" count="71" type="cond" truecount="2" falsecount="0"/>
        <line num="607" count="71" type="cond" truecount="2" falsecount="0"/>
        <line num="608" count="31" type="stmt"/>
        <line num="612" count="31" type="cond" truecount="1" falsecount="1"/>
        <line num="613" count="31" type="stmt"/>
        <line num="618" count="31" type="stmt"/>
        <line num="620" count="40" type="stmt"/>
        <line num="624" count="40" type="stmt"/>
        <line num="628" count="71" type="cond" truecount="2" falsecount="0"/>
        <line num="630" count="31" type="stmt"/>
        <line num="638" count="31" type="cond" truecount="1" falsecount="1"/>
        <line num="639" count="31" type="stmt"/>
        <line num="649" count="31" type="stmt"/>
        <line num="652" count="31" type="cond" truecount="2" falsecount="0"/>
        <line num="653" count="30" type="stmt"/>
        <line num="657" count="30" type="stmt"/>
        <line num="668" count="40" type="cond" truecount="2" falsecount="0"/>
        <line num="669" count="40" type="cond" truecount="1" falsecount="1"/>
        <line num="670" count="40" type="stmt"/>
        <line num="682" count="71" type="cond" truecount="2" falsecount="0"/>
        <line num="683" count="31" type="stmt"/>
        <line num="684" count="31" type="cond" truecount="1" falsecount="1"/>
        <line num="685" count="0" type="stmt"/>
        <line num="692" count="71" type="stmt"/>
        <line num="693" count="71" type="stmt"/>
        <line num="695" count="2" type="stmt"/>
        <line num="700" count="12" type="stmt"/>
        <line num="701" count="112" type="stmt"/>
        <line num="702" count="112" type="stmt"/>
        <line num="704" count="112" type="cond" truecount="1" falsecount="1"/>
        <line num="705" count="112" type="cond" truecount="1" falsecount="1"/>
        <line num="706" count="112" type="cond" truecount="2" falsecount="0"/>
        <line num="709" count="111" type="stmt"/>
        <line num="712" count="111" type="cond" truecount="2" falsecount="0"/>
        <line num="713" count="1" type="stmt"/>
        <line num="717" count="110" type="stmt"/>
        <line num="720" count="110" type="cond" truecount="1" falsecount="1"/>
        <line num="722" count="110" type="stmt"/>
        <line num="727" count="110" type="stmt"/>
        <line num="737" count="110" type="stmt"/>
        <line num="738" count="110" type="stmt"/>
        <line num="742" count="110" type="cond" truecount="1" falsecount="1"/>
        <line num="743" count="110" type="stmt"/>
        <line num="744" count="110" type="cond" truecount="2" falsecount="0"/>
        <line num="745" count="110" type="stmt"/>
        <line num="746" count="110" type="stmt"/>
        <line num="752" count="110" type="stmt"/>
        <line num="761" count="110" type="stmt"/>
        <line num="763" count="1" type="stmt"/>
        <line num="768" count="12" type="stmt"/>
        <line num="769" count="3" type="stmt"/>
        <line num="770" count="3" type="stmt"/>
        <line num="772" count="3" type="cond" truecount="1" falsecount="1"/>
        <line num="773" count="3" type="cond" truecount="2" falsecount="0"/>
        <line num="775" count="2" type="stmt"/>
        <line num="782" count="2" type="stmt"/>
        <line num="788" count="2" type="stmt"/>
        <line num="792" count="2" type="stmt"/>
        <line num="793" count="0" type="stmt"/>
        <line num="797" count="2" type="stmt"/>
        <line num="798" count="2" type="stmt"/>
        <line num="802" count="2" type="stmt"/>
        <line num="803" count="2" type="stmt"/>
        <line num="804" count="1" type="cond" truecount="2" falsecount="0"/>
        <line num="805" count="1" type="stmt"/>
        <line num="806" count="1" type="stmt"/>
        <line num="809" count="2" type="stmt"/>
        <line num="816" count="2" type="stmt"/>
        <line num="818" count="1" type="stmt"/>
        <line num="823" count="12" type="stmt"/>
        <line num="824" count="27" type="stmt"/>
        <line num="825" count="27" type="stmt"/>
        <line num="829" count="27" type="cond" truecount="1" falsecount="1"/>
        <line num="830" count="27" type="cond" truecount="2" falsecount="0"/>
        <line num="831" count="1" type="stmt"/>
        <line num="833" count="26" type="cond" truecount="2" falsecount="0"/>
        <line num="834" count="1" type="stmt"/>
        <line num="836" count="25" type="cond" truecount="2" falsecount="0"/>
        <line num="837" count="1" type="stmt"/>
        <line num="841" count="24" type="cond" truecount="1" falsecount="1"/>
        <line num="842" count="0" type="stmt"/>
        <line num="844" count="24" type="stmt"/>
        <line num="845" count="24" type="cond" truecount="2" falsecount="0"/>
        <line num="846" count="1" type="stmt"/>
        <line num="850" count="23" type="stmt"/>
        <line num="858" count="23" type="cond" truecount="2" falsecount="0"/>
        <line num="859" count="1" type="stmt"/>
        <line num="862" count="22" type="stmt"/>
        <line num="864" count="22" type="stmt"/>
        <line num="875" count="22" type="stmt"/>
        <line num="877" count="22" type="stmt"/>
        <line num="879" count="5" type="stmt"/>
        <line num="884" count="12" type="stmt"/>
        <line num="885" count="4" type="stmt"/>
        <line num="886" count="4" type="stmt"/>
        <line num="887" count="4" type="cond" truecount="2" falsecount="0"/>
        <line num="888" count="3" type="cond" truecount="2" falsecount="0"/>
        <line num="889" count="1" type="cond" truecount="2" falsecount="2"/>
        <line num="890" count="0" type="stmt"/>
        <line num="893" count="1" type="stmt"/>
        <line num="895" count="1" type="stmt"/>
        <line num="901" count="1" type="stmt"/>
        <line num="906" count="1" type="stmt"/>
        <line num="908" count="1" type="stmt"/>
        <line num="910" count="3" type="stmt"/>
        <line num="915" count="12" type="stmt"/>
        <line num="916" count="3" type="stmt"/>
        <line num="917" count="3" type="stmt"/>
        <line num="918" count="3" type="cond" truecount="1" falsecount="1"/>
        <line num="919" count="3" type="cond" truecount="2" falsecount="0"/>
        <line num="920" count="2" type="cond" truecount="4" falsecount="0"/>
        <line num="921" count="1" type="stmt"/>
        <line num="924" count="1" type="stmt"/>
        <line num="932" count="1" type="stmt"/>
        <line num="934" count="2" type="stmt"/>
        <line num="938" count="12" type="stmt"/>
      </file>
      <file name="users.ts" path="/Users/guyshick/Desktop/final project/CSFinalProject/backend/src/routes/users.ts">
        <metrics statements="110" coveredstatements="99" conditionals="38" coveredconditionals="34" methods="13" coveredmethods="13"/>
        <line num="1" count="12" type="stmt"/>
        <line num="3" count="12" type="stmt"/>
        <line num="4" count="12" type="stmt"/>
        <line num="5" count="12" type="stmt"/>
        <line num="6" count="12" type="stmt"/>
        <line num="7" count="12" type="stmt"/>
        <line num="9" count="12" type="stmt"/>
        <line num="12" count="12" type="stmt"/>
        <line num="15" count="12" type="stmt"/>
        <line num="16" count="5" type="stmt"/>
        <line num="17" count="5" type="stmt"/>
        <line num="24" count="5" type="stmt"/>
        <line num="26" count="0" type="stmt"/>
        <line num="31" count="12" type="stmt"/>
        <line num="32" count="2" type="stmt"/>
        <line num="37" count="2" type="stmt"/>
        <line num="39" count="2" type="stmt"/>
        <line num="40" count="2" type="stmt"/>
        <line num="41" count="2" type="stmt"/>
        <line num="43" count="2" type="stmt"/>
        <line num="48" count="2" type="stmt"/>
        <line num="63" count="2" type="stmt"/>
        <line num="75" count="2" type="stmt"/>
        <line num="77" count="0" type="stmt"/>
        <line num="82" count="12" type="stmt"/>
        <line num="83" count="1" type="stmt"/>
        <line num="88" count="1" type="stmt"/>
        <line num="90" count="1" type="stmt"/>
        <line num="91" count="1" type="stmt"/>
        <line num="92" count="1" type="stmt"/>
        <line num="94" count="1" type="stmt"/>
        <line num="99" count="1" type="stmt"/>
        <line num="118" count="1" type="stmt"/>
        <line num="120" count="0" type="stmt"/>
        <line num="125" count="12" type="stmt"/>
        <line num="126" count="2" type="stmt"/>
        <line num="127" count="2" type="stmt"/>
        <line num="131" count="2" type="stmt"/>
        <line num="133" count="0" type="cond" truecount="0" falsecount="2"/>
        <line num="134" count="0" type="stmt"/>
        <line num="136" count="0" type="stmt"/>
        <line num="141" count="12" type="stmt"/>
        <line num="142" count="1" type="stmt"/>
        <line num="143" count="1" type="stmt"/>
        <line num="147" count="1" type="stmt"/>
        <line num="149" count="0" type="stmt"/>
        <line num="154" count="12" type="stmt"/>
        <line num="155" count="1" type="stmt"/>
        <line num="156" count="1" type="stmt"/>
        <line num="159" count="1" type="stmt"/>
        <line num="161" count="0" type="stmt"/>
        <line num="166" count="12" type="stmt"/>
        <line num="167" count="2" type="stmt"/>
        <line num="168" count="2" type="stmt"/>
        <line num="169" count="2" type="cond" truecount="1" falsecount="1"/>
        <line num="170" count="2" type="cond" truecount="2" falsecount="0"/>
        <line num="171" count="1" type="stmt"/>
        <line num="172" count="1" type="stmt"/>
        <line num="174" count="1" type="stmt"/>
        <line num="179" count="12" type="stmt"/>
        <line num="180" count="9" type="stmt"/>
        <line num="181" count="9" type="stmt"/>
        <line num="182" count="9" type="cond" truecount="2" falsecount="0"/>
        <line num="183" count="1" type="stmt"/>
        <line num="185" count="8" type="cond" truecount="2" falsecount="0"/>
        <line num="186" count="1" type="stmt"/>
        <line num="189" count="7" type="stmt"/>
        <line num="196" count="7" type="stmt"/>
        <line num="198" count="0" type="stmt"/>
        <line num="203" count="12" type="stmt"/>
        <line num="204" count="1" type="stmt"/>
        <line num="205" count="1" type="stmt"/>
        <line num="209" count="1" type="stmt"/>
        <line num="211" count="0" type="stmt"/>
        <line num="216" count="12" type="stmt"/>
        <line num="217" count="6" type="stmt"/>
        <line num="218" count="6" type="stmt"/>
        <line num="221" count="6" type="stmt"/>
        <line num="222" count="6" type="cond" truecount="2" falsecount="0"/>
        <line num="223" count="1" type="stmt"/>
        <line num="227" count="5" type="stmt"/>
        <line num="231" count="5" type="cond" truecount="2" falsecount="0"/>
        <line num="232" count="3" type="cond" truecount="2" falsecount="0"/>
        <line num="233" count="1" type="stmt"/>
        <line num="235" count="2" type="cond" truecount="2" falsecount="0"/>
        <line num="236" count="1" type="stmt"/>
        <line num="239" count="1" type="stmt"/>
        <line num="243" count="1" type="stmt"/>
        <line num="246" count="2" type="stmt"/>
        <line num="249" count="2" type="stmt"/>
        <line num="251" count="0" type="stmt"/>
        <line num="256" count="12" type="stmt"/>
        <line num="257" count="3" type="stmt"/>
        <line num="258" count="3" type="stmt"/>
        <line num="278" count="3" type="cond" truecount="2" falsecount="0"/>
        <line num="279" count="2" type="stmt"/>
        <line num="281" count="1" type="stmt"/>
        <line num="286" count="12" type="stmt"/>
        <line num="287" count="2" type="stmt"/>
        <line num="288" count="2" type="stmt"/>
        <line num="291" count="2" type="cond" truecount="2" falsecount="0"/>
        <line num="296" count="1" type="stmt"/>
        <line num="298" count="1" type="stmt"/>
        <line num="299" count="1" type="stmt"/>
        <line num="300" count="1" type="stmt"/>
        <line num="302" count="1" type="stmt"/>
        <line num="304" count="1" type="stmt"/>
        <line num="315" count="1" type="stmt"/>
        <line num="317" count="1" type="stmt"/>
        <line num="321" count="12" type="stmt"/>
      </file>
    </package>
    <package name="src.services">
      <metrics statements="15" coveredstatements="15" conditionals="8" coveredconditionals="7" methods="4" coveredmethods="4"/>
      <file name="notificationService.ts" path="/Users/guyshick/Desktop/final project/CSFinalProject/backend/src/services/notificationService.ts">
        <metrics statements="15" coveredstatements="15" conditionals="8" coveredconditionals="7" methods="4" coveredmethods="4"/>
        <line num="3" count="13" type="stmt"/>
        <line num="9" count="1" type="cond" truecount="1" falsecount="1"/>
        <line num="10" count="2" type="stmt"/>
        <line num="11" count="1" type="stmt"/>
        <line num="13" count="1" type="stmt"/>
        <line num="22" count="13" type="stmt"/>
        <line num="31" count="399" type="stmt"/>
        <line num="33" count="399" type="stmt"/>
        <line num="46" count="397" type="stmt"/>
        <line num="51" count="794" type="stmt"/>
        <line num="52" count="397" type="cond" truecount="4" falsecount="0"/>
        <line num="54" count="1" type="stmt"/>
        <line num="61" count="1" type="stmt"/>
        <line num="62" count="1" type="stmt"/>
        <line num="65" count="2" type="stmt"/>
      </file>
    </package>
    <package name="src.utils">
      <metrics statements="99" coveredstatements="98" conditionals="30" coveredconditionals="23" methods="11" coveredmethods="11"/>
      <file name="completionChecker.ts" path="/Users/guyshick/Desktop/final project/CSFinalProject/backend/src/utils/completionChecker.ts">
        <metrics statements="31" coveredstatements="30" conditionals="18" coveredconditionals="13" methods="2" coveredmethods="2"/>
        <line num="1" count="1" type="stmt"/>
        <line num="2" count="1" type="stmt"/>
        <line num="4" count="1" type="stmt"/>
        <line num="5" count="1" type="stmt"/>
        <line num="12" count="1" type="stmt"/>
        <line num="13" count="7" type="stmt"/>
        <line num="14" count="7" type="stmt"/>
        <line num="26" count="7" type="stmt"/>
        <line num="28" count="7" type="stmt"/>
        <line num="29" count="7" type="cond" truecount="1" falsecount="1"/>
        <line num="30" count="7" type="stmt"/>
        <line num="31" count="7" type="stmt"/>
        <line num="32" count="7" type="stmt"/>
        <line num="34" count="7" type="cond" truecount="2" falsecount="0"/>
        <line num="36" count="3" type="stmt"/>
        <line num="37" count="3" type="stmt"/>
        <line num="45" count="3" type="cond" truecount="1" falsecount="1"/>
        <line num="46" count="3" type="stmt"/>
        <line num="53" count="3" type="stmt"/>
        <line num="61" count="3" type="cond" truecount="1" falsecount="1"/>
        <line num="62" count="3" type="stmt"/>
        <line num="73" count="3" type="stmt"/>
        <line num="76" count="3" type="cond" truecount="2" falsecount="0"/>
        <line num="77" count="2" type="stmt"/>
        <line num="87" count="3" type="stmt"/>
        <line num="88" count="4" type="cond" truecount="2" falsecount="0"/>
        <line num="90" count="3" type="stmt"/>
        <line num="99" count="3" type="cond" truecount="2" falsecount="0"/>
        <line num="100" count="2" type="stmt"/>
        <line num="108" count="2" type="stmt"/>
        <line num="113" count="0" type="stmt"/>
      </file>
      <file name="errors.ts" path="/Users/guyshick/Desktop/final project/CSFinalProject/backend/src/utils/errors.ts">
        <metrics statements="22" coveredstatements="22" conditionals="0" coveredconditionals="0" methods="7" coveredmethods="7"/>
        <line num="1" count="15" type="stmt"/>
        <line num="7" count="104" type="stmt"/>
        <line num="8" count="104" type="stmt"/>
        <line num="9" count="104" type="stmt"/>
        <line num="13" count="15" type="stmt"/>
        <line num="14" count="10" type="stmt"/>
        <line num="15" count="10" type="stmt"/>
        <line num="18" count="15" type="stmt"/>
        <line num="19" count="29" type="stmt"/>
        <line num="20" count="29" type="stmt"/>
        <line num="23" count="15" type="stmt"/>
        <line num="24" count="20" type="stmt"/>
        <line num="25" count="20" type="stmt"/>
        <line num="28" count="15" type="stmt"/>
        <line num="29" count="13" type="stmt"/>
        <line num="30" count="13" type="stmt"/>
        <line num="33" count="15" type="stmt"/>
        <line num="34" count="31" type="stmt"/>
        <line num="35" count="31" type="stmt"/>
        <line num="38" count="15" type="stmt"/>
        <line num="39" count="1" type="stmt"/>
        <line num="40" count="1" type="stmt"/>
      </file>
      <file name="profanityFilter.ts" path="/Users/guyshick/Desktop/final project/CSFinalProject/backend/src/utils/profanityFilter.ts">
        <metrics statements="12" coveredstatements="12" conditionals="4" coveredconditionals="4" methods="1" coveredmethods="1"/>
        <line num="6" count="14" type="stmt"/>
        <line num="29" count="14" type="stmt"/>
        <line num="88" count="14" type="stmt"/>
        <line num="89" count="31" type="stmt"/>
        <line num="92" count="31" type="stmt"/>
        <line num="93" count="1254" type="stmt"/>
        <line num="94" count="1254" type="cond" truecount="2" falsecount="0"/>
        <line num="98" count="29" type="stmt"/>
        <line num="99" count="29" type="stmt"/>
        <line num="100" count="1204" type="cond" truecount="2" falsecount="0"/>
        <line num="103" count="25" type="stmt"/>
        <line num="106" count="14" type="stmt"/>
      </file>
      <file name="ratingCalculator.ts" path="/Users/guyshick/Desktop/final project/CSFinalProject/backend/src/utils/ratingCalculator.ts">
        <metrics statements="34" coveredstatements="34" conditionals="8" coveredconditionals="6" methods="1" coveredmethods="1"/>
        <line num="1" count="12" type="stmt"/>
        <line num="22" count="12" type="stmt"/>
        <line num="29" count="12" type="stmt"/>
        <line num="31" count="12" type="stmt"/>
        <line num="32" count="23" type="stmt"/>
        <line num="37" count="23" type="cond" truecount="2" falsecount="0"/>
        <line num="38" count="1" type="stmt"/>
        <line num="42" count="1" type="stmt"/>
        <line num="45" count="22" type="stmt"/>
        <line num="49" count="22" type="stmt"/>
        <line num="50" count="22" type="stmt"/>
        <line num="51" count="22" type="cond" truecount="2" falsecount="0"/>
        <line num="52" count="22" type="stmt"/>
        <line num="53" count="22" type="stmt"/>
        <line num="56" count="22" type="stmt"/>
        <line num="57" count="22" type="stmt"/>
        <line num="59" count="22" type="stmt"/>
        <line num="60" count="22" type="stmt"/>
        <line num="61" count="22" type="stmt"/>
        <line num="63" count="22" type="stmt"/>
        <line num="64" count="22" type="stmt"/>
        <line num="65" count="22" type="stmt"/>
        <line num="66" count="22" type="stmt"/>
        <line num="67" count="22" type="stmt"/>
        <line num="70" count="22" type="cond" truecount="1" falsecount="1"/>
        <line num="71" count="22" type="stmt"/>
        <line num="72" count="22" type="stmt"/>
        <line num="76" count="22" type="stmt"/>
        <line num="77" count="22" type="stmt"/>
        <line num="80" count="22" type="stmt"/>
        <line num="84" count="22" type="cond" truecount="1" falsecount="1"/>
        <line num="88" count="22" type="stmt"/>
        <line num="91" count="22" type="stmt"/>
        <line num="93" count="22" type="stmt"/>
      </file>
    </package>
  </project>
</coverage>
