<?xml version="1.0" encoding="UTF-8"?>
<coverage generated="1781394577417" clover="3.2.0">
  <project timestamp="1781394577417" name="All files">
    <metrics statements="1095" coveredstatements="1025" conditionals="599" coveredconditionals="483" methods="137" coveredmethods="113" elements="1831" coveredelements="1621" complexity="0" loc="1095" ncloc="1095" packages="5" files="20" classes="20"/>
    <package name="src">
      <metrics statements="50" coveredstatements="48" conditionals="2" coveredconditionals="1" methods="4" coveredmethods="2"/>
      <file name="app.ts" path="/Users/guyshick/Desktop/final project/CSFinalProject/backend/src/app.ts">
        <metrics statements="31" coveredstatements="29" conditionals="2" coveredconditionals="1" methods="2" coveredmethods="0"/>
        <line num="1" count="12" type="stmt"/>
        <line num="2" count="12" type="stmt"/>
        <line num="3" count="12" type="stmt"/>
        <line num="4" count="12" type="stmt"/>
        <line num="6" count="12" type="stmt"/>
        <line num="7" count="12" type="stmt"/>
        <line num="8" count="12" type="stmt"/>
        <line num="9" count="12" type="stmt"/>
        <line num="10" count="12" type="stmt"/>
        <line num="11" count="12" type="stmt"/>
        <line num="12" count="12" type="stmt"/>
        <line num="13" count="12" type="stmt"/>
        <line num="14" count="12" type="stmt"/>
        <line num="16" count="12" type="stmt"/>
        <line num="18" count="12" type="stmt"/>
        <line num="20" count="0" type="stmt"/>
        <line num="23" count="12" type="stmt"/>
        <line num="24" count="12" type="stmt"/>
        <line num="25" count="12" type="stmt"/>
        <line num="27" count="12" type="stmt"/>
        <line num="28" count="0" type="stmt"/>
        <line num="31" count="12" type="stmt"/>
        <line num="32" count="12" type="stmt"/>
        <line num="33" count="12" type="stmt"/>
        <line num="34" count="12" type="stmt"/>
        <line num="35" count="12" type="stmt"/>
        <line num="36" count="12" type="stmt"/>
        <line num="37" count="12" type="stmt"/>
        <line num="38" count="12" type="stmt"/>
        <line num="40" count="12" type="stmt"/>
        <line num="42" count="12" type="stmt"/>
      </file>
      <file name="schemas.ts" path="/Users/guyshick/Desktop/final project/CSFinalProject/backend/src/schemas.ts">
        <metrics statements="19" coveredstatements="19" conditionals="0" coveredconditionals="0" methods="2" coveredmethods="2"/>
        <line num="1" count="13" type="stmt"/>
        <line num="2" count="13" type="stmt"/>
        <line num="4" count="13" type="stmt"/>
        <line num="9" count="13" type="stmt"/>
        <line num="22" count="13" type="stmt"/>
        <line num="31" count="13" type="stmt"/>
        <line num="35" count="13" type="stmt"/>
        <line num="40" count="13" type="stmt"/>
        <line num="45" count="13" type="stmt"/>
        <line num="51" count="21" type="stmt"/>
        <line num="55" count="13" type="stmt"/>
        <line num="61" count="1" type="stmt"/>
        <line num="65" count="13" type="stmt"/>
        <line num="78" count="13" type="stmt"/>
        <line num="82" count="13" type="stmt"/>
        <line num="87" count="13" type="stmt"/>
        <line num="91" count="13" type="stmt"/>
        <line num="95" count="13" type="stmt"/>
        <line num="101" count="13" type="stmt"/>
      </file>
    </package>
    <package name="src.middleware">
      <metrics statements="42" coveredstatements="41" conditionals="10" coveredconditionals="9" methods="5" coveredmethods="5"/>
      <file name="adminAuth.ts" path="/Users/guyshick/Desktop/final project/CSFinalProject/backend/src/middleware/adminAuth.ts">
        <metrics statements="6" coveredstatements="6" conditionals="2" coveredconditionals="2" methods="1" coveredmethods="1"/>
        <line num="2" count="12" type="stmt"/>
        <line num="8" count="12" type="stmt"/>
        <line num="13" count="22" type="cond" truecount="2" falsecount="0"/>
        <line num="14" count="4" type="stmt"/>
        <line num="15" count="4" type="stmt"/>
        <line num="17" count="18" type="stmt"/>
      </file>
      <file name="auth.ts" path="/Users/guyshick/Desktop/final project/CSFinalProject/backend/src/middleware/auth.ts">
        <metrics statements="18" coveredstatements="18" conditionals="4" coveredconditionals="4" methods="1" coveredmethods="1"/>
        <line num="2" count="12" type="stmt"/>
        <line num="3" count="12" type="stmt"/>
        <line num="4" count="12" type="stmt"/>
        <line num="6" count="12" type="stmt"/>
        <line num="11" count="700" type="stmt"/>
        <line num="12" count="700" type="stmt"/>
        <line num="13" count="700" type="cond" truecount="2" falsecount="0"/>
        <line num="14" count="5" type="stmt"/>
        <line num="17" count="695" type="stmt"/>
        <line num="19" count="695" type="stmt"/>
        <line num="20" count="695" type="stmt"/>
        <line num="22" count="1" type="stmt"/>
        <line num="25" count="694" type="stmt"/>
        <line num="29" count="694" type="cond" truecount="2" falsecount="0"/>
        <line num="30" count="1" type="stmt"/>
        <line num="33" count="693" type="stmt"/>
        <line num="34" count="693" type="stmt"/>
        <line num="36" count="7" type="stmt"/>
      </file>
      <file name="errorHandler.ts" path="/Users/guyshick/Desktop/final project/CSFinalProject/backend/src/middleware/errorHandler.ts">
        <metrics statements="7" coveredstatements="7" conditionals="2" coveredconditionals="2" methods="1" coveredmethods="1"/>
        <line num="2" count="13" type="stmt"/>
        <line num="4" count="13" type="stmt"/>
        <line num="10" count="94" type="cond" truecount="2" falsecount="0"/>
        <line num="11" count="93" type="stmt"/>
        <line num="18" count="93" type="stmt"/>
        <line num="21" count="1" type="stmt"/>
        <line num="22" count="1" type="stmt"/>
      </file>
      <file name="validate.ts" path="/Users/guyshick/Desktop/final project/CSFinalProject/backend/src/middleware/validate.ts">
        <metrics statements="11" coveredstatements="10" conditionals="2" coveredconditionals="1" methods="2" coveredmethods="2"/>
        <line num="2" count="13" type="stmt"/>
        <line num="3" count="13" type="stmt"/>
        <line num="5" count="13" type="stmt"/>
        <line num="6" count="183" type="stmt"/>
        <line num="7" count="363" type="stmt"/>
        <line num="8" count="363" type="stmt"/>
        <line num="9" count="354" type="stmt"/>
        <line num="11" count="9" type="cond" truecount="1" falsecount="1"/>
        <line num="12" count="9" type="stmt"/>
        <line num="13" count="9" type="stmt"/>
        <line num="15" count="0" type="stmt"/>
      </file>
    </package>
    <package name="src.routes">
      <metrics statements="836" coveredstatements="790" conditionals="540" coveredconditionals="439" methods="75" coveredmethods="72"/>
      <file name="admin.ts" path="/Users/guyshick/Desktop/final project/CSFinalProject/backend/src/routes/admin.ts">
        <metrics statements="91" coveredstatements="83" conditionals="52" coveredconditionals="49" methods="8" coveredmethods="8"/>
        <line num="1" count="12" type="stmt"/>
        <line num="2" count="12" type="stmt"/>
        <line num="3" count="12" type="stmt"/>
        <line num="4" count="12" type="stmt"/>
        <line num="5" count="12" type="stmt"/>
        <line num="6" count="12" type="stmt"/>
        <line num="7" count="12" type="stmt"/>
        <line num="8" count="12" type="stmt"/>
        <line num="9" count="12" type="stmt"/>
        <line num="10" count="12" type="stmt"/>
        <line num="12" count="12" type="stmt"/>
        <line num="14" count="12" type="stmt"/>
        <line num="15" count="12" type="stmt"/>
        <line num="18" count="12" type="stmt"/>
        <line num="21" count="1" type="stmt"/>
        <line num="22" count="1" type="cond" truecount="2" falsecount="0"/>
        <line num="23" count="1" type="cond" truecount="2" falsecount="0"/>
        <line num="24" count="1" type="stmt"/>
        <line num="26" count="1" type="stmt"/>
        <line num="47" count="1" type="stmt"/>
        <line num="49" count="0" type="stmt"/>
        <line num="55" count="12" type="stmt"/>
        <line num="58" count="2" type="stmt"/>
        <line num="59" count="2" type="stmt"/>
        <line num="62" count="2" type="cond" truecount="2" falsecount="0"/>
        <line num="64" count="1" type="stmt"/>
        <line num="70" count="1" type="stmt"/>
        <line num="72" count="1" type="stmt"/>
        <line num="74" count="1" type="stmt"/>
        <line num="80" count="12" type="stmt"/>
        <line num="83" count="2" type="stmt"/>
        <line num="84" count="2" type="stmt"/>
        <line num="87" count="2" type="cond" truecount="2" falsecount="0"/>
        <line num="89" count="1" type="stmt"/>
        <line num="99" count="1" type="stmt"/>
        <line num="101" count="1" type="stmt"/>
        <line num="107" count="12" type="stmt"/>
        <line num="110" count="1" type="stmt"/>
        <line num="111" count="1" type="cond" truecount="2" falsecount="0"/>
        <line num="112" count="1" type="cond" truecount="2" falsecount="0"/>
        <line num="113" count="1" type="stmt"/>
        <line num="115" count="1" type="stmt"/>
        <line num="132" count="1" type="stmt"/>
        <line num="134" count="0" type="stmt"/>
        <line num="140" count="12" type="stmt"/>
        <line num="143" count="4" type="stmt"/>
        <line num="144" count="4" type="stmt"/>
        <line num="145" count="4" type="cond" truecount="4" falsecount="0"/>
        <line num="146" count="1" type="stmt"/>
        <line num="149" count="3" type="stmt"/>
        <line num="150" count="3" type="cond" truecount="2" falsecount="0"/>
        <line num="152" count="2" type="cond" truecount="2" falsecount="0"/>
        <line num="153" count="2" type="stmt"/>
        <line num="159" count="2" type="stmt"/>
        <line num="172" count="2" type="stmt"/>
        <line num="174" count="1" type="stmt"/>
        <line num="180" count="12" type="stmt"/>
        <line num="183" count="3" type="stmt"/>
        <line num="184" count="3" type="stmt"/>
        <line num="185" count="3" type="cond" truecount="4" falsecount="0"/>
        <line num="186" count="2" type="stmt"/>
        <line num="189" count="1" type="stmt"/>
        <line num="190" count="1" type="cond" truecount="1" falsecount="1"/>
        <line num="192" count="0" type="cond" truecount="0" falsecount="2"/>
        <line num="193" count="0" type="stmt"/>
        <line num="195" count="0" type="stmt"/>
        <line num="196" count="0" type="stmt"/>
        <line num="198" count="0" type="stmt"/>
        <line num="204" count="12" type="stmt"/>
        <line num="207" count="1" type="stmt"/>
        <line num="208" count="1" type="cond" truecount="2" falsecount="0"/>
        <line num="209" count="1" type="cond" truecount="2" falsecount="0"/>
        <line num="210" count="1" type="stmt"/>
        <line num="212" count="1" type="stmt"/>
        <line num="232" count="1" type="stmt"/>
        <line num="234" count="0" type="stmt"/>
        <line num="240" count="12" type="stmt"/>
        <line num="244" count="4" type="stmt"/>
        <line num="245" count="4" type="stmt"/>
        <line num="247" count="4" type="stmt"/>
        <line num="248" count="4" type="cond" truecount="2" falsecount="0"/>
        <line num="250" count="3" type="cond" truecount="2" falsecount="0"/>
        <line num="251" count="3" type="stmt"/>
        <line num="261" count="3" type="stmt"/>
        <line num="262" count="3" type="cond" truecount="2" falsecount="0"/>
        <line num="263" count="3" type="cond" truecount="2" falsecount="0"/>
        <line num="264" count="3" type="cond" truecount="2" falsecount="0"/>
        <line num="265" count="3" type="stmt"/>
        <line num="267" count="3" type="stmt"/>
        <line num="269" count="1" type="stmt"/>
        <line num="274" count="12" type="stmt"/>
      </file>
      <file name="auth.ts" path="/Users/guyshick/Desktop/final project/CSFinalProject/backend/src/routes/auth.ts">
        <metrics statements="32" coveredstatements="32" conditionals="24" coveredconditionals="19" methods="1" coveredmethods="1"/>
        <line num="1" count="12" type="stmt"/>
        <line num="2" count="12" type="stmt"/>
        <line num="3" count="12" type="stmt"/>
        <line num="4" count="12" type="stmt"/>
        <line num="5" count="12" type="stmt"/>
        <line num="6" count="12" type="stmt"/>
        <line num="7" count="12" type="stmt"/>
        <line num="9" count="12" type="stmt"/>
        <line num="13" count="12" type="stmt"/>
        <line num="14" count="6" type="stmt"/>
        <line num="15" count="6" type="stmt"/>
        <line num="16" count="6" type="cond" truecount="2" falsecount="0"/>
        <line num="17" count="1" type="stmt"/>
        <line num="20" count="5" type="stmt"/>
        <line num="21" count="5" type="stmt"/>
        <line num="23" count="4" type="stmt"/>
        <line num="28" count="4" type="stmt"/>
        <line num="38" count="2" type="stmt"/>
        <line num="40" count="4" type="cond" truecount="2" falsecount="0"/>
        <line num="45" count="2" type="stmt"/>
        <line num="46" count="2" type="stmt"/>
        <line num="47" count="2" type="cond" truecount="1" falsecount="1"/>
        <line num="48" count="2" type="cond" truecount="4" falsecount="0"/>
        <line num="49" count="1" type="stmt"/>
        <line num="53" count="1" type="stmt"/>
        <line num="58" count="1" type="stmt"/>
        <line num="61" count="2" type="cond" truecount="2" falsecount="0"/>
        <line num="65" count="1" type="stmt"/>
        <line num="66" count="1" type="cond" truecount="1" falsecount="1"/>
        <line num="67" count="1" type="stmt"/>
        <line num="70" count="1" type="stmt"/>
        <line num="74" count="12" type="stmt"/>
      </file>
      <file name="bids.ts" path="/Users/guyshick/Desktop/final project/CSFinalProject/backend/src/routes/bids.ts">
        <metrics statements="116" coveredstatements="113" conditionals="72" coveredconditionals="55" methods="9" coveredmethods="9"/>
        <line num="1" count="12" type="stmt"/>
        <line num="3" count="12" type="stmt"/>
        <line num="4" count="12" type="stmt"/>
        <line num="5" count="12" type="stmt"/>
        <line num="6" count="12" type="stmt"/>
        <line num="7" count="12" type="stmt"/>
        <line num="8" count="12" type="stmt"/>
        <line num="9" count="12" type="stmt"/>
        <line num="10" count="12" type="stmt"/>
        <line num="17" count="12" type="stmt"/>
        <line num="19" count="12" type="stmt"/>
        <line num="22" count="12" type="stmt"/>
        <line num="23" count="80" type="stmt"/>
        <line num="24" count="80" type="stmt"/>
        <line num="29" count="80" type="cond" truecount="1" falsecount="1"/>
        <line num="30" count="80" type="cond" truecount="2" falsecount="0"/>
        <line num="31" count="79" type="cond" truecount="2" falsecount="0"/>
        <line num="34" count="78" type="stmt"/>
        <line num="41" count="78" type="stmt"/>
        <line num="42" count="78" type="stmt"/>
        <line num="43" count="78" type="cond" truecount="3" falsecount="1"/>
        <line num="44" count="0" type="stmt"/>
        <line num="47" count="78" type="stmt"/>
        <line num="51" count="78" type="stmt"/>
        <line num="55" count="78" type="stmt"/>
        <line num="67" count="78" type="stmt"/>
        <line num="68" count="78" type="stmt"/>
        <line num="71" count="78" type="stmt"/>
        <line num="75" count="78" type="stmt"/>
        <line num="76" count="2" type="stmt"/>
        <line num="77" count="2" type="stmt"/>
        <line num="80" count="78" type="stmt"/>
        <line num="81" count="78" type="stmt"/>
        <line num="83" count="2" type="stmt"/>
        <line num="88" count="12" type="stmt"/>
        <line num="89" count="5" type="stmt"/>
        <line num="90" count="5" type="stmt"/>
        <line num="95" count="5" type="cond" truecount="1" falsecount="1"/>
        <line num="96" count="5" type="cond" truecount="2" falsecount="0"/>
        <line num="97" count="4" type="cond" truecount="1" falsecount="1"/>
        <line num="99" count="4" type="stmt"/>
        <line num="101" count="4" type="stmt"/>
        <line num="110" count="4" type="stmt"/>
        <line num="111" count="4" type="stmt"/>
        <line num="113" count="4" type="stmt"/>
        <line num="115" count="1" type="stmt"/>
        <line num="120" count="12" type="stmt"/>
        <line num="121" count="3" type="stmt"/>
        <line num="122" count="3" type="stmt"/>
        <line num="127" count="3" type="cond" truecount="1" falsecount="1"/>
        <line num="128" count="3" type="cond" truecount="1" falsecount="1"/>
        <line num="129" count="3" type="cond" truecount="1" falsecount="1"/>
        <line num="131" count="3" type="stmt"/>
        <line num="136" count="3" type="stmt"/>
        <line num="137" count="3" type="stmt"/>
        <line num="139" count="3" type="stmt"/>
        <line num="141" count="0" type="stmt"/>
        <line num="146" count="12" type="stmt"/>
        <line num="147" count="4" type="stmt"/>
        <line num="148" count="4" type="stmt"/>
        <line num="153" count="4" type="cond" truecount="1" falsecount="1"/>
        <line num="154" count="4" type="cond" truecount="2" falsecount="0"/>
        <line num="155" count="3" type="cond" truecount="2" falsecount="0"/>
        <line num="156" count="2" type="cond" truecount="1" falsecount="1"/>
        <line num="158" count="2" type="stmt"/>
        <line num="159" count="2" type="stmt"/>
        <line num="163" count="2" type="stmt"/>
        <line num="169" count="2" type="stmt"/>
        <line num="170" count="2" type="stmt"/>
        <line num="173" count="2" type="stmt"/>
        <line num="174" count="2" type="cond" truecount="1" falsecount="1"/>
        <line num="175" count="0" type="stmt"/>
        <line num="181" count="2" type="stmt"/>
        <line num="183" count="2" type="stmt"/>
        <line num="188" count="12" type="stmt"/>
        <line num="189" count="2" type="stmt"/>
        <line num="190" count="2" type="stmt"/>
        <line num="195" count="2" type="cond" truecount="1" falsecount="1"/>
        <line num="196" count="2" type="cond" truecount="1" falsecount="1"/>
        <line num="197" count="2" type="cond" truecount="2" falsecount="0"/>
        <line num="198" count="1" type="cond" truecount="1" falsecount="1"/>
        <line num="200" count="1" type="stmt"/>
        <line num="205" count="1" type="stmt"/>
        <line num="207" count="1" type="stmt"/>
        <line num="212" count="12" type="stmt"/>
        <line num="213" count="6" type="stmt"/>
        <line num="214" count="6" type="stmt"/>
        <line num="218" count="6" type="cond" truecount="1" falsecount="1"/>
        <line num="219" count="6" type="cond" truecount="2" falsecount="0"/>
        <line num="220" count="5" type="cond" truecount="2" falsecount="0"/>
        <line num="222" count="4" type="stmt"/>
        <line num="223" count="4" type="stmt"/>
        <line num="224" count="4" type="cond" truecount="2" falsecount="0"/>
        <line num="225" count="2" type="cond" truecount="4" falsecount="0"/>
        <line num="226" count="1" type="stmt"/>
        <line num="228" count="1" type="stmt"/>
        <line num="230" count="3" type="cond" truecount="2" falsecount="0"/>
        <line num="231" count="2" type="cond" truecount="4" falsecount="0"/>
        <line num="232" count="1" type="stmt"/>
        <line num="234" count="1" type="stmt"/>
        <line num="237" count="2" type="cond" truecount="2" falsecount="0"/>
        <line num="238" count="1" type="stmt"/>
        <line num="241" count="1" type="stmt"/>
        <line num="246" count="1" type="stmt"/>
        <line num="248" count="5" type="stmt"/>
        <line num="253" count="12" type="stmt"/>
        <line num="254" count="3" type="stmt"/>
        <line num="255" count="3" type="stmt"/>
        <line num="256" count="3" type="cond" truecount="1" falsecount="1"/>
        <line num="257" count="3" type="cond" truecount="1" falsecount="1"/>
        <line num="258" count="3" type="cond" truecount="4" falsecount="0"/>
        <line num="259" count="1" type="stmt"/>
        <line num="261" count="2" type="stmt"/>
        <line num="262" count="2" type="stmt"/>
        <line num="264" count="1" type="stmt"/>
        <line num="268" count="12" type="stmt"/>
      </file>
      <file name="messages.ts" path="/Users/guyshick/Desktop/final project/CSFinalProject/backend/src/routes/messages.ts">
        <metrics statements="78" coveredstatements="71" conditionals="69" coveredconditionals="50" methods="9" coveredmethods="7"/>
        <line num="1" count="12" type="stmt"/>
        <line num="2" count="12" type="stmt"/>
        <line num="3" count="12" type="stmt"/>
        <line num="4" count="12" type="stmt"/>
        <line num="5" count="12" type="stmt"/>
        <line num="7" count="12" type="stmt"/>
        <line num="9" count="12" type="stmt"/>
        <line num="12" count="12" type="stmt"/>
        <line num="13" count="7" type="stmt"/>
        <line num="14" count="7" type="stmt"/>
        <line num="15" count="7" type="stmt"/>
        <line num="16" count="7" type="cond" truecount="2" falsecount="0"/>
        <line num="17" count="7" type="cond" truecount="2" falsecount="0"/>
        <line num="18" count="7" type="stmt"/>
        <line num="20" count="7" type="stmt"/>
        <line num="21" count="7" type="cond" truecount="2" falsecount="0"/>
        <line num="24" count="6" type="cond" truecount="2" falsecount="0"/>
        <line num="25" count="6" type="cond" truecount="2" falsecount="0"/>
        <line num="30" count="6" type="cond" truecount="4" falsecount="0"/>
        <line num="32" count="5" type="stmt"/>
        <line num="45" count="5" type="stmt"/>
        <line num="47" count="2" type="stmt"/>
        <line num="53" count="12" type="stmt"/>
        <line num="54" count="12" type="stmt"/>
        <line num="55" count="12" type="stmt"/>
        <line num="56" count="12" type="stmt"/>
        <line num="60" count="12" type="cond" truecount="2" falsecount="0"/>
        <line num="67" count="12" type="stmt"/>
        <line num="90" count="12" type="stmt"/>
        <line num="91" count="12" type="stmt"/>
        <line num="101" count="12" type="stmt"/>
        <line num="103" count="12" type="stmt"/>
        <line num="106" count="8" type="stmt"/>
        <line num="107" count="8" type="stmt"/>
        <line num="108" count="8" type="cond" truecount="2" falsecount="0"/>
        <line num="110" count="5" type="cond" truecount="1" falsecount="4"/>
        <line num="112" count="3" type="stmt"/>
        <line num="115" count="8" type="cond" truecount="1" falsecount="1"/>
        <line num="116" count="0" type="cond" truecount="0" falsecount="6"/>
        <line num="119" count="8" type="cond" truecount="1" falsecount="1"/>
        <line num="121" count="8" type="stmt"/>
        <line num="134" count="0" type="cond" truecount="0" falsecount="2"/>
        <line num="135" count="0" type="cond" truecount="0" falsecount="2"/>
        <line num="136" count="0" type="stmt"/>
        <line num="139" count="12" type="stmt"/>
        <line num="141" count="0" type="stmt"/>
        <line num="146" count="12" type="stmt"/>
        <line num="147" count="5" type="stmt"/>
        <line num="148" count="5" type="stmt"/>
        <line num="149" count="5" type="stmt"/>
        <line num="151" count="5" type="stmt"/>
        <line num="152" count="5" type="cond" truecount="2" falsecount="0"/>
        <line num="155" count="4" type="cond" truecount="2" falsecount="0"/>
        <line num="156" count="4" type="cond" truecount="2" falsecount="0"/>
        <line num="158" count="3" type="cond" truecount="4" falsecount="0"/>
        <line num="159" count="1" type="stmt"/>
        <line num="162" count="2" type="stmt"/>
        <line num="164" count="2" type="stmt"/>
        <line num="166" count="3" type="stmt"/>
        <line num="171" count="12" type="stmt"/>
        <line num="172" count="6" type="stmt"/>
        <line num="173" count="6" type="stmt"/>
        <line num="174" count="6" type="stmt"/>
        <line num="176" count="6" type="stmt"/>
        <line num="177" count="6" type="cond" truecount="2" falsecount="0"/>
        <line num="180" count="5" type="cond" truecount="2" falsecount="0"/>
        <line num="181" count="5" type="cond" truecount="2" falsecount="0"/>
        <line num="186" count="5" type="cond" truecount="4" falsecount="0"/>
        <line num="189" count="4" type="stmt"/>
        <line num="194" count="4" type="stmt"/>
        <line num="200" count="4" type="cond" truecount="2" falsecount="0"/>
        <line num="201" count="3" type="stmt"/>
        <line num="202" count="3" type="cond" truecount="1" falsecount="1"/>
        <line num="203" count="0" type="stmt"/>
        <line num="206" count="0" type="stmt"/>
        <line num="211" count="4" type="stmt"/>
        <line num="213" count="2" type="stmt"/>
        <line num="217" count="12" type="stmt"/>
      </file>
      <file name="notifications.ts" path="/Users/guyshick/Desktop/final project/CSFinalProject/backend/src/routes/notifications.ts">
        <metrics statements="46" coveredstatements="43" conditionals="14" coveredconditionals="13" methods="5" coveredmethods="5"/>
        <line num="1" count="12" type="stmt"/>
        <line num="2" count="12" type="stmt"/>
        <line num="3" count="12" type="stmt"/>
        <line num="4" count="12" type="stmt"/>
        <line num="6" count="12" type="stmt"/>
        <line num="8" count="12" type="stmt"/>
        <line num="12" count="12" type="stmt"/>
        <line num="13" count="1" type="stmt"/>
        <line num="18" count="1" type="stmt"/>
        <line num="20" count="1" type="stmt"/>
        <line num="21" count="1" type="stmt"/>
        <line num="22" count="1" type="stmt"/>
        <line num="24" count="1" type="cond" truecount="3" falsecount="1"/>
        <line num="28" count="1" type="stmt"/>
        <line num="30" count="1" type="stmt"/>
        <line num="40" count="1" type="stmt"/>
        <line num="42" count="0" type="stmt"/>
        <line num="48" count="12" type="stmt"/>
        <line num="49" count="1" type="stmt"/>
        <line num="50" count="1" type="stmt"/>
        <line num="55" count="1" type="stmt"/>
        <line num="57" count="0" type="stmt"/>
        <line num="62" count="12" type="stmt"/>
        <line num="63" count="3" type="stmt"/>
        <line num="64" count="3" type="stmt"/>
        <line num="68" count="3" type="cond" truecount="2" falsecount="0"/>
        <line num="69" count="2" type="cond" truecount="2" falsecount="0"/>
        <line num="70" count="1" type="stmt"/>
        <line num="73" count="1" type="stmt"/>
        <line num="78" count="1" type="stmt"/>
        <line num="80" count="2" type="stmt"/>
        <line num="85" count="12" type="stmt"/>
        <line num="86" count="1" type="stmt"/>
        <line num="87" count="1" type="stmt"/>
        <line num="90" count="1" type="stmt"/>
        <line num="92" count="0" type="stmt"/>
        <line num="97" count="12" type="stmt"/>
        <line num="98" count="3" type="stmt"/>
        <line num="99" count="3" type="stmt"/>
        <line num="103" count="3" type="cond" truecount="2" falsecount="0"/>
        <line num="104" count="2" type="cond" truecount="2" falsecount="0"/>
        <line num="105" count="1" type="stmt"/>
        <line num="108" count="1" type="stmt"/>
        <line num="109" count="1" type="stmt"/>
        <line num="111" count="2" type="stmt"/>
        <line num="115" count="12" type="stmt"/>
      </file>
      <file name="reviews.ts" path="/Users/guyshick/Desktop/final project/CSFinalProject/backend/src/routes/reviews.ts">
        <metrics statements="25" coveredstatements="24" conditionals="10" coveredconditionals="9" methods="1" coveredmethods="1"/>
        <line num="1" count="12" type="stmt"/>
        <line num="2" count="12" type="stmt"/>
        <line num="3" count="12" type="stmt"/>
        <line num="4" count="12" type="stmt"/>
        <line num="5" count="12" type="stmt"/>
        <line num="6" count="12" type="stmt"/>
        <line num="7" count="12" type="stmt"/>
        <line num="13" count="12" type="stmt"/>
        <line num="15" count="12" type="stmt"/>
        <line num="18" count="12" type="stmt"/>
        <line num="22" count="20" type="stmt"/>
        <line num="23" count="20" type="stmt"/>
        <line num="27" count="20" type="cond" truecount="2" falsecount="0"/>
        <line num="29" count="19" type="cond" truecount="2" falsecount="0"/>
        <line num="30" count="1" type="stmt"/>
        <line num="33" count="18" type="stmt"/>
        <line num="38" count="18" type="stmt"/>
        <line num="39" count="18" type="stmt"/>
        <line num="49" count="17" type="stmt"/>
        <line num="54" count="17" type="stmt"/>
        <line num="56" count="1" type="cond" truecount="1" falsecount="1"/>
        <line num="60" count="1" type="stmt"/>
        <line num="62" count="0" type="stmt"/>
        <line num="65" count="3" type="stmt"/>
        <line num="70" count="12" type="stmt"/>
      </file>
      <file name="tasks.ts" path="/Users/guyshick/Desktop/final project/CSFinalProject/backend/src/routes/tasks.ts">
        <metrics statements="317" coveredstatements="307" conditionals="257" coveredconditionals="207" methods="27" coveredmethods="26"/>
        <line num="1" count="12" type="stmt"/>
        <line num="2" count="12" type="stmt"/>
        <line num="3" count="12" type="stmt"/>
        <line num="4" count="12" type="stmt"/>
        <line num="5" count="12" type="stmt"/>
        <line num="6" count="12" type="stmt"/>
        <line num="7" count="12" type="stmt"/>
        <line num="8" count="12" type="stmt"/>
        <line num="9" count="12" type="stmt"/>
        <line num="15" count="12" type="stmt"/>
        <line num="16" count="12" type="stmt"/>
        <line num="25" count="12" type="stmt"/>
        <line num="28" count="12" type="stmt"/>
        <line num="35" count="139" type="cond" truecount="3" falsecount="1"/>
        <line num="36" count="139" type="stmt"/>
        <line num="37" count="558" type="stmt"/>
        <line num="38" count="558" type="stmt"/>
        <line num="39" count="558" type="cond" truecount="4" falsecount="0"/>
        <line num="40" count="139" type="stmt"/>
        <line num="41" count="139" type="stmt"/>
        <line num="42" count="139" type="stmt"/>
        <line num="45" count="0" type="stmt"/>
        <line num="49" count="12" type="stmt"/>
        <line num="52" count="12" type="stmt"/>
        <line num="53" count="139" type="stmt"/>
        <line num="65" count="139" type="stmt"/>
        <line num="79" count="139" type="cond" truecount="2" falsecount="0"/>
        <line num="80" count="1" type="stmt"/>
        <line num="84" count="138" type="stmt"/>
        <line num="85" count="138" type="stmt"/>
        <line num="86" count="138" type="cond" truecount="1" falsecount="1"/>
        <line num="87" count="138" type="cond" truecount="1" falsecount="1"/>
        <line num="88" count="138" type="stmt"/>
        <line num="89" count="138" type="stmt"/>
        <line num="92" count="138" type="stmt"/>
        <line num="93" count="138" type="cond" truecount="3" falsecount="1"/>
        <line num="94" count="138" type="cond" truecount="1" falsecount="1"/>
        <line num="95" count="553" type="stmt"/>
        <line num="96" count="553" type="stmt"/>
        <line num="97" count="276" type="stmt"/>
        <line num="98" count="138" type="cond" truecount="2" falsecount="0"/>
        <line num="99" count="138" type="cond" truecount="1" falsecount="1"/>
        <line num="100" count="138" type="cond" truecount="1" falsecount="1"/>
        <line num="109" count="138" type="stmt"/>
        <line num="137" count="138" type="stmt"/>
        <line num="142" count="138" type="stmt"/>
        <line num="144" count="1" type="stmt"/>
        <line num="149" count="12" type="stmt"/>
        <line num="150" count="7" type="stmt"/>
        <line num="161" count="7" type="stmt"/>
        <line num="163" count="7" type="cond" truecount="4" falsecount="0"/>
        <line num="164" count="1" type="stmt"/>
        <line num="167" count="6" type="stmt"/>
        <line num="168" count="6" type="stmt"/>
        <line num="169" count="6" type="stmt"/>
        <line num="170" count="6" type="stmt"/>
        <line num="171" count="6" type="stmt"/>
        <line num="172" count="6" type="stmt"/>
        <line num="173" count="6" type="stmt"/>
        <line num="175" count="6" type="cond" truecount="2" falsecount="0"/>
        <line num="176" count="6" type="cond" truecount="2" falsecount="0"/>
        <line num="205" count="6" type="cond" truecount="4" falsecount="0"/>
        <line num="206" count="1" type="stmt"/>
        <line num="239" count="1" type="stmt"/>
        <line num="252" count="5" type="stmt"/>
        <line num="284" count="5" type="stmt"/>
        <line num="297" count="6" type="stmt"/>
        <line num="298" count="6" type="stmt"/>
        <line num="300" count="1" type="stmt"/>
        <line num="305" count="12" type="stmt"/>
        <line num="306" count="5" type="stmt"/>
        <line num="307" count="5" type="stmt"/>
        <line num="325" count="5" type="cond" truecount="2" falsecount="0"/>
        <line num="328" count="4" type="stmt"/>
        <line num="332" count="4" type="cond" truecount="1" falsecount="1"/>
        <line num="334" count="4" type="stmt"/>
        <line num="335" count="4" type="stmt"/>
        <line num="338" count="4" type="stmt"/>
        <line num="339" count="4" type="cond" truecount="4" falsecount="0"/>
        <line num="343" count="4" type="stmt"/>
        <line num="353" count="1" type="stmt"/>
        <line num="358" count="12" type="stmt"/>
        <line num="359" count="5" type="stmt"/>
        <line num="360" count="5" type="stmt"/>
        <line num="361" count="5" type="cond" truecount="4" falsecount="0"/>
        <line num="363" count="4" type="cond" truecount="1" falsecount="1"/>
        <line num="365" count="4" type="stmt"/>
        <line num="369" count="4" type="stmt"/>
        <line num="370" count="4" type="cond" truecount="2" falsecount="0"/>
        <line num="372" count="3" type="cond" truecount="1" falsecount="1"/>
        <line num="373" count="3" type="cond" truecount="1" falsecount="1"/>
        <line num="374" count="0" type="stmt"/>
        <line num="375" count="0" type="stmt"/>
        <line num="379" count="3" type="stmt"/>
        <line num="387" count="3" type="stmt"/>
        <line num="389" count="3" type="stmt"/>
        <line num="391" count="3" type="cond" truecount="4" falsecount="0"/>
        <line num="392" count="1" type="stmt"/>
        <line num="393" count="1" type="stmt"/>
        <line num="396" count="2" type="stmt"/>
        <line num="399" count="2" type="stmt"/>
        <line num="400" count="6" type="cond" truecount="1" falsecount="1"/>
        <line num="401" count="6" type="stmt"/>
        <line num="408" count="0" type="stmt"/>
        <line num="411" count="2" type="stmt"/>
        <line num="419" count="2" type="stmt"/>
        <line num="424" count="12" type="stmt"/>
        <line num="425" count="3" type="stmt"/>
        <line num="426" count="3" type="stmt"/>
        <line num="427" count="3" type="cond" truecount="1" falsecount="1"/>
        <line num="428" count="3" type="cond" truecount="2" falsecount="0"/>
        <line num="429" count="2" type="cond" truecount="2" falsecount="0"/>
        <line num="431" count="1" type="stmt"/>
        <line num="433" count="1" type="stmt"/>
        <line num="445" count="1" type="stmt"/>
        <line num="447" count="2" type="stmt"/>
        <line num="452" count="12" type="stmt"/>
        <line num="453" count="14" type="stmt"/>
        <line num="454" count="14" type="stmt"/>
        <line num="455" count="14" type="stmt"/>
        <line num="457" count="14" type="cond" truecount="1" falsecount="1"/>
        <line num="459" count="14" type="cond" truecount="2" falsecount="0"/>
        <line num="464" count="13" type="stmt"/>
        <line num="469" count="13" type="cond" truecount="2" falsecount="0"/>
        <line num="470" count="2" type="stmt"/>
        <line num="475" count="11" type="cond" truecount="4" falsecount="0"/>
        <line num="477" count="6" type="stmt"/>
        <line num="481" count="6" type="stmt"/>
        <line num="482" count="6" type="stmt"/>
        <line num="486" count="6" type="stmt"/>
        <line num="492" count="6" type="stmt"/>
        <line num="493" count="2" type="stmt"/>
        <line num="494" count="2" type="stmt"/>
        <line num="496" count="5" type="cond" truecount="3" falsecount="1"/>
        <line num="497" count="5" type="cond" truecount="2" falsecount="0"/>
        <line num="498" count="1" type="stmt"/>
        <line num="500" count="4" type="stmt"/>
        <line num="505" count="4" type="cond" truecount="1" falsecount="1"/>
        <line num="506" count="4" type="stmt"/>
        <line num="507" count="4" type="stmt"/>
        <line num="512" count="10" type="stmt"/>
        <line num="513" count="10" type="cond" truecount="1" falsecount="1"/>
        <line num="514" count="0" type="stmt"/>
        <line num="520" count="10" type="stmt"/>
        <line num="521" count="10" type="stmt"/>
        <line num="523" count="4" type="stmt"/>
        <line num="528" count="12" type="stmt"/>
        <line num="529" count="7" type="stmt"/>
        <line num="530" count="7" type="stmt"/>
        <line num="532" count="7" type="cond" truecount="2" falsecount="0"/>
        <line num="533" count="6" type="cond" truecount="2" falsecount="0"/>
        <line num="534" count="5" type="cond" truecount="2" falsecount="0"/>
        <line num="543" count="4" type="stmt"/>
        <line num="544" count="4" type="stmt"/>
        <line num="545" count="4" type="stmt"/>
        <line num="546" count="4" type="stmt"/>
        <line num="552" count="4" type="stmt"/>
        <line num="554" count="3" type="stmt"/>
        <line num="559" count="12" type="stmt"/>
        <line num="560" count="44" type="stmt"/>
        <line num="561" count="44" type="stmt"/>
        <line num="563" count="44" type="cond" truecount="1" falsecount="1"/>
        <line num="564" count="44" type="cond" truecount="1" falsecount="1"/>
        <line num="565" count="44" type="cond" truecount="4" falsecount="0"/>
        <line num="566" count="1" type="stmt"/>
        <line num="569" count="43" type="stmt"/>
        <line num="575" count="43" type="cond" truecount="1" falsecount="1"/>
        <line num="576" count="43" type="stmt"/>
        <line num="577" count="43" type="stmt"/>
        <line num="580" count="43" type="stmt"/>
        <line num="582" count="1" type="stmt"/>
        <line num="587" count="12" type="stmt"/>
        <line num="588" count="73" type="stmt"/>
        <line num="589" count="73" type="stmt"/>
        <line num="591" count="73" type="cond" truecount="1" falsecount="1"/>
        <line num="592" count="73" type="cond" truecount="1" falsecount="1"/>
        <line num="593" count="73" type="cond" truecount="1" falsecount="1"/>
        <line num="595" count="73" type="stmt"/>
        <line num="596" count="73" type="stmt"/>
        <line num="597" count="73" type="cond" truecount="3" falsecount="1"/>
        <line num="600" count="73" type="stmt"/>
        <line num="601" count="73" type="stmt"/>
        <line num="602" count="73" type="cond" truecount="3" falsecount="1"/>
        <line num="603" count="0" type="stmt"/>
        <line num="605" count="73" type="cond" truecount="4" falsecount="0"/>
        <line num="606" count="1" type="stmt"/>
        <line num="608" count="72" type="cond" truecount="4" falsecount="0"/>
        <line num="609" count="1" type="stmt"/>
        <line num="612" count="71" type="stmt"/>
        <line num="613" count="71" type="cond" truecount="2" falsecount="0"/>
        <line num="614" count="71" type="cond" truecount="2" falsecount="0"/>
        <line num="615" count="39" type="stmt"/>
        <line num="616" count="39" type="stmt"/>
        <line num="619" count="71" type="cond" truecount="2" falsecount="0"/>
        <line num="620" count="71" type="cond" truecount="2" falsecount="0"/>
        <line num="621" count="71" type="cond" truecount="2" falsecount="0"/>
        <line num="623" count="71" type="cond" truecount="2" falsecount="0"/>
        <line num="624" count="31" type="stmt"/>
        <line num="628" count="31" type="cond" truecount="1" falsecount="1"/>
        <line num="629" count="31" type="stmt"/>
        <line num="634" count="31" type="stmt"/>
        <line num="636" count="40" type="stmt"/>
        <line num="640" count="40" type="stmt"/>
        <line num="644" count="71" type="cond" truecount="2" falsecount="0"/>
        <line num="646" count="31" type="stmt"/>
        <line num="647" count="31" type="stmt"/>
        <line num="648" count="31" type="cond" truecount="1" falsecount="1"/>
        <line num="649" count="31" type="stmt"/>
        <line num="650" count="31" type="stmt"/>
        <line num="653" count="31" type="stmt"/>
        <line num="656" count="31" type="cond" truecount="2" falsecount="0"/>
        <line num="657" count="30" type="stmt"/>
        <line num="661" count="30" type="cond" truecount="1" falsecount="1"/>
        <line num="662" count="30" type="stmt"/>
        <line num="666" count="40" type="cond" truecount="2" falsecount="0"/>
        <line num="667" count="40" type="cond" truecount="2" falsecount="0"/>
        <line num="668" count="40" type="cond" truecount="1" falsecount="1"/>
        <line num="669" count="40" type="stmt"/>
        <line num="670" count="40" type="stmt"/>
        <line num="675" count="71" type="cond" truecount="2" falsecount="0"/>
        <line num="676" count="31" type="stmt"/>
        <line num="677" count="31" type="cond" truecount="1" falsecount="1"/>
        <line num="678" count="0" type="stmt"/>
        <line num="685" count="71" type="stmt"/>
        <line num="686" count="71" type="stmt"/>
        <line num="688" count="2" type="stmt"/>
        <line num="693" count="12" type="stmt"/>
        <line num="694" count="112" type="stmt"/>
        <line num="695" count="112" type="stmt"/>
        <line num="697" count="112" type="cond" truecount="1" falsecount="1"/>
        <line num="698" count="112" type="cond" truecount="1" falsecount="1"/>
        <line num="699" count="112" type="cond" truecount="2" falsecount="0"/>
        <line num="702" count="111" type="stmt"/>
        <line num="705" count="111" type="cond" truecount="2" falsecount="0"/>
        <line num="706" count="1" type="stmt"/>
        <line num="710" count="110" type="stmt"/>
        <line num="713" count="110" type="cond" truecount="1" falsecount="1"/>
        <line num="715" count="110" type="stmt"/>
        <line num="720" count="110" type="stmt"/>
        <line num="730" count="110" type="stmt"/>
        <line num="731" count="110" type="stmt"/>
        <line num="735" count="110" type="cond" truecount="1" falsecount="1"/>
        <line num="736" count="110" type="stmt"/>
        <line num="737" count="110" type="cond" truecount="2" falsecount="0"/>
        <line num="738" count="110" type="stmt"/>
        <line num="739" count="110" type="stmt"/>
        <line num="745" count="110" type="stmt"/>
        <line num="746" count="110" type="stmt"/>
        <line num="748" count="110" type="stmt"/>
        <line num="750" count="1" type="stmt"/>
        <line num="755" count="12" type="stmt"/>
        <line num="756" count="3" type="stmt"/>
        <line num="757" count="3" type="stmt"/>
        <line num="759" count="3" type="cond" truecount="1" falsecount="1"/>
        <line num="760" count="3" type="cond" truecount="2" falsecount="0"/>
        <line num="762" count="2" type="stmt"/>
        <line num="769" count="2" type="stmt"/>
        <line num="775" count="2" type="stmt"/>
        <line num="779" count="2" type="stmt"/>
        <line num="780" count="0" type="stmt"/>
        <line num="784" count="2" type="stmt"/>
        <line num="785" count="2" type="stmt"/>
        <line num="789" count="2" type="stmt"/>
        <line num="790" count="2" type="stmt"/>
        <line num="791" count="1" type="cond" truecount="2" falsecount="0"/>
        <line num="792" count="1" type="stmt"/>
        <line num="793" count="1" type="stmt"/>
        <line num="796" count="2" type="stmt"/>
        <line num="803" count="2" type="stmt"/>
        <line num="805" count="1" type="stmt"/>
        <line num="810" count="12" type="stmt"/>
        <line num="811" count="27" type="stmt"/>
        <line num="812" count="27" type="stmt"/>
        <line num="816" count="27" type="cond" truecount="1" falsecount="1"/>
        <line num="817" count="27" type="cond" truecount="2" falsecount="0"/>
        <line num="818" count="1" type="stmt"/>
        <line num="820" count="26" type="cond" truecount="2" falsecount="0"/>
        <line num="821" count="1" type="stmt"/>
        <line num="823" count="25" type="cond" truecount="2" falsecount="0"/>
        <line num="824" count="1" type="stmt"/>
        <line num="828" count="24" type="cond" truecount="1" falsecount="1"/>
        <line num="829" count="0" type="stmt"/>
        <line num="831" count="24" type="stmt"/>
        <line num="832" count="24" type="cond" truecount="2" falsecount="0"/>
        <line num="833" count="1" type="stmt"/>
        <line num="837" count="23" type="stmt"/>
        <line num="845" count="23" type="cond" truecount="2" falsecount="0"/>
        <line num="846" count="1" type="stmt"/>
        <line num="849" count="22" type="stmt"/>
        <line num="851" count="22" type="stmt"/>
        <line num="862" count="22" type="stmt"/>
        <line num="864" count="22" type="stmt"/>
        <line num="866" count="5" type="stmt"/>
        <line num="871" count="12" type="stmt"/>
        <line num="872" count="4" type="stmt"/>
        <line num="873" count="4" type="stmt"/>
        <line num="874" count="4" type="cond" truecount="2" falsecount="0"/>
        <line num="875" count="3" type="cond" truecount="2" falsecount="0"/>
        <line num="876" count="1" type="cond" truecount="2" falsecount="2"/>
        <line num="877" count="0" type="stmt"/>
        <line num="880" count="1" type="stmt"/>
        <line num="882" count="1" type="stmt"/>
        <line num="888" count="1" type="stmt"/>
        <line num="893" count="1" type="stmt"/>
        <line num="895" count="1" type="stmt"/>
        <line num="897" count="3" type="stmt"/>
        <line num="902" count="12" type="stmt"/>
        <line num="903" count="3" type="stmt"/>
        <line num="904" count="3" type="stmt"/>
        <line num="905" count="3" type="cond" truecount="1" falsecount="1"/>
        <line num="906" count="3" type="cond" truecount="2" falsecount="0"/>
        <line num="907" count="2" type="cond" truecount="4" falsecount="0"/>
        <line num="908" count="1" type="stmt"/>
        <line num="911" count="1" type="stmt"/>
        <line num="919" count="1" type="stmt"/>
        <line num="921" count="2" type="stmt"/>
        <line num="925" count="12" type="stmt"/>
      </file>
      <file name="users.ts" path="/Users/guyshick/Desktop/final project/CSFinalProject/backend/src/routes/users.ts">
        <metrics statements="131" coveredstatements="117" conditionals="42" coveredconditionals="37" methods="15" coveredmethods="15"/>
        <line num="1" count="12" type="stmt"/>
        <line num="3" count="12" type="stmt"/>
        <line num="4" count="12" type="stmt"/>
        <line num="5" count="12" type="stmt"/>
        <line num="6" count="12" type="stmt"/>
        <line num="7" count="12" type="stmt"/>
        <line num="8" count="12" type="stmt"/>
        <line num="10" count="12" type="stmt"/>
        <line num="13" count="12" type="stmt"/>
        <line num="16" count="12" type="stmt"/>
        <line num="17" count="5" type="stmt"/>
        <line num="18" count="5" type="stmt"/>
        <line num="25" count="5" type="stmt"/>
        <line num="27" count="0" type="stmt"/>
        <line num="32" count="12" type="stmt"/>
        <line num="33" count="2" type="stmt"/>
        <line num="38" count="2" type="stmt"/>
        <line num="40" count="2" type="stmt"/>
        <line num="41" count="2" type="stmt"/>
        <line num="42" count="2" type="stmt"/>
        <line num="44" count="2" type="stmt"/>
        <line num="49" count="2" type="stmt"/>
        <line num="64" count="2" type="stmt"/>
        <line num="76" count="2" type="stmt"/>
        <line num="78" count="0" type="stmt"/>
        <line num="83" count="12" type="stmt"/>
        <line num="84" count="1" type="stmt"/>
        <line num="89" count="1" type="stmt"/>
        <line num="91" count="1" type="stmt"/>
        <line num="92" count="1" type="stmt"/>
        <line num="93" count="1" type="stmt"/>
        <line num="95" count="1" type="stmt"/>
        <line num="100" count="1" type="stmt"/>
        <line num="119" count="1" type="stmt"/>
        <line num="121" count="0" type="stmt"/>
        <line num="126" count="12" type="stmt"/>
        <line num="127" count="2" type="stmt"/>
        <line num="128" count="2" type="stmt"/>
        <line num="132" count="2" type="stmt"/>
        <line num="134" count="0" type="cond" truecount="0" falsecount="2"/>
        <line num="135" count="0" type="stmt"/>
        <line num="137" count="0" type="stmt"/>
        <line num="142" count="12" type="stmt"/>
        <line num="143" count="2" type="stmt"/>
        <line num="145" count="2" type="stmt"/>
        <line num="146" count="2" type="cond" truecount="1" falsecount="1"/>
        <line num="147" count="0" type="stmt"/>
        <line num="149" count="2" type="stmt"/>
        <line num="150" count="2" type="stmt"/>
        <line num="152" count="2" type="cond" truecount="2" falsecount="0"/>
        <line num="153" count="1" type="stmt"/>
        <line num="156" count="1" type="stmt"/>
        <line num="160" count="1" type="stmt"/>
        <line num="162" count="0" type="stmt"/>
        <line num="167" count="12" type="stmt"/>
        <line num="168" count="2" type="stmt"/>
        <line num="169" count="2" type="stmt"/>
        <line num="172" count="2" type="stmt"/>
        <line num="184" count="2" type="stmt"/>
        <line num="185" count="2" type="stmt"/>
        <line num="190" count="2" type="stmt"/>
        <line num="192" count="0" type="stmt"/>
        <line num="197" count="12" type="stmt"/>
        <line num="198" count="1" type="stmt"/>
        <line num="199" count="1" type="stmt"/>
        <line num="203" count="1" type="stmt"/>
        <line num="205" count="0" type="stmt"/>
        <line num="210" count="12" type="stmt"/>
        <line num="211" count="1" type="stmt"/>
        <line num="212" count="1" type="stmt"/>
        <line num="215" count="1" type="stmt"/>
        <line num="217" count="0" type="stmt"/>
        <line num="222" count="12" type="stmt"/>
        <line num="223" count="2" type="stmt"/>
        <line num="224" count="2" type="stmt"/>
        <line num="225" count="2" type="cond" truecount="1" falsecount="1"/>
        <line num="226" count="2" type="cond" truecount="2" falsecount="0"/>
        <line num="227" count="1" type="stmt"/>
        <line num="228" count="1" type="stmt"/>
        <line num="230" count="1" type="stmt"/>
        <line num="235" count="12" type="stmt"/>
        <line num="236" count="9" type="stmt"/>
        <line num="237" count="9" type="stmt"/>
        <line num="238" count="9" type="cond" truecount="2" falsecount="0"/>
        <line num="239" count="1" type="stmt"/>
        <line num="241" count="8" type="cond" truecount="2" falsecount="0"/>
        <line num="242" count="1" type="stmt"/>
        <line num="245" count="7" type="stmt"/>
        <line num="252" count="7" type="stmt"/>
        <line num="254" count="0" type="stmt"/>
        <line num="259" count="12" type="stmt"/>
        <line num="260" count="1" type="stmt"/>
        <line num="261" count="1" type="stmt"/>
        <line num="265" count="1" type="stmt"/>
        <line num="267" count="0" type="stmt"/>
        <line num="272" count="12" type="stmt"/>
        <line num="273" count="6" type="stmt"/>
        <line num="274" count="6" type="stmt"/>
        <line num="277" count="6" type="stmt"/>
        <line num="278" count="6" type="cond" truecount="2" falsecount="0"/>
        <line num="279" count="1" type="stmt"/>
        <line num="283" count="5" type="stmt"/>
        <line num="287" count="5" type="cond" truecount="2" falsecount="0"/>
        <line num="288" count="3" type="cond" truecount="2" falsecount="0"/>
        <line num="289" count="1" type="stmt"/>
        <line num="291" count="2" type="cond" truecount="2" falsecount="0"/>
        <line num="292" count="1" type="stmt"/>
        <line num="295" count="1" type="stmt"/>
        <line num="299" count="1" type="stmt"/>
        <line num="302" count="2" type="stmt"/>
        <line num="305" count="2" type="stmt"/>
        <line num="307" count="0" type="stmt"/>
        <line num="312" count="12" type="stmt"/>
        <line num="313" count="3" type="stmt"/>
        <line num="314" count="3" type="stmt"/>
        <line num="334" count="3" type="cond" truecount="2" falsecount="0"/>
        <line num="335" count="2" type="stmt"/>
        <line num="337" count="1" type="stmt"/>
        <line num="342" count="12" type="stmt"/>
        <line num="343" count="2" type="stmt"/>
        <line num="344" count="2" type="stmt"/>
        <line num="347" count="2" type="cond" truecount="2" falsecount="0"/>
        <line num="352" count="1" type="stmt"/>
        <line num="354" count="1" type="stmt"/>
        <line num="355" count="1" type="stmt"/>
        <line num="356" count="1" type="stmt"/>
        <line num="358" count="1" type="stmt"/>
        <line num="360" count="1" type="stmt"/>
        <line num="371" count="1" type="stmt"/>
        <line num="373" count="1" type="stmt"/>
        <line num="377" count="12" type="stmt"/>
      </file>
    </package>
    <package name="src.services">
      <metrics statements="15" coveredstatements="15" conditionals="8" coveredconditionals="7" methods="4" coveredmethods="4"/>
      <file name="notificationService.ts" path="/Users/guyshick/Desktop/final project/CSFinalProject/backend/src/services/notificationService.ts">
        <metrics statements="15" coveredstatements="15" conditionals="8" coveredconditionals="7" methods="4" coveredmethods="4"/>
        <line num="3" count="13" type="stmt"/>
        <line num="9" count="1" type="cond" truecount="1" falsecount="1"/>
        <line num="10" count="2" type="stmt"/>
        <line num="11" count="1" type="stmt"/>
        <line num="13" count="1" type="stmt"/>
        <line num="22" count="13" type="stmt"/>
        <line num="31" count="399" type="stmt"/>
        <line num="33" count="399" type="stmt"/>
        <line num="46" count="397" type="stmt"/>
        <line num="51" count="794" type="stmt"/>
        <line num="52" count="397" type="cond" truecount="4" falsecount="0"/>
        <line num="54" count="1" type="stmt"/>
        <line num="61" count="1" type="stmt"/>
        <line num="62" count="1" type="stmt"/>
        <line num="65" count="2" type="stmt"/>
      </file>
    </package>
    <package name="src.utils">
      <metrics statements="152" coveredstatements="131" conditionals="39" coveredconditionals="27" methods="49" coveredmethods="30"/>
      <file name="completionChecker.ts" path="/Users/guyshick/Desktop/final project/CSFinalProject/backend/src/utils/completionChecker.ts">
        <metrics statements="36" coveredstatements="35" conditionals="18" coveredconditionals="13" methods="2" coveredmethods="2"/>
        <line num="1" count="1" type="stmt"/>
        <line num="2" count="1" type="stmt"/>
        <line num="3" count="1" type="stmt"/>
        <line num="5" count="1" type="stmt"/>
        <line num="6" count="1" type="stmt"/>
        <line num="13" count="1" type="stmt"/>
        <line num="14" count="7" type="stmt"/>
        <line num="15" count="7" type="stmt"/>
        <line num="27" count="7" type="stmt"/>
        <line num="29" count="7" type="stmt"/>
        <line num="30" count="7" type="cond" truecount="1" falsecount="1"/>
        <line num="31" count="7" type="stmt"/>
        <line num="32" count="7" type="stmt"/>
        <line num="33" count="7" type="stmt"/>
        <line num="35" count="7" type="cond" truecount="2" falsecount="0"/>
        <line num="37" count="3" type="stmt"/>
        <line num="38" count="3" type="stmt"/>
        <line num="46" count="3" type="cond" truecount="1" falsecount="1"/>
        <line num="47" count="3" type="stmt"/>
        <line num="54" count="3" type="stmt"/>
        <line num="55" count="3" type="stmt"/>
        <line num="56" count="3" type="cond" truecount="1" falsecount="1"/>
        <line num="57" count="3" type="stmt"/>
        <line num="58" count="3" type="stmt"/>
        <line num="62" count="3" type="stmt"/>
        <line num="65" count="3" type="cond" truecount="2" falsecount="0"/>
        <line num="66" count="2" type="cond" truecount="1" falsecount="1"/>
        <line num="67" count="2" type="stmt"/>
        <line num="70" count="3" type="stmt"/>
        <line num="71" count="4" type="cond" truecount="2" falsecount="0"/>
        <line num="73" count="3" type="stmt"/>
        <line num="82" count="3" type="cond" truecount="2" falsecount="0"/>
        <line num="83" count="2" type="stmt"/>
        <line num="88" count="2" type="stmt"/>
        <line num="89" count="2" type="stmt"/>
        <line num="94" count="0" type="stmt"/>
      </file>
      <file name="errors.ts" path="/Users/guyshick/Desktop/final project/CSFinalProject/backend/src/utils/errors.ts">
        <metrics statements="22" coveredstatements="22" conditionals="0" coveredconditionals="0" methods="7" coveredmethods="7"/>
        <line num="1" count="15" type="stmt"/>
        <line num="7" count="104" type="stmt"/>
        <line num="8" count="104" type="stmt"/>
        <line num="9" count="104" type="stmt"/>
        <line num="13" count="15" type="stmt"/>
        <line num="14" count="10" type="stmt"/>
        <line num="15" count="10" type="stmt"/>
        <line num="18" count="15" type="stmt"/>
        <line num="19" count="29" type="stmt"/>
        <line num="20" count="29" type="stmt"/>
        <line num="23" count="15" type="stmt"/>
        <line num="24" count="20" type="stmt"/>
        <line num="25" count="20" type="stmt"/>
        <line num="28" count="15" type="stmt"/>
        <line num="29" count="13" type="stmt"/>
        <line num="30" count="13" type="stmt"/>
        <line num="33" count="15" type="stmt"/>
        <line num="34" count="31" type="stmt"/>
        <line num="35" count="31" type="stmt"/>
        <line num="38" count="15" type="stmt"/>
        <line num="39" count="1" type="stmt"/>
        <line num="40" count="1" type="stmt"/>
      </file>
      <file name="notificationMessages.ts" path="/Users/guyshick/Desktop/final project/CSFinalProject/backend/src/utils/notificationMessages.ts">
        <metrics statements="48" coveredstatements="28" conditionals="9" coveredconditionals="4" methods="38" coveredmethods="19"/>
        <line num="6" count="12" type="stmt"/>
        <line num="16" count="393" type="stmt"/>
        <line num="17" count="393" type="stmt"/>
        <line num="21" count="393" type="cond" truecount="1" falsecount="1"/>
        <line num="23" count="0" type="stmt"/>
        <line num="29" count="12" type="stmt"/>
        <line num="31" count="78" type="stmt"/>
        <line num="35" count="0" type="stmt"/>
        <line num="41" count="2" type="stmt"/>
        <line num="45" count="0" type="stmt"/>
        <line num="51" count="4" type="stmt"/>
        <line num="55" count="0" type="stmt"/>
        <line num="61" count="3" type="stmt"/>
        <line num="65" count="0" type="stmt"/>
        <line num="71" count="2" type="stmt"/>
        <line num="75" count="0" type="stmt"/>
        <line num="81" count="2" type="stmt"/>
        <line num="85" count="0" type="stmt"/>
        <line num="91" count="4" type="stmt"/>
        <line num="95" count="0" type="stmt"/>
        <line num="101" count="43" type="stmt"/>
        <line num="105" count="0" type="stmt"/>
        <line num="111" count="62" type="stmt"/>
        <line num="115" count="0" type="stmt"/>
        <line num="121" count="32" type="stmt"/>
        <line num="125" count="0" type="stmt"/>
        <line num="131" count="40" type="stmt"/>
        <line num="135" count="0" type="stmt"/>
        <line num="141" count="110" type="stmt"/>
        <line num="145" count="0" type="stmt"/>
        <line num="151" count="3" type="stmt"/>
        <line num="155" count="0" type="stmt"/>
        <line num="161" count="3" type="stmt"/>
        <line num="165" count="0" type="stmt"/>
        <line num="171" count="2" type="stmt"/>
        <line num="175" count="0" type="stmt"/>
        <line num="181" count="0" type="stmt"/>
        <line num="185" count="0" type="stmt"/>
        <line num="191" count="1" type="stmt"/>
        <line num="195" count="0" type="stmt"/>
        <line num="201" count="2" type="stmt"/>
        <line num="205" count="0" type="stmt"/>
        <line num="214" count="12" type="stmt"/>
        <line num="219" count="393" type="stmt"/>
        <line num="220" count="393" type="stmt"/>
        <line num="221" count="393" type="cond" truecount="1" falsecount="1"/>
        <line num="222" count="393" type="stmt"/>
        <line num="225" count="12" type="stmt"/>
      </file>
      <file name="profanityFilter.ts" path="/Users/guyshick/Desktop/final project/CSFinalProject/backend/src/utils/profanityFilter.ts">
        <metrics statements="12" coveredstatements="12" conditionals="4" coveredconditionals="4" methods="1" coveredmethods="1"/>
        <line num="6" count="14" type="stmt"/>
        <line num="29" count="14" type="stmt"/>
        <line num="88" count="14" type="stmt"/>
        <line num="89" count="31" type="stmt"/>
        <line num="92" count="31" type="stmt"/>
        <line num="93" count="1254" type="stmt"/>
        <line num="94" count="1254" type="cond" truecount="2" falsecount="0"/>
        <line num="98" count="29" type="stmt"/>
        <line num="99" count="29" type="stmt"/>
        <line num="100" count="1204" type="cond" truecount="2" falsecount="0"/>
        <line num="103" count="25" type="stmt"/>
        <line num="106" count="14" type="stmt"/>
      </file>
      <file name="ratingCalculator.ts" path="/Users/guyshick/Desktop/final project/CSFinalProject/backend/src/utils/ratingCalculator.ts">
        <metrics statements="34" coveredstatements="34" conditionals="8" coveredconditionals="6" methods="1" coveredmethods="1"/>
        <line num="1" count="12" type="stmt"/>
        <line num="22" count="12" type="stmt"/>
        <line num="29" count="12" type="stmt"/>
        <line num="31" count="12" type="stmt"/>
        <line num="32" count="23" type="stmt"/>
        <line num="37" count="23" type="cond" truecount="2" falsecount="0"/>
        <line num="38" count="1" type="stmt"/>
        <line num="42" count="1" type="stmt"/>
        <line num="45" count="22" type="stmt"/>
        <line num="49" count="22" type="stmt"/>
        <line num="50" count="22" type="stmt"/>
        <line num="51" count="22" type="cond" truecount="2" falsecount="0"/>
        <line num="52" count="22" type="stmt"/>
        <line num="53" count="22" type="stmt"/>
        <line num="56" count="22" type="stmt"/>
        <line num="57" count="22" type="stmt"/>
        <line num="59" count="22" type="stmt"/>
        <line num="60" count="22" type="stmt"/>
        <line num="61" count="22" type="stmt"/>
        <line num="63" count="22" type="stmt"/>
        <line num="64" count="22" type="stmt"/>
        <line num="65" count="22" type="stmt"/>
        <line num="66" count="22" type="stmt"/>
        <line num="67" count="22" type="stmt"/>
        <line num="70" count="22" type="cond" truecount="1" falsecount="1"/>
        <line num="71" count="22" type="stmt"/>
        <line num="72" count="22" type="stmt"/>
        <line num="76" count="22" type="stmt"/>
        <line num="77" count="22" type="stmt"/>
        <line num="80" count="22" type="stmt"/>
        <line num="84" count="22" type="cond" truecount="1" falsecount="1"/>
        <line num="88" count="22" type="stmt"/>
        <line num="91" count="22" type="stmt"/>
        <line num="93" count="22" type="stmt"/>
      </file>
    </package>
  </project>
</coverage>
