{"/Users/guyshick/Desktop/final project/CSFinalProject/backend/src/app.ts": {"path":"/Users/guyshick/Desktop/final project/CSFinalProject/backend/src/app.ts","statementMap":{"0":{"start":{"line":1,"column":0},"end":{"line":1,"column":30}},"1":{"start":{"line":2,"column":0},"end":{"line":2,"column":24}},"2":{"start":{"line":3,"column":0},"end":{"line":3,"column":28}},"3":{"start":{"line":4,"column":0},"end":{"line":4,"column":28}},"4":{"start":{"line":6,"column":0},"end":{"line":6,"column":39}},"5":{"start":{"line":7,"column":0},"end":{"line":7,"column":40}},"6":{"start":{"line":8,"column":0},"end":{"line":8,"column":40}},"7":{"start":{"line":9,"column":0},"end":{"line":9,"column":38}},"8":{"start":{"line":10,"column":0},"end":{"line":10,"column":44}},"9":{"start":{"line":11,"column":0},"end":{"line":11,"column":41}},"10":{"start":{"line":12,"column":0},"end":{"line":12,"column":56}},"11":{"start":{"line":13,"column":0},"end":{"line":13,"column":46}},"12":{"start":{"line":14,"column":0},"end":{"line":14,"column":57}},"13":{"start":{"line":16,"column":12},"end":{"line":16,"column":21}},"14":{"start":{"line":18,"column":0},"end":{"line":22,"column":4}},"15":{"start":{"line":20,"column":51},"end":{"line":20,"column":59}},"16":{"start":{"line":23,"column":0},"end":{"line":23,"column":18}},"17":{"start":{"line":24,"column":0},"end":{"line":24,"column":23}},"18":{"start":{"line":25,"column":0},"end":{"line":25,"column":24}},"19":{"start":{"line":27,"column":0},"end":{"line":29,"column":3}},"20":{"start":{"line":28,"column":2},"end":{"line":28,"column":66}},"21":{"start":{"line":31,"column":0},"end":{"line":31,"column":33}},"22":{"start":{"line":32,"column":0},"end":{"line":32,"column":34}},"23":{"start":{"line":33,"column":0},"end":{"line":33,"column":34}},"24":{"start":{"line":34,"column":0},"end":{"line":34,"column":32}},"25":{"start":{"line":35,"column":0},"end":{"line":35,"column":38}},"26":{"start":{"line":36,"column":0},"end":{"line":36,"column":35}},"27":{"start":{"line":37,"column":0},"end":{"line":37,"column":50}},"28":{"start":{"line":38,"column":0},"end":{"line":38,"column":31}},"29":{"start":{"line":40,"column":0},"end":{"line":40,"column":22}},"30":{"start":{"line":42,"column":0},"end":{"line":42,"column":19}}},"fnMap":{"0":{"name":"(anonymous_1)","decl":{"start":{"line":20,"column":46},"end":{"line":20,"column":47}},"loc":{"start":{"line":20,"column":51},"end":{"line":20,"column":59}}},"1":{"name":"(anonymous_2)","decl":{"start":{"line":27,"column":19},"end":{"line":27,"column":20}},"loc":{"start":{"line":27,"column":33},"end":{"line":29,"column":1}}}},"branchMap":{"0":{"loc":{"start":{"line":19,"column":10},"end":{"line":21,"column":9}},"type":"cond-expr","locations":[{"start":{"line":20,"column":6},"end":{"line":20,"column":60}},{"start":{"line":21,"column":6},"end":{"line":21,"column":9}}]}},"s":{"0":12,"1":12,"2":12,"3":12,"4":12,"5":12,"6":12,"7":12,"8":12,"9":12,"10":12,"11":12,"12":12,"13":12,"14":12,"15":0,"16":12,"17":12,"18":12,"19":12,"20":0,"21":12,"22":12,"23":12,"24":12,"25":12,"26":12,"27":12,"28":12,"29":12,"30":12},"f":{"0":0,"1":0},"b":{"0":[0,12]}}
,"/Users/guyshick/Desktop/final project/CSFinalProject/backend/src/schemas.ts": {"path":"/Users/guyshick/Desktop/final project/CSFinalProject/backend/src/schemas.ts","statementMap":{"0":{"start":{"line":1,"column":0},"end":{"line":1,"column":24}},"1":{"start":{"line":2,"column":0},"end":{"line":2,"column":85}},"2":{"start":{"line":4,"column":13},"end":{"line":7,"column":3}},"3":{"start":{"line":9,"column":13},"end":{"line":20,"column":3}},"4":{"start":{"line":22,"column":13},"end":{"line":29,"column":3}},"5":{"start":{"line":31,"column":13},"end":{"line":33,"column":3}},"6":{"start":{"line":35,"column":13},"end":{"line":38,"column":3}},"7":{"start":{"line":40,"column":13},"end":{"line":43,"column":3}},"8":{"start":{"line":45,"column":13},"end":{"line":53,"column":3}},"9":{"start":{"line":51,"column":21},"end":{"line":51,"column":44}},"10":{"start":{"line":55,"column":13},"end":{"line":63,"column":3}},"11":{"start":{"line":61,"column":21},"end":{"line":61,"column":44}},"12":{"start":{"line":65,"column":13},"end":{"line":75,"column":3}},"13":{"start":{"line":77,"column":13},"end":{"line":79,"column":3}},"14":{"start":{"line":81,"column":13},"end":{"line":84,"column":3}},"15":{"start":{"line":86,"column":13},"end":{"line":88,"column":3}},"16":{"start":{"line":90,"column":13},"end":{"line":92,"column":3}},"17":{"start":{"line":94,"column":13},"end":{"line":98,"column":3}},"18":{"start":{"line":100,"column":13},"end":{"line":103,"column":3}}},"fnMap":{"0":{"name":"(anonymous_0)","decl":{"start":{"line":51,"column":12},"end":{"line":51,"column":13}},"loc":{"start":{"line":51,"column":21},"end":{"line":51,"column":44}}},"1":{"name":"(anonymous_1)","decl":{"start":{"line":61,"column":12},"end":{"line":61,"column":13}},"loc":{"start":{"line":61,"column":21},"end":{"line":61,"column":44}}}},"branchMap":{},"s":{"0":13,"1":13,"2":13,"3":13,"4":13,"5":13,"6":13,"7":13,"8":13,"9":21,"10":13,"11":1,"12":13,"13":13,"14":13,"15":13,"16":13,"17":13,"18":13},"f":{"0":21,"1":1},"b":{}}
,"/Users/guyshick/Desktop/final project/CSFinalProject/backend/src/middleware/adminAuth.ts": {"path":"/Users/guyshick/Desktop/final project/CSFinalProject/backend/src/middleware/adminAuth.ts","statementMap":{"0":{"start":{"line":8,"column":0},"end":{"line":8,"column":16}},"1":{"start":{"line":2,"column":0},"end":{"line":2,"column":49}},"2":{"start":{"line":13,"column":2},"end":{"line":16,"column":3}},"3":{"start":{"line":14,"column":4},"end":{"line":14,"column":54}},"4":{"start":{"line":15,"column":4},"end":{"line":15,"column":11}},"5":{"start":{"line":17,"column":2},"end":{"line":17,"column":9}}},"fnMap":{"0":{"name":"adminOnly","decl":{"start":{"line":8,"column":16},"end":{"line":8,"column":25}},"loc":{"start":{"line":11,"column":20},"end":{"line":18,"column":1}}}},"branchMap":{"0":{"loc":{"start":{"line":13,"column":2},"end":{"line":16,"column":3}},"type":"if","locations":[{"start":{"line":13,"column":2},"end":{"line":16,"column":3}},{"start":{},"end":{}}]}},"s":{"0":12,"1":12,"2":22,"3":4,"4":4,"5":18},"f":{"0":22},"b":{"0":[4,18]}}
,"/Users/guyshick/Desktop/final project/CSFinalProject/backend/src/middleware/auth.ts": {"path":"/Users/guyshick/Desktop/final project/CSFinalProject/backend/src/middleware/auth.ts","statementMap":{"0":{"start":{"line":6,"column":0},"end":{"line":6,"column":7}},"1":{"start":{"line":2,"column":0},"end":{"line":2,"column":44}},"2":{"start":{"line":3,"column":0},"end":{"line":3,"column":42}},"3":{"start":{"line":4,"column":0},"end":{"line":4,"column":67}},"4":{"start":{"line":11,"column":2},"end":{"line":37,"column":3}},"5":{"start":{"line":12,"column":23},"end":{"line":12,"column":48}},"6":{"start":{"line":13,"column":4},"end":{"line":15,"column":5}},"7":{"start":{"line":14,"column":6},"end":{"line":14,"column":77}},"8":{"start":{"line":17,"column":18},"end":{"line":17,"column":37}},"9":{"start":{"line":19,"column":4},"end":{"line":23,"column":5}},"10":{"start":{"line":20,"column":6},"end":{"line":20,"column":56}},"11":{"start":{"line":22,"column":6},"end":{"line":22,"column":62}},"12":{"start":{"line":25,"column":17},"end":{"line":27,"column":6}},"13":{"start":{"line":29,"column":4},"end":{"line":31,"column":5}},"14":{"start":{"line":30,"column":6},"end":{"line":30,"column":48}},"15":{"start":{"line":33,"column":4},"end":{"line":33,"column":20}},"16":{"start":{"line":34,"column":4},"end":{"line":34,"column":11}},"17":{"start":{"line":36,"column":4},"end":{"line":36,"column":14}}},"fnMap":{"0":{"name":"authMiddleware","decl":{"start":{"line":6,"column":22},"end":{"line":6,"column":36}},"loc":{"start":{"line":9,"column":20},"end":{"line":38,"column":1}}}},"branchMap":{"0":{"loc":{"start":{"line":13,"column":4},"end":{"line":15,"column":5}},"type":"if","locations":[{"start":{"line":13,"column":4},"end":{"line":15,"column":5}},{"start":{},"end":{}}]},"1":{"loc":{"start":{"line":29,"column":4},"end":{"line":31,"column":5}},"type":"if","locations":[{"start":{"line":29,"column":4},"end":{"line":31,"column":5}},{"start":{},"end":{}}]}},"s":{"0":12,"1":12,"2":12,"3":12,"4":696,"5":696,"6":696,"7":5,"8":691,"9":691,"10":691,"11":1,"12":690,"13":690,"14":1,"15":689,"16":689,"17":7},"f":{"0":696},"b":{"0":[5,691],"1":[1,689]}}
,"/Users/guyshick/Desktop/final project/CSFinalProject/backend/src/middleware/errorHandler.ts": {"path":"/Users/guyshick/Desktop/final project/CSFinalProject/backend/src/middleware/errorHandler.ts","statementMap":{"0":{"start":{"line":4,"column":0},"end":{"line":4,"column":16}},"1":{"start":{"line":2,"column":0},"end":{"line":2,"column":43}},"2":{"start":{"line":10,"column":2},"end":{"line":19,"column":3}},"3":{"start":{"line":11,"column":4},"end":{"line":17,"column":7}},"4":{"start":{"line":18,"column":4},"end":{"line":18,"column":11}},"5":{"start":{"line":21,"column":2},"end":{"line":21,"column":27}},"6":{"start":{"line":22,"column":2},"end":{"line":27,"column":5}}},"fnMap":{"0":{"name":"errorHandler","decl":{"start":{"line":4,"column":16},"end":{"line":4,"column":28}},"loc":{"start":{"line":8,"column":21},"end":{"line":28,"column":1}}}},"branchMap":{"0":{"loc":{"start":{"line":10,"column":2},"end":{"line":19,"column":3}},"type":"if","locations":[{"start":{"line":10,"column":2},"end":{"line":19,"column":3}},{"start":{},"end":{}}]}},"s":{"0":13,"1":13,"2":94,"3":93,"4":93,"5":1,"6":1},"f":{"0":94},"b":{"0":[93,1]}}
,"/Users/guyshick/Desktop/final project/CSFinalProject/backend/src/middleware/validate.ts": {"path":"/Users/guyshick/Desktop/final project/CSFinalProject/backend/src/middleware/validate.ts","statementMap":{"0":{"start":{"line":5,"column":0},"end":{"line":5,"column":16}},"1":{"start":{"line":2,"column":0},"end":{"line":2,"column":42}},"2":{"start":{"line":3,"column":0},"end":{"line":3,"column":50}},"3":{"start":{"line":6,"column":2},"end":{"line":17,"column":4}},"4":{"start":{"line":7,"column":4},"end":{"line":16,"column":5}},"5":{"start":{"line":8,"column":6},"end":{"line":8,"column":29}},"6":{"start":{"line":9,"column":6},"end":{"line":9,"column":13}},"7":{"start":{"line":11,"column":6},"end":{"line":14,"column":7}},"8":{"start":{"line":12,"column":8},"end":{"line":12,"column":66}},"9":{"start":{"line":13,"column":8},"end":{"line":13,"column":15}},"10":{"start":{"line":15,"column":6},"end":{"line":15,"column":16}}},"fnMap":{"0":{"name":"validate","decl":{"start":{"line":5,"column":16},"end":{"line":5,"column":24}},"loc":{"start":{"line":5,"column":42},"end":{"line":18,"column":1}}},"1":{"name":"(anonymous_1)","decl":{"start":{"line":6,"column":9},"end":{"line":6,"column":10}},"loc":{"start":{"line":6,"column":68},"end":{"line":17,"column":3}}}},"branchMap":{"0":{"loc":{"start":{"line":11,"column":6},"end":{"line":14,"column":7}},"type":"if","locations":[{"start":{"line":11,"column":6},"end":{"line":14,"column":7}},{"start":{},"end":{}}]}},"s":{"0":13,"1":13,"2":13,"3":183,"4":362,"5":362,"6":353,"7":9,"8":9,"9":9,"10":0},"f":{"0":183,"1":362},"b":{"0":[9,0]}}
,"/Users/guyshick/Desktop/final project/CSFinalProject/backend/src/routes/admin.ts": {"path":"/Users/guyshick/Desktop/final project/CSFinalProject/backend/src/routes/admin.ts","statementMap":{"0":{"start":{"line":1,"column":0},"end":{"line":1,"column":66}},"1":{"start":{"line":2,"column":0},"end":{"line":2,"column":52}},"2":{"start":{"line":3,"column":0},"end":{"line":3,"column":52}},"3":{"start":{"line":4,"column":0},"end":{"line":4,"column":42}},"4":{"start":{"line":5,"column":0},"end":{"line":5,"column":48}},"5":{"start":{"line":6,"column":0},"end":{"line":6,"column":67}},"6":{"start":{"line":7,"column":0},"end":{"line":7,"column":67}},"7":{"start":{"line":8,"column":0},"end":{"line":8,"column":50}},"8":{"start":{"line":9,"column":0},"end":{"line":9,"column":55}},"9":{"start":{"line":11,"column":15},"end":{"line":11,"column":23}},"10":{"start":{"line":13,"column":0},"end":{"line":13,"column":27}},"11":{"start":{"line":14,"column":0},"end":{"line":14,"column":22}},"12":{"start":{"line":17,"column":0},"end":{"line":51,"column":2}},"13":{"start":{"line":20,"column":4},"end":{"line":49,"column":5}},"14":{"start":{"line":21,"column":19},"end":{"line":21,"column":71}},"15":{"start":{"line":22,"column":20},"end":{"line":22,"column":89}},"16":{"start":{"line":23,"column":19},"end":{"line":23,"column":37}},"17":{"start":{"line":25,"column":31},"end":{"line":44,"column":8}},"18":{"start":{"line":46,"column":6},"end":{"line":46,"column":48}},"19":{"start":{"line":48,"column":6},"end":{"line":48,"column":16}},"20":{"start":{"line":54,"column":0},"end":{"line":76,"column":2}},"21":{"start":{"line":57,"column":4},"end":{"line":74,"column":5}},"22":{"start":{"line":58,"column":21},"end":{"line":60,"column":8}},"23":{"start":{"line":61,"column":6},"end":{"line":61,"column":63}},"24":{"start":{"line":61,"column":19},"end":{"line":61,"column":63}},"25":{"start":{"line":63,"column":6},"end":{"line":66,"column":9}},"26":{"start":{"line":69,"column":6},"end":{"line":69,"column":55}},"27":{"start":{"line":71,"column":6},"end":{"line":71,"column":58}},"28":{"start":{"line":73,"column":6},"end":{"line":73,"column":16}},"29":{"start":{"line":79,"column":0},"end":{"line":103,"column":2}},"30":{"start":{"line":82,"column":4},"end":{"line":101,"column":5}},"31":{"start":{"line":83,"column":21},"end":{"line":85,"column":8}},"32":{"start":{"line":86,"column":6},"end":{"line":86,"column":63}},"33":{"start":{"line":86,"column":19},"end":{"line":86,"column":63}},"34":{"start":{"line":88,"column":6},"end":{"line":96,"column":9}},"35":{"start":{"line":98,"column":6},"end":{"line":98,"column":62}},"36":{"start":{"line":100,"column":6},"end":{"line":100,"column":16}},"37":{"start":{"line":106,"column":0},"end":{"line":136,"column":2}},"38":{"start":{"line":109,"column":4},"end":{"line":134,"column":5}},"39":{"start":{"line":110,"column":19},"end":{"line":110,"column":71}},"40":{"start":{"line":111,"column":20},"end":{"line":111,"column":89}},"41":{"start":{"line":112,"column":19},"end":{"line":112,"column":37}},"42":{"start":{"line":114,"column":29},"end":{"line":130,"column":8}},"43":{"start":{"line":131,"column":6},"end":{"line":131,"column":46}},"44":{"start":{"line":133,"column":6},"end":{"line":133,"column":16}},"45":{"start":{"line":139,"column":0},"end":{"line":176,"column":2}},"46":{"start":{"line":142,"column":4},"end":{"line":174,"column":5}},"47":{"start":{"line":143,"column":25},"end":{"line":143,"column":56}},"48":{"start":{"line":144,"column":6},"end":{"line":146,"column":7}},"49":{"start":{"line":145,"column":8},"end":{"line":145,"column":100}},"50":{"start":{"line":148,"column":19},"end":{"line":148,"column":81}},"51":{"start":{"line":149,"column":6},"end":{"line":149,"column":59}},"52":{"start":{"line":149,"column":17},"end":{"line":149,"column":59}},"53":{"start":{"line":151,"column":21},"end":{"line":151,"column":67}},"54":{"start":{"line":152,"column":6},"end":{"line":155,"column":9}},"55":{"start":{"line":158,"column":6},"end":{"line":169,"column":9}},"56":{"start":{"line":171,"column":6},"end":{"line":171,"column":55}},"57":{"start":{"line":173,"column":6},"end":{"line":173,"column":16}},"58":{"start":{"line":179,"column":0},"end":{"line":200,"column":2}},"59":{"start":{"line":182,"column":4},"end":{"line":198,"column":5}},"60":{"start":{"line":183,"column":18},"end":{"line":183,"column":41}},"61":{"start":{"line":184,"column":6},"end":{"line":186,"column":7}},"62":{"start":{"line":185,"column":8},"end":{"line":185,"column":75}},"63":{"start":{"line":188,"column":23},"end":{"line":188,"column":39}},"64":{"start":{"line":189,"column":6},"end":{"line":189,"column":101}},"65":{"start":{"line":189,"column":24},"end":{"line":189,"column":101}},"66":{"start":{"line":191,"column":6},"end":{"line":191,"column":90}},"67":{"start":{"line":192,"column":6},"end":{"line":192,"column":92}},"68":{"start":{"line":194,"column":21},"end":{"line":194,"column":62}},"69":{"start":{"line":195,"column":6},"end":{"line":195,"column":23}},"70":{"start":{"line":197,"column":6},"end":{"line":197,"column":16}},"71":{"start":{"line":203,"column":0},"end":{"line":236,"column":2}},"72":{"start":{"line":206,"column":4},"end":{"line":234,"column":5}},"73":{"start":{"line":207,"column":19},"end":{"line":207,"column":71}},"74":{"start":{"line":208,"column":20},"end":{"line":208,"column":89}},"75":{"start":{"line":209,"column":19},"end":{"line":209,"column":37}},"76":{"start":{"line":211,"column":38},"end":{"line":230,"column":8}},"77":{"start":{"line":231,"column":6},"end":{"line":231,"column":55}},"78":{"start":{"line":233,"column":6},"end":{"line":233,"column":16}},"79":{"start":{"line":239,"column":0},"end":{"line":274,"column":2}},"80":{"start":{"line":243,"column":4},"end":{"line":272,"column":5}},"81":{"start":{"line":244,"column":41},"end":{"line":244,"column":110}},"82":{"start":{"line":246,"column":28},"end":{"line":246,"column":99}},"83":{"start":{"line":247,"column":6},"end":{"line":247,"column":77}},"84":{"start":{"line":247,"column":26},"end":{"line":247,"column":77}},"85":{"start":{"line":249,"column":21},"end":{"line":249,"column":67}},"86":{"start":{"line":250,"column":6},"end":{"line":258,"column":9}},"87":{"start":{"line":260,"column":28},"end":{"line":260,"column":96}},"88":{"start":{"line":261,"column":24},"end":{"line":261,"column":98}},"89":{"start":{"line":262,"column":20},"end":{"line":262,"column":95}},"90":{"start":{"line":263,"column":19},"end":{"line":265,"column":152}},"91":{"start":{"line":267,"column":6},"end":{"line":267,"column":112}},"92":{"start":{"line":269,"column":6},"end":{"line":269,"column":56}},"93":{"start":{"line":271,"column":6},"end":{"line":271,"column":16}},"94":{"start":{"line":276,"column":0},"end":{"line":276,"column":22}}},"fnMap":{"0":{"name":"(anonymous_0)","decl":{"start":{"line":19,"column":2},"end":{"line":19,"column":7}},"loc":{"start":{"line":19,"column":60},"end":{"line":50,"column":3}}},"1":{"name":"(anonymous_1)","decl":{"start":{"line":56,"column":2},"end":{"line":56,"column":7}},"loc":{"start":{"line":56,"column":60},"end":{"line":75,"column":3}}},"2":{"name":"(anonymous_2)","decl":{"start":{"line":81,"column":2},"end":{"line":81,"column":7}},"loc":{"start":{"line":81,"column":60},"end":{"line":102,"column":3}}},"3":{"name":"(anonymous_3)","decl":{"start":{"line":108,"column":2},"end":{"line":108,"column":7}},"loc":{"start":{"line":108,"column":60},"end":{"line":135,"column":3}}},"4":{"name":"(anonymous_4)","decl":{"start":{"line":141,"column":2},"end":{"line":141,"column":7}},"loc":{"start":{"line":141,"column":60},"end":{"line":175,"column":3}}},"5":{"name":"(anonymous_5)","decl":{"start":{"line":181,"column":2},"end":{"line":181,"column":7}},"loc":{"start":{"line":181,"column":60},"end":{"line":199,"column":3}}},"6":{"name":"(anonymous_6)","decl":{"start":{"line":205,"column":2},"end":{"line":205,"column":7}},"loc":{"start":{"line":205,"column":60},"end":{"line":235,"column":3}}},"7":{"name":"(anonymous_7)","decl":{"start":{"line":242,"column":2},"end":{"line":242,"column":7}},"loc":{"start":{"line":242,"column":60},"end":{"line":273,"column":3}}}},"branchMap":{"0":{"loc":{"start":{"line":21,"column":31},"end":{"line":21,"column":70}},"type":"binary-expr","locations":[{"start":{"line":21,"column":31},"end":{"line":21,"column":65}},{"start":{"line":21,"column":69},"end":{"line":21,"column":70}}]},"1":{"loc":{"start":{"line":22,"column":46},"end":{"line":22,"column":87}},"type":"binary-expr","locations":[{"start":{"line":22,"column":46},"end":{"line":22,"column":81}},{"start":{"line":22,"column":85},"end":{"line":22,"column":87}}]},"2":{"loc":{"start":{"line":61,"column":6},"end":{"line":61,"column":63}},"type":"if","locations":[{"start":{"line":61,"column":6},"end":{"line":61,"column":63}},{"start":{},"end":{}}]},"3":{"loc":{"start":{"line":86,"column":6},"end":{"line":86,"column":63}},"type":"if","locations":[{"start":{"line":86,"column":6},"end":{"line":86,"column":63}},{"start":{},"end":{}}]},"4":{"loc":{"start":{"line":110,"column":31},"end":{"line":110,"column":70}},"type":"binary-expr","locations":[{"start":{"line":110,"column":31},"end":{"line":110,"column":65}},{"start":{"line":110,"column":69},"end":{"line":110,"column":70}}]},"5":{"loc":{"start":{"line":111,"column":46},"end":{"line":111,"column":87}},"type":"binary-expr","locations":[{"start":{"line":111,"column":46},"end":{"line":111,"column":81}},{"start":{"line":111,"column":85},"end":{"line":111,"column":87}}]},"6":{"loc":{"start":{"line":144,"column":6},"end":{"line":146,"column":7}},"type":"if","locations":[{"start":{"line":144,"column":6},"end":{"line":146,"column":7}},{"start":{},"end":{}}]},"7":{"loc":{"start":{"line":144,"column":10},"end":{"line":144,"column":53}},"type":"binary-expr","locations":[{"start":{"line":144,"column":10},"end":{"line":144,"column":30}},{"start":{"line":144,"column":34},"end":{"line":144,"column":53}}]},"8":{"loc":{"start":{"line":149,"column":6},"end":{"line":149,"column":59}},"type":"if","locations":[{"start":{"line":149,"column":6},"end":{"line":149,"column":59}},{"start":{},"end":{}}]},"9":{"loc":{"start":{"line":151,"column":21},"end":{"line":151,"column":67}},"type":"cond-expr","locations":[{"start":{"line":151,"column":44},"end":{"line":151,"column":54}},{"start":{"line":151,"column":57},"end":{"line":151,"column":67}}]},"10":{"loc":{"start":{"line":161,"column":17},"end":{"line":161,"column":90}},"type":"cond-expr","locations":[{"start":{"line":161,"column":40},"end":{"line":161,"column":64}},{"start":{"line":161,"column":67},"end":{"line":161,"column":90}}]},"11":{"loc":{"start":{"line":162,"column":16},"end":{"line":164,"column":90}},"type":"cond-expr","locations":[{"start":{"line":163,"column":14},"end":{"line":163,"column":89}},{"start":{"line":164,"column":14},"end":{"line":164,"column":90}}]},"12":{"loc":{"start":{"line":165,"column":16},"end":{"line":165,"column":88}},"type":"cond-expr","locations":[{"start":{"line":165,"column":39},"end":{"line":165,"column":62}},{"start":{"line":165,"column":65},"end":{"line":165,"column":88}}]},"13":{"loc":{"start":{"line":184,"column":6},"end":{"line":186,"column":7}},"type":"if","locations":[{"start":{"line":184,"column":6},"end":{"line":186,"column":7}},{"start":{},"end":{}}]},"14":{"loc":{"start":{"line":184,"column":10},"end":{"line":184,"column":76}},"type":"binary-expr","locations":[{"start":{"line":184,"column":10},"end":{"line":184,"column":14}},{"start":{"line":184,"column":18},"end":{"line":184,"column":76}}]},"15":{"loc":{"start":{"line":189,"column":6},"end":{"line":189,"column":101}},"type":"if","locations":[{"start":{"line":189,"column":6},"end":{"line":189,"column":101}},{"start":{},"end":{}}]},"16":{"loc":{"start":{"line":191,"column":36},"end":{"line":191,"column":88}},"type":"binary-expr","locations":[{"start":{"line":191,"column":36},"end":{"line":191,"column":72}},{"start":{"line":191,"column":76},"end":{"line":191,"column":88}}]},"17":{"loc":{"start":{"line":207,"column":31},"end":{"line":207,"column":70}},"type":"binary-expr","locations":[{"start":{"line":207,"column":31},"end":{"line":207,"column":65}},{"start":{"line":207,"column":69},"end":{"line":207,"column":70}}]},"18":{"loc":{"start":{"line":208,"column":46},"end":{"line":208,"column":87}},"type":"binary-expr","locations":[{"start":{"line":208,"column":46},"end":{"line":208,"column":81}},{"start":{"line":208,"column":85},"end":{"line":208,"column":87}}]},"19":{"loc":{"start":{"line":247,"column":6},"end":{"line":247,"column":77}},"type":"if","locations":[{"start":{"line":247,"column":6},"end":{"line":247,"column":77}},{"start":{},"end":{}}]},"20":{"loc":{"start":{"line":249,"column":21},"end":{"line":249,"column":67}},"type":"cond-expr","locations":[{"start":{"line":249,"column":44},"end":{"line":249,"column":54}},{"start":{"line":249,"column":57},"end":{"line":249,"column":67}}]},"21":{"loc":{"start":{"line":256,"column":14},"end":{"line":256,"column":77}},"type":"cond-expr","locations":[{"start":{"line":256,"column":54},"end":{"line":256,"column":72}},{"start":{"line":256,"column":75},"end":{"line":256,"column":77}}]},"22":{"loc":{"start":{"line":256,"column":14},"end":{"line":256,"column":51}},"type":"binary-expr","locations":[{"start":{"line":256,"column":14},"end":{"line":256,"column":33}},{"start":{"line":256,"column":37},"end":{"line":256,"column":51}}]},"23":{"loc":{"start":{"line":260,"column":28},"end":{"line":260,"column":96}},"type":"cond-expr","locations":[{"start":{"line":260,"column":71},"end":{"line":260,"column":84}},{"start":{"line":260,"column":87},"end":{"line":260,"column":96}}]},"24":{"loc":{"start":{"line":261,"column":24},"end":{"line":261,"column":98}},"type":"cond-expr","locations":[{"start":{"line":261,"column":47},"end":{"line":261,"column":71}},{"start":{"line":261,"column":74},"end":{"line":261,"column":98}}]},"25":{"loc":{"start":{"line":262,"column":20},"end":{"line":262,"column":95}},"type":"cond-expr","locations":[{"start":{"line":262,"column":43},"end":{"line":262,"column":68}},{"start":{"line":262,"column":71},"end":{"line":262,"column":95}}]},"26":{"loc":{"start":{"line":263,"column":19},"end":{"line":265,"column":152}},"type":"cond-expr","locations":[{"start":{"line":264,"column":10},"end":{"line":264,"column":107}},{"start":{"line":265,"column":10},"end":{"line":265,"column":152}}]},"27":{"loc":{"start":{"line":265,"column":66},"end":{"line":265,"column":116}},"type":"cond-expr","locations":[{"start":{"line":265,"column":83},"end":{"line":265,"column":111}},{"start":{"line":265,"column":114},"end":{"line":265,"column":116}}]}},"s":{"0":12,"1":12,"2":12,"3":12,"4":12,"5":12,"6":12,"7":12,"8":12,"9":12,"10":12,"11":12,"12":12,"13":1,"14":1,"15":1,"16":1,"17":1,"18":1,"19":0,"20":12,"21":2,"22":2,"23":2,"24":1,"25":1,"26":1,"27":1,"28":1,"29":12,"30":2,"31":2,"32":2,"33":1,"34":1,"35":1,"36":1,"37":12,"38":1,"39":1,"40":1,"41":1,"42":1,"43":1,"44":0,"45":12,"46":4,"47":4,"48":4,"49":1,"50":3,"51":3,"52":1,"53":2,"54":2,"55":2,"56":2,"57":1,"58":12,"59":3,"60":3,"61":3,"62":2,"63":1,"64":1,"65":1,"66":0,"67":0,"68":0,"69":0,"70":0,"71":12,"72":1,"73":1,"74":1,"75":1,"76":1,"77":1,"78":0,"79":12,"80":4,"81":4,"82":4,"83":4,"84":1,"85":3,"86":3,"87":3,"88":3,"89":3,"90":3,"91":3,"92":3,"93":1,"94":12},"f":{"0":1,"1":2,"2":2,"3":1,"4":4,"5":3,"6":1,"7":4},"b":{"0":[1,1],"1":[1,1],"2":[1,1],"3":[1,1],"4":[1,1],"5":[1,1],"6":[1,3],"7":[4,2],"8":[1,2],"9":[1,1],"10":[1,1],"11":[1,1],"12":[1,1],"13":[2,1],"14":[3,2],"15":[1,0],"16":[0,0],"17":[1,1],"18":[1,1],"19":[1,3],"20":[1,2],"21":[1,2],"22":[3,2],"23":[3,0],"24":[1,2],"25":[1,2],"26":[1,2],"27":[1,1]}}
,"/Users/guyshick/Desktop/final project/CSFinalProject/backend/src/routes/auth.ts": {"path":"/Users/guyshick/Desktop/final project/CSFinalProject/backend/src/routes/auth.ts","statementMap":{"0":{"start":{"line":1,"column":0},"end":{"line":1,"column":66}},"1":{"start":{"line":2,"column":0},"end":{"line":2,"column":79}},"2":{"start":{"line":3,"column":0},"end":{"line":3,"column":44}},"3":{"start":{"line":4,"column":0},"end":{"line":4,"column":42}},"4":{"start":{"line":5,"column":0},"end":{"line":5,"column":50}},"5":{"start":{"line":6,"column":0},"end":{"line":6,"column":67}},"6":{"start":{"line":7,"column":0},"end":{"line":7,"column":44}},"7":{"start":{"line":9,"column":15},"end":{"line":9,"column":23}},"8":{"start":{"line":13,"column":0},"end":{"line":57,"column":3}},"9":{"start":{"line":14,"column":2},"end":{"line":56,"column":3}},"10":{"start":{"line":15,"column":23},"end":{"line":15,"column":48}},"11":{"start":{"line":16,"column":4},"end":{"line":18,"column":5}},"12":{"start":{"line":17,"column":6},"end":{"line":17,"column":77}},"13":{"start":{"line":20,"column":18},"end":{"line":20,"column":37}},"14":{"start":{"line":21,"column":20},"end":{"line":21,"column":59}},"15":{"start":{"line":23,"column":40},"end":{"line":23,"column":null}},"16":{"start":{"line":28,"column":17},"end":{"line":35,"column":6}},"17":{"start":{"line":37,"column":4},"end":{"line":37,"column":35}},"18":{"start":{"line":39,"column":4},"end":{"line":44,"column":5}},"19":{"start":{"line":43,"column":6},"end":{"line":43,"column":60}},"20":{"start":{"line":46,"column":4},"end":{"line":54,"column":5}},"21":{"start":{"line":50,"column":26},"end":{"line":50,"column":74}},"22":{"start":{"line":51,"column":6},"end":{"line":53,"column":7}},"23":{"start":{"line":52,"column":8},"end":{"line":52,"column":71}},"24":{"start":{"line":55,"column":4},"end":{"line":55,"column":23}},"25":{"start":{"line":59,"column":0},"end":{"line":59,"column":22}}},"fnMap":{"0":{"name":"(anonymous_1)","decl":{"start":{"line":13,"column":47},"end":{"line":13,"column":52}},"loc":{"start":{"line":13,"column":105},"end":{"line":57,"column":1}}}},"branchMap":{"0":{"loc":{"start":{"line":16,"column":4},"end":{"line":18,"column":5}},"type":"if","locations":[{"start":{"line":16,"column":4},"end":{"line":18,"column":5}},{"start":{},"end":{}}]},"1":{"loc":{"start":{"line":31,"column":15},"end":{"line":31,"column":34}},"type":"binary-expr","locations":[{"start":{"line":31,"column":15},"end":{"line":31,"column":28}},{"start":{"line":31,"column":32},"end":{"line":31,"column":34}}]},"2":{"loc":{"start":{"line":39,"column":4},"end":{"line":44,"column":5}},"type":"if","locations":[{"start":{"line":39,"column":4},"end":{"line":44,"column":5}},{"start":{},"end":{}}]},"3":{"loc":{"start":{"line":40,"column":6},"end":{"line":41,"column":26}},"type":"binary-expr","locations":[{"start":{"line":40,"column":6},"end":{"line":40,"column":50}},{"start":{"line":41,"column":6},"end":{"line":41,"column":26}}]},"4":{"loc":{"start":{"line":46,"column":4},"end":{"line":54,"column":5}},"type":"if","locations":[{"start":{"line":46,"column":4},"end":{"line":54,"column":5}},{"start":{},"end":{}}]},"5":{"loc":{"start":{"line":47,"column":6},"end":{"line":48,"column":24}},"type":"binary-expr","locations":[{"start":{"line":47,"column":6},"end":{"line":47,"column":26}},{"start":{"line":48,"column":6},"end":{"line":48,"column":24}}]},"6":{"loc":{"start":{"line":51,"column":6},"end":{"line":53,"column":7}},"type":"if","locations":[{"start":{"line":51,"column":6},"end":{"line":53,"column":7}},{"start":{},"end":{}}]}},"s":{"0":12,"1":12,"2":12,"3":12,"4":12,"5":12,"6":12,"7":12,"8":12,"9":5,"10":5,"11":5,"12":1,"13":4,"14":4,"15":3,"16":3,"17":2,"18":3,"19":1,"20":2,"21":1,"22":1,"23":1,"24":1,"25":12},"f":{"0":5},"b":{"0":[1,4],"1":[3,3],"2":[1,2],"3":[3,1],"4":[1,1],"5":[2,2],"6":[1,0]}}
,"/Users/guyshick/Desktop/final project/CSFinalProject/backend/src/routes/bids.ts": {"path":"/Users/guyshick/Desktop/final project/CSFinalProject/backend/src/routes/bids.ts","statementMap":{"0":{"start":{"line":1,"column":0},"end":{"line":1,"column":66}},"1":{"start":{"line":3,"column":0},"end":{"line":3,"column":52}},"2":{"start":{"line":4,"column":0},"end":{"line":4,"column":50}},"3":{"start":{"line":5,"column":0},"end":{"line":5,"column":45}},"4":{"start":{"line":6,"column":0},"end":{"line":6,"column":42}},"5":{"start":{"line":7,"column":0},"end":{"line":7,"column":67}},"6":{"start":{"line":8,"column":0},"end":{"line":8,"column":34}},"7":{"start":{"line":9,"column":0},"end":{"line":9,"column":null}},"8":{"start":{"line":16,"column":15},"end":{"line":16,"column":23}},"9":{"start":{"line":18,"column":0},"end":{"line":18,"column":27}},"10":{"start":{"line":21,"column":0},"end":{"line":96,"column":3}},"11":{"start":{"line":22,"column":2},"end":{"line":95,"column":3}},"12":{"start":{"line":23,"column":16},"end":{"line":26,"column":6}},"13":{"start":{"line":28,"column":4},"end":{"line":28,"column":55}},"14":{"start":{"line":28,"column":14},"end":{"line":28,"column":55}},"15":{"start":{"line":29,"column":4},"end":{"line":29,"column":111}},"16":{"start":{"line":29,"column":47},"end":{"line":29,"column":111}},"17":{"start":{"line":30,"column":4},"end":{"line":30,"column":97}},"18":{"start":{"line":30,"column":34},"end":{"line":30,"column":97}},"19":{"start":{"line":33,"column":25},"end":{"line":36,"column":6}},"20":{"start":{"line":40,"column":4},"end":{"line":63,"column":7}},"21":{"start":{"line":41,"column":24},"end":{"line":41,"column":80}},"22":{"start":{"line":42,"column":6},"end":{"line":44,"column":7}},"23":{"start":{"line":43,"column":8},"end":{"line":43,"column":95}},"24":{"start":{"line":46,"column":6},"end":{"line":49,"column":9}},"25":{"start":{"line":50,"column":6},"end":{"line":53,"column":9}},"26":{"start":{"line":54,"column":6},"end":{"line":62,"column":9}},"27":{"start":{"line":66,"column":4},"end":{"line":73,"column":6}},"28":{"start":{"line":76,"column":25},"end":{"line":79,"column":6}},"29":{"start":{"line":80,"column":4},"end":{"line":89,"column":5}},"30":{"start":{"line":81,"column":6},"end":{"line":88,"column":8}},"31":{"start":{"line":91,"column":20},"end":{"line":91,"column":74}},"32":{"start":{"line":92,"column":4},"end":{"line":92,"column":31}},"33":{"start":{"line":94,"column":4},"end":{"line":94,"column":14}},"34":{"start":{"line":99,"column":0},"end":{"line":134,"column":3}},"35":{"start":{"line":100,"column":2},"end":{"line":133,"column":3}},"36":{"start":{"line":101,"column":16},"end":{"line":104,"column":6}},"37":{"start":{"line":106,"column":4},"end":{"line":106,"column":55}},"38":{"start":{"line":106,"column":14},"end":{"line":106,"column":55}},"39":{"start":{"line":107,"column":4},"end":{"line":107,"column":111}},"40":{"start":{"line":107,"column":47},"end":{"line":107,"column":111}},"41":{"start":{"line":108,"column":4},"end":{"line":108,"column":97}},"42":{"start":{"line":108,"column":34},"end":{"line":108,"column":97}},"43":{"start":{"line":110,"column":49},"end":{"line":110,"column":57}},"44":{"start":{"line":112,"column":20},"end":{"line":119,"column":6}},"45":{"start":{"line":121,"column":4},"end":{"line":128,"column":6}},"46":{"start":{"line":130,"column":4},"end":{"line":130,"column":31}},"47":{"start":{"line":132,"column":4},"end":{"line":132,"column":14}},"48":{"start":{"line":137,"column":0},"end":{"line":166,"column":3}},"49":{"start":{"line":138,"column":2},"end":{"line":165,"column":3}},"50":{"start":{"line":139,"column":16},"end":{"line":142,"column":6}},"51":{"start":{"line":144,"column":4},"end":{"line":144,"column":55}},"52":{"start":{"line":144,"column":14},"end":{"line":144,"column":55}},"53":{"start":{"line":145,"column":4},"end":{"line":145,"column":104}},"54":{"start":{"line":145,"column":38},"end":{"line":145,"column":104}},"55":{"start":{"line":146,"column":4},"end":{"line":146,"column":98}},"56":{"start":{"line":146,"column":34},"end":{"line":146,"column":98}},"57":{"start":{"line":148,"column":20},"end":{"line":151,"column":6}},"58":{"start":{"line":153,"column":4},"end":{"line":160,"column":6}},"59":{"start":{"line":162,"column":4},"end":{"line":162,"column":31}},"60":{"start":{"line":164,"column":4},"end":{"line":164,"column":14}},"61":{"start":{"line":169,"column":0},"end":{"line":214,"column":3}},"62":{"start":{"line":170,"column":2},"end":{"line":213,"column":3}},"63":{"start":{"line":171,"column":16},"end":{"line":174,"column":6}},"64":{"start":{"line":176,"column":4},"end":{"line":176,"column":55}},"65":{"start":{"line":176,"column":14},"end":{"line":176,"column":55}},"66":{"start":{"line":177,"column":4},"end":{"line":177,"column":111}},"67":{"start":{"line":177,"column":38},"end":{"line":177,"column":111}},"68":{"start":{"line":178,"column":4},"end":{"line":178,"column":99}},"69":{"start":{"line":178,"column":35},"end":{"line":178,"column":99}},"70":{"start":{"line":179,"column":4},"end":{"line":179,"column":96}},"71":{"start":{"line":179,"column":43},"end":{"line":179,"column":96}},"72":{"start":{"line":181,"column":4},"end":{"line":190,"column":7}},"73":{"start":{"line":182,"column":6},"end":{"line":185,"column":9}},"74":{"start":{"line":186,"column":6},"end":{"line":189,"column":9}},"75":{"start":{"line":192,"column":4},"end":{"line":199,"column":6}},"76":{"start":{"line":202,"column":15},"end":{"line":202,"column":22}},"77":{"start":{"line":203,"column":4},"end":{"line":208,"column":5}},"78":{"start":{"line":204,"column":6},"end":{"line":207,"column":9}},"79":{"start":{"line":210,"column":4},"end":{"line":210,"column":57}},"80":{"start":{"line":212,"column":4},"end":{"line":212,"column":14}},"81":{"start":{"line":217,"column":0},"end":{"line":238,"column":3}},"82":{"start":{"line":218,"column":2},"end":{"line":237,"column":3}},"83":{"start":{"line":219,"column":16},"end":{"line":222,"column":6}},"84":{"start":{"line":224,"column":4},"end":{"line":224,"column":55}},"85":{"start":{"line":224,"column":14},"end":{"line":224,"column":55}},"86":{"start":{"line":225,"column":4},"end":{"line":225,"column":106}},"87":{"start":{"line":225,"column":38},"end":{"line":225,"column":106}},"88":{"start":{"line":226,"column":4},"end":{"line":226,"column":104}},"89":{"start":{"line":226,"column":36},"end":{"line":226,"column":104}},"90":{"start":{"line":227,"column":4},"end":{"line":227,"column":88}},"91":{"start":{"line":227,"column":36},"end":{"line":227,"column":88}},"92":{"start":{"line":229,"column":20},"end":{"line":232,"column":6}},"93":{"start":{"line":234,"column":4},"end":{"line":234,"column":31}},"94":{"start":{"line":236,"column":4},"end":{"line":236,"column":14}},"95":{"start":{"line":241,"column":0},"end":{"line":279,"column":3}},"96":{"start":{"line":242,"column":2},"end":{"line":278,"column":3}},"97":{"start":{"line":243,"column":16},"end":{"line":245,"column":6}},"98":{"start":{"line":247,"column":4},"end":{"line":247,"column":55}},"99":{"start":{"line":247,"column":14},"end":{"line":247,"column":55}},"100":{"start":{"line":248,"column":4},"end":{"line":248,"column":100}},"101":{"start":{"line":248,"column":38},"end":{"line":248,"column":100}},"102":{"start":{"line":249,"column":4},"end":{"line":249,"column":95}},"103":{"start":{"line":249,"column":34},"end":{"line":249,"column":95}},"104":{"start":{"line":251,"column":43},"end":{"line":251,"column":51}},"105":{"start":{"line":252,"column":67},"end":{"line":252,"column":69}},"106":{"start":{"line":253,"column":4},"end":{"line":258,"column":5}},"107":{"start":{"line":254,"column":6},"end":{"line":256,"column":7}},"108":{"start":{"line":255,"column":8},"end":{"line":255,"column":77}},"109":{"start":{"line":257,"column":6},"end":{"line":257,"column":41}},"110":{"start":{"line":259,"column":4},"end":{"line":264,"column":5}},"111":{"start":{"line":260,"column":6},"end":{"line":262,"column":7}},"112":{"start":{"line":261,"column":8},"end":{"line":261,"column":76}},"113":{"start":{"line":263,"column":6},"end":{"line":263,"column":44}},"114":{"start":{"line":266,"column":4},"end":{"line":268,"column":5}},"115":{"start":{"line":267,"column":6},"end":{"line":267,"column":53}},"116":{"start":{"line":270,"column":20},"end":{"line":273,"column":6}},"117":{"start":{"line":275,"column":4},"end":{"line":275,"column":31}},"118":{"start":{"line":277,"column":4},"end":{"line":277,"column":14}},"119":{"start":{"line":282,"column":0},"end":{"line":295,"column":3}},"120":{"start":{"line":283,"column":2},"end":{"line":294,"column":3}},"121":{"start":{"line":284,"column":16},"end":{"line":284,"column":77}},"122":{"start":{"line":285,"column":4},"end":{"line":285,"column":55}},"123":{"start":{"line":285,"column":14},"end":{"line":285,"column":55}},"124":{"start":{"line":286,"column":4},"end":{"line":286,"column":102}},"125":{"start":{"line":286,"column":38},"end":{"line":286,"column":102}},"126":{"start":{"line":287,"column":4},"end":{"line":289,"column":5}},"127":{"start":{"line":288,"column":6},"end":{"line":288,"column":82}},"128":{"start":{"line":290,"column":4},"end":{"line":290,"column":55}},"129":{"start":{"line":291,"column":4},"end":{"line":291,"column":41}},"130":{"start":{"line":293,"column":4},"end":{"line":293,"column":14}},"131":{"start":{"line":297,"column":0},"end":{"line":297,"column":22}}},"fnMap":{"0":{"name":"(anonymous_0)","decl":{"start":{"line":21,"column":26},"end":{"line":21,"column":31}},"loc":{"start":{"line":21,"column":84},"end":{"line":96,"column":1}}},"1":{"name":"(anonymous_1)","decl":{"start":{"line":40,"column":30},"end":{"line":40,"column":35}},"loc":{"start":{"line":40,"column":69},"end":{"line":63,"column":5}}},"2":{"name":"(anonymous_2)","decl":{"start":{"line":99,"column":53},"end":{"line":99,"column":58}},"loc":{"start":{"line":99,"column":111},"end":{"line":134,"column":1}}},"3":{"name":"(anonymous_3)","decl":{"start":{"line":137,"column":28},"end":{"line":137,"column":33}},"loc":{"start":{"line":137,"column":86},"end":{"line":166,"column":1}}},"4":{"name":"(anonymous_4)","decl":{"start":{"line":169,"column":35},"end":{"line":169,"column":40}},"loc":{"start":{"line":169,"column":93},"end":{"line":214,"column":1}}},"5":{"name":"(anonymous_5)","decl":{"start":{"line":181,"column":30},"end":{"line":181,"column":35}},"loc":{"start":{"line":181,"column":69},"end":{"line":190,"column":5}}},"6":{"name":"(anonymous_6)","decl":{"start":{"line":217,"column":30},"end":{"line":217,"column":35}},"loc":{"start":{"line":217,"column":88},"end":{"line":238,"column":1}}},"7":{"name":"(anonymous_7)","decl":{"start":{"line":241,"column":19},"end":{"line":241,"column":24}},"loc":{"start":{"line":241,"column":77},"end":{"line":279,"column":1}}},"8":{"name":"(anonymous_8)","decl":{"start":{"line":282,"column":22},"end":{"line":282,"column":27}},"loc":{"start":{"line":282,"column":80},"end":{"line":295,"column":1}}}},"branchMap":{"0":{"loc":{"start":{"line":28,"column":4},"end":{"line":28,"column":55}},"type":"if","locations":[{"start":{"line":28,"column":4},"end":{"line":28,"column":55}},{"start":{},"end":{}}]},"1":{"loc":{"start":{"line":29,"column":4},"end":{"line":29,"column":111}},"type":"if","locations":[{"start":{"line":29,"column":4},"end":{"line":29,"column":111}},{"start":{},"end":{}}]},"2":{"loc":{"start":{"line":30,"column":4},"end":{"line":30,"column":97}},"type":"if","locations":[{"start":{"line":30,"column":4},"end":{"line":30,"column":97}},{"start":{},"end":{}}]},"3":{"loc":{"start":{"line":42,"column":6},"end":{"line":44,"column":7}},"type":"if","locations":[{"start":{"line":42,"column":6},"end":{"line":44,"column":7}},{"start":{},"end":{}}]},"4":{"loc":{"start":{"line":42,"column":10},"end":{"line":42,"column":51}},"type":"binary-expr","locations":[{"start":{"line":42,"column":10},"end":{"line":42,"column":20}},{"start":{"line":42,"column":24},"end":{"line":42,"column":51}}]},"5":{"loc":{"start":{"line":60,"column":40},"end":{"line":60,"column":85}},"type":"binary-expr","locations":[{"start":{"line":60,"column":40},"end":{"line":60,"column":77}},{"start":{"line":60,"column":81},"end":{"line":60,"column":85}}]},"6":{"loc":{"start":{"line":106,"column":4},"end":{"line":106,"column":55}},"type":"if","locations":[{"start":{"line":106,"column":4},"end":{"line":106,"column":55}},{"start":{},"end":{}}]},"7":{"loc":{"start":{"line":107,"column":4},"end":{"line":107,"column":111}},"type":"if","locations":[{"start":{"line":107,"column":4},"end":{"line":107,"column":111}},{"start":{},"end":{}}]},"8":{"loc":{"start":{"line":108,"column":4},"end":{"line":108,"column":97}},"type":"if","locations":[{"start":{"line":108,"column":4},"end":{"line":108,"column":97}},{"start":{},"end":{}}]},"9":{"loc":{"start":{"line":117,"column":24},"end":{"line":117,"column":46}},"type":"binary-expr","locations":[{"start":{"line":117,"column":24},"end":{"line":117,"column":38}},{"start":{"line":117,"column":42},"end":{"line":117,"column":46}}]},"10":{"loc":{"start":{"line":144,"column":4},"end":{"line":144,"column":55}},"type":"if","locations":[{"start":{"line":144,"column":4},"end":{"line":144,"column":55}},{"start":{},"end":{}}]},"11":{"loc":{"start":{"line":145,"column":4},"end":{"line":145,"column":104}},"type":"if","locations":[{"start":{"line":145,"column":4},"end":{"line":145,"column":104}},{"start":{},"end":{}}]},"12":{"loc":{"start":{"line":146,"column":4},"end":{"line":146,"column":98}},"type":"if","locations":[{"start":{"line":146,"column":4},"end":{"line":146,"column":98}},{"start":{},"end":{}}]},"13":{"loc":{"start":{"line":176,"column":4},"end":{"line":176,"column":55}},"type":"if","locations":[{"start":{"line":176,"column":4},"end":{"line":176,"column":55}},{"start":{},"end":{}}]},"14":{"loc":{"start":{"line":177,"column":4},"end":{"line":177,"column":111}},"type":"if","locations":[{"start":{"line":177,"column":4},"end":{"line":177,"column":111}},{"start":{},"end":{}}]},"15":{"loc":{"start":{"line":178,"column":4},"end":{"line":178,"column":99}},"type":"if","locations":[{"start":{"line":178,"column":4},"end":{"line":178,"column":99}},{"start":{},"end":{}}]},"16":{"loc":{"start":{"line":179,"column":4},"end":{"line":179,"column":96}},"type":"if","locations":[{"start":{"line":179,"column":4},"end":{"line":179,"column":96}},{"start":{},"end":{}}]},"17":{"loc":{"start":{"line":203,"column":4},"end":{"line":208,"column":5}},"type":"if","locations":[{"start":{"line":203,"column":4},"end":{"line":208,"column":5}},{"start":{},"end":{}}]},"18":{"loc":{"start":{"line":224,"column":4},"end":{"line":224,"column":55}},"type":"if","locations":[{"start":{"line":224,"column":4},"end":{"line":224,"column":55}},{"start":{},"end":{}}]},"19":{"loc":{"start":{"line":225,"column":4},"end":{"line":225,"column":106}},"type":"if","locations":[{"start":{"line":225,"column":4},"end":{"line":225,"column":106}},{"start":{},"end":{}}]},"20":{"loc":{"start":{"line":226,"column":4},"end":{"line":226,"column":104}},"type":"if","locations":[{"start":{"line":226,"column":4},"end":{"line":226,"column":104}},{"start":{},"end":{}}]},"21":{"loc":{"start":{"line":227,"column":4},"end":{"line":227,"column":88}},"type":"if","locations":[{"start":{"line":227,"column":4},"end":{"line":227,"column":88}},{"start":{},"end":{}}]},"22":{"loc":{"start":{"line":247,"column":4},"end":{"line":247,"column":55}},"type":"if","locations":[{"start":{"line":247,"column":4},"end":{"line":247,"column":55}},{"start":{},"end":{}}]},"23":{"loc":{"start":{"line":248,"column":4},"end":{"line":248,"column":100}},"type":"if","locations":[{"start":{"line":248,"column":4},"end":{"line":248,"column":100}},{"start":{},"end":{}}]},"24":{"loc":{"start":{"line":249,"column":4},"end":{"line":249,"column":95}},"type":"if","locations":[{"start":{"line":249,"column":4},"end":{"line":249,"column":95}},{"start":{},"end":{}}]},"25":{"loc":{"start":{"line":253,"column":4},"end":{"line":258,"column":5}},"type":"if","locations":[{"start":{"line":253,"column":4},"end":{"line":258,"column":5}},{"start":{},"end":{}}]},"26":{"loc":{"start":{"line":254,"column":6},"end":{"line":256,"column":7}},"type":"if","locations":[{"start":{"line":254,"column":6},"end":{"line":256,"column":7}},{"start":{},"end":{}}]},"27":{"loc":{"start":{"line":254,"column":10},"end":{"line":254,"column":65}},"type":"binary-expr","locations":[{"start":{"line":254,"column":10},"end":{"line":254,"column":43}},{"start":{"line":254,"column":47},"end":{"line":254,"column":65}}]},"28":{"loc":{"start":{"line":259,"column":4},"end":{"line":264,"column":5}},"type":"if","locations":[{"start":{"line":259,"column":4},"end":{"line":264,"column":5}},{"start":{},"end":{}}]},"29":{"loc":{"start":{"line":260,"column":6},"end":{"line":262,"column":7}},"type":"if","locations":[{"start":{"line":260,"column":6},"end":{"line":262,"column":7}},{"start":{},"end":{}}]},"30":{"loc":{"start":{"line":260,"column":10},"end":{"line":260,"column":76}},"type":"binary-expr","locations":[{"start":{"line":260,"column":10},"end":{"line":260,"column":41}},{"start":{"line":260,"column":45},"end":{"line":260,"column":76}}]},"31":{"loc":{"start":{"line":266,"column":4},"end":{"line":268,"column":5}},"type":"if","locations":[{"start":{"line":266,"column":4},"end":{"line":268,"column":5}},{"start":{},"end":{}}]},"32":{"loc":{"start":{"line":285,"column":4},"end":{"line":285,"column":55}},"type":"if","locations":[{"start":{"line":285,"column":4},"end":{"line":285,"column":55}},{"start":{},"end":{}}]},"33":{"loc":{"start":{"line":286,"column":4},"end":{"line":286,"column":102}},"type":"if","locations":[{"start":{"line":286,"column":4},"end":{"line":286,"column":102}},{"start":{},"end":{}}]},"34":{"loc":{"start":{"line":287,"column":4},"end":{"line":289,"column":5}},"type":"if","locations":[{"start":{"line":287,"column":4},"end":{"line":289,"column":5}},{"start":{},"end":{}}]},"35":{"loc":{"start":{"line":287,"column":8},"end":{"line":287,"column":63}},"type":"binary-expr","locations":[{"start":{"line":287,"column":8},"end":{"line":287,"column":33}},{"start":{"line":287,"column":37},"end":{"line":287,"column":63}}]}},"s":{"0":12,"1":12,"2":12,"3":12,"4":12,"5":12,"6":12,"7":12,"8":12,"9":12,"10":12,"11":80,"12":80,"13":80,"14":0,"15":80,"16":1,"17":79,"18":1,"19":78,"20":78,"21":78,"22":78,"23":0,"24":78,"25":78,"26":78,"27":78,"28":78,"29":78,"30":2,"31":78,"32":78,"33":2,"34":12,"35":5,"36":5,"37":5,"38":0,"39":5,"40":1,"41":4,"42":0,"43":4,"44":4,"45":4,"46":4,"47":1,"48":12,"49":3,"50":3,"51":3,"52":0,"53":3,"54":0,"55":3,"56":0,"57":3,"58":3,"59":3,"60":0,"61":12,"62":4,"63":4,"64":4,"65":0,"66":4,"67":1,"68":3,"69":1,"70":2,"71":0,"72":2,"73":2,"74":2,"75":2,"76":2,"77":2,"78":0,"79":2,"80":2,"81":12,"82":2,"83":2,"84":2,"85":0,"86":2,"87":0,"88":2,"89":1,"90":1,"91":0,"92":1,"93":1,"94":1,"95":12,"96":6,"97":6,"98":6,"99":0,"100":6,"101":1,"102":5,"103":1,"104":4,"105":4,"106":4,"107":2,"108":1,"109":1,"110":3,"111":2,"112":1,"113":1,"114":2,"115":1,"116":1,"117":1,"118":5,"119":12,"120":3,"121":3,"122":3,"123":0,"124":3,"125":0,"126":3,"127":1,"128":2,"129":2,"130":1,"131":12},"f":{"0":80,"1":78,"2":5,"3":3,"4":4,"5":2,"6":2,"7":6,"8":3},"b":{"0":[0,80],"1":[1,79],"2":[1,78],"3":[0,78],"4":[78,78],"5":[78,0],"6":[0,5],"7":[1,4],"8":[0,4],"9":[4,3],"10":[0,3],"11":[0,3],"12":[0,3],"13":[0,4],"14":[1,3],"15":[1,2],"16":[0,2],"17":[0,2],"18":[0,2],"19":[0,2],"20":[1,1],"21":[0,1],"22":[0,6],"23":[1,5],"24":[1,4],"25":[2,2],"26":[1,1],"27":[2,2],"28":[2,1],"29":[1,1],"30":[2,2],"31":[1,1],"32":[0,3],"33":[0,3],"34":[1,2],"35":[3,2]}}
,"/Users/guyshick/Desktop/final project/CSFinalProject/backend/src/routes/messages.ts": {"path":"/Users/guyshick/Desktop/final project/CSFinalProject/backend/src/routes/messages.ts","statementMap":{"0":{"start":{"line":1,"column":0},"end":{"line":1,"column":66}},"1":{"start":{"line":2,"column":0},"end":{"line":2,"column":52}},"2":{"start":{"line":3,"column":0},"end":{"line":3,"column":42}},"3":{"start":{"line":4,"column":0},"end":{"line":4,"column":64}},"4":{"start":{"line":5,"column":0},"end":{"line":5,"column":34}},"5":{"start":{"line":7,"column":15},"end":{"line":7,"column":23}},"6":{"start":{"line":9,"column":0},"end":{"line":9,"column":27}},"7":{"start":{"line":12,"column":0},"end":{"line":49,"column":3}},"8":{"start":{"line":13,"column":2},"end":{"line":48,"column":3}},"9":{"start":{"line":14,"column":19},"end":{"line":14,"column":32}},"10":{"start":{"line":15,"column":19},"end":{"line":15,"column":31}},"11":{"start":{"line":16,"column":17},"end":{"line":16,"column":77}},"12":{"start":{"line":17,"column":21},"end":{"line":17,"column":70}},"13":{"start":{"line":18,"column":18},"end":{"line":18,"column":54}},"14":{"start":{"line":20,"column":17},"end":{"line":20,"column":72}},"15":{"start":{"line":21,"column":4},"end":{"line":21,"column":57}},"16":{"start":{"line":21,"column":15},"end":{"line":21,"column":57}},"17":{"start":{"line":24,"column":6},"end":{"line":24,"column":71}},"18":{"start":{"line":25,"column":16},"end":{"line":29,"column":10}},"19":{"start":{"line":30,"column":4},"end":{"line":30,"column":86}},"20":{"start":{"line":30,"column":27},"end":{"line":30,"column":86}},"21":{"start":{"line":32,"column":30},"end":{"line":43,"column":6}},"22":{"start":{"line":45,"column":4},"end":{"line":45,"column":57}},"23":{"start":{"line":47,"column":4},"end":{"line":47,"column":14}},"24":{"start":{"line":53,"column":0},"end":{"line":143,"column":3}},"25":{"start":{"line":54,"column":2},"end":{"line":142,"column":3}},"26":{"start":{"line":55,"column":19},"end":{"line":55,"column":31}},"27":{"start":{"line":56,"column":17},"end":{"line":56,"column":53}},"28":{"start":{"line":60,"column":6},"end":{"line":64,"column":14}},"29":{"start":{"line":67,"column":18},"end":{"line":88,"column":6}},"30":{"start":{"line":90,"column":20},"end":{"line":90,"column":42}},"31":{"start":{"line":90,"column":37},"end":{"line":90,"column":41}},"32":{"start":{"line":91,"column":25},"end":{"line":99,"column":6}},"33":{"start":{"line":101,"column":22},"end":{"line":101,"column":80}},"34":{"start":{"line":101,"column":54},"end":{"line":101,"column":78}},"35":{"start":{"line":103,"column":26},"end":{"line":137,"column":8}},"36":{"start":{"line":106,"column":94},"end":{"line":106,"column":98}},"37":{"start":{"line":107,"column":24},"end":{"line":107,"column":40}},"38":{"start":{"line":108,"column":8},"end":{"line":113,"column":9}},"39":{"start":{"line":110,"column":10},"end":{"line":110,"column":117}},"40":{"start":{"line":112,"column":10},"end":{"line":112,"column":38}},"41":{"start":{"line":115,"column":8},"end":{"line":117,"column":9}},"42":{"start":{"line":116,"column":10},"end":{"line":116,"column":109}},"43":{"start":{"line":119,"column":28},"end":{"line":119,"column":52}},"44":{"start":{"line":121,"column":8},"end":{"line":131,"column":10}},"45":{"start":{"line":134,"column":22},"end":{"line":134,"column":61}},"46":{"start":{"line":135,"column":22},"end":{"line":135,"column":61}},"47":{"start":{"line":136,"column":8},"end":{"line":136,"column":29}},"48":{"start":{"line":139,"column":4},"end":{"line":139,"column":32}},"49":{"start":{"line":141,"column":4},"end":{"line":141,"column":14}},"50":{"start":{"line":146,"column":0},"end":{"line":168,"column":3}},"51":{"start":{"line":147,"column":2},"end":{"line":167,"column":3}},"52":{"start":{"line":148,"column":19},"end":{"line":148,"column":32}},"53":{"start":{"line":149,"column":19},"end":{"line":149,"column":31}},"54":{"start":{"line":151,"column":17},"end":{"line":151,"column":72}},"55":{"start":{"line":152,"column":4},"end":{"line":152,"column":57}},"56":{"start":{"line":152,"column":15},"end":{"line":152,"column":57}},"57":{"start":{"line":155,"column":6},"end":{"line":155,"column":71}},"58":{"start":{"line":156,"column":4},"end":{"line":156,"column":78}},"59":{"start":{"line":156,"column":19},"end":{"line":156,"column":78}},"60":{"start":{"line":158,"column":4},"end":{"line":160,"column":5}},"61":{"start":{"line":159,"column":6},"end":{"line":159,"column":91}},"62":{"start":{"line":162,"column":4},"end":{"line":162,"column":68}},"63":{"start":{"line":164,"column":4},"end":{"line":164,"column":27}},"64":{"start":{"line":166,"column":4},"end":{"line":166,"column":14}},"65":{"start":{"line":171,"column":0},"end":{"line":215,"column":3}},"66":{"start":{"line":172,"column":2},"end":{"line":214,"column":3}},"67":{"start":{"line":173,"column":19},"end":{"line":173,"column":32}},"68":{"start":{"line":174,"column":19},"end":{"line":174,"column":31}},"69":{"start":{"line":176,"column":17},"end":{"line":176,"column":72}},"70":{"start":{"line":177,"column":4},"end":{"line":177,"column":57}},"71":{"start":{"line":177,"column":15},"end":{"line":177,"column":57}},"72":{"start":{"line":180,"column":6},"end":{"line":180,"column":71}},"73":{"start":{"line":181,"column":16},"end":{"line":185,"column":10}},"74":{"start":{"line":186,"column":4},"end":{"line":186,"column":86}},"75":{"start":{"line":186,"column":27},"end":{"line":186,"column":86}},"76":{"start":{"line":189,"column":27},"end":{"line":192,"column":6}},"77":{"start":{"line":194,"column":4},"end":{"line":197,"column":7}},"78":{"start":{"line":200,"column":4},"end":{"line":209,"column":5}},"79":{"start":{"line":201,"column":17},"end":{"line":201,"column":24}},"80":{"start":{"line":202,"column":6},"end":{"line":208,"column":7}},"81":{"start":{"line":203,"column":8},"end":{"line":207,"column":11}},"82":{"start":{"line":206,"column":48},"end":{"line":206,"column":52}},"83":{"start":{"line":211,"column":4},"end":{"line":211,"column":27}},"84":{"start":{"line":213,"column":4},"end":{"line":213,"column":14}},"85":{"start":{"line":217,"column":0},"end":{"line":217,"column":22}}},"fnMap":{"0":{"name":"(anonymous_0)","decl":{"start":{"line":12,"column":34},"end":{"line":12,"column":39}},"loc":{"start":{"line":12,"column":92},"end":{"line":49,"column":1}}},"1":{"name":"(anonymous_1)","decl":{"start":{"line":53,"column":29},"end":{"line":53,"column":34}},"loc":{"start":{"line":53,"column":87},"end":{"line":143,"column":1}}},"2":{"name":"(anonymous_2)","decl":{"start":{"line":90,"column":30},"end":{"line":90,"column":31}},"loc":{"start":{"line":90,"column":37},"end":{"line":90,"column":41}}},"3":{"name":"(anonymous_3)","decl":{"start":{"line":101,"column":47},"end":{"line":101,"column":48}},"loc":{"start":{"line":101,"column":54},"end":{"line":101,"column":78}}},"4":{"name":"(anonymous_4)","decl":{"start":{"line":104,"column":11},"end":{"line":104,"column":12}},"loc":{"start":{"line":104,"column":20},"end":{"line":132,"column":7}}},"5":{"name":"(anonymous_5)","decl":{"start":{"line":133,"column":12},"end":{"line":133,"column":13}},"loc":{"start":{"line":133,"column":21},"end":{"line":137,"column":7}}},"6":{"name":"(anonymous_6)","decl":{"start":{"line":146,"column":37},"end":{"line":146,"column":42}},"loc":{"start":{"line":146,"column":95},"end":{"line":168,"column":1}}},"7":{"name":"(anonymous_7)","decl":{"start":{"line":171,"column":39},"end":{"line":171,"column":44}},"loc":{"start":{"line":171,"column":97},"end":{"line":215,"column":1}}},"8":{"name":"(anonymous_8)","decl":{"start":{"line":206,"column":41},"end":{"line":206,"column":42}},"loc":{"start":{"line":206,"column":48},"end":{"line":206,"column":52}}}},"branchMap":{"0":{"loc":{"start":{"line":16,"column":39},"end":{"line":16,"column":71}},"type":"binary-expr","locations":[{"start":{"line":16,"column":39},"end":{"line":16,"column":64}},{"start":{"line":16,"column":68},"end":{"line":16,"column":71}}]},"1":{"loc":{"start":{"line":17,"column":31},"end":{"line":17,"column":65}},"type":"binary-expr","locations":[{"start":{"line":17,"column":31},"end":{"line":17,"column":57}},{"start":{"line":17,"column":61},"end":{"line":17,"column":65}}]},"2":{"loc":{"start":{"line":21,"column":4},"end":{"line":21,"column":57}},"type":"if","locations":[{"start":{"line":21,"column":4},"end":{"line":21,"column":57}},{"start":{},"end":{}}]},"3":{"loc":{"start":{"line":24,"column":6},"end":{"line":24,"column":71}},"type":"binary-expr","locations":[{"start":{"line":24,"column":6},"end":{"line":24,"column":34}},{"start":{"line":24,"column":38},"end":{"line":24,"column":71}}]},"4":{"loc":{"start":{"line":25,"column":16},"end":{"line":29,"column":10}},"type":"cond-expr","locations":[{"start":{"line":26,"column":8},"end":{"line":26,"column":12}},{"start":{"line":27,"column":8},"end":{"line":29,"column":10}}]},"5":{"loc":{"start":{"line":30,"column":4},"end":{"line":30,"column":86}},"type":"if","locations":[{"start":{"line":30,"column":4},"end":{"line":30,"column":86}},{"start":{},"end":{}}]},"6":{"loc":{"start":{"line":30,"column":8},"end":{"line":30,"column":25}},"type":"binary-expr","locations":[{"start":{"line":30,"column":8},"end":{"line":30,"column":17}},{"start":{"line":30,"column":21},"end":{"line":30,"column":25}}]},"7":{"loc":{"start":{"line":60,"column":6},"end":{"line":64,"column":14}},"type":"cond-expr","locations":[{"start":{"line":61,"column":10},"end":{"line":61,"column":34}},{"start":{"line":62,"column":10},"end":{"line":64,"column":14}}]},"8":{"loc":{"start":{"line":62,"column":10},"end":{"line":64,"column":14}},"type":"cond-expr","locations":[{"start":{"line":63,"column":12},"end":{"line":63,"column":45}},{"start":{"line":64,"column":12},"end":{"line":64,"column":14}}]},"9":{"loc":{"start":{"line":108,"column":8},"end":{"line":113,"column":9}},"type":"if","locations":[{"start":{"line":108,"column":8},"end":{"line":113,"column":9}},{"start":{"line":111,"column":15},"end":{"line":113,"column":9}}]},"10":{"loc":{"start":{"line":110,"column":23},"end":{"line":110,"column":116}},"type":"binary-expr","locations":[{"start":{"line":110,"column":23},"end":{"line":110,"column":33}},{"start":{"line":110,"column":38},"end":{"line":110,"column":107}},{"start":{"line":110,"column":112},"end":{"line":110,"column":116}}]},"11":{"loc":{"start":{"line":110,"column":38},"end":{"line":110,"column":107}},"type":"cond-expr","locations":[{"start":{"line":110,"column":71},"end":{"line":110,"column":86}},{"start":{"line":110,"column":89},"end":{"line":110,"column":107}}]},"12":{"loc":{"start":{"line":115,"column":8},"end":{"line":117,"column":9}},"type":"if","locations":[{"start":{"line":115,"column":8},"end":{"line":117,"column":9}},{"start":{},"end":{}}]},"13":{"loc":{"start":{"line":116,"column":23},"end":{"line":116,"column":108}},"type":"cond-expr","locations":[{"start":{"line":116,"column":56},"end":{"line":116,"column":79}},{"start":{"line":116,"column":82},"end":{"line":116,"column":108}}]},"14":{"loc":{"start":{"line":116,"column":56},"end":{"line":116,"column":79}},"type":"binary-expr","locations":[{"start":{"line":116,"column":56},"end":{"line":116,"column":71}},{"start":{"line":116,"column":75},"end":{"line":116,"column":79}}]},"15":{"loc":{"start":{"line":116,"column":82},"end":{"line":116,"column":108}},"type":"binary-expr","locations":[{"start":{"line":116,"column":82},"end":{"line":116,"column":100}},{"start":{"line":116,"column":104},"end":{"line":116,"column":108}}]},"16":{"loc":{"start":{"line":119,"column":28},"end":{"line":119,"column":52}},"type":"binary-expr","locations":[{"start":{"line":119,"column":28},"end":{"line":119,"column":44}},{"start":{"line":119,"column":48},"end":{"line":119,"column":52}}]},"17":{"loc":{"start":{"line":125,"column":20},"end":{"line":125,"column":72}},"type":"cond-expr","locations":[{"start":{"line":125,"column":51},"end":{"line":125,"column":62}},{"start":{"line":125,"column":65},"end":{"line":125,"column":72}}]},"18":{"loc":{"start":{"line":127,"column":23},"end":{"line":129,"column":18}},"type":"cond-expr","locations":[{"start":{"line":128,"column":14},"end":{"line":128,"column":81}},{"start":{"line":129,"column":14},"end":{"line":129,"column":18}}]},"19":{"loc":{"start":{"line":130,"column":23},"end":{"line":130,"column":50}},"type":"binary-expr","locations":[{"start":{"line":130,"column":23},"end":{"line":130,"column":45}},{"start":{"line":130,"column":49},"end":{"line":130,"column":50}}]},"20":{"loc":{"start":{"line":134,"column":22},"end":{"line":134,"column":61}},"type":"binary-expr","locations":[{"start":{"line":134,"column":22},"end":{"line":134,"column":56}},{"start":{"line":134,"column":60},"end":{"line":134,"column":61}}]},"21":{"loc":{"start":{"line":135,"column":22},"end":{"line":135,"column":61}},"type":"binary-expr","locations":[{"start":{"line":135,"column":22},"end":{"line":135,"column":56}},{"start":{"line":135,"column":60},"end":{"line":135,"column":61}}]},"22":{"loc":{"start":{"line":152,"column":4},"end":{"line":152,"column":57}},"type":"if","locations":[{"start":{"line":152,"column":4},"end":{"line":152,"column":57}},{"start":{},"end":{}}]},"23":{"loc":{"start":{"line":155,"column":6},"end":{"line":155,"column":71}},"type":"binary-expr","locations":[{"start":{"line":155,"column":6},"end":{"line":155,"column":34}},{"start":{"line":155,"column":38},"end":{"line":155,"column":71}}]},"24":{"loc":{"start":{"line":156,"column":4},"end":{"line":156,"column":78}},"type":"if","locations":[{"start":{"line":156,"column":4},"end":{"line":156,"column":78}},{"start":{},"end":{}}]},"25":{"loc":{"start":{"line":158,"column":4},"end":{"line":160,"column":5}},"type":"if","locations":[{"start":{"line":158,"column":4},"end":{"line":160,"column":5}},{"start":{},"end":{}}]},"26":{"loc":{"start":{"line":158,"column":8},"end":{"line":158,"column":65}},"type":"binary-expr","locations":[{"start":{"line":158,"column":8},"end":{"line":158,"column":35}},{"start":{"line":158,"column":39},"end":{"line":158,"column":65}}]},"27":{"loc":{"start":{"line":177,"column":4},"end":{"line":177,"column":57}},"type":"if","locations":[{"start":{"line":177,"column":4},"end":{"line":177,"column":57}},{"start":{},"end":{}}]},"28":{"loc":{"start":{"line":180,"column":6},"end":{"line":180,"column":71}},"type":"binary-expr","locations":[{"start":{"line":180,"column":6},"end":{"line":180,"column":34}},{"start":{"line":180,"column":38},"end":{"line":180,"column":71}}]},"29":{"loc":{"start":{"line":181,"column":16},"end":{"line":185,"column":10}},"type":"cond-expr","locations":[{"start":{"line":182,"column":8},"end":{"line":182,"column":12}},{"start":{"line":183,"column":8},"end":{"line":185,"column":10}}]},"30":{"loc":{"start":{"line":186,"column":4},"end":{"line":186,"column":86}},"type":"if","locations":[{"start":{"line":186,"column":4},"end":{"line":186,"column":86}},{"start":{},"end":{}}]},"31":{"loc":{"start":{"line":186,"column":8},"end":{"line":186,"column":25}},"type":"binary-expr","locations":[{"start":{"line":186,"column":8},"end":{"line":186,"column":17}},{"start":{"line":186,"column":21},"end":{"line":186,"column":25}}]},"32":{"loc":{"start":{"line":200,"column":4},"end":{"line":209,"column":5}},"type":"if","locations":[{"start":{"line":200,"column":4},"end":{"line":209,"column":5}},{"start":{},"end":{}}]},"33":{"loc":{"start":{"line":202,"column":6},"end":{"line":208,"column":7}},"type":"if","locations":[{"start":{"line":202,"column":6},"end":{"line":208,"column":7}},{"start":{},"end":{}}]}},"s":{"0":12,"1":12,"2":12,"3":12,"4":12,"5":12,"6":12,"7":12,"8":7,"9":7,"10":7,"11":7,"12":7,"13":7,"14":7,"15":7,"16":1,"17":6,"18":6,"19":6,"20":1,"21":5,"22":5,"23":2,"24":12,"25":12,"26":12,"27":12,"28":12,"29":12,"30":12,"31":8,"32":12,"33":12,"34":8,"35":12,"36":8,"37":8,"38":8,"39":5,"40":3,"41":8,"42":0,"43":8,"44":8,"45":0,"46":0,"47":0,"48":12,"49":0,"50":12,"51":5,"52":5,"53":5,"54":5,"55":5,"56":1,"57":4,"58":4,"59":1,"60":3,"61":1,"62":2,"63":2,"64":3,"65":12,"66":6,"67":6,"68":6,"69":6,"70":6,"71":1,"72":5,"73":5,"74":5,"75":1,"76":4,"77":4,"78":4,"79":3,"80":3,"81":0,"82":0,"83":4,"84":2,"85":12},"f":{"0":7,"1":12,"2":8,"3":8,"4":8,"5":0,"6":5,"7":6,"8":0},"b":{"0":[7,6],"1":[7,6],"2":[1,6],"3":[6,3],"4":[4,2],"5":[1,5],"6":[6,2],"7":[2,10],"8":[2,8],"9":[5,3],"10":[5,0,0],"11":[0,0],"12":[0,8],"13":[0,0],"14":[0,0],"15":[0,0],"16":[8,0],"17":[5,3],"18":[8,0],"19":[8,0],"20":[0,0],"21":[0,0],"22":[1,4],"23":[4,2],"24":[1,3],"25":[1,2],"26":[3,1],"27":[1,5],"28":[5,2],"29":[3,2],"30":[1,4],"31":[5,2],"32":[3,1],"33":[0,3]}}
,"/Users/guyshick/Desktop/final project/CSFinalProject/backend/src/routes/notifications.ts": {"path":"/Users/guyshick/Desktop/final project/CSFinalProject/backend/src/routes/notifications.ts","statementMap":{"0":{"start":{"line":1,"column":0},"end":{"line":1,"column":66}},"1":{"start":{"line":2,"column":0},"end":{"line":2,"column":52}},"2":{"start":{"line":3,"column":0},"end":{"line":3,"column":42}},"3":{"start":{"line":4,"column":0},"end":{"line":4,"column":64}},"4":{"start":{"line":6,"column":15},"end":{"line":6,"column":23}},"5":{"start":{"line":8,"column":0},"end":{"line":8,"column":27}},"6":{"start":{"line":11,"column":0},"end":{"line":36,"column":3}},"7":{"start":{"line":12,"column":2},"end":{"line":35,"column":3}},"8":{"start":{"line":16,"column":8},"end":{"line":16,"column":54}},"9":{"start":{"line":18,"column":20},"end":{"line":18,"column":47}},"10":{"start":{"line":19,"column":21},"end":{"line":19,"column":63}},"11":{"start":{"line":20,"column":19},"end":{"line":20,"column":43}},"12":{"start":{"line":22,"column":35},"end":{"line":30,"column":6}},"13":{"start":{"line":32,"column":4},"end":{"line":32,"column":71}},"14":{"start":{"line":34,"column":4},"end":{"line":34,"column":14}},"15":{"start":{"line":40,"column":0},"end":{"line":51,"column":3}},"16":{"start":{"line":41,"column":2},"end":{"line":50,"column":3}},"17":{"start":{"line":42,"column":4},"end":{"line":45,"column":7}},"18":{"start":{"line":47,"column":4},"end":{"line":47,"column":62}},"19":{"start":{"line":49,"column":4},"end":{"line":49,"column":14}},"20":{"start":{"line":54,"column":0},"end":{"line":74,"column":3}},"21":{"start":{"line":55,"column":2},"end":{"line":73,"column":3}},"22":{"start":{"line":56,"column":25},"end":{"line":58,"column":6}},"23":{"start":{"line":60,"column":4},"end":{"line":60,"column":73}},"24":{"start":{"line":60,"column":23},"end":{"line":60,"column":73}},"25":{"start":{"line":61,"column":4},"end":{"line":63,"column":5}},"26":{"start":{"line":62,"column":6},"end":{"line":62,"column":83}},"27":{"start":{"line":65,"column":20},"end":{"line":68,"column":6}},"28":{"start":{"line":70,"column":4},"end":{"line":70,"column":40}},"29":{"start":{"line":72,"column":4},"end":{"line":72,"column":14}},"30":{"start":{"line":77,"column":0},"end":{"line":86,"column":3}},"31":{"start":{"line":78,"column":2},"end":{"line":85,"column":3}},"32":{"start":{"line":79,"column":4},"end":{"line":81,"column":7}},"33":{"start":{"line":82,"column":4},"end":{"line":82,"column":55}},"34":{"start":{"line":84,"column":4},"end":{"line":84,"column":14}},"35":{"start":{"line":89,"column":0},"end":{"line":105,"column":3}},"36":{"start":{"line":90,"column":2},"end":{"line":104,"column":3}},"37":{"start":{"line":91,"column":25},"end":{"line":93,"column":6}},"38":{"start":{"line":95,"column":4},"end":{"line":95,"column":73}},"39":{"start":{"line":95,"column":23},"end":{"line":95,"column":73}},"40":{"start":{"line":96,"column":4},"end":{"line":98,"column":5}},"41":{"start":{"line":97,"column":6},"end":{"line":97,"column":77}},"42":{"start":{"line":100,"column":4},"end":{"line":100,"column":73}},"43":{"start":{"line":101,"column":4},"end":{"line":101,"column":50}},"44":{"start":{"line":103,"column":4},"end":{"line":103,"column":14}},"45":{"start":{"line":107,"column":0},"end":{"line":107,"column":22}}},"fnMap":{"0":{"name":"(anonymous_0)","decl":{"start":{"line":11,"column":16},"end":{"line":11,"column":21}},"loc":{"start":{"line":11,"column":74},"end":{"line":36,"column":1}}},"1":{"name":"(anonymous_1)","decl":{"start":{"line":40,"column":24},"end":{"line":40,"column":29}},"loc":{"start":{"line":40,"column":82},"end":{"line":51,"column":1}}},"2":{"name":"(anonymous_2)","decl":{"start":{"line":54,"column":24},"end":{"line":54,"column":29}},"loc":{"start":{"line":54,"column":82},"end":{"line":74,"column":1}}},"3":{"name":"(anonymous_3)","decl":{"start":{"line":77,"column":19},"end":{"line":77,"column":24}},"loc":{"start":{"line":77,"column":77},"end":{"line":86,"column":1}}},"4":{"name":"(anonymous_4)","decl":{"start":{"line":89,"column":22},"end":{"line":89,"column":27}},"loc":{"start":{"line":89,"column":80},"end":{"line":105,"column":1}}}},"branchMap":{"0":{"loc":{"start":{"line":14,"column":6},"end":{"line":14,"column":16}},"type":"default-arg","locations":[{"start":{"line":14,"column":13},"end":{"line":14,"column":16}}]},"1":{"loc":{"start":{"line":15,"column":6},"end":{"line":15,"column":18}},"type":"default-arg","locations":[{"start":{"line":15,"column":14},"end":{"line":15,"column":18}}]},"2":{"loc":{"start":{"line":60,"column":4},"end":{"line":60,"column":73}},"type":"if","locations":[{"start":{"line":60,"column":4},"end":{"line":60,"column":73}},{"start":{},"end":{}}]},"3":{"loc":{"start":{"line":61,"column":4},"end":{"line":63,"column":5}},"type":"if","locations":[{"start":{"line":61,"column":4},"end":{"line":63,"column":5}},{"start":{},"end":{}}]},"4":{"loc":{"start":{"line":95,"column":4},"end":{"line":95,"column":73}},"type":"if","locations":[{"start":{"line":95,"column":4},"end":{"line":95,"column":73}},{"start":{},"end":{}}]},"5":{"loc":{"start":{"line":96,"column":4},"end":{"line":98,"column":5}},"type":"if","locations":[{"start":{"line":96,"column":4},"end":{"line":98,"column":5}},{"start":{},"end":{}}]}},"s":{"0":12,"1":12,"2":12,"3":12,"4":12,"5":12,"6":12,"7":1,"8":1,"9":1,"10":1,"11":1,"12":1,"13":1,"14":0,"15":12,"16":1,"17":1,"18":1,"19":0,"20":12,"21":3,"22":3,"23":3,"24":1,"25":2,"26":1,"27":1,"28":1,"29":2,"30":12,"31":1,"32":1,"33":1,"34":0,"35":12,"36":3,"37":3,"38":3,"39":1,"40":2,"41":1,"42":1,"43":1,"44":2,"45":12},"f":{"0":1,"1":1,"2":3,"3":1,"4":3},"b":{"0":[1],"1":[1],"2":[1,2],"3":[1,1],"4":[1,2],"5":[1,1]}}
,"/Users/guyshick/Desktop/final project/CSFinalProject/backend/src/routes/reviews.ts": {"path":"/Users/guyshick/Desktop/final project/CSFinalProject/backend/src/routes/reviews.ts","statementMap":{"0":{"start":{"line":1,"column":0},"end":{"line":1,"column":66}},"1":{"start":{"line":2,"column":0},"end":{"line":2,"column":40}},"2":{"start":{"line":3,"column":0},"end":{"line":3,"column":52}},"3":{"start":{"line":4,"column":0},"end":{"line":4,"column":50}},"4":{"start":{"line":5,"column":0},"end":{"line":5,"column":42}},"5":{"start":{"line":6,"column":0},"end":{"line":6,"column":48}},"6":{"start":{"line":7,"column":0},"end":{"line":7,"column":null}},"7":{"start":{"line":13,"column":15},"end":{"line":13,"column":23}},"8":{"start":{"line":15,"column":0},"end":{"line":15,"column":27}},"9":{"start":{"line":18,"column":0},"end":{"line":68,"column":2}},"10":{"start":{"line":22,"column":4},"end":{"line":66,"column":5}},"11":{"start":{"line":23,"column":21},"end":{"line":25,"column":8}},"12":{"start":{"line":27,"column":6},"end":{"line":27,"column":63}},"13":{"start":{"line":27,"column":19},"end":{"line":27,"column":63}},"14":{"start":{"line":29,"column":6},"end":{"line":31,"column":7}},"15":{"start":{"line":30,"column":8},"end":{"line":30,"column":80}},"16":{"start":{"line":33,"column":34},"end":{"line":33,"column":null}},"17":{"start":{"line":38,"column":6},"end":{"line":63,"column":7}},"18":{"start":{"line":39,"column":23},"end":{"line":46,"column":10}},"19":{"start":{"line":49,"column":8},"end":{"line":52,"column":11}},"20":{"start":{"line":54,"column":8},"end":{"line":54,"column":41}},"21":{"start":{"line":56,"column":8},"end":{"line":61,"column":9}},"22":{"start":{"line":60,"column":10},"end":{"line":60,"column":75}},"23":{"start":{"line":62,"column":8},"end":{"line":62,"column":18}},"24":{"start":{"line":65,"column":6},"end":{"line":65,"column":16}},"25":{"start":{"line":70,"column":0},"end":{"line":70,"column":22}}},"fnMap":{"0":{"name":"(anonymous_0)","decl":{"start":{"line":21,"column":2},"end":{"line":21,"column":7}},"loc":{"start":{"line":21,"column":60},"end":{"line":67,"column":3}}}},"branchMap":{"0":{"loc":{"start":{"line":27,"column":6},"end":{"line":27,"column":63}},"type":"if","locations":[{"start":{"line":27,"column":6},"end":{"line":27,"column":63}},{"start":{},"end":{}}]},"1":{"loc":{"start":{"line":29,"column":6},"end":{"line":31,"column":7}},"type":"if","locations":[{"start":{"line":29,"column":6},"end":{"line":31,"column":7}},{"start":{},"end":{}}]},"2":{"loc":{"start":{"line":44,"column":21},"end":{"line":44,"column":36}},"type":"binary-expr","locations":[{"start":{"line":44,"column":21},"end":{"line":44,"column":28}},{"start":{"line":44,"column":32},"end":{"line":44,"column":36}}]},"3":{"loc":{"start":{"line":56,"column":8},"end":{"line":61,"column":9}},"type":"if","locations":[{"start":{"line":56,"column":8},"end":{"line":61,"column":9}},{"start":{},"end":{}}]},"4":{"loc":{"start":{"line":57,"column":10},"end":{"line":58,"column":30}},"type":"binary-expr","locations":[{"start":{"line":57,"column":10},"end":{"line":57,"column":61}},{"start":{"line":58,"column":10},"end":{"line":58,"column":30}}]}},"s":{"0":12,"1":12,"2":12,"3":12,"4":12,"5":12,"6":12,"7":12,"8":12,"9":12,"10":20,"11":20,"12":20,"13":1,"14":19,"15":1,"16":18,"17":18,"18":18,"19":17,"20":17,"21":1,"22":1,"23":0,"24":3,"25":12},"f":{"0":20},"b":{"0":[1,19],"1":[1,18],"2":[18,18],"3":[1,0],"4":[1,1]}}
,"/Users/guyshick/Desktop/final project/CSFinalProject/backend/src/routes/tasks.ts": {"path":"/Users/guyshick/Desktop/final project/CSFinalProject/backend/src/routes/tasks.ts","statementMap":{"0":{"start":{"line":1,"column":0},"end":{"line":1,"column":66}},"1":{"start":{"line":2,"column":0},"end":{"line":2,"column":62}},"2":{"start":{"line":3,"column":0},"end":{"line":3,"column":52}},"3":{"start":{"line":4,"column":0},"end":{"line":4,"column":50}},"4":{"start":{"line":5,"column":0},"end":{"line":5,"column":42}},"5":{"start":{"line":6,"column":0},"end":{"line":6,"column":67}},"6":{"start":{"line":7,"column":0},"end":{"line":7,"column":67}},"7":{"start":{"line":8,"column":0},"end":{"line":8,"column":null}},"8":{"start":{"line":14,"column":0},"end":{"line":14,"column":34}},"9":{"start":{"line":15,"column":0},"end":{"line":15,"column":null}},"10":{"start":{"line":24,"column":15},"end":{"line":24,"column":23}},"11":{"start":{"line":27,"column":38},"end":{"line":31,"column":2}},"12":{"start":{"line":34,"column":2},"end":{"line":34,"column":86}},"13":{"start":{"line":34,"column":73},"end":{"line":34,"column":86}},"14":{"start":{"line":35,"column":2},"end":{"line":43,"column":3}},"15":{"start":{"line":35,"column":15},"end":{"line":35,"column":16}},"16":{"start":{"line":36,"column":25},"end":{"line":36,"column":37}},"17":{"start":{"line":37,"column":25},"end":{"line":37,"column":41}},"18":{"start":{"line":38,"column":4},"end":{"line":42,"column":5}},"19":{"start":{"line":39,"column":16},"end":{"line":39,"column":44}},"20":{"start":{"line":40,"column":21},"end":{"line":40,"column":45}},"21":{"start":{"line":41,"column":6},"end":{"line":41,"column":26}},"22":{"start":{"line":44,"column":2},"end":{"line":44,"column":15}},"23":{"start":{"line":48,"column":0},"end":{"line":48,"column":27}},"24":{"start":{"line":51,"column":0},"end":{"line":119,"column":3}},"25":{"start":{"line":52,"column":2},"end":{"line":118,"column":3}},"26":{"start":{"line":64,"column":8},"end":{"line":64,"column":null}},"27":{"start":{"line":78,"column":4},"end":{"line":80,"column":5}},"28":{"start":{"line":79,"column":6},"end":{"line":79,"column":107}},"29":{"start":{"line":84,"column":19},"end":{"line":108,"column":6}},"30":{"start":{"line":110,"column":17},"end":{"line":113,"column":6}},"31":{"start":{"line":115,"column":4},"end":{"line":115,"column":35}},"32":{"start":{"line":117,"column":4},"end":{"line":117,"column":14}},"33":{"start":{"line":122,"column":0},"end":{"line":274,"column":3}},"34":{"start":{"line":123,"column":2},"end":{"line":273,"column":3}},"35":{"start":{"line":134,"column":8},"end":{"line":134,"column":55}},"36":{"start":{"line":136,"column":4},"end":{"line":138,"column":5}},"37":{"start":{"line":137,"column":6},"end":{"line":137,"column":60}},"38":{"start":{"line":140,"column":19},"end":{"line":140,"column":34}},"39":{"start":{"line":141,"column":19},"end":{"line":141,"column":34}},"40":{"start":{"line":142,"column":22},"end":{"line":142,"column":40}},"41":{"start":{"line":143,"column":20},"end":{"line":143,"column":47}},"42":{"start":{"line":144,"column":21},"end":{"line":144,"column":63}},"43":{"start":{"line":145,"column":19},"end":{"line":145,"column":43}},"44":{"start":{"line":146,"column":25},"end":{"line":146,"column":41}},"45":{"start":{"line":148,"column":24},"end":{"line":148,"column":70}},"46":{"start":{"line":149,"column":24},"end":{"line":149,"column":70}},"47":{"start":{"line":177,"column":4},"end":{"line":267,"column":5}},"48":{"start":{"line":178,"column":6},"end":{"line":210,"column":8}},"49":{"start":{"line":211,"column":6},"end":{"line":222,"column":8}},"50":{"start":{"line":224,"column":6},"end":{"line":255,"column":8}},"51":{"start":{"line":256,"column":6},"end":{"line":266,"column":8}},"52":{"start":{"line":269,"column":18},"end":{"line":269,"column":46}},"53":{"start":{"line":270,"column":4},"end":{"line":270,"column":63}},"54":{"start":{"line":272,"column":4},"end":{"line":272,"column":14}},"55":{"start":{"line":277,"column":0},"end":{"line":327,"column":3}},"56":{"start":{"line":278,"column":2},"end":{"line":326,"column":3}},"57":{"start":{"line":279,"column":39},"end":{"line":295,"column":6}},"58":{
[...]
}},{"start":{},"end":{}}]},"12":{"loc":{"start":{"line":182,"column":4},"end":{"line":184,"column":5}},"type":"if","locations":[{"start":{"line":182,"column":4},"end":{"line":184,"column":5}},{"start":{},"end":{}}]},"13":{"loc":{"start":{"line":185,"column":4},"end":{"line":187,"column":5}},"type":"if","locations":[{"start":{"line":185,"column":4},"end":{"line":187,"column":5}},{"start":{},"end":{}}]},"14":{"loc":{"start":{"line":222,"column":4},"end":{"line":224,"column":5}},"type":"if","locations":[{"start":{"line":222,"column":4},"end":{"line":224,"column":5}},{"start":{},"end":{}}]},"15":{"loc":{"start":{"line":231,"column":4},"end":{"line":244,"column":5}},"type":"if","locations":[{"start":{"line":231,"column":4},"end":{"line":244,"column":5}},{"start":{},"end":{}}]},"16":{"loc":{"start":{"line":232,"column":6},"end":{"line":234,"column":7}},"type":"if","locations":[{"start":{"line":232,"column":6},"end":{"line":234,"column":7}},{"start":{},"end":{}}]},"17":{"loc":{"start":{"line":235,"column":6},"end":{"line":237,"column":7}},"type":"if","locations":[{"start":{"line":235,"column":6},"end":{"line":237,"column":7}},{"start":{},"end":{}}]},"18":{"loc":{"start":{"line":278,"column":4},"end":{"line":278,"column":57}},"type":"if","locations":[{"start":{"line":278,"column":4},"end":{"line":278,"column":57}},{"start":{},"end":{}}]},"19":{"loc":{"start":{"line":291,"column":4},"end":{"line":291,"column":57}},"type":"if","locations":[{"start":{"line":291,"column":4},"end":{"line":291,"column":57}},{"start":{},"end":{}}]},"20":{"loc":{"start":{"line":294,"column":6},"end":{"line":294,"column":16}},"type":"default-arg","locations":[{"start":{"line":294,"column":13},"end":{"line":294,"column":16}}]},"21":{"loc":{"start":{"line":295,"column":6},"end":{"line":295,"column":18}},"type":"default-arg","locations":[{"start":{"line":295,"column":14},"end":{"line":295,"column":18}}]}},"s":{"0":12,"1":12,"2":12,"3":12,"4":12,"5":12,"6":12,"7":12,"8":12,"9":5,"10":5,"11":5,"12":0,"13":12,"14":2,"15":2,"16":2,"17":2,"18":2,"19":2,"20":2,"21":2,"22":1,"23":2,"24":0,"25":12,"26":1,"27":1,"28":1,"29":1,"30":1,"31":1,"32":1,"33":1,"34":0,"35":12,"36":2,"37":2,"38":2,"39":0,"40":0,"41":0,"42":12,"43":1,"44":1,"45":1,"46":0,"47":12,"48":1,"49":1,"50":1,"51":0,"52":12,"53":2,"54":2,"55":2,"56":0,"57":2,"58":1,"59":1,"60":1,"61":1,"62":12,"63":9,"64":9,"65":9,"66":1,"67":8,"68":1,"69":7,"70":7,"71":0,"72":12,"73":1,"74":1,"75":1,"76":0,"77":12,"78":6,"79":6,"80":6,"81":6,"82":1,"83":5,"84":5,"85":3,"86":1,"87":2,"88":1,"89":1,"90":1,"91":2,"92":2,"93":0,"94":12,"95":3,"96":3,"97":3,"98":1,"99":2,"100":1,"101":12,"102":2,"103":2,"104":2,"105":1,"106":1,"107":1,"108":1,"109":1,"110":1,"111":1,"112":1,"113":1,"114":12},"f":{"0":5,"1":2,"2":1,"3":1,"4":2,"5":1,"6":1,"7":2,"8":9,"9":1,"10":6,"11":3,"12":2},"b":{"0":[2],"1":[2],"2":[2,1],"3":[1,1],"4":[1,1],"5":[1,1],"6":[1],"7":[1],"8":[1,0],"9":[0,0],"10":[0,2],"11":[1,1],"12":[1,8],"13":[1,7],"14":[1,5],"15":[3,2],"16":[1,2],"17":[1,1],"18":[1,2],"19":[1,1],"20":[1],"21":[1]}}
,"/Users/guyshick/Desktop/final project/CSFinalProject/backend/src/services/notificationService.ts": {"path":"/Users/guyshick/Desktop/final project/CSFinalProject/backend/src/services/notificationService.ts","statementMap":{"0":{"start":{"line":22,"column":0},"end":{"line":22,"column":7}},"1":{"start":{"line":3,"column":0},"end":{"line":3,"column":42}},"2":{"start":{"line":9,"column":2},"end":{"line":12,"column":3}},"3":{"start":{"line":10,"column":21},"end":{"line":10,"column":52}},"4":{"start":{"line":11,"column":4},"end":{"line":11,"column":30}},"5":{"start":{"line":13,"column":2},"end":{"line":13,"column":22}},"6":{"start":{"line":31,"column":2},"end":{"line":66,"column":3}},"7":{"start":{"line":33,"column":4},"end":{"line":43,"column":7}},"8":{"start":{"line":46,"column":17},"end":{"line":49,"column":6}},"9":{"start":{"line":51,"column":21},"end":{"line":51,"column":52}},"10":{"start":{"line":52,"column":4},"end":{"line":52,"column":76}},"11":{"start":{"line":52,"column":69},"end":{"line":52,"column":76}},"12":{"start":{"line":54,"column":37},"end":{"line":59,"column":6}},"13":{"start":{"line":61,"column":17},"end":{"line":61,"column":32}},"14":{"start":{"line":62,"column":4},"end":{"line":62,"column":53}},"15":{"start":{"line":65,"column":4},"end":{"line":65,"column":77}}},"fnMap":{"0":{"name":"getExpo","decl":{"start":{"line":8,"column":15},"end":{"line":8,"column":22}},"loc":{"start":{"line":8,"column":22},"end":{"line":14,"column":1}}},"1":{"name":"(anonymous_10)","decl":{"start":{"line":10,"column":21},"end":{"line":10,"column":34}},"loc":{"start":{"line":10,"column":21},"end":{"line":10,"column":52}}},"2":{"name":"sendNotification","decl":{"start":{"line":22,"column":22},"end":{"line":22,"column":38}},"loc":{"start":{"line":29,"column":19},"end":{"line":67,"column":1}}},"3":{"name":"(anonymous_12)","decl":{"start":{"line":51,"column":21},"end":{"line":51,"column":34}},"loc":{"start":{"line":51,"column":21},"end":{"line":51,"column":52}}}},"branchMap":{"0":{"loc":{"start":{"line":9,"column":2},"end":{"line":12,"column":3}},"type":"if","locations":[{"start":{"line":9,"column":2},"end":{"line":12,"column":3}},{"start":{},"end":{}}]},"1":{"loc":{"start":{"line":41,"column":19},"end":{"line":41,"column":35}},"type":"binary-expr","locations":[{"start":{"line":41,"column":19},"end":{"line":41,"column":27}},{"start":{"line":41,"column":31},"end":{"line":41,"column":35}}]},"2":{"loc":{"start":{"line":52,"column":4},"end":{"line":52,"column":76}},"type":"if","locations":[{"start":{"line":52,"column":4},"end":{"line":52,"column":76}},{"start":{},"end":{}}]},"3":{"loc":{"start":{"line":52,"column":8},"end":{"line":52,"column":67}},"type":"binary-expr","locations":[{"start":{"line":52,"column":8},"end":{"line":52,"column":25}},{"start":{"line":52,"column":29},"end":{"line":52,"column":67}}]}},"s":{"0":13,"1":13,"2":1,"3":2,"4":1,"5":1,"6":399,"7":399,"8":397,"9":794,"10":397,"11":396,"12":1,"13":1,"14":1,"15":2},"f":{"0":1,"1":1,"2":399,"3":397},"b":{"0":[1,0],"1":[399,399],"2":[396,1],"3":[397,2]}}
,"/Users/guyshick/Desktop/final project/CSFinalProject/backend/src/utils/completionChecker.ts": {"path":"/Users/guyshick/Desktop/final project/CSFinalProject/backend/src/utils/completionChecker.ts","statementMap":{"0":{"start":{"line":12,"column":0},"end":{"line":12,"column":7}},"1":{"start":{"line":1,"column":0},"end":{"line":1,"column":42}},"2":{"start":{"line":2,"column":0},"end":{"line":2,"column":67}},"3":{"start":{"line":4,"column":23},"end":{"line":4,"column":25}},"4":{"start":{"line":5,"column":27},"end":{"line":5,"column":28}},"5":{"start":{"line":13,"column":2},"end":{"line":114,"column":3}},"6":{"start":{"line":14,"column":18},"end":{"line":24,"column":6}},"7":{"start":{"line":26,"column":16},"end":{"line":26,"column":26}},"8":{"start":{"line":28,"column":4},"end":{"line":111,"column":5}},"9":{"start":{"line":29,"column":6},"end":{"line":29,"column":45}},"10":{"start":{"line":29,"column":36},"end":{"line":29,"column":45}},"11":{"start":{"line":30,"column":22},"end":{"line":30,"column":61}},"12":{"start":{"line":31,"column":27},"end":{"line":31,"column":53}},"13":{"start":{"line":32,"column":26},"end":{"line":32,"column":43}},"14":{"start":{"line":34,"column":6},"end":{"line":110,"column":7}},"15":{"start":{"line":36,"column":8},"end":{"line":51,"column":11}},"16":{"start":{"line":37,"column":10},"end":{"line":44,"column":13}},"17":{"start":{"line":45,"column":10},"end":{"line":50,"column":11}},"18":{"start":{"line":46,"column":12},"end":{"line":49,"column":15}},"19":{"start":{"line":53,"column":8},"end":{"line":60,"column":10}},"20":{"start":{"line":61,"column":8},"end":{"line":70,"column":9}},"21":{"start":{"line":62,"column":10},"end":{"line":69,"column":12}},"22":{"start":{"line":73,"column":31},"end":{"line":75,"column":10}},"23":{"start":{"line":76,"column":8},"end":{"line":85,"column":9}},"24":{"start":{"line":77,"column":10},"end":{"line":84,"column":12}},"25":{"start":{"line":87,"column":8},"end":{"line":87,"column":74}},"26":{"start":{"line":88,"column":13},"end":{"line":110,"column":7}},"27":{"start":{"line":90,"column":31},"end":{"line":97,"column":10}},"28":{"start":{"line":99,"column":8},"end":{"line":109,"column":9}},"29":{"start":{"line":100,"column":10},"end":{"line":107,"column":12}},"30":{"start":{"line":108,"column":10},"end":{"line":108,"column":79}},"31":{"start":{"line":113,"column":4},"end":{"line":113,"column":53}}},"fnMap":{"0":{"name":"checkPendingCompletions","decl":{"start":{"line":12,"column":22},"end":{"line":12,"column":45}},"loc":{"start":{"line":12,"column":45},"end":{"line":115,"column":1}}},"1":{"name":"(anonymous_1)","decl":{"start":{"line":36,"column":34},"end":{"line":36,"column":39}},"loc":{"start":{"line":36,"column":47},"end":{"line":51,"column":9}}}},"branchMap":{"0":{"loc":{"start":{"line":29,"column":6},"end":{"line":29,"column":45}},"type":"if","locations":[{"start":{"line":29,"column":6},"end":{"line":29,"column":45}},{"start":{},"end":{}}]},"1":{"loc":{"start":{"line":34,"column":6},"end":{"line":110,"column":7}},"type":"if","locations":[{"start":{"line":34,"column":6},"end":{"line":110,"column":7}},{"start":{"line":88,"column":13},"end":{"line":110,"column":7}}]},"2":{"loc":{"start":{"line":45,"column":10},"end":{"line":50,"column":11}},"type":"if","locations":[{"start":{"line":45,"column":10},"end":{"line":50,"column":11}},{"start":{},"end":{}}]},"3":{"loc":{"start":{"line":61,"column":8},"end":{"line":70,"column":9}},"type":"if","locations":[{"start":{"line":61,"column":8},"end":{"line":70,"column":9}},{"start":{},"end":{}}]},"4":{"loc":{"start":{"line":76,"column":8},"end":{"line":85,"column":9}},"type":"if","locations":[{"start":{"line":76,"column":8},"end":{"line":85,"column":9}},{"start":{},"end":{}}]},"5":{"loc":{"start":{"line":80,"column":53},"end":{"line":80,"column":89}},"type":"binary-expr","locations":[{"start":{"line":80,"column":53},"end":{"line":80,"column":74}},{"start":{"line":80,"column":78},"end":{"line":80,"column":89}}]},"6":{"loc":{"start":{"line":88,"column":13},"end":{"line":110,"column":7}},"type":"if","locations":[{"start":{"line":88,"column":13},"end":{"line":110,"column":7}},{"start":{},"end":{}}]},"7":{"loc":{"start":{"line":99,"column":8},"end":{"line":109,"column":9}},"type":"if","locations":[{"start":{"line":99,"column":8},"end":{"line":109,"column":9}},{"start":{},"end":{}}]},"8":{"loc":{"start":{"line":103,"column":15},"end":{"line":103,"column":51}},"type":"binary-expr","locations":[{"start":{"line":103,"column":15},"end":{"line":103,"column":36}},{"start":{"line":103,"column":40},"end":{"line":103,"column":51}}]}},"s":{"0":1,"1":1,"2":1,"3":1,"4":1,"5":7,"6":7,"7":7,"8":7,"9":7,"10":0,"11":7,"12":7,"13":7,"14":7,"15":3,"16":3,"17":3,"18":3,"19":3,"20":3,"21":3,"22":3,"23":3,"24":2,"25":3,"26":4,"27":3,"28":3,"29":2,"30":2,"31":0},"f":{"0":7,"1":3},"b":{"0":[0,7],"1":[3,4],"2":[3,0],"3":[3,0],"4":[2,1],"5":[2,0],"6":[3,1],"7":[2,1],"8":[2,0]}}
,"/Users/guyshick/Desktop/final project/CSFinalProject/backend/src/utils/errors.ts": {"path":"/Users/guyshick/Desktop/final project/CSFinalProject/backend/src/utils/errors.ts","statementMap":{"0":{"start":{"line":7,"column":4},"end":{"line":7,"column":19}},"1":{"start":{"line":8,"column":4},"end":{"line":8,"column":38}},"2":{"start":{"line":9,"column":4},"end":{"line":9,"column":27}},"3":{"start":{"line":1,"column":0},"end":{"line":1,"column":22}},"4":{"start":{"line":14,"column":11},"end":{"line":14,"column":28}},"5":{"start":{"line":15,"column":11},"end":{"line":15,"column":33}},"6":{"start":{"line":13,"column":0},"end":{"line":13,"column":13}},"7":{"start":{"line":19,"column":11},"end":{"line":19,"column":28}},"8":{"start":{"line":20,"column":11},"end":{"line":20,"column":30}},"9":{"start":{"line":18,"column":0},"end":{"line":18,"column":13}},"10":{"start":{"line":24,"column":11},"end":{"line":24,"column":28}},"11":{"start":{"line":25,"column":11},"end":{"line":25,"column":30}},"12":{"start":{"line":23,"column":0},"end":{"line":23,"column":13}},"13":{"start":{"line":29,"column":11},"end":{"line":29,"column":28}},"14":{"start":{"line":30,"column":11},"end":{"line":30,"column":29}},"15":{"start":{"line":28,"column":0},"end":{"line":28,"column":13}},"16":{"start":{"line":34,"column":11},"end":{"line":34,"column":28}},"17":{"start":{"line":35,"column":11},"end":{"line":35,"column":37}},"18":{"start":{"line":33,"column":0},"end":{"line":33,"column":13}},"19":{"start":{"line":39,"column":11},"end":{"line":39,"column":28}},"20":{"start":{"line":40,"column":11},"end":{"line":40,"column":35}},"21":{"start":{"line":38,"column":0},"end":{"line":38,"column":13}}},"fnMap":{"0":{"name":"(anonymous_0)","decl":{"start":{"line":6,"column":2},"end":{"line":6,"column":14}},"loc":{"start":{"line":6,"column":48},"end":{"line":10,"column":3}}},"1":{"name":"(anonymous_1)","decl":{"start":{"line":13,"column":0},"end":{"line":13,"column":13}},"loc":{"start":{"line":13,"column":0},"end":{"line":16,"column":1}}},"2":{"name":"(anonymous_2)","decl":{"start":{"line":18,"column":0},"end":{"line":18,"column":13}},"loc":{"start":{"line":18,"column":0},"end":{"line":21,"column":1}}},"3":{"name":"(anonymous_3)","decl":{"start":{"line":23,"column":0},"end":{"line":23,"column":13}},"loc":{"start":{"line":23,"column":0},"end":{"line":26,"column":1}}},"4":{"name":"(anonymous_4)","decl":{"start":{"line":28,"column":0},"end":{"line":28,"column":13}},"loc":{"start":{"line":28,"column":0},"end":{"line":31,"column":1}}},"5":{"name":"(anonymous_5)","decl":{"start":{"line":33,"column":0},"end":{"line":33,"column":13}},"loc":{"start":{"line":33,"column":0},"end":{"line":36,"column":1}}},"6":{"name":"(anonymous_6)","decl":{"start":{"line":38,"column":0},"end":{"line":38,"column":13}},"loc":{"start":{"line":38,"column":0},"end":{"line":41,"column":1}}}},"branchMap":{},"s":{"0":104,"1":104,"2":104,"3":15,"4":10,"5":10,"6":15,"7":29,"8":29,"9":15,"10":20,"11":20,"12":15,"13":13,"14":13,"15":15,"16":31,"17":31,"18":15,"19":1,"20":1,"21":15},"f":{"0":104,"1":10,"2":29,"3":20,"4":13,"5":31,"6":1},"b":{}}
,"/Users/guyshick/Desktop/final project/CSFinalProject/backend/src/utils/profanityFilter.ts": {"path":"/Users/guyshick/Desktop/final project/CSFinalProject/backend/src/utils/profanityFilter.ts","statementMap":{"0":{"start":{"line":88,"column":0},"end":{"line":88,"column":16}},"1":{"start":{"line":6,"column":22},"end":{"line":27,"column":2}},"2":{"start":{"line":29,"column":21},"end":{"line":78,"column":2}},"3":{"start":{"line":89,"column":16},"end":{"line":89,"column":34}},"4":{"start":{"line":92,"column":2},"end":{"line":95,"column":3}},"5":{"start":{"line":93,"column":18},"end":{"line":93,"column":50}},"6":{"start":{"line":94,"column":4},"end":{"line":94,"column":39}},"7":{"start":{"line":94,"column":27},"end":{"line":94,"column":39}},"8":{"start":{"line":98,"column":19},"end":{"line":98,"column":44}},"9":{"start":{"line":99,"column":2},"end":{"line":101,"column":3}},"10":{"start":{"line":100,"column":4},"end":{"line":100,"column":45}},"11":{"start":{"line":100,"column":33},"end":{"line":100,"column":45}},"12":{"start":{"line":103,"column":2},"end":{"line":103,"column":15}},"13":{"start":{"line":106,"column":13},"end":{"line":107,"column":72}}},"fnMap":{"0":{"name":"containsProfanity","decl":{"start":{"line":88,"column":16},"end":{"line":88,"column":33}},"loc":{"start":{"line":88,"column":46},"end":{"line":104,"column":1}}}},"branchMap":{"0":{"loc":{"start":{"line":94,"column":4},"end":{"line":94,"column":39}},"type":"if","locations":[{"start":{"line":94,"column":4},"end":{"line":94,"column":39}},{"start":{},"end":{}}]},"1":{"loc":{"start":{"line":100,"column":4},"end":{"line":100,"column":45}},"type":"if","locations":[{"start":{"line":100,"column":4},"end":{"line":100,"column":45}},{"start":{},"end":{}}]}},"s":{"0":14,"1":14,"2":14,"3":31,"4":31,"5":1254,"6":1254,"7":2,"8":29,"9":29,"10":1204,"11":4,"12":25,"13":14},"f":{"0":31},"b":{"0":[2,1252],"1":[4,1200]}}
,"/Users/guyshick/Desktop/final project/CSFinalProject/backend/src/utils/ratingCalculator.ts": {"path":"/Users/guyshick/Desktop/final project/CSFinalProject/backend/src/utils/ratingCalculator.ts","statementMap":{"0":{"start":{"line":31,"column":0},"end":{"line":31,"column":7}},"1":{"start":{"line":1,"column":0},"end":{"line":1,"column":42}},"2":{"start":{"line":22,"column":21},"end":{"line":22,"column":35}},"3":{"start":{"line":29,"column":19},"end":{"line":29,"column":20}},"4":{"start":{"line":32,"column":18},"end":{"line":35,"column":4}},"5":{"start":{"line":37,"column":2},"end":{"line":43,"column":3}},"6":{"start":{"line":38,"column":4},"end":{"line":41,"column":7}},"7":{"start":{"line":42,"column":4},"end":{"line":42,"column":11}},"8":{"start":{"line":45,"column":14},"end":{"line":45,"column":24}},"9":{"start":{"line":49,"column":21},"end":{"line":49,"column":78}},"10":{"start":{"line":50,"column":2},"end":{"line":54,"column":3}},"11":{"start":{"line":51,"column":17},"end":{"line":51,"column":57}},"12":{"start":{"line":52,"column":4},"end":{"line":52,"column":72}},"13":{"start":{"line":53,"column":4},"end":{"line":53,"column":45}},"14":{"start":{"line":56,"column":28},"end":{"line":56,"column":29}},"15":{"start":{"line":57,"column":28},"end":{"line":57,"column":29}},"16":{"start":{"line":59,"column":2},"end":{"line":73,"column":3}},"17":{"start":{"line":60,"column":22},"end":{"line":60,"column":23}},"18":{"start":{"line":61,"column":20},"end":{"line":61,"column":21}},"19":{"start":{"line":63,"column":4},"end":{"line":68,"column":5}},"20":{"start":{"line":64,"column":24},"end":{"line":64,"column":76}},"21":{"start":{"line":65,"column":21},"end":{"line":65,"column":56}},"22":{"start":{"line":66,"column":6},"end":{"line":66,"column":37}},"23":{"start":{"line":67,"column":6},"end":{"line":67,"column":26}},"24":{"start":{"line":70,"column":24},"end":{"line":70,"column":67}},"25":{"start":{"line":71,"column":4},"end":{"line":71,"column":39}},"26":{"start":{"line":72,"column":4},"end":{"line":72,"column":29}},"27":{"start":{"line":76,"column":12},"end":{"line":76,"column":53}},"28":{"start":{"line":77,"column":12},"end":{"line":77,"column":31}},"29":{"start":{"line":80,"column":25},"end":{"line":83,"column":4}},"30":{"start":{"line":84,"column":12},"end":{"line":84,"column":43}},"31":{"start":{"line":88,"column":25},"end":{"line":88,"column":68}},"32":{"start":{"line":91,"column":22},"end":{"line":91,"column":60}},"33":{"start":{"line":93,"column":2},"end":{"line":96,"column":5}}},"fnMap":{"0":{"name":"recalculateFixerRating","decl":{"start":{"line":31,"column":22},"end":{"line":31,"column":44}},"loc":{"start":{"line":31,"column":60},"end":{"line":97,"column":1}}}},"branchMap":{"0":{"loc":{"start":{"line":37,"column":2},"end":{"line":43,"column":3}},"type":"if","locations":[{"start":{"line":37,"column":2},"end":{"line":43,"column":3}},{"start":{},"end":{}}]},"1":{"loc":{"start":{"line":51,"column":17},"end":{"line":51,"column":57}},"type":"binary-expr","locations":[{"start":{"line":51,"column":17},"end":{"line":51,"column":51}},{"start":{"line":51,"column":55},"end":{"line":51,"column":57}}]},"2":{"loc":{"start":{"line":70,"column":24},"end":{"line":70,"column":67}},"type":"cond-expr","locations":[{"start":{"line":70,"column":40},"end":{"line":70,"column":63}},{"start":{"line":70,"column":66},"end":{"line":70,"column":67}}]},"3":{"loc":{"start":{"line":84,"column":12},"end":{"line":84,"column":43}},"type":"binary-expr","locations":[{"start":{"line":84,"column":12},"end":{"line":84,"column":38}},{"start":{"line":84,"column":42},"end":{"line":84,"column":43}}]}},"s":{"0":12,"1":12,"2":12,"3":12,"4":23,"5":23,"6":1,"7":1,"8":22,"9":22,"10":22,"11":22,"12":22,"13":22,"14":22,"15":22,"16":22,"17":22,"18":22,"19":22,"20":22,"21":22,"22":22,"23":22,"24":22,"25":22,"26":22,"27":22,"28":22,"29":22,"30":22,"31":22,"32":22,"33":22},"f":{"0":23},"b":{"0":[1,22],"1":[22,22],"2":[22,0],"3":[22,0]}}
}
