{"/Users/guyshick/Desktop/final project/CSFinalProject/backend/src/app.ts": {"path":"/Users/guyshick/Desktop/final project/CSFinalProject/backend/src/app.ts","statementMap":{"0":{"start":{"line":1,"column":0},"end":{"line":1,"column":30}},"1":{"start":{"line":2,"column":0},"end":{"line":2,"column":24}},"2":{"start":{"line":3,"column":0},"end":{"line":3,"column":28}},"3":{"start":{"line":4,"column":0},"end":{"line":4,"column":28}},"4":{"start":{"line":6,"column":0},"end":{"line":6,"column":39}},"5":{"start":{"line":7,"column":0},"end":{"line":7,"column":40}},"6":{"start":{"line":8,"column":0},"end":{"line":8,"column":40}},"7":{"start":{"line":9,"column":0},"end":{"line":9,"column":38}},"8":{"start":{"line":10,"column":0},"end":{"line":10,"column":44}},"9":{"start":{"line":11,"column":0},"end":{"line":11,"column":41}},"10":{"start":{"line":12,"column":0},"end":{"line":12,"column":56}},"11":{"start":{"line":13,"column":0},"end":{"line":13,"column":46}},"12":{"start":{"line":14,"column":0},"end":{"line":14,"column":57}},"13":{"start":{"line":16,"column":12},"end":{"line":16,"column":21}},"14":{"start":{"line":18,"column":0},"end":{"line":22,"column":4}},"15":{"start":{"line":20,"column":51},"end":{"line":20,"column":59}},"16":{"start":{"line":23,"column":0},"end":{"line":23,"column":18}},"17":{"start":{"line":24,"column":0},"end":{"line":24,"column":23}},"18":{"start":{"line":25,"column":0},"end":{"line":25,"column":24}},"19":{"start":{"line":27,"column":0},"end":{"line":29,"column":3}},"20":{"start":{"line":28,"column":2},"end":{"line":28,"column":66}},"21":{"start":{"line":31,"column":0},"end":{"line":31,"column":33}},"22":{"start":{"line":32,"column":0},"end":{"line":32,"column":34}},"23":{"start":{"line":33,"column":0},"end":{"line":33,"column":34}},"24":{"start":{"line":34,"column":0},"end":{"line":34,"column":32}},"25":{"start":{"line":35,"column":0},"end":{"line":35,"column":38}},"26":{"start":{"line":36,"column":0},"end":{"line":36,"column":35}},"27":{"start":{"line":37,"column":0},"end":{"line":37,"column":50}},"28":{"start":{"line":38,"column":0},"end":{"line":38,"column":31}},"29":{"start":{"line":40,"column":0},"end":{"line":40,"column":22}},"30":{"start":{"line":42,"column":0},"end":{"line":42,"column":19}}},"fnMap":{"0":{"name":"(anonymous_1)","decl":{"start":{"line":20,"column":46},"end":{"line":20,"column":47}},"loc":{"start":{"line":20,"column":51},"end":{"line":20,"column":59}}},"1":{"name":"(anonymous_2)","decl":{"start":{"line":27,"column":19},"end":{"line":27,"column":20}},"loc":{"start":{"line":27,"column":33},"end":{"line":29,"column":1}}}},"branchMap":{"0":{"loc":{"start":{"line":19,"column":10},"end":{"line":21,"column":9}},"type":"cond-expr","locations":[{"start":{"line":20,"column":6},"end":{"line":20,"column":60}},{"start":{"line":21,"column":6},"end":{"line":21,"column":9}}]}},"s":{"0":12,"1":12,"2":12,"3":12,"4":12,"5":12,"6":12,"7":12,"8":12,"9":12,"10":12,"11":12,"12":12,"13":12,"14":12,"15":0,"16":12,"17":12,"18":12,"19":12,"20":0,"21":12,"22":12,"23":12,"24":12,"25":12,"26":12,"27":12,"28":12,"29":12,"30":12},"f":{"0":0,"1":0},"b":{"0":[0,12]}}
,"/Users/guyshick/Desktop/final project/CSFinalProject/backend/src/schemas.ts": {"path":"/Users/guyshick/Desktop/final project/CSFinalProject/backend/src/schemas.ts","statementMap":{"0":{"start":{"line":1,"column":0},"end":{"line":1,"column":24}},"1":{"start":{"line":2,"column":0},"end":{"line":2,"column":85}},"2":{"start":{"line":4,"column":13},"end":{"line":7,"column":3}},"3":{"start":{"line":9,"column":13},"end":{"line":20,"column":3}},"4":{"start":{"line":22,"column":13},"end":{"line":29,"column":3}},"5":{"start":{"line":31,"column":13},"end":{"line":33,"column":3}},"6":{"start":{"line":35,"column":13},"end":{"line":38,"column":3}},"7":{"start":{"line":40,"column":13},"end":{"line":43,"column":3}},"8":{"start":{"line":45,"column":13},"end":{"line":53,"column":3}},"9":{"start":{"line":51,"column":21},"end":{"line":51,"column":44}},"10":{"start":{"line":55,"column":13},"end":{"line":63,"column":3}},"11":{"start":{"line":61,"column":21},"end":{"line":61,"column":44}},"12":{"start":{"line":65,"column":13},"end":{"line":76,"column":3}},"13":{"start":{"line":78,"column":13},"end":{"line":80,"column":3}},"14":{"start":{"line":82,"column":13},"end":{"line":85,"column":3}},"15":{"start":{"line":87,"column":13},"end":{"line":89,"column":3}},"16":{"start":{"line":91,"column":13},"end":{"line":93,"column":3}},"17":{"start":{"line":95,"column":13},"end":{"line":99,"column":3}},"18":{"start":{"line":101,"column":13},"end":{"line":104,"column":3}}},"fnMap":{"0":{"name":"(anonymous_0)","decl":{"start":{"line":51,"column":12},"end":{"line":51,"column":13}},"loc":{"start":{"line":51,"column":21},"end":{"line":51,"column":44}}},"1":{"name":"(anonymous_1)","decl":{"start":{"line":61,"column":12},"end":{"line":61,"column":13}},"loc":{"start":{"line":61,"column":21},"end":{"line":61,"column":44}}}},"branchMap":{},"s":{"0":13,"1":13,"2":13,"3":13,"4":13,"5":13,"6":13,"7":13,"8":13,"9":21,"10":13,"11":1,"12":13,"13":13,"14":13,"15":13,"16":13,"17":13,"18":13},"f":{"0":21,"1":1},"b":{}}
,"/Users/guyshick/Desktop/final project/CSFinalProject/backend/src/middleware/adminAuth.ts": {"path":"/Users/guyshick/Desktop/final project/CSFinalProject/backend/src/middleware/adminAuth.ts","statementMap":{"0":{"start":{"line":8,"column":0},"end":{"line":8,"column":16}},"1":{"start":{"line":2,"column":0},"end":{"line":2,"column":49}},"2":{"start":{"line":13,"column":2},"end":{"line":16,"column":3}},"3":{"start":{"line":14,"column":4},"end":{"line":14,"column":54}},"4":{"start":{"line":15,"column":4},"end":{"line":15,"column":11}},"5":{"start":{"line":17,"column":2},"end":{"line":17,"column":9}}},"fnMap":{"0":{"name":"adminOnly","decl":{"start":{"line":8,"column":16},"end":{"line":8,"column":25}},"loc":{"start":{"line":11,"column":20},"end":{"line":18,"column":1}}}},"branchMap":{"0":{"loc":{"start":{"line":13,"column":2},"end":{"line":16,"column":3}},"type":"if","locations":[{"start":{"line":13,"column":2},"end":{"line":16,"column":3}},{"start":{},"end":{}}]}},"s":{"0":12,"1":12,"2":22,"3":4,"4":4,"5":18},"f":{"0":22},"b":{"0":[4,18]}}
,"/Users/guyshick/Desktop/final project/CSFinalProject/backend/src/middleware/auth.ts": {"path":"/Users/guyshick/Desktop/final project/CSFinalProject/backend/src/middleware/auth.ts","statementMap":{"0":{"start":{"line":6,"column":0},"end":{"line":6,"column":7}},"1":{"start":{"line":2,"column":0},"end":{"line":2,"column":44}},"2":{"start":{"line":3,"column":0},"end":{"line":3,"column":42}},"3":{"start":{"line":4,"column":0},"end":{"line":4,"column":67}},"4":{"start":{"line":11,"column":2},"end":{"line":37,"column":3}},"5":{"start":{"line":12,"column":23},"end":{"line":12,"column":48}},"6":{"start":{"line":13,"column":4},"end":{"line":15,"column":5}},"7":{"start":{"line":14,"column":6},"end":{"line":14,"column":77}},"8":{"start":{"line":17,"column":18},"end":{"line":17,"column":37}},"9":{"start":{"line":19,"column":4},"end":{"line":23,"column":5}},"10":{"start":{"line":20,"column":6},"end":{"line":20,"column":56}},"11":{"start":{"line":22,"column":6},"end":{"line":22,"column":62}},"12":{"start":{"line":25,"column":17},"end":{"line":27,"column":6}},"13":{"start":{"line":29,"column":4},"end":{"line":31,"column":5}},"14":{"start":{"line":30,"column":6},"end":{"line":30,"column":48}},"15":{"start":{"line":33,"column":4},"end":{"line":33,"column":20}},"16":{"start":{"line":34,"column":4},"end":{"line":34,"column":11}},"17":{"start":{"line":36,"column":4},"end":{"line":36,"column":14}}},"fnMap":{"0":{"name":"authMiddleware","decl":{"start":{"line":6,"column":22},"end":{"line":6,"column":36}},"loc":{"start":{"line":9,"column":20},"end":{"line":38,"column":1}}}},"branchMap":{"0":{"loc":{"start":{"line":13,"column":4},"end":{"line":15,"column":5}},"type":"if","locations":[{"start":{"line":13,"column":4},"end":{"line":15,"column":5}},{"start":{},"end":{}}]},"1":{"loc":{"start":{"line":29,"column":4},"end":{"line":31,"column":5}},"type":"if","locations":[{"start":{"line":29,"column":4},"end":{"line":31,"column":5}},{"start":{},"end":{}}]}},"s":{"0":12,"1":12,"2":12,"3":12,"4":700,"5":700,"6":700,"7":5,"8":695,"9":695,"10":695,"11":1,"12":694,"13":694,"14":1,"15":693,"16":693,"17":7},"f":{"0":700},"b":{"0":[5,695],"1":[1,693]}}
,"/Users/guyshick/Desktop/final project/CSFinalProject/backend/src/middleware/errorHandler.ts": {"path":"/Users/guyshick/Desktop/final project/CSFinalProject/backend/src/middleware/errorHandler.ts","statementMap":{"0":{"start":{"line":4,"column":0},"end":{"line":4,"column":16}},"1":{"start":{"line":2,"column":0},"end":{"line":2,"column":43}},"2":{"start":{"line":10,"column":2},"end":{"line":19,"column":3}},"3":{"start":{"line":11,"column":4},"end":{"line":17,"column":7}},"4":{"start":{"line":18,"column":4},"end":{"line":18,"column":11}},"5":{"start":{"line":21,"column":2},"end":{"line":21,"column":27}},"6":{"start":{"line":22,"column":2},"end":{"line":27,"column":5}}},"fnMap":{"0":{"name":"errorHandler","decl":{"start":{"line":4,"column":16},"end":{"line":4,"column":28}},"loc":{"start":{"line":8,"column":21},"end":{"line":28,"column":1}}}},"branchMap":{"0":{"loc":{"start":{"line":10,"column":2},"end":{"line":19,"column":3}},"type":"if","locations":[{"start":{"line":10,"column":2},"end":{"line":19,"column":3}},{"start":{},"end":{}}]}},"s":{"0":13,"1":13,"2":94,"3":93,"4":93,"5":1,"6":1},"f":{"0":94},"b":{"0":[93,1]}}
,"/Users/guyshick/Desktop/final project/CSFinalProject/backend/src/middleware/validate.ts": {"path":"/Users/guyshick/Desktop/final project/CSFinalProject/backend/src/middleware/validate.ts","statementMap":{"0":{"start":{"line":5,"column":0},"end":{"line":5,"column":16}},"1":{"start":{"line":2,"column":0},"end":{"line":2,"column":42}},"2":{"start":{"line":3,"column":0},"end":{"line":3,"column":50}},"3":{"start":{"line":6,"column":2},"end":{"line":17,"column":4}},"4":{"start":{"line":7,"column":4},"end":{"line":16,"column":5}},"5":{"start":{"line":8,"column":6},"end":{"line":8,"column":29}},"6":{"start":{"line":9,"column":6},"end":{"line":9,"column":13}},"7":{"start":{"line":11,"column":6},"end":{"line":14,"column":7}},"8":{"start":{"line":12,"column":8},"end":{"line":12,"column":66}},"9":{"start":{"line":13,"column":8},"end":{"line":13,"column":15}},"10":{"start":{"line":15,"column":6},"end":{"line":15,"column":16}}},"fnMap":{"0":{"name":"validate","decl":{"start":{"line":5,"column":16},"end":{"line":5,"column":24}},"loc":{"start":{"line":5,"column":42},"end":{"line":18,"column":1}}},"1":{"name":"(anonymous_1)","decl":{"start":{"line":6,"column":9},"end":{"line":6,"column":10}},"loc":{"start":{"line":6,"column":68},"end":{"line":17,"column":3}}}},"branchMap":{"0":{"loc":{"start":{"line":11,"column":6},"end":{"line":14,"column":7}},"type":"if","locations":[{"start":{"line":11,"column":6},"end":{"line":14,"column":7}},{"start":{},"end":{}}]}},"s":{"0":13,"1":13,"2":13,"3":183,"4":363,"5":363,"6":354,"7":9,"8":9,"9":9,"10":0},"f":{"0":183,"1":363},"b":{"0":[9,0]}}
,"/Users/guyshick/Desktop/final project/CSFinalProject/backend/src/routes/admin.ts": {"path":"/Users/guyshick/Desktop/final project/CSFinalProject/backend/src/routes/admin.ts","statementMap":{"0":{"start":{"line":1,"column":0},"end":{"line":1,"column":66}},"1":{"start":{"line":2,"column":0},"end":{"line":2,"column":52}},"2":{"start":{"line":3,"column":0},"end":{"line":3,"column":52}},"3":{"start":{"line":4,"column":0},"end":{"line":4,"column":42}},"4":{"start":{"line":5,"column":0},"end":{"line":5,"column":48}},"5":{"start":{"line":6,"column":0},"end":{"line":6,"column":67}},"6":{"start":{"line":7,"column":0},"end":{"line":7,"column":67}},"7":{"start":{"line":8,"column":0},"end":{"line":8,"column":68}},"8":{"start":{"line":9,"column":0},"end":{"line":9,"column":50}},"9":{"start":{"line":10,"column":0},"end":{"line":10,"column":55}},"10":{"start":{"line":12,"column":15},"end":{"line":12,"column":23}},"11":{"start":{"line":14,"column":0},"end":{"line":14,"column":27}},"12":{"start":{"line":15,"column":0},"end":{"line":15,"column":22}},"13":{"start":{"line":18,"column":0},"end":{"line":52,"column":2}},"14":{"start":{"line":21,"column":4},"end":{"line":50,"column":5}},"15":{"start":{"line":22,"column":19},"end":{"line":22,"column":71}},"16":{"start":{"line":23,"column":20},"end":{"line":23,"column":89}},"17":{"start":{"line":24,"column":19},"end":{"line":24,"column":37}},"18":{"start":{"line":26,"column":31},"end":{"line":45,"column":8}},"19":{"start":{"line":47,"column":6},"end":{"line":47,"column":48}},"20":{"start":{"line":49,"column":6},"end":{"line":49,"column":16}},"21":{"start":{"line":55,"column":0},"end":{"line":77,"column":2}},"22":{"start":{"line":58,"column":4},"end":{"line":75,"column":5}},"23":{"start":{"line":59,"column":21},"end":{"line":61,"column":8}},"24":{"start":{"line":62,"column":6},"end":{"line":62,"column":63}},"25":{"start":{"line":62,"column":19},"end":{"line":62,"column":63}},"26":{"start":{"line":64,"column":6},"end":{"line":67,"column":9}},"27":{"start":{"line":70,"column":6},"end":{"line":70,"column":55}},"28":{"start":{"line":72,"column":6},"end":{"line":72,"column":58}},"29":{"start":{"line":74,"column":6},"end":{"line":74,"column":16}},"30":{"start":{"line":80,"column":0},"end":{"line":104,"column":2}},"31":{"start":{"line":83,"column":4},"end":{"line":102,"column":5}},"32":{"start":{"line":84,"column":21},"end":{"line":86,"column":8}},"33":{"start":{"line":87,"column":6},"end":{"line":87,"column":63}},"34":{"start":{"line":87,"column":19},"end":{"line":87,"column":63}},"35":{"start":{"line":89,"column":6},"end":{"line":97,"column":9}},"36":{"start":{"line":99,"column":6},"end":{"line":99,"column":62}},"37":{"start":{"line":101,"column":6},"end":{"line":101,"column":16}},"38":{"start":{"line":107,"column":0},"end":{"line":137,"column":2}},"39":{"start":{"line":110,"column":4},"end":{"line":135,"column":5}},"40":{"start":{"line":111,"column":19},"end":{"line":111,"column":71}},"41":{"start":{"line":112,"column":20},"end":{"line":112,"column":89}},"42":{"start":{"line":113,"column":19},"end":{"line":113,"column":37}},"43":{"start":{"line":115,"column":29},"end":{"line":131,"column":8}},"44":{"start":{"line":132,"column":6},"end":{"line":132,"column":46}},"45":{"start":{"line":134,"column":6},"end":{"line":134,"column":16}},"46":{"start":{"line":140,"column":0},"end":{"line":177,"column":2}},"47":{"start":{"line":143,"column":4},"end":{"line":175,"column":5}},"48":{"start":{"line":144,"column":25},"end":{"line":144,"column":56}},"49":{"start":{"line":145,"column":6},"end":{"line":147,"column":7}},"50":{"start":{"line":146,"column":8},"end":{"line":146,"column":100}},"51":{"start":{"line":149,"column":19},"end":{"line":149,"column":81}},"52":{"start":{"line":150,"column":6},"end":{"line":150,"column":59}},"53":{"start":{"line":150,"column":17},"end":{"line":150,"column":59}},"54":{"start":{"line":152,"column":21},"end":{"line":152,"column":67}},"55":{"start":{"line":153,"column":6},"end":{"line":156,"column":9}},"56":{"start":{"line":159,"column":6},"end":{"line":170,"column":9}},"57":{"start":{"line":172,"column":6},"end":{"line":172,"column":55}},"58":{"start":{"line":174,"column":6},"end":{"line":174,"column":16}},"59":{"start":{"line":180,"column":0},"end":{"line":201,"column":2}},"60":{"start":{"line":183,"column":4},"end":{"line":199,"column":5}},"61":{"start":{"line":184,"column":18},"end":{"line":184,"column":41}},"62":{"start":{"line":185,"column":6},"end":{"line":187,"column":7}},"63":{"start":{"line":186,"column":8},"end":{"line":186,"column":75}},"64":{"start":{"line":189,"column":23},"end":{"line":189,"column":39}},"65":{"start":{"line":190,"column":6},"end":{"line":190,"column":101}},"66":{"start":{"line":190,"column":24},"end":{"line":190,"column":101}},"67":{"start":{"line":192,"column":6},"end":{"line":192,"column":90}},"68":{"start":{"line":193,"column":6},"end":{"line":193,"column":92}},"69":{"start":{"line":195,"column":21},"end":{"line":195,"column":62}},"70":{"start":{"line":196,"column":6},"end":{"line":196,"column":23}},"71":{"start":{"line":198,"column":6},"end":{"line":198,"column":16}},"72":{"start":{"line":204,"column":0},"end":{"line":237,"column":2}},"73":{"start":{"line":207,"column":4},"end":{"line":235,"column":5}},"74":{"start":{"line":208,"column":19},"end":{"line":208,"column":71}},"75":{"start":{"line":209,"column":20},"end":{"line":209,"column":89}},"76":{"start":{"line":210,"column":19},"end":{"line":210,"column":37}},"77":{"start":{"line":212,"column":38},"end":{"line":231,"column":8}},"78":{"start":{"line":232,"column":6},"end":{"line":232,"column":55}},"79":{"start":{"line":234,"column":6},"end":{"line":234,"column":16}},"80":{"start":{"line":240,"column":0},"end":{"line":272,"column":2}},"81":{"start":{"line":244,"column":4},"end":{"line":270,"column":5}},"82":{"start":{"line":245,"column":41},"end":{"line":245,"column":110}},"83":{"start":{"line":247,"column":28},"end":{"line":247,"column":99}},"84":{"start":{"line":248,"column":6},"end":{"line":248,"column":77}},"85":{"start":{"line":248,"column":26},"end":{"line":248,"column":77}},"86":{"start":{"line":250,"column":21},"end":{"line":250,"column":67}},"87":{"start":{"line":251,"column":6},"end":{"line":259,"column":9}},"88":{"start":{"line":261,"column":28},"end":{"line":261,"column":108}},"89":{"start":{"line":262,"column":24},"end":{"line":262,"column":98}},"90":{"start":{"line":263,"column":18},"end":{"line":263,"column":90}},"91":{"start":{"line":264,"column":21},"end":{"line":264,"column":187}},"92":{"start":{"line":265,"column":6},"end":{"line":265,"column":135}},"93":{"start":{"line":267,"column":6},"end":{"line":267,"column":56}},"94":{"start":{"line":269,"column":6},"end":{"line":269,"column":16}},"95":{"start":{"line":274,"column":0},"end":{"line":274,"column":22}}},"fnMap":{"0":{"name":"(anonymous_0)","decl":{"start":{"line":20,"column":2},"end":{"line":20,"column":7}},"loc":{"start":{"line":20,"column":60},"end":{"line":51,"column":3}}},"1":{"name":"(anonymous_1)","decl":{"start":{"line":57,"column":2},"end":{"line":57,"column":7}},"loc":{"start":{"line":57,"column":60},"end":{"line":76,"column":3}}},"2":{"name":"(anonymous_2)","decl":{"start":{"line":82,"column":2},"end":{"line":82,"column":7}},"loc":{"start":{"line":82,"column":60},"end":{"line":103,"column":3}}},"3":{"name":"(anonymous_3)","decl":{"start":{"line":109,"column":2},"end":{"line":109,"column":7}},"loc":{"start":{"line":109,"column":60},"end":{"line":136,"column":3}}},"4":{"name":"(anonymous_4)","decl":{"start":{"line":142,"column":2},"end":{"line":142,"column":7}},"loc":{"start":{"line":142,"column":60},"end":{"line":176,"column":3}}},"5":{"name":"(anonymous_5)","decl":{"start":{"line":182,"column":2},"end":{"line":182,"column":7}},"loc":{"start":{"line":182,"column":60},"end":{"line":200,"column":3}}},"6":{"name":"(anonymous_6)","decl":{"start":{"line":206,"column":2},"end":{"line":206,"column":7}},"loc":{"start":{"line":206,"column":60},"end":{"line":236,"column":3}}},"7":{"name":"(anonymous_7)","decl":{"start":{"line":243,"column":2},"end":{"line":243,"column":7}},"loc":{"start":{"line":243,"column":60},"end":{"line":271,"column":3}}}},"branchMap":{"0":{"loc":{"start":{"line":22,"column":31},"end":{"line":22,"column":70}},"type":"binary-expr","locations":[{"start":{"line":22,"column":31},"end":{"line":22,"column":65}},{"start":{"line":22,"column":69},"end":{"line":22,"column":70}}]},"1":{"loc":{"start":{"line":23,"column":46},"end":{"line":23,"column":87}},"type":"binary-expr","locations":[{"start":{"line":23,"column":46},"end":{"line":23,"column":81}},{"start":{"line":23,"column":85},"end":{"line":23,"column":87}}]},"2":{"loc":{"start":{"line":62,"column":6},"end":{"line":62,"column":63}},"type":"if","locations":[{"start":{"line":62,"column":6},"end":{"line":62,"column":63}},{"start":{},"end":{}}]},"3":{"loc":{"start":{"line":87,"column":6},"end":{"line":87,"column":63}},"type":"if","locations":[{"start":{"line":87,"column":6},"end":{"line":87,"column":63}},{"start":{},"end":{}}]},"4":{"loc":{"start":{"line":111,"column":31},"end":{"line":111,"column":70}},"type":"binary-expr","locations":[{"start":{"line":111,"column":31},"end":{"line":111,"column":65}},{"start":{"line":111,"column":69},"end":{"line":111,"column":70}}]},"5":{"loc":{"start":{"line":112,"column":46},"end":{"line":112,"column":87}},"type":"binary-expr","locations":[{"start":{"line":112,"column":46},"end":{"line":112,"column":81}},{"start":{"line":112,"column":85},"end":{"line":112,"column":87}}]},"6":{"loc":{"start":{"line":145,"column":6},"end":{"line":147,"column":7}},"type":"if","locations":[{"start":{"line":145,"column":6},"end":{"line":147,"column":7}},{"start":{},"end":{}}]},"7":{"loc":{"start":{"line":145,"column":10},"end":{"line":145,"column":53}},"type":"binary-expr","locations":[{"start":{"line":145,"column":10},"end":{"line":145,"column":30}},{"start":{"line":145,"column":34},"end":{"line":145,"column":53}}]},"8":{"loc":{"start":{"line":150,"column":6},"end":{"line":150,"column":59}},"type":"if","locations":[{"start":{"line":150,"column":6},"end":{"line":150,"column":59}},{"start":{},"end":{}}]},"9":{"loc":{"start":{"line":152,"column":21},"end":{"line":152,"column":67}},"type":"cond-expr","locations":[{"start":{"line":152,"column":44},"end":{"line":152,"column":54}},{"start":{"line":152,"column":57},"end":{"line":152,"column":67}}]},"10":{"loc":{"start":{"line":162,"column":17},"end":{"line":162,"column":90}},"type":"cond-expr","locations":[{"start":{"line":162,"column":40},"end":{"line":162,"column":64}},{"start":{"line":162,"column":67},"end":{"line":162,"column":90}}]},"11":{"loc":{"start":{"line":163,"column":16},"end":{"line":165,"column":90}},"type":"cond-expr","locations":[{"start":{"line":164,"column":14},"end":{"line":164,"column":89}},{"start":{"line":165,"column":14},"end":{"line":165,"column":90}}]},"12":{"loc":{"start":{"line":166,"column":16},"end":{"line":166,"column":88}},"type":"cond-expr","locations":[{"start":{"line":166,"column":39},"end":{"line":166,"column":62}},{"start":{"line":166,"column":65},"end":{"line":166,"column":88}}]},"13":{"loc":{"start":{"line":185,"column":6},"end":{"line":187,"column":7}},"type":"if","locations":[{"start":{"line":185,"column":6},"end":{"line":187,"column":7}},{"start":{},"end":{}}]},"14":{"loc":{"start":{"line":185,"column":10},"end":{"line":185,"column":76}},"type":"binary-expr","locations":[{"start":{"line":185,"column":10},"end":{"line":185,"column":14}},{"start":{"line":185,"column":18},"end":{"line":185,"column":76}}]},"15":{"loc":{"start":{"line":190,"column":6},"end":{"line":190,"column":101}},"type":"if","locations":[{"start":{"line":190,"column":6},"end":{"line":190,"column":101}},{"start":{},"end":{}}]},"16":{"loc":{"start":{"line":192,"column":36},"end":{"line":192,"column":88}},"type":"binary-expr","locations":[{"start":{"line":192,"column":36},"end":{"line":192,"column":72}},{"start":{"line":192,"column":76},"end":{"line":192,"column":88}}]},"17":{"loc":{"start":{"line":208,"column":31},"end":{"line":208,"column":70}},"type":"binary-expr","locations":[{"start":{"line":208,"column":31},"end":{"line":208,"column":65}},{"start":{"line":208,"column":69},"end":{"line":208,"column":70}}]},"18":{"loc":{"start":{"line":209,"column":46},"end":{"line":209,"column":87}},"type":"binary-expr","locations":[{"start":{"line":209,"column":46},"end":{"line":209,"column":81}},{"start":{"line":209,"column":85},"end":{"line":209,"column":87}}]},"19":{"loc":{"start":{"line":248,"column":6},"end":{"line":248,"column":77}},"type":"if","locations":[{"start":{"line":248,"column":6},"end":{"line":248,"column":77}},{"start":{},"end":{}}]},"20":{"loc":{"start":{"line":250,"column":21},"end":{"line":250,"column":67}},"type":"cond-expr","locations":[{"start":{"line":250,"column":44},"end":{"line":250,"column":54}},{"start":{"line":250,"column":57},"end":{"line":250,"column":67}}]},"21":{"loc":{"start":{"line":257,"column":14},"end":{"line":257,"column":77}},"type":"cond-expr","locations":[{"start":{"line":257,"column":54},"end":{"line":257,"column":72}},{"start":{"line":257,"column":75},"end":{"line":257,"column":77}}]},"22":{"loc":{"start":{"line":257,"column":14},"end":{"line":257,"column":51}},"type":"binary-expr","locations":[{"start":{"line":257,"column":14},"end":{"line":257,"column":33}},{"start":{"line":257,"column":37},"end":{"line":257,"column":51}}]},"23":{"loc":{"start":{"line":262,"column":24},"end":{"line":262,"column":98}},"type":"cond-expr","locations":[{"start":{"line":262,"column":47},"end":{"line":262,"column":71}},{"start":{"line":262,"column":74},"end":{"line":262,"column":98}}]},"24":{"loc":{"start":{"line":263,"column":18},"end":{"line":263,"column":90}},"type":"cond-expr","locations":[{"start":{"line":263,"column":41},"end":{"line":263,"column":64}},{"start":{"line":263,"column":67},"end":{"line":263,"column":90}}]},"25":{"loc":{"start":{"line":264,"column":164},"end":{"line":264,"column":184}},"type":"binary-expr","locations":[{"start":{"line":264,"column":164},"end":{"line":264,"column":178}},{"start":{"line":264,"column":182},"end":{"line":264,"column":184}}]}},"s":{"0":12,"1":12,"2":12,"3":12,"4":12,"5":12,"6":12,"7":12,"8":12,"9":12,"10":12,"11":12,"12":12,"13":12,"14":1,"15":1,"16":1,"17":1,"18":1,"19":1,"20":0,"21":12,"22":2,"23":2,"24":2,"25":1,"26":1,"27":1,"28":1,"29":1,"30":12,"31":2,"32":2,"33":2,"34":1,"35":1,"36":1,"37":1,"38":12,"39":1,"40":1,"41":1,"42":1,"43":1,"44":1,"45":0,"46":12,"47":4,"48":4,"49":4,"50":1,"51":3,"52":3,"53":1,"54":2,"55":2,"56":2,"57":2,"58":1,"59":12,"60":3,"61":3,"62":3,"63":2,"64":1,"65":1,"66":1,"67":0,"68":0,"69":0,"70":0,"71":0,"72":12,"73":1,"74":1,"75":1,"76":1,"77":1,"78":1,"79":0,"80":12,"81":4,"82":4,"83":4,"84":4,"85":1,"86":3,"87":3,"88":3,"89":3,"90":3,"91":3,"92":3,"93":3,"94":1,"95":12},"f":{"0":1,"1":2,"2":2,"3":1,"4":4,"5":3,"6":1,"7":4},"b":{"0":[1,1],"1":[1,1],"2":[1,1],"3":[1,1],"4":[1,1],"5":[1,1],"6":[1,3],"7":[4,2],"8":[1,2],"9":[1,1],"10":[1,1],"11":[1,1],"12":[1,1],"13":[2,1],"14":[3,2],"15":[1,0],"16":[0,0],"17":[1,1],"18":[1,1],"19":[1,3],"20":[1,2],"21":[1,2],"22":[3,2],"23":[1,2],"24":[1,2],"25":[3,2]}}
,"/Users/guyshick/Desktop/final project/CSFinalProject/backend/src/routes/auth.ts": {"path":"/Users/guyshick/Desktop/final project/CSFinalProject/backend/src/routes/auth.ts","statementMap":{"0":{"start":{"line":1,"column":0},"end":{"line":1,"column":66}},"1":{"start":{"line":2,"column":0},"end":{"line":2,"column":79}},"2":{"start":{"line":3,"column":0},"end":{"line":3,"column":44}},"3":{"start":{"line":4,"column":0},"end":{"line":4,"column":42}},"4":{"start":{"line":5,"column":0},"end":{"line":5,"column":50}},"5":{"start":{"line":6,"column":0},"end":{"line":6,"column":67}},"6":{"start":{"line":7,"column":0},"end":{"line":7,"column":44}},"7":{"start":{"line":9,"column":15},"end":{"line":9,"column":23}},"8":{"start":{"line":13,"column":0},"end":{"line":72,"column":3}},"9":{"start":{"line":14,"column":2},"end":{"line":71,"column":3}},"10":{"start":{"line":15,"column":23},"end":{"line":15,"column":48}},"11":{"start":{"line":16,"column":4},"end":{"line":18,"column":5}},"12":{"start":{"line":17,"column":6},"end":{"line":17,"column":77}},"13":{"start":{"line":20,"column":18},"end":{"line":20,"column":37}},"14":{"start":{"line":21,"column":20},"end":{"line":21,"column":59}},"15":{"start":{"line":23,"column":40},"end":{"line":23,"column":null}},"16":{"start":{"line":28,"column":17},"end":{"line":36,"column":6}},"17":{"start":{"line":38,"column":4},"end":{"line":38,"column":35}},"18":{"start":{"line":40,"column":4},"end":{"line":59,"column":5}},"19":{"start":{"line":45,"column":6},"end":{"line":57,"column":7}},"20":{"start":{"line":46,"column":24},"end":{"line":46,"column":93}},"21":{"start":{"line":47,"column":25},"end":{"line":47,"column":95}},"22":{"start":{"line":48,"column":8},"end":{"line":54,"column":9}},"23":{"start":{"line":49,"column":26},"end":{"line":52,"column":12}},"24":{"start":{"line":53,"column":10},"end":{"line":53,"column":57}},"25":{"start":{"line":58,"column":6},"end":{"line":58,"column":60}},"26":{"start":{"line":61,"column":4},"end":{"line":69,"column":5}},"27":{"start":{"line":65,"column":26},"end":{"line":65,"column":74}},"28":{"start":{"line":66,"column":6},"end":{"line":68,"column":7}},"29":{"start":{"line":67,"column":8},"end":{"line":67,"column":71}},"30":{"start":{"line":70,"column":4},"end":{"line":70,"column":23}},"31":{"start":{"line":74,"column":0},"end":{"line":74,"column":22}}},"fnMap":{"0":{"name":"(anonymous_1)","decl":{"start":{"line":13,"column":47},"end":{"line":13,"column":52}},"loc":{"start":{"line":13,"column":105},"end":{"line":72,"column":1}}}},"branchMap":{"0":{"loc":{"start":{"line":16,"column":4},"end":{"line":18,"column":5}},"type":"if","locations":[{"start":{"line":16,"column":4},"end":{"line":18,"column":5}},{"start":{},"end":{}}]},"1":{"loc":{"start":{"line":31,"column":15},"end":{"line":31,"column":34}},"type":"binary-expr","locations":[{"start":{"line":31,"column":15},"end":{"line":31,"column":28}},{"start":{"line":31,"column":32},"end":{"line":31,"column":34}}]},"2":{"loc":{"start":{"line":34,"column":24},"end":{"line":34,"column":55}},"type":"binary-expr","locations":[{"start":{"line":34,"column":24},"end":{"line":34,"column":46}},{"start":{"line":34,"column":50},"end":{"line":34,"column":55}}]},"3":{"loc":{"start":{"line":40,"column":4},"end":{"line":59,"column":5}},"type":"if","locations":[{"start":{"line":40,"column":4},"end":{"line":59,"column":5}},{"start":{},"end":{}}]},"4":{"loc":{"start":{"line":41,"column":6},"end":{"line":42,"column":26}},"type":"binary-expr","locations":[{"start":{"line":41,"column":6},"end":{"line":41,"column":50}},{"start":{"line":42,"column":6},"end":{"line":42,"column":26}}]},"5":{"loc":{"start":{"line":47,"column":71},"end":{"line":47,"column":90}},"type":"binary-expr","locations":[{"start":{"line":47,"column":71},"end":{"line":47,"column":84}},{"start":{"line":47,"column":88},"end":{"line":47,"column":90}}]},"6":{"loc":{"start":{"line":48,"column":8},"end":{"line":54,"column":9}},"type":"if","locations":[{"start":{"line":48,"column":8},"end":{"line":54,"column":9}},{"start":{},"end":{}}]},"7":{"loc":{"start":{"line":48,"column":12},"end":{"line":48,"column":61}},"type":"binary-expr","locations":[{"start":{"line":48,"column":12},"end":{"line":48,"column":20}},{"start":{"line":48,"column":24},"end":{"line":48,"column":61}}]},"8":{"loc":{"start":{"line":51,"column":63},"end":{"line":51,"column":94}},"type":"binary-expr","locations":[{"start":{"line":51,"column":63},"end":{"line":51,"column":85}},{"start":{"line":51,"column":89},"end":{"line":51,"column":94}}]},"9":{"loc":{"start":{"line":61,"column":4},"end":{"line":69,"column":5}},"type":"if","locations":[{"start":{"line":61,"column":4},"end":{"line":69,"column":5}},{"start":{},"end":{}}]},"10":{"loc":{"start":{"line":62,"column":6},"end":{"line":63,"column":24}},"type":"binary-expr","locations":[{"start":{"line":62,"column":6},"end":{"line":62,"column":26}},{"start":{"line":63,"column":6},"end":{"line":63,"column":24}}]},"11":{"loc":{"start":{"line":66,"column":6},"end":{"line":68,"column":7}},"type":"if","locations":[{"start":{"line":66,"column":6},"end":{"line":68,"column":7}},{"start":{},"end":{}}]}},"s":{"0":12,"1":12,"2":12,"3":12,"4":12,"5":12,"6":12,"7":12,"8":12,"9":6,"10":6,"11":6,"12":1,"13":5,"14":5,"15":4,"16":4,"17":2,"18":4,"19":2,"20":2,"21":2,"22":2,"23":1,"24":1,"25":1,"26":2,"27":1,"28":1,"29":1,"30":1,"31":12},"f":{"0":6},"b":{"0":[1,5],"1":[4,0],"2":[4,0],"3":[2,2],"4":[4,2],"5":[2,0],"6":[1,1],"7":[2,2],"8":[1,0],"9":[1,1],"10":[2,2],"11":[1,0]}}
,"/Users/guyshick/Desktop/final project/CSFinalProject/backend/src/routes/bids.ts": {"path":"/Users/guyshick/Desktop/final project/CSFinalProject/backend/src/routes/bids.ts","statementMap":{"0":{"start":{"line":1,"column":0},"end":{"line":1,"column":66}},"1":{"start":{"line":3,"column":0},"end":{"line":3,"column":52}},"2":{"start":{"line":4,"column":0},"end":{"line":4,"column":50}},"3":{"start":{"line":5,"column":0},"end":{"line":5,"column":45}},"4":{"start":{"line":6,"column":0},"end":{"line":6,"column":42}},"5":{"start":{"line":7,"column":0},"end":{"line":7,"column":67}},"6":{"start":{"line":8,"column":0},"end":{"line":8,"column":68}},"7":{"start":{"line":9,"column":0},"end":{"line":9,"column":34}},"8":{"start":{"line":10,"column":0},"end":{"line":10,"column":null}},"9":{"start":{"line":17,"column":15},"end":{"line":17,"column":23}},"10":{"start":{"line":19,"column":0},"end":{"line":19,"column":27}},"11":{"start":{"line":22,"column":0},"end":{"line":85,"column":3}},"12":{"start":{"line":23,"column":2},"end":{"line":84,"column":3}},"13":{"start":{"line":24,"column":16},"end":{"line":27,"column":6}},"14":{"start":{"line":29,"column":4},"end":{"line":29,"column":55}},"15":{"start":{"line":29,"column":14},"end":{"line":29,"column":55}},"16":{"start":{"line":30,"column":4},"end":{"line":30,"column":111}},"17":{"start":{"line":30,"column":47},"end":{"line":30,"column":111}},"18":{"start":{"line":31,"column":4},"end":{"line":31,"column":97}},"19":{"start":{"line":31,"column":34},"end":{"line":31,"column":97}},"20":{"start":{"line":34,"column":25},"end":{"line":37,"column":6}},"21":{"start":{"line":41,"column":4},"end":{"line":64,"column":7}},"22":{"start":{"line":42,"column":24},"end":{"line":42,"column":80}},"23":{"start":{"line":43,"column":6},"end":{"line":45,"column":7}},"24":{"start":{"line":44,"column":8},"end":{"line":44,"column":95}},"25":{"start":{"line":47,"column":6},"end":{"line":50,"column":9}},"26":{"start":{"line":51,"column":6},"end":{"line":54,"column":9}},"27":{"start":{"line":55,"column":6},"end":{"line":63,"column":9}},"28":{"start":{"line":67,"column":25},"end":{"line":67,"column":144}},"29":{"start":{"line":68,"column":4},"end":{"line":68,"column":126}},"30":{"start":{"line":71,"column":25},"end":{"line":74,"column":6}},"31":{"start":{"line":75,"column":4},"end":{"line":78,"column":5}},"32":{"start":{"line":76,"column":22},"end":{"line":76,"column":118}},"33":{"start":{"line":77,"column":6},"end":{"line":77,"column":123}},"34":{"start":{"line":80,"column":20},"end":{"line":80,"column":74}},"35":{"start":{"line":81,"column":4},"end":{"line":81,"column":31}},"36":{"start":{"line":83,"column":4},"end":{"line":83,"column":14}},"37":{"start":{"line":88,"column":0},"end":{"line":117,"column":3}},"38":{"start":{"line":89,"column":2},"end":{"line":116,"column":3}},"39":{"start":{"line":90,"column":16},"end":{"line":93,"column":6}},"40":{"start":{"line":95,"column":4},"end":{"line":95,"column":55}},"41":{"start":{"line":95,"column":14},"end":{"line":95,"column":55}},"42":{"start":{"line":96,"column":4},"end":{"line":96,"column":111}},"43":{"start":{"line":96,"column":47},"end":{"line":96,"column":111}},"44":{"start":{"line":97,"column":4},"end":{"line":97,"column":97}},"45":{"start":{"line":97,"column":34},"end":{"line":97,"column":97}},"46":{"start":{"line":99,"column":49},"end":{"line":99,"column":57}},"47":{"start":{"line":101,"column":20},"end":{"line":108,"column":6}},"48":{"start":{"line":110,"column":21},"end":{"line":110,"column":140}},"49":{"start":{"line":111,"column":4},"end":{"line":111,"column":118}},"50":{"start":{"line":113,"column":4},"end":{"line":113,"column":31}},"51":{"start":{"line":115,"column":4},"end":{"line":115,"column":14}},"52":{"start":{"line":120,"column":0},"end":{"line":143,"column":3}},"53":{"start":{"line":121,"column":2},"end":{"line":142,"column":3}},"54":{"start":{"line":122,"column":16},"end":{"line":125,"column":6}},"55":{"start":{"line":127,"column":4},"end":{"line":127,"column":55}},"56":{"start":{"line":127,"column":14},"end":{"line":127,"column":55}},"57":{"start":{"line":128,"column":4},"end":{"line":128,"column":104}},"58":{"start":{"line":128,"column":38},"end":{"line":128,"column":104}},"59":{"start":{"line":129,"column":4},"end":{"line":129,"column":98}},"60":{"start":{"line":129,"column":34},"end":{"line":129,"column":98}},"61":{"start":{"line":131,"column":20},"end":{"line":134,"column":6}},"62":{"start":{"line":136,"column":20},"end":{"line":136,"column":149}},"63":{"start":{"line":137,"column":4},"end":{"line":137,"column":130}},"64":{"start":{"line":139,"column":4},"end":{"line":139,"column":31}},"65":{"start":{"line":141,"column":4},"end":{"line":141,"column":14}},"66":{"start":{"line":146,"column":0},"end":{"line":185,"column":3}},"67":{"start":{"line":147,"column":2},"end":{"line":184,"column":3}},"68":{"start":{"line":148,"column":16},"end":{"line":151,"column":6}},"69":{"start":{"line":153,"column":4},"end":{"line":153,"column":55}},"70":{"start":{"line":153,"column":14},"end":{"line":153,"column":55}},"71":{"start":{"line":154,"column":4},"end":{"line":154,"column":111}},"72":{"start":{"line":154,"column":38},"end":{"line":154,"column":111}},"73":{"start":{"line":155,"column":4},"end":{"line":155,"column":99}},"74":{"start":{"line":155,"column":35},"end":{"line":155,"column":99}},"75":{"start":{"line":156,"column":4},"end":{"line":156,"column":96}},"76":{"start":{"line":156,"column":43},"end":{"line":156,"column":96}},"77":{"start":{"line":158,"column":4},"end":{"line":167,"column":7}},"78":{"start":{"line":159,"column":6},"end":{"line":162,"column":9}},"79":{"start":{"line":163,"column":6},"end":{"line":166,"column":9}},"80":{"start":{"line":169,"column":24},"end":{"line":169,"column":120}},"81":{"start":{"line":170,"column":4},"end":{"line":170,"column":138}},"82":{"start":{"line":173,"column":15},"end":{"line":173,"column":22}},"83":{"start":{"line":174,"column":4},"end":{"line":179,"column":5}},"84":{"start":{"line":175,"column":6},"end":{"line":178,"column":9}},"85":{"start":{"line":181,"column":4},"end":{"line":181,"column":57}},"86":{"start":{"line":183,"column":4},"end":{"line":183,"column":14}},"87":{"start":{"line":188,"column":0},"end":{"line":209,"column":3}},"88":{"start":{"line":189,"column":2},"end":{"line":208,"column":3}},"89":{"start":{"line":190,"column":16},"end":{"line":193,"column":6}},"90":{"start":{"line":195,"column":4},"end":{"line":195,"column":55}},"91":{"start":{"line":195,"column":14},"end":{"line":195,"column":55}},"92":{"start":{"line":196,"column":4},"end":{"line":196,"column":106}},"93":{"start":{"line":196,"column":38},"end":{"line":196,"column":106}},"94":{"start":{"line":197,"column":4},"end":{"line":197,"column":104}},"95":{"start":{"line":197,"column":36},"end":{"line":197,"column":104}},"96":{"start":{"line":198,"column":4},"end":{"line":198,"column":88}},"97":{"start":{"line":198,"column":36},"end":{"line":198,"column":88}},"98":{"start":{"line":200,"column":20},"end":{"line":203,"column":6}},"99":{"start":{"line":205,"column":4},"end":{"line":205,"column":31}},"100":{"start":{"line":207,"column":4},"end":{"line":207,"column":14}},"101":{"start":{"line":212,"column":0},"end":{"line":250,"column":3}},"102":{"start":{"line":213,"column":2},"end":{"line":249,"column":3}},"103":{"start":{"line":214,"column":16},"end":{"line":216,"column":6}},"104":{"start":{"line":218,"column":4},"end":{"line":218,"column":55}},"105":{"start":{"line":218,"column":14},"end":{"line":218,"column":55}},"106":{"start":{"line":219,"column":4},"end":{"line":219,"column":100}},"107":{"start":{"line":219,"column":38},"end":{"line":219,"column":100}},"108":{"start":{"line":220,"column":4},"end":{"line":220,"column":95}},"109":{"start":{"line":220,"column":34},"end":{"line":220,"column":95}},"110":{"start":{"line":222,"column":43},"end":{"line":222,"column":51}},"111":{"start":{"line":223,"column":67},"end":{"line":223,"column":69}},"112":{"start":{"line":224,"column":4},"end":{"line":229,"column":5}},"113":{"start":{"line":225,"column":6},"end":{"line":227,"column":7}},"114":{"start":{"line":226,"column":8},"end":{"line":226,"column":77}},"115":{"start":{"line":228,"column":6},"end":{"line":228,"column":41}},"116":{"start":{"line":230,"column":4},"end":{"line":235,"column":5}},"117":{"start":{"line":231,"column":6},"end":{"line":233,"column":7}},"118":{"start":{"line":232,"column":8},"end":{"line":232,"column":76}},"119":{"start":{"line":234,"column":6},"end":{"line":234,"column":44}},"120":{"start":{"line":237,"column":4},"end":{"line":239,"column":5}},"121":{"start":{"line":238,"column":6},"end":{"line":238,"column":53}},"122":{"start":{"line":241,"column":20},"end":{"line":244,"column":6}},"123":{"start":{"line":246,"column":4},"end":{"line":246,"column":31}},"124":{"start":{"line":248,"column":4},"end":{"line":248,"column":14}},"125":{"start":{"line":253,"column":0},"end":{"line":266,"column":3}},"126":{"start":{"line":254,"column":2},"end":{"line":265,"column":3}},"127":{"start":{"line":255,"column":16},"end":{"line":255,"column":77}},"128":{"start":{"line":256,"column":4},"end":{"line":256,"column":55}},"129":{"start":{"line":256,"column":14},"end":{"line":256,"column":55}},"130":{"start":{"line":257,"column":4},"end":{"line":257,"column":102}},"131":{"start":{"line":257,"column":38},"end":{"line":257,"column":102}},"132":{"start":{"line":258,"column":4},"end":{"line":260,"column":5}},"133":{"start":{"line":259,"column":6},"end":{"line":259,"column":82}},"134":{"start":{"line":261,"column":4},"end":{"line":261,"column":55}},"135":{"start":{"line":262,"column":4},"end":{"line":262,"column":41}},"136":{"start":{"line":264,"column":4},"end":{"line":264,"column":14}},"137":{"start":{"line":268,"column":0},"end":{"line":268,"column":22}}},"fnMap":{"0":{"name":"(anonymous_0)","decl":{"start":{"line":22,"column":26},"end":{"line":22,"column":31}},"loc":{"start":{"line":22,"column":84},"end":{"line":85,"column":1}}},"1":{"name":"(anonymous_1)","decl":{"start":{"line":41,"column":30},"end":{"line":41,"column":35}},"loc":{"start":{"line":41,"column":69},"end":{"line":64,"column":5}}},"2":{"name":"(anonymous_2)","decl":{"start":{"line":88,"column":53},"end":{"line":88,"column":58}},"loc":{"start":{"line":88,"column":111},"end":{"line":117,"column":1}}},"3":{"name":"(anonymous_3)","decl":{"start":{"line":120,"column":28},"end":{"line":120,"column":33}},"loc":{"start":{"line":120,"column":86},"end":{"line":143,"column":1}}},"4":{"name":"(anonymous_4)","decl":{"start":{"line":146,"column":35},"end":{"line":146,"column":40}},"loc":{"start":{"line":146,"column":93},"end":{"line":185,"column":1}}},"5":{"name":"(anonymous_5)","decl":{"start":{"line":158,"column":30},"end":{"line":158,"column":35}},"loc":{"start":{"line":158,"column":69},"end":{"line":167,"column":5}}},"6":{"name":"(anonymous_6)","decl":{"start":{"line":188,"column":30},"end":{"line":188,"column":35}},"loc":{"start":{"line":188,"column":88},"end":{"line":209,"column":1}}},"7":{"name":"(anonymous_7)","decl":{"start":{"line":212,"column":19},"end":{"line":212,"column":24}},"loc":{"start":{"line":212,"column":77},"end":{"line":250,"column":1}}},"8":{"name":"(anonymous_8)","decl":{"start":{"line":253,"column":22},"end":{"line":253,"column":27}},"loc":{"start":{"line":253,"column":80},"end":{"line":266,"column":1}}}},"branchMap":{"0":{"loc":{"start":{"line":29,"column":4},"end":{"line":29,"column":55}},"type":"if","locations":[{"start":{"line":29,"column":4},"end":{"line":29,"column":55}},{"start":{},"end":{}}]},"1":{"loc":{"start":{"line":30,"column":4},"end":{"line":30,"column":111}},"type":"if","locations":[{"start":{"line":30,"column":4},"end":{"line":30,"column":111}},{"start":{},"end":{}}]},"2":{"loc":{"start":{"line":31,"column":4},"end":{"line":31,"column":97}},"type":"if","locations":[{"start":{"line":31,"column":4},"end":{"line":31,"column":97}},{"start":{},"end":{}}]},"3":{"loc":{"start":{"line":43,"column":6},"end":{"line":45,"column":7}},"type":"if","locations":[{"start":{"line":43,"column":6},"end":{"line":45,"column":7}},{"start":{},"end":{}}]},"4":{"loc":{"start":{"line":43,"column":10},"end":{"line":43,"column":51}},"type":"binary-expr","locations":[{"start":{"line":43,"column":10},"end":{"line":43,"column":20}},{"start":{"line":43,"column":24},"end":{"line":43,"column":51}}]},"5":{"loc":{"start":{"line":61,"column":40},"end":{"line":61,"column":85}},"type":"binary-expr","locations":[{"start":{"line":61,"column":40},"end":{"line":61,"column":77}},{"start":{"line":61,"column":81},"end":{"line":61,"column":85}}]},"6":{"loc":{"start":{"line":95,"column":4},"end":{"line":95,"column":55}},"type":"if","locations":[{"start":{"line":95,"column":4},"end":{"line":95,"column":55}},{"start":{},"end":{}}]},"7":{"loc":{"start":{"line":96,"column":4},"end":{"line":96,"column":111}},"type":"if","locations":[{"start":{"line":96,"column":4},"end":{"line":96,"column":111}},{"start":{},"end":{}}]},"8":{"loc":{"start":{"line":97,"column":4},"end":{"line":97,"column":97}},"type":"if","locations":[{"start":{"line":97,"column":4},"end":{"line":97,"column":97}},{"start":{},"end":{}}]},"9":{"loc":{"start":{"line":106,"column":24},"end":{"line":106,"column":46}},"type":"binary-expr","locations":[{"start":{"line":106,"column":24},"end":{"line":106,"column":38}},{"start":{"line":106,"column":42},"end":{"line":106,"column":46}}]},"10":{"loc":{"start":{"line":127,"column":4},"end":{"line":127,"column":55}},"type":"if","locations":[{"start":{"line":127,"column":4},"end":{"line":127,"column":55}},{"start":{},"end":{}}]},"11":{"loc":{"start":{"line":128,"column":4},"end":{"line":128,"column":104}},"type":"if","locations":[{"start":{"line":128,"column":4},"end":{"line":128,"column":104}},{"start":{},"end":{}}]},"12":{"loc":{"start":{"line":129,"column":4},"end":{"line":129,"column":98}},"type":"if","locations":[{"start":{"line":129,"column":4},"end":{"line":129,"column":98}},{"start":{},"end":{}}]},"13":{"loc":{"start":{"line":153,"column":4},"end":{"line":153,"column":55}},"type":"if","locations":[{"start":{"line":153,"column":4},"end":{"line":153,"column":55}},{"start":{},"end":{}}]},"14":{"loc":{"start":{"line":154,"column":4},"end":{"line":154,"column":111}},"type":"if","locations":[{"start":{"line":154,"column":4},"end":{"line":154,"column":111}},{"start":{},"end":{}}]},"15":{"loc":{"start":{"line":155,"column":4},"end":{"line":155,"column":99}},"type":"if","locations":[{"start":{"line":155,"column":4},"end":{"line":155,"column":99}},{"start":{},"end":{}}]},"16":{"loc":{"start":{"line":156,"column":4},"end":{"line":156,"column":96}},"type":"if","locations":[{"start":{"line":156,"column":4},"end":{"line":156,"column":96}},{"start":{},"end":{}}]},"17":{"loc":{"start":{"line":174,"column":4},"end":{"line":179,"column":5}},"type":"if","locations":[{"start":{"line":174,"column":4},"end":{"line":179,"column":5}},{"start":{},"end":{}}]},"18":{"loc":{"start":{"line":195,"column":4},"end":{"line":195,"column":55}},"type":"if","locations":[{"start":{"line":195,"column":4},"end":{"line":195,"column":55}},{"start":{},"end":{}}]},"19":{"loc":{"start":{"line":196,"column":4},"end":{"line":196,"column":106}},"type":"if","locations":[{"start":{"line":196,"column":4},"end":{"line":196,"column":106}},{"start":{},"end":{}}]},"20":{"loc":{"start":{"line":197,"column":4},"end":{"line":197,"column":104}},"type":"if","locations":[{"start":{"line":197,"column":4},"end":{"line":197,"column":104}},{"start":{},"end":{}}]},"21":{"loc":{"start":{"line":198,"column":4},"end":{"line":198,"column":88}},"type":"if","locations":[{"start":{"line":198,"column":4},"end":{"line":198,"column":88}},{"start":{},"end":{}}]},"22":{"loc":{"start":{"line":218,"column":4},"end":{"line":218,"column":55}},"type":"if","locations":[{"start":{"line":218,"column":4},"end":{"line":218,"column":55}},{"start":{},"end":{}}]},"23":{"loc":{"start":{"line":219,"column":4},"end":{"line":219,"column":100}},"type":"if","locations":[{"start":{"line":219,"column":4},"end":{"line":219,"column":100}},{"start":{},"end":{}}]},"24":{"loc":{"start":{"line":220,"column":4},"end":{"line":220,"column":95}},"type":"if","locations":[{"start":{"line":220,"column":4},"end":{"line":220,"column":95}},{"start":{},"end":{}}]},"25":{"loc":{"start":{"line":224,"column":4},"end":{"line":229,"column":5}},"type":"if","locations":[{"start":{"line":224,"column":4},"end":{"line":229,"column":5}},{"start":{},"end":{}}]},"26":{"loc":{"start":{"line":225,"column":6},"end":{"line":227,"column":7}},"type":"if","locations":[{"start":{"line":225,"column":6},"end":{"line":227,"column":7}},{"start":{},"end":{}}]},"27":{"loc":{"start":{"line":225,"column":10},"end":{"line":225,"column":65}},"type":"binary-expr","locations":[{"start":{"line":225,"column":10},"end":{"line":225,"column":43}},{"start":{"line":225,"column":47},"end":{"line":225,"column":65}}]},"28":{"loc":{"start":{"line":230,"column":4},"end":{"line":235,"column":5}},"type":"if","locations":[{"start":{"line":230,"column":4},"end":{"line":235,"column":5}},{"start":{},"end":{}}]},"29":{"loc":{"start":{"line":231,"column":6},"end":{"line":233,"column":7}},"type":"if","locations":[{"start":{"line":231,"column":6},"end":{"line":233,"column":7}},{"start":{},"end":{}}]},"30":{"loc":{"start":{"line":231,"column":10},"end":{"line":231,"column":76}},"type":"binary-expr","locations":[{"start":{"line":231,"column":10},"end":{"line":231,"column":41}},{"start":{"line":231,"column":45},"end":{"line":231,"column":76}}]},"31":{"loc":{"start":{"line":237,"column":4},"end":{"line":239,"column":5}},"type":"if","locations":[{"start":{"line":237,"column":4},"end":{"line":239,"column":5}},{"start":{},"end":{}}]},"32":{"loc":{"start":{"line":256,"column":4},"end":{"line":256,"column":55}},"type":"if","locations":[{"start":{"line":256,"column":4},"end":{"line":256,"column":55}},{"start":{},"end":{}}]},"33":{"loc":{"start":{"line":257,"column":4},"end":{"line":257,"column":102}},"type":"if","locations":[{"start":{"line":257,"column":4},"end":{"line":257,"column":102}},{"start":{},"end":{}}]},"34":{"loc":{"start":{"line":258,"column":4},"end":{"line":260,"column":5}},"type":"if","locations":[{"start":{"line":258,"column":4},"end":{"line":260,"column":5}},{"start":{},"end":{}}]},"35":{"loc":{"start":{"line":258,"column":8},"end":{"line":258,"column":63}},"type":"binary-expr","locations":[{"start":{"line":258,"column":8},"end":{"line":258,"column":33}},{"start":{"line":258,"column":37},"end":{"line":258,"column":63}}]}},"s":{"0":12,"1":12,"2":12,"3":12,"4":12,"5":12,"6":12,"7":12,"8":12,"9":12,"10":12,"11":12,"12":80,"13":80,"14":80,"15":0,"16":80,"17":1,"18":79,"19":1,"20":78,"21":78,"22":78,"23":78,"24":0,"25":78,"26":78,"27":78,"28":78,"29":78,"30":78,"31":78,"32":2,"33":2,"34":78,"35":78,"36":2,"37":12,"38":5,"39":5,"40":5,"41":0,"42":5,"43":1,"44":4,"45":0,"46":4,"47":4,"48":4,"49":4,"50":4,"51":1,"52":12,"53":3,"54":3,"55":3,"56":0,"57":3,"58":0,"59":3,"60":0,"61":3,"62":3,"63":3,"64":3,"65":0,"66":12,"67":4,"68":4,"69":4,"70":0,"71":4,"72":1,"73":3,"74":1,"75":2,"76":0,"77":2,"78":2,"79":2,"80":2,"81":2,"82":2,"83":2,"84":0,"85":2,"86":2,"87":12,"88":2,"89":2,"90":2,"91":0,"92":2,"93":0,"94":2,"95":1,"96":1,"97":0,"98":1,"99":1,"100":1,"101":12,"102":6,"103":6,"104":6,"105":0,"106":6,"107":1,"108":5,"109":1,"110":4,"111":4,"112":4,"113":2,"114":1,"115":1,"116":3,"117":2,"118":1,"119":1,"120":2,"121":1,"122":1,"123":1,"124":5,"125":12,"126":3,"127":3,"128":3,"129":0,"130":3,"131":0,"132":3,"133":1,"134":2,"135":2,"136":1,"137":12},"f":{"0":80,"1":78,"2":5,"3":3,"4":4,"5":2,"6":2,"7":6,"8":3},"b":{"0":[0,80],"1":[1,79],"2":[1,78],"3":[0,78],"4":[78,78],"5":[78,0],"6":[0,5],"7":[1,4],"8":[0,4],"9":[4,3],"10":[0,3],"11":[0,3],"12":[0,3],"13":[0,4],"14":[1,3],"15":[1,2],"16":[0,2],"17":[0,2],"18":[0,2],"19":[0,2],"20":[1,1],"21":[0,1],"22":[0,6],"23":[1,5],"24":[1,4],"25":[2,2],"26":[1,1],"27":[2,2],"28":[2,1],"29":[1,1],"30":[2,2],"31":[1,1],"32":[0,3],"33":[0,3],"34":[1,2],"35":[3,2]}}
,"/Users/guyshick/Desktop/final project/CSFinalProject/backend/src/routes/messages.ts": {"path":"/Users/guyshick/Desktop/final project/CSFinalProject/backend/src/routes/messages.ts","statementMap":{"0":{"start":{"line":1,"column":0},"end":{"line":1,"column":66}},"1":{"start":{"line":2,"column":0},"end":{"line":2,"column":52}},"2":{"start":{"line":3,"column":0},"end":{"line":3,"column":42}},"3":{"start":{"line":4,"column":0},"end":{"line":4,"column":64}},"4":{"start":{"line":5,"column":0},"end":{"line":5,"column":34}},"5":{"start":{"line":7,"column":15},"end":{"line":7,"column":23}},"6":{"start":{"line":9,"column":0},"end":{"line":9,"column":27}},"7":{"start":{"line":12,"column":0},"end":{"line":49,"column":3}},"8":{"start":{"line":13,"column":2},"end":{"line":48,"column":3}},"9":{"start":{"line":14,"column":19},"end":{"line":14,"column":32}},"10":{"start":{"line":15,"column":19},"end":{"line":15,"column":31}},"11":{"start":{"line":16,"column":17},"end":{"line":16,"column":77}},"12":{"start":{"line":17,"column":21},"end":{"line":17,"column":70}},"13":{"start":{"line":18,"column":18},"end":{"line":18,"column":54}},"14":{"start":{"line":20,"column":17},"end":{"line":20,"column":72}},"15":{"start":{"line":21,"column":4},"end":{"line":21,"column":57}},"16":{"start":{"line":21,"column":15},"end":{"line":21,"column":57}},"17":{"start":{"line":24,"column":6},"end":{"line":24,"column":71}},"18":{"start":{"line":25,"column":16},"end":{"line":29,"column":10}},"19":{"start":{"line":30,"column":4},"end":{"line":30,"column":86}},"20":{"start":{"line":30,"column":27},"end":{"line":30,"column":86}},"21":{"start":{"line":32,"column":30},"end":{"line":43,"column":6}},"22":{"start":{"line":45,"column":4},"end":{"line":45,"column":57}},"23":{"start":{"line":47,"column":4},"end":{"line":47,"column":14}},"24":{"start":{"line":53,"column":0},"end":{"line":143,"column":3}},"25":{"start":{"line":54,"column":2},"end":{"line":142,"column":3}},"26":{"start":{"line":55,"column":19},"end":{"line":55,"column":31}},"27":{"start":{"line":56,"column":17},"end":{"line":56,"column":53}},"28":{"start":{"line":60,"column":6},"end":{"line":64,"column":14}},"29":{"start":{"line":67,"column":18},"end":{"line":88,"column":6}},"30":{"start":{"line":90,"column":20},"end":{"line":90,"column":42}},"31":{"start":{"line":90,"column":37},"end":{"line":90,"column":41}},"32":{"start":{"line":91,"column":25},"end":{"line":99,"column":6}},"33":{"start":{"line":101,"column":22},"end":{"line":101,"column":80}},"34":{"start":{"line":101,"column":54},"end":{"line":101,"column":78}},"35":{"start":{"line":103,"column":26},"end":{"line":137,"column":8}},"36":{"start":{"line":106,"column":94},"end":{"line":106,"column":98}},"37":{"start":{"line":107,"column":24},"end":{"line":107,"column":40}},"38":{"start":{"line":108,"column":8},"end":{"line":113,"column":9}},"39":{"start":{"line":110,"column":10},"end":{"line":110,"column":117}},"40":{"start":{"line":112,"column":10},"end":{"line":112,"column":38}},"41":{"start":{"line":115,"column":8},"end":{"line":117,"column":9}},"42":{"start":{"line":116,"column":10},"end":{"line":116,"column":109}},"43":{"start":{"line":119,"column":28},"end":{"line":119,"column":52}},"44":{"start":{"line":121,"column":8},"end":{"line":131,"column":10}},"45":{"start":{"line":134,"column":22},"end":{"line":134,"column":61}},"46":{"start":{"line":135,"column":22},"end":{"line":135,"column":61}},"47":{"start":{"line":136,"column":8},"end":{"line":136,"column":29}},"48":{"start":{"line":139,"column":4},"end":{"line":139,"column":32}},"49":{"start":{"line":141,"column":4},"end":{"line":141,"column":14}},"50":{"start":{"line":146,"column":0},"end":{"line":168,"column":3}},"51":{"start":{"line":147,"column":2},"end":{"line":167,"column":3}},"52":{"start":{"line":148,"column":19},"end":{"line":148,"column":32}},"53":{"start":{"line":149,"column":19},"end":{"line":149,"column":31}},"54":{"start":{"line":151,"column":17},"end":{"line":151,"column":72}},"55":{"start":{"line":152,"column":4},"end":{"line":152,"column":57}},"56":{"start":{"line":152,"column":15},"end":{"line":152,"column":57}},"57":{"start":{"line":155,"column":6},"end":{"line":155,"column":71}},"58":{"start":{"line":156,"column":4},"end":{"line":156,"column":78}},"59":{"start":{"line":156,"column":19},"end":{"line":156,"column":78}},"60":{"start":{"line":158,"column":4},"end":{"line":160,"column":5}},"61":{"start":{"line":159,"column":6},"end":{"line":159,"column":91}},"62":{"start":{"line":162,"column":4},"end":{"line":162,"column":68}},"63":{"start":{"line":164,"column":4},"end":{"line":164,"column":27}},"64":{"start":{"line":166,"column":4},"end":{"line":166,"column":14}},"65":{"start":{"line":171,"column":0},"end":{"line":215,"column":3}},"66":{"start":{"line":172,"column":2},"end":{"line":214,"column":3}},"67":{"start":{"line":173,"column":19},"end":{"line":173,"column":32}},"68":{"start":{"line":174,"column":19},"end":{"line":174,"column":31}},"69":{"start":{"line":176,"column":17},"end":{"line":176,"column":72}},"70":{"start":{"line":177,"column":4},"end":{"line":177,"column":57}},"71":{"start":{"line":177,"column":15},"end":{"line":177,"column":57}},"72":{"start":{"line":180,"column":6},"end":{"line":180,"column":71}},"73":{"start":{"line":181,"column":16},"end":{"line":185,"column":10}},"74":{"start":{"line":186,"column":4},"end":{"line":186,"column":86}},"75":{"start":{"line":186,"column":27},"end":{"line":186,"column":86}},"76":{"start":{"line":189,"column":27},"end":{"line":192,"column":6}},"77":{"start":{"line":194,"column":4},"end":{"line":197,"column":7}},"78":{"start":{"line":200,"column":4},"end":{"line":209,"column":5}},"79":{"start":{"line":201,"column":17},"end":{"line":201,"column":24}},"80":{"start":{"line":202,"column":6},"end":{"line":208,"column":7}},"81":{"start":{"line":203,"column":8},"end":{"line":207,"column":11}},"82":{"start":{"line":206,"column":48},"end":{"line":206,"column":52}},"83":{"start":{"line":211,"column":4},"end":{"line":211,"column":27}},"84":{"start":{"line":213,"column":4},"end":{"line":213,"column":14}},"85":{"start":{"line":217,"column":0},"end":{"line":217,"column":22}}},"fnMap":{"0":{"name":"(anonymous_0)","decl":{"start":{"line":12,"column":34},"end":{"line":12,"column":39}},"loc":{"start":{"line":12,"column":92},"end":{"line":49,"column":1}}},"1":{"name":"(anonymous_1)","decl":{"start":{"line":53,"column":29},"end":{"line":53,"column":34}},"loc":{"start":{"line":53,"column":87},"end":{"line":143,"column":1}}},"2":{"name":"(anonymous_2)","decl":{"start":{"line":90,"column":30},"end":{"line":90,"column":31}},"loc":{"start":{"line":90,"column":37},"end":{"line":90,"column":41}}},"3":{"name":"(anonymous_3)","decl":{"start":{"line":101,"column":47},"end":{"line":101,"column":48}},"loc":{"start":{"line":101,"column":54},"end":{"line":101,"column":78}}},"4":{"name":"(anonymous_4)","decl":{"start":{"line":104,"column":11},"end":{"line":104,"column":12}},"loc":{"start":{"line":104,"column":20},"end":{"line":132,"column":7}}},"5":{"name":"(anonymous_5)","decl":{"start":{"line":133,"column":12},"end":{"line":133,"column":13}},"loc":{"start":{"line":133,"column":21},"end":{"line":137,"column":7}}},"6":{"name":"(anonymous_6)","decl":{"start":{"line":146,"column":37},"end":{"line":146,"column":42}},"loc":{"start":{"line":146,"column":95},"end":{"line":168,"column":1}}},"7":{"name":"(anonymous_7)","decl":{"start":{"line":171,"column":39},"end":{"line":171,"column":44}},"loc":{"start":{"line":171,"column":97},"end":{"line":215,"column":1}}},"8":{"name":"(anonymous_8)","decl":{"start":{"line":206,"column":41},"end":{"line":206,"column":42}},"loc":{"start":{"line":206,"column":48},"end":{"line":206,"column":52}}}},"branchMap":{"0":{"loc":{"start":{"line":16,"column":39},"end":{"line":16,"column":71}},"type":"binary-expr","locations":[{"start":{"line":16,"column":39},"end":{"line":16,"column":64}},{"start":{"line":16,"column":68},"end":{"line":16,"column":71}}]},"1":{"loc":{"start":{"line":17,"column":31},"end":{"line":17,"column":65}},"type":"binary-expr","locations":[{"start":{"line":17,"column":31},"end":{"line":17,"column":57}},{"start":{"line":17,"column":61},"end":{"line":17,"column":65}}]},"2":{"loc":{"start":{"line":21,"column":4},"end":{"line":21,"column":57}},"type":"if","locations":[{"start":{"line":21,"column":4},"end":{"line":21,"column":57}},{"start":{},"end":{}}]},"3":{"loc":{"start":{"line":24,"column":6},"end":{"line":24,"column":71}},"type":"binary-expr","locations":[{"start":{"line":24,"column":6},"end":{"line":24,"column":34}},{"start":{"line":24,"column":38},"end":{"line":24,"column":71}}]},"4":{"loc":{"start":{"line":25,"column":16},"end":{"line":29,"column":10}},"type":"cond-expr","locations":[{"start":{"line":26,"column":8},"end":{"line":26,"column":12}},{"start":{"line":27,"column":8},"end":{"line":29,"column":10}}]},"5":{"loc":{"start":{"line":30,"column":4},"end":{"line":30,"column":86}},"type":"if","locations":[{"start":{"line":30,"column":4},"end":{"line":30,"column":86}},{"start":{},"end":{}}]},"6":{"loc":{"start":{"line":30,"column":8},"end":{"line":30,"column":25}},"type":"binary-expr","locations":[{"start":{"line":30,"column":8},"end":{"line":30,"column":17}},{"start":{"line":30,"column":21},"end":{"line":30,"column":25}}]},"7":{"loc":{"start":{"line":60,"column":6},"end":{"line":64,"column":14}},"type":"cond-expr","locations":[{"start":{"line":61,"column":10},"end":{"line":61,"column":34}},{"start":{"line":62,"column":10},"end":{"line":64,"column":14}}]},"8":{"loc":{"start":{"line":62,"column":10},"end":{"line":64,"column":14}},"type":"cond-expr","locations":[{"start":{"line":63,"column":12},"end":{"line":63,"column":45}},{"start":{"line":64,"column":12},"end":{"line":64,"column":14}}]},"9":{"loc":{"start":{"line":108,"column":8},"end":{"line":113,"column":9}},"type":"if","locations":[{"start":{"line":108,"column":8},"end":{"line":113,"column":9}},{"start":{"line":111,"column":15},"end":{"line":113,"column":9}}]},"10":{"loc":{"start":{"line":110,"column":23},"end":{"line":110,"column":116}},"type":"binary-expr","locations":[{"start":{"line":110,"column":23},"end":{"line":110,"column":33}},{"start":{"line":110,"column":38},"end":{"line":110,"column":107}},{"start":{"line":110,"column":112},"end":{"line":110,"column":116}}]},"11":{"loc":{"start":{"line":110,"column":38},"end":{"line":110,"column":107}},"type":"cond-expr","locations":[{"start":{"line":110,"column":71},"end":{"line":110,"column":86}},{"start":{"line":110,"column":89},"end":{"line":110,"column":107}}]},"12":{"loc":{"start":{"line":115,"column":8},"end":{"line":117,"column":9}},"type":"if","locations":[{"start":{"line":115,"column":8},"end":{"line":117,"column":9}},{"start":{},"end":{}}]},"13":{"loc":{"start":{"line":116,"column":23},"end":{"line":116,"column":108}},"type":"cond-expr","locations":[{"start":{"line":116,"column":56},"end":{"line":116,"column":79}},{"start":{"line":116,"column":82},"end":{"line":116,"column":108}}]},"14":{"loc":{"start":{"line":116,"column":56},"end":{"line":116,"column":79}},"type":"binary-expr","locations":[{"start":{"line":116,"column":56},"end":{"line":116,"column":71}},{"start":{"line":116,"column":75},"end":{"line":116,"column":79}}]},"15":{"loc":{"start":{"line":116,"column":82},"end":{"line":116,"column":108}},"type":"binary-expr","locations":[{"start":{"line":116,"column":82},"end":{"line":116,"column":100}},{"start":{"line":116,"column":104},"end":{"line":116,"column":108}}]},"16":{"loc":{"start":{"line":119,"column":28},"end":{"line":119,"column":52}},"type":"binary-expr","locations":[{"start":{"line":119,"column":28},"end":{"line":119,"column":44}},{"start":{"line":119,"column":48},"end":{"line":119,"column":52}}]},"17":{"loc":{"start":{"line":125,"column":20},"end":{"line":125,"column":72}},"type":"cond-expr","locations":[{"start":{"line":125,"column":51},"end":{"line":125,"column":62}},{"start":{"line":125,"column":65},"end":{"line":125,"column":72}}]},"18":{"loc":{"start":{"line":127,"column":23},"end":{"line":129,"column":18}},"type":"cond-expr","locations":[{"start":{"line":128,"column":14},"end":{"line":128,"column":81}},{"start":{"line":129,"column":14},"end":{"line":129,"column":18}}]},"19":{"loc":{"start":{"line":130,"column":23},"end":{"line":130,"column":50}},"type":"binary-expr","locations":[{"start":{"line":130,"column":23},"end":{"line":130,"column":45}},{"start":{"line":130,"column":49},"end":{"line":130,"column":50}}]},"20":{"loc":{"start":{"line":134,"column":22},"end":{"line":134,"column":61}},"type":"binary-expr","locations":[{"start":{"line":134,"column":22},"end":{"line":134,"column":56}},{"start":{"line":134,"column":60},"end":{"line":134,"column":61}}]},"21":{"loc":{"start":{"line":135,"column":22},"end":{"line":135,"column":61}},"type":"binary-expr","locations":[{"start":{"line":135,"column":22},"end":{"line":135,"column":56}},{"start":{"line":135,"column":60},"end":{"line":135,"column":61}}]},"22":{"loc":{"start":{"line":152,"column":4},"end":{"line":152,"column":57}},"type":"if","locations":[{"start":{"line":152,"column":4},"end":{"line":152,"column":57}},{"start":{},"end":{}}]},"23":{"loc":{"start":{"line":155,"column":6},"end":{"line":155,"column":71}},"type":"binary-expr","locations":[{"start":{"line":155,"column":6},"end":{"line":155,"column":34}},{"start":{"line":155,"column":38},"end":{"line":155,"column":71}}]},"24":{"loc":{"start":{"line":156,"column":4},"end":{"line":156,"column":78}},"type":"if","locations":[{"start":{"line":156,"column":4},"end":{"line":156,"column":78}},{"start":{},"end":{}}]},"25":{"loc":{"start":{"line":158,"column":4},"end":{"line":160,"column":5}},"type":"if","locations":[{"start":{"line":158,"column":4},"end":{"line":160,"column":5}},{"start":{},"end":{}}]},"26":{"loc":{"start":{"line":158,"column":8},"end":{"line":158,"column":65}},"type":"binary-expr","locations":[{"start":{"line":158,"column":8},"end":{"line":158,"column":35}},{"start":{"line":158,"column":39},"end":{"line":158,"column":65}}]},"27":{"loc":{"start":{"line":177,"column":4},"end":{"line":177,"column":57}},"type":"if","locations":[{"start":{"line":177,"column":4},"end":{"line":177,"column":57}},{"start":{},"end":{}}]},"28":{"loc":{"start":{"line":180,"column":6},"end":{"line":180,"column":71}},"type":"binary-expr","locations":[{"start":{"line":180,"column":6},"end":{"line":180,"column":34}},{"start":{"line":180,"column":38},"end":{"line":180,"column":71}}]},"29":{"loc":{"start":{"line":181,"column":16},"end":{"line":185,"column":10}},"type":"cond-expr","locations":[{"start":{"line":182,"column":8},"end":{"line":182,"column":12}},{"start":{"line":183,"column":8},"end":{"line":185,"column":10}}]},"30":{"loc":{"start":{"line":186,"column":4},"end":{"line":186,"column":86}},"type":"if","locations":[{"start":{"line":186,"column":4},"end":{"line":186,"column":86}},{"start":{},"end":{}}]},"31":{"loc":{"start":{"line":186,"column":8},"end":{"line":186,"column":25}},"type":"binary-expr","locations":[{"start":{"line":186,"column":8},"end":{"line":186,"column":17}},{"start":{"line":186,"column":21},"end":{"line":186,"column":25}}]},"32":{"loc":{"start":{"line":200,"column":4},"end":{"line":209,"column":5}},"type":"if","locations":[{"start":{"line":200,"column":4},"end":{"line":209,"column":5}},{"start":{},"end":{}}]},"33":{"loc":{"start":{"line":202,"column":6},"end":{"line":208,"column":7}},"type":"if","locations":[{"start":{"line":202,"column":6},"end":{"line":208,"column":7}},{"start":{},"end":{}}]}},"s":{"0":12,"1":12,"2":12,"3":12,"4":12,"5":12,"6":12,"7":12,"8":7,"9":7,"10":7,"11":7,"12":7,"13":7,"14":7,"15":7,"16":1,"17":6,"18":6,"19":6,"20":1,"21":5,"22":5,"23":2,"24":12,"25":12,"26":12,"27":12,"28":12,"29":12,"30":12,"31":8,"32":12,"33":12,"34":8,"35":12,"36":8,"37":8,"38":8,"39":5,"40":3,"41":8,"42":0,"43":8,"44":8,"45":0,"46":0,"47":0,"48":12,"49":0,"50":12,"51":5,"52":5,"53":5,"54":5,"55":5,"56":1,"57":4,"58":4,"59":1,"60":3,"61":1,"62":2,"63":2,"64":3,"65":12,"66":6,"67":6,"68":6,"69":6,"70":6,"71":1,"72":5,"73":5,"74":5,"75":1,"76":4,"77":4,"78":4,"79":3,"80":3,"81":0,"82":0,"83":4,"84":2,"85":12},"f":{"0":7,"1":12,"2":8,"3":8,"4":8,"5":0,"6":5,"7":6,"8":0},"b":{"0":[7,6],"1":[7,6],"2":[1,6],"3":[6,3],"4":[4,2],"5":[1,5],"6":[6,2],"7":[2,10],"8":[2,8],"9":[5,3],"10":[5,0,0],"11":[0,0],"12":[0,8],"13":[0,0],"14":[0,0],"15":[0,0],"16":[8,0],"17":[5,3],"18":[8,0],"19":[8,0],"20":[0,0],"21":[0,0],"22":[1,4],"23":[4,2],"24":[1,3],"25":[1,2],"26":[3,1],"27":[1,5],"28":[5,2],"29":[3,2],"30":[1,4],"31":[5,2],"32":[3,1],"33":[0,3]}}
,"/Users/guyshick/Desktop/final project/CSFinalProject/backend/src/routes/notifications.ts": {"path":"/Users/guyshick/Desktop/final project/CSFinalProject/backend/src/routes/notifications.ts","statementMap":{"0":{"start":{"line":1,"column":0},"end":{"line":1,"column":66}},"1":{"start":{"line":2,"column":0},"end":{"line":2,"column":52}},"2":{"start":{"line":3,"column":0},"end":{"line":3,"column":42}},"3":{"start":{"line":4,"column":0},"end":{"line":4,"column":64}},"4":{"start":{"line":6,"column":15},"end":{"line":6,"column":23}},"5":{"start":{"line":8,"column":0},"end":{"line":8,"column":27}},"6":{"start":{"line":12,"column":0},"end":{"line":44,"column":3}},"7":{"start":{"line":13,"column":2},"end":{"line":43,"column":3}},"8":{"start":{"line":18,"column":8},"end":{"line":18,"column":69}},"9":{"start":{"line":20,"column":20},"end":{"line":20,"column":47}},"10":{"start":{"line":21,"column":21},"end":{"line":21,"column":63}},"11":{"start":{"line":22,"column":19},"end":{"line":22,"column":43}},"12":{"start":{"line":24,"column":23},"end":{"line":26,"column":10}},"13":{"start":{"line":28,"column":18},"end":{"line":28,"column":57}},"14":{"start":{"line":30,"column":35},"end":{"line":38,"column":6}},"15":{"start":{"line":40,"column":4},"end":{"line":40,"column":71}},"16":{"start":{"line":42,"column":4},"end":{"line":42,"column":14}},"17":{"start":{"line":48,"column":0},"end":{"line":59,"column":3}},"18":{"start":{"line":49,"column":2},"end":{"line":58,"column":3}},"19":{"start":{"line":50,"column":4},"end":{"line":53,"column":7}},"20":{"start":{"line":55,"column":4},"end":{"line":55,"column":62}},"21":{"start":{"line":57,"column":4},"end":{"line":57,"column":14}},"22":{"start":{"line":62,"column":0},"end":{"line":82,"column":3}},"23":{"start":{"line":63,"column":2},"end":{"line":81,"column":3}},"24":{"start":{"line":64,"column":25},"end":{"line":66,"column":6}},"25":{"start":{"line":68,"column":4},"end":{"line":68,"column":73}},"26":{"start":{"line":68,"column":23},"end":{"line":68,"column":73}},"27":{"start":{"line":69,"column":4},"end":{"line":71,"column":5}},"28":{"start":{"line":70,"column":6},"end":{"line":70,"column":83}},"29":{"start":{"line":73,"column":20},"end":{"line":76,"column":6}},"30":{"start":{"line":78,"column":4},"end":{"line":78,"column":40}},"31":{"start":{"line":80,"column":4},"end":{"line":80,"column":14}},"32":{"start":{"line":85,"column":0},"end":{"line":94,"column":3}},"33":{"start":{"line":86,"column":2},"end":{"line":93,"column":3}},"34":{"start":{"line":87,"column":4},"end":{"line":89,"column":7}},"35":{"start":{"line":90,"column":4},"end":{"line":90,"column":55}},"36":{"start":{"line":92,"column":4},"end":{"line":92,"column":14}},"37":{"start":{"line":97,"column":0},"end":{"line":113,"column":3}},"38":{"start":{"line":98,"column":2},"end":{"line":112,"column":3}},"39":{"start":{"line":99,"column":25},"end":{"line":101,"column":6}},"40":{"start":{"line":103,"column":4},"end":{"line":103,"column":73}},"41":{"start":{"line":103,"column":23},"end":{"line":103,"column":73}},"42":{"start":{"line":104,"column":4},"end":{"line":106,"column":5}},"43":{"start":{"line":105,"column":6},"end":{"line":105,"column":77}},"44":{"start":{"line":108,"column":4},"end":{"line":108,"column":73}},"45":{"start":{"line":109,"column":4},"end":{"line":109,"column":50}},"46":{"start":{"line":111,"column":4},"end":{"line":111,"column":14}},"47":{"start":{"line":115,"column":0},"end":{"line":115,"column":22}}},"fnMap":{"0":{"name":"(anonymous_0)","decl":{"start":{"line":12,"column":16},"end":{"line":12,"column":21}},"loc":{"start":{"line":12,"column":74},"end":{"line":44,"column":1}}},"1":{"name":"(anonymous_1)","decl":{"start":{"line":48,"column":24},"end":{"line":48,"column":29}},"loc":{"start":{"line":48,"column":82},"end":{"line":59,"column":1}}},"2":{"name":"(anonymous_2)","decl":{"start":{"line":62,"column":24},"end":{"line":62,"column":29}},"loc":{"start":{"line":62,"column":82},"end":{"line":82,"column":1}}},"3":{"name":"(anonymous_3)","decl":{"start":{"line":85,"column":19},"end":{"line":85,"column":24}},"loc":{"start":{"line":85,"column":77},"end":{"line":94,"column":1}}},"4":{"name":"(anonymous_4)","decl":{"start":{"line":97,"column":22},"end":{"line":97,"column":27}},"loc":{"start":{"line":97,"column":80},"end":{"line":113,"column":1}}}},"branchMap":{"0":{"loc":{"start":{"line":15,"column":6},"end":{"line":15,"column":16}},"type":"default-arg","locations":[{"start":{"line":15,"column":13},"end":{"line":15,"column":16}}]},"1":{"loc":{"start":{"line":16,"column":6},"end":{"line":16,"column":18}},"type":"default-arg","locations":[{"start":{"line":16,"column":14},"end":{"line":16,"column":18}}]},"2":{"loc":{"start":{"line":24,"column":23},"end":{"line":26,"column":10}},"type":"cond-expr","locations":[{"start":{"line":25,"column":8},"end":{"line":25,"column":58}},{"start":{"line":26,"column":8},"end":{"line":26,"column":10}}]},"3":{"loc":{"start":{"line":24,"column":24},"end":{"line":24,"column":64}},"type":"binary-expr","locations":[{"start":{"line":24,"column":24},"end":{"line":24,"column":44}},{"start":{"line":24,"column":48},"end":{"line":24,"column":64}}]},"4":{"loc":{"start":{"line":68,"column":4},"end":{"line":68,"column":73}},"type":"if","locations":[{"start":{"line":68,"column":4},"end":{"line":68,"column":73}},{"start":{},"end":{}}]},"5":{"loc":{"start":{"line":69,"column":4},"end":{"line":71,"column":5}},"type":"if","locations":[{"start":{"line":69,"column":4},"end":{"line":71,"column":5}},{"start":{},"end":{}}]},"6":{"loc":{"start":{"line":103,"column":4},"end":{"line":103,"column":73}},"type":"if","locations":[{"start":{"line":103,"column":4},"end":{"line":103,"column":73}},{"start":{},"end":{}}]},"7":{"loc":{"start":{"line":104,"column":4},"end":{"line":106,"column":5}},"type":"if","locations":[{"start":{"line":104,"column":4},"end":{"line":106,"column":5}},{"start":{},"end":{}}]}},"s":{"0":12,"1":12,"2":12,"3":12,"4":12,"5":12,"6":12,"7":1,"8":1,"9":1,"10":1,"11":1,"12":1,"13":1,"14":1,"15":1,"16":0,"17":12,"18":1,"19":1,"20":1,"21":0,"22":12,"23":3,"24":3,"25":3,"26":1,"27":2,"28":1,"29":1,"30":1,"31":2,"32":12,"33":1,"34":1,"35":1,"36":0,"37":12,"38":3,"39":3,"40":3,"41":1,"42":2,"43":1,"44":1,"45":1,"46":2,"47":12},"f":{"0":1,"1":1,"2":3,"3":1,"4":3},"b":{"0":[1],"1":[1],"2":[0,1],"3":[1,1],"4":[1,2],"5":[1,1],"6":[1,2],"7":[1,1]}}
,"/Users/guyshick/Desktop/final project/CSFinalProject/backend/src/routes/reviews.ts": {"path":"/Users/guyshick/Desktop/final project/CSFinalProject/backend/src/routes/reviews.ts","statementMap":{"0":{"start":{"line":1,"column":0},"end":{"line":1,"column":66}},"1":{"start":{"line":2,"column":0},"end":{"line":2,"column":40}},"2":{"start":{"line":3,"column":0},"end":{"line":3,"column":52}},"3":{"start":{"line":4,"column":0},"end":{"line":4,"column":50}},"4":{"start":{"line":5,"column":0},"end":{"line":5,"column":42}},"5":{"start":{"line":6,"column":0},"end":{"line":6,"column":48}},"6":{"start":{"line":7,"column":0},"end":{"line":7,"column":null}},"7":{"start":{"line":13,"column":15},"end":{"line":13,"column":23}},"8":{"start":{"line":15,"column":0},"end":{"line":15,"column":27}},"9":{"start":{"line":18,"column":0},"end":{"line":68,"column":2}},"10":{"start":{"line":22,"column":4},"end":{"line":66,"column":5}},"11":{"start":{"line":23,"column":21},"end":{"line":25,"column":8}},"12":{"start":{"line":27,"column":6},"end":{"line":27,"column":63}},"13":{"start":{"line":27,"column":19},"end":{"line":27,"column":63}},"14":{"start":{"line":29,"column":6},"end":{"line":31,"column":7}},"15":{"start":{"line":30,"column":8},"end":{"line":30,"column":80}},"16":{"start":{"line":33,"column":34},"end":{"line":33,"column":null}},"17":{"start":{"line":38,"column":6},"end":{"line":63,"column":7}},"18":{"start":{"line":39,"column":23},"end":{"line":46,"column":10}},"19":{"start":{"line":49,"column":8},"end":{"line":52,"column":11}},"20":{"start":{"line":54,"column":8},"end":{"line":54,"column":41}},"21":{"start":{"line":56,"column":8},"end":{"line":61,"column":9}},"22":{"start":{"line":60,"column":10},"end":{"line":60,"column":75}},"23":{"start":{"line":62,"column":8},"end":{"line":62,"column":18}},"24":{"start":{"line":65,"column":6},"end":{"line":65,"column":16}},"25":{"start":{"line":70,"column":0},"end":{"line":70,"column":22}}},"fnMap":{"0":{"name":"(anonymous_0)","decl":{"start":{"line":21,"column":2},"end":{"line":21,"column":7}},"loc":{"start":{"line":21,"column":60},"end":{"line":67,"column":3}}}},"branchMap":{"0":{"loc":{"start":{"line":27,"column":6},"end":{"line":27,"column":63}},"type":"if","locations":[{"start":{"line":27,"column":6},"end":{"line":27,"column":63}},{"start":{},"end":{}}]},"1":{"loc":{"start":{"line":29,"column":6},"end":{"line":31,"column":7}},"type":"if","locations":[{"start":{"line":29,"column":6},"end":{"line":31,"column":7}},{"start":{},"end":{}}]},"2":{"loc":{"start":{"line":44,"column":21},"end":{"line":44,"column":36}},"type":"binary-expr","locations":[{"start":{"line":44,"column":21},"end":{"line":44,"column":28}},{"start":{"line":44,"column":32},"end":{"line":44,"column":36}}]},"3":{"loc":{"start":{"line":56,"column":8},"end":{"line":61,"column":9}},"type":"if","locations":[{"start":{"line":56,"column":8},"end":{"line":61,"column":9}},{"start":{},"end":{}}]},"4":{"loc":{"start":{"line":57,"column":10},"end":{"line":58,"column":30}},"type":"binary-expr","locations":[{"start":{"line":57,"column":10},"end":{"line":57,"column":61}},{"start":{"line":58,"column":10},"end":{"line":58,"column":30}}]}},"s":{"0":12,"1":12,"2":12,"3":12,"4":12,"5":12,"6":12,"7":12,"8":12,"9":12,"10":20,"11":20,"12":20,"13":1,"14":19,"15":1,"16":18,"17":18,"18":18,"19":17,"20":17,"21":1,"22":1,"23":0,"24":3,"25":12},"f":{"0":20},"b":{"0":[1,19],"1":[1,18],"2":[18,18],"3":[1,0],"4":[1,1]}}
[...]
umn":11},"end":{"line":24,"column":28}},"11":{"start":{"line":25,"column":11},"end":{"line":25,"column":30}},"12":{"start":{"line":23,"column":0},"end":{"line":23,"column":13}},"13":{"start":{"line":29,"column":11},"end":{"line":29,"column":28}},"14":{"start":{"line":30,"column":11},"end":{"line":30,"column":29}},"15":{"start":{"line":28,"column":0},"end":{"line":28,"column":13}},"16":{"start":{"line":34,"column":11},"end":{"line":34,"column":28}},"17":{"start":{"line":35,"column":11},"end":{"line":35,"column":37}},"18":{"start":{"line":33,"column":0},"end":{"line":33,"column":13}},"19":{"start":{"line":39,"column":11},"end":{"line":39,"column":28}},"20":{"start":{"line":40,"column":11},"end":{"line":40,"column":35}},"21":{"start":{"line":38,"column":0},"end":{"line":38,"column":13}}},"fnMap":{"0":{"name":"(anonymous_0)","decl":{"start":{"line":6,"column":2},"end":{"line":6,"column":14}},"loc":{"start":{"line":6,"column":48},"end":{"line":10,"column":3}}},"1":{"name":"(anonymous_1)","decl":{"start":{"line":13,"column":0},"end":{"line":13,"column":13}},"loc":{"start":{"line":13,"column":0},"end":{"line":16,"column":1}}},"2":{"name":"(anonymous_2)","decl":{"start":{"line":18,"column":0},"end":{"line":18,"column":13}},"loc":{"start":{"line":18,"column":0},"end":{"line":21,"column":1}}},"3":{"name":"(anonymous_3)","decl":{"start":{"line":23,"column":0},"end":{"line":23,"column":13}},"loc":{"start":{"line":23,"column":0},"end":{"line":26,"column":1}}},"4":{"name":"(anonymous_4)","decl":{"start":{"line":28,"column":0},"end":{"line":28,"column":13}},"loc":{"start":{"line":28,"column":0},"end":{"line":31,"column":1}}},"5":{"name":"(anonymous_5)","decl":{"start":{"line":33,"column":0},"end":{"line":33,"column":13}},"loc":{"start":{"line":33,"column":0},"end":{"line":36,"column":1}}},"6":{"name":"(anonymous_6)","decl":{"start":{"line":38,"column":0},"end":{"line":38,"column":13}},"loc":{"start":{"line":38,"column":0},"end":{"line":41,"column":1}}}},"branchMap":{},"s":{"0":104,"1":104,"2":104,"3":15,"4":10,"5":10,"6":15,"7":29,"8":29,"9":15,"10":20,"11":20,"12":15,"13":13,"14":13,"15":15,"16":31,"17":31,"18":15,"19":1,"20":1,"21":15},"f":{"0":104,"1":10,"2":29,"3":20,"4":13,"5":31,"6":1},"b":{}}
,"/Users/guyshick/Desktop/final project/CSFinalProject/backend/src/utils/notificationMessages.ts": {"path":"/Users/guyshick/Desktop/final project/CSFinalProject/backend/src/utils/notificationMessages.ts","statementMap":{"0":{"start":{"line":214,"column":0},"end":{"line":214,"column":7}},"1":{"start":{"line":225,"column":9},"end":{"line":225,"column":24}},"2":{"start":{"line":6,"column":0},"end":{"line":6,"column":42}},"3":{"start":{"line":16,"column":2},"end":{"line":24,"column":3}},"4":{"start":{"line":17,"column":17},"end":{"line":20,"column":6}},"5":{"start":{"line":21,"column":4},"end":{"line":21,"column":59}},"6":{"start":{"line":23,"column":4},"end":{"line":23,"column":16}},"7":{"start":{"line":29,"column":99},"end":{"line":210,"column":2}},"8":{"start":{"line":31,"column":16},"end":{"line":34,"column":6}},"9":{"start":{"line":35,"column":16},"end":{"line":38,"column":6}},"10":{"start":{"line":41,"column":16},"end":{"line":44,"column":6}},"11":{"start":{"line":45,"column":16},"end":{"line":48,"column":6}},"12":{"start":{"line":51,"column":16},"end":{"line":54,"column":6}},"13":{"start":{"line":55,"column":16},"end":{"line":58,"column":6}},"14":{"start":{"line":61,"column":16},"end":{"line":64,"column":6}},"15":{"start":{"line":65,"column":16},"end":{"line":68,"column":6}},"16":{"start":{"line":71,"column":16},"end":{"line":74,"column":6}},"17":{"start":{"line":75,"column":16},"end":{"line":78,"column":6}},"18":{"start":{"line":81,"column":16},"end":{"line":84,"column":6}},"19":{"start":{"line":85,"column":16},"end":{"line":88,"column":6}},"20":{"start":{"line":91,"column":16},"end":{"line":94,"column":6}},"21":{"start":{"line":95,"column":16},"end":{"line":98,"column":6}},"22":{"start":{"line":101,"column":16},"end":{"line":104,"column":6}},"23":{"start":{"line":105,"column":16},"end":{"line":108,"column":6}},"24":{"start":{"line":111,"column":16},"end":{"line":114,"column":6}},"25":{"start":{"line":115,"column":16},"end":{"line":118,"column":6}},"26":{"start":{"line":121,"column":16},"end":{"line":124,"column":6}},"27":{"start":{"line":125,"column":16},"end":{"line":128,"column":6}},"28":{"start":{"line":131,"column":16},"end":{"line":134,"column":6}},"29":{"start":{"line":135,"column":16},"end":{"line":138,"column":6}},"30":{"start":{"line":141,"column":16},"end":{"line":144,"column":6}},"31":{"start":{"line":145,"column":16},"end":{"line":148,"column":6}},"32":{"start":{"line":151,"column":16},"end":{"line":154,"column":6}},"33":{"start":{"line":155,"column":16},"end":{"line":158,"column":6}},"34":{"start":{"line":161,"column":16},"end":{"line":164,"column":6}},"35":{"start":{"line":165,"column":16},"end":{"line":168,"column":6}},"36":{"start":{"line":171,"column":16},"end":{"line":174,"column":6}},"37":{"start":{"line":175,"column":16},"end":{"line":178,"column":6}},"38":{"start":{"line":181,"column":15},"end":{"line":184,"column":6}},"39":{"start":{"line":185,"column":15},"end":{"line":188,"column":6}},"40":{"start":{"line":191,"column":16},"end":{"line":194,"column":6}},"41":{"start":{"line":195,"column":16},"end":{"line":198,"column":6}},"42":{"start":{"line":201,"column":16},"end":{"line":204,"column":6}},"43":{"start":{"line":205,"column":16},"end":{"line":208,"column":6}},"44":{"start":{"line":219,"column":15},"end":{"line":219,"column":44}},"45":{"start":{"line":220,"column":13},"end":{"line":220,"column":34}},"46":{"start":{"line":221,"column":2},"end":{"line":221,"column":43}},"47":{"start":{"line":221,"column":11},"end":{"line":221,"column":43}},"48":{"start":{"line":222,"column":2},"end":{"line":222,"column":18}}},"fnMap":{"0":{"name":"getUserLanguage","decl":{"start":{"line":15,"column":15},"end":{"line":15,"column":30}},"loc":{"start":{"line":15,"column":45},"end":{"line":25,"column":1}}},"1":{"name":"(anonymous_1)","decl":{"start":{"line":31,"column":8},"end":{"line":31,"column":9}},"loc":{"start":{"line":31,"column":16},"end":{"line":34,"column":6}}},"2":{"name":"(anonymous_2)","decl":{"start":{"line":35,"column":8},"end":{"line":35,"column":9}},"loc":{"start":{"line":35,"column":16},"end":{"line":38,"column":6}}},"3":{"name":"(anonymous_3)","decl":{"start":{"line":41,"column":8},"end":{"line":41,"column":9}},"loc":{"start":{"line":41,"column":16},"end":{"line":44,"column":6}}},"4":{"name":"(anonymous_4)","decl":{"start":{"line":45,"column":8},"end":{"line":45,"column":9}},"loc":{"start":{"line":45,"column":16},"end":{"line":48,"column":6}}},"5":{"name":"(anonymous_5)","decl":{"start":{"line":51,"column":8},"end":{"line":51,"column":9}},"loc":{"start":{"line":51,"column":16},"end":{"line":54,"column":6}}},"6":{"name":"(anonymous_6)","decl":{"start":{"line":55,"column":8},"end":{"line":55,"column":9}},"loc":{"start":{"line":55,"column":16},"end":{"line":58,"column":6}}},"7":{"name":"(anonymous_7)","decl":{"start":{"line":61,"column":8},"end":{"line":61,"column":9}},"loc":{"start":{"line":61,"column":16},"end":{"line":64,"column":6}}},"8":{"name":"(anonymous_8)","decl":{"start":{"line":65,"column":8},"end":{"line":65,"column":9}},"loc":{"start":{"line":65,"column":16},"end":{"line":68,"column":6}}},"9":{"name":"(anonymous_9)","decl":{"start":{"line":71,"column":8},"end":{"line":71,"column":9}},"loc":{"start":{"line":71,"column":16},"end":{"line":74,"column":6}}},"10":{"name":"(anonymous_10)","decl":{"start":{"line":75,"column":8},"end":{"line":75,"column":9}},"loc":{"start":{"line":75,"column":16},"end":{"line":78,"column":6}}},"11":{"name":"(anonymous_11)","decl":{"start":{"line":81,"column":8},"end":{"line":81,"column":9}},"loc":{"start":{"line":81,"column":16},"end":{"line":84,"column":6}}},"12":{"name":"(anonymous_12)","decl":{"start":{"line":85,"column":8},"end":{"line":85,"column":9}},"loc":{"start":{"line":85,"column":16},"end":{"line":88,"column":6}}},"13":{"name":"(anonymous_13)","decl":{"start":{"line":91,"column":8},"end":{"line":91,"column":9}},"loc":{"start":{"line":91,"column":16},"end":{"line":94,"column":6}}},"14":{"name":"(anonymous_14)","decl":{"start":{"line":95,"column":8},"end":{"line":95,"column":9}},"loc":{"start":{"line":95,"column":16},"end":{"line":98,"column":6}}},"15":{"name":"(anonymous_15)","decl":{"start":{"line":101,"column":8},"end":{"line":101,"column":9}},"loc":{"start":{"line":101,"column":16},"end":{"line":104,"column":6}}},"16":{"name":"(anonymous_16)","decl":{"start":{"line":105,"column":8},"end":{"line":105,"column":9}},"loc":{"start":{"line":105,"column":16},"end":{"line":108,"column":6}}},"17":{"name":"(anonymous_17)","decl":{"start":{"line":111,"column":8},"end":{"line":111,"column":9}},"loc":{"start":{"line":111,"column":16},"end":{"line":114,"column":6}}},"18":{"name":"(anonymous_18)","decl":{"start":{"line":115,"column":8},"end":{"line":115,"column":9}},"loc":{"start":{"line":115,"column":16},"end":{"line":118,"column":6}}},"19":{"name":"(anonymous_19)","decl":{"start":{"line":121,"column":8},"end":{"line":121,"column":9}},"loc":{"start":{"line":121,"column":16},"end":{"line":124,"column":6}}},"20":{"name":"(anonymous_20)","decl":{"start":{"line":125,"column":8},"end":{"line":125,"column":9}},"loc":{"start":{"line":125,"column":16},"end":{"line":128,"column":6}}},"21":{"name":"(anonymous_21)","decl":{"start":{"line":131,"column":8},"end":{"line":131,"column":9}},"loc":{"start":{"line":131,"column":16},"end":{"line":134,"column":6}}},"22":{"name":"(anonymous_22)","decl":{"start":{"line":135,"column":8},"end":{"line":135,"column":9}},"loc":{"start":{"line":135,"column":16},"end":{"line":138,"column":6}}},"23":{"name":"(anonymous_23)","decl":{"start":{"line":141,"column":8},"end":{"line":141,"column":9}},"loc":{"start":{"line":141,"column":16},"end":{"line":144,"column":6}}},"24":{"name":"(anonymous_24)","decl":{"start":{"line":145,"column":8},"end":{"line":145,"column":9}},"loc":{"start":{"line":145,"column":16},"end":{"line":148,"column":6}}},"25":{"name":"(anonymous_25)","decl":{"start":{"line":151,"column":8},"end":{"line":151,"column":9}},"loc":{"start":{"line":151,"column":16},"end":{"line":154,"column":6}}},"26":{"name":"(anonymous_26)","decl":{"start":{"line":155,"column":8},"end":{"line":155,"column":9}},"loc":{"start":{"line":155,"column":16},"end":{"line":158,"column":6}}},"27":{"name":"(anonymous_27)","decl":{"start":{"line":161,"column":8},"end":{"line":161,"column":9}},"loc":{"start":{"line":161,"column":16},"end":{"line":164,"column":6}}},"28":{"name":"(anonymous_28)","decl":{"start":{"line":165,"column":8},"end":{"line":165,"column":9}},"loc":{"start":{"line":165,"column":16},"end":{"line":168,"column":6}}},"29":{"name":"(anonymous_29)","decl":{"start":{"line":171,"column":8},"end":{"line":171,"column":9}},"loc":{"start":{"line":171,"column":16},"end":{"line":174,"column":6}}},"30":{"name":"(anonymous_30)","decl":{"start":{"line":175,"column":8},"end":{"line":175,"column":9}},"loc":{"start":{"line":175,"column":16},"end":{"line":178,"column":6}}},"31":{"name":"(anonymous_31)","decl":{"start":{"line":181,"column":8},"end":{"line":181,"column":11}},"loc":{"start":{"line":181,"column":15},"end":{"line":184,"column":6}}},"32":{"name":"(anonymous_32)","decl":{"start":{"line":185,"column":8},"end":{"line":185,"column":11}},"loc":{"start":{"line":185,"column":15},"end":{"line":188,"column":6}}},"33":{"name":"(anonymous_33)","decl":{"start":{"line":191,"column":8},"end":{"line":191,"column":9}},"loc":{"start":{"line":191,"column":16},"end":{"line":194,"column":6}}},"34":{"name":"(anonymous_34)","decl":{"start":{"line":195,"column":8},"end":{"line":195,"column":9}},"loc":{"start":{"line":195,"column":16},"end":{"line":198,"column":6}}},"35":{"name":"(anonymous_35)","decl":{"start":{"line":201,"column":8},"end":{"line":201,"column":9}},"loc":{"start":{"line":201,"column":16},"end":{"line":204,"column":6}}},"36":{"name":"(anonymous_36)","decl":{"start":{"line":205,"column":8},"end":{"line":205,"column":9}},"loc":{"start":{"line":205,"column":16},"end":{"line":208,"column":6}}},"37":{"name":"getNotificationText","decl":{"start":{"line":214,"column":22},"end":{"line":214,"column":41}},"loc":{"start":{"line":217,"column":35},"end":{"line":223,"column":1}}}},"branchMap":{"0":{"loc":{"start":{"line":21,"column":12},"end":{"line":21,"column":49}},"type":"cond-expr","locations":[{"start":{"line":21,"column":38},"end":{"line":21,"column":42}},{"start":{"line":21,"column":45},"end":{"line":21,"column":49}}]},"1":{"loc":{"start":{"line":203,"column":65},"end":{"line":203,"column":103}},"type":"cond-expr","locations":[{"start":{"line":203,"column":76},"end":{"line":203,"column":98}},{"start":{"line":203,"column":101},"end":{"line":203,"column":103}}]},"2":{"loc":{"start":{"line":207,"column":50},"end":{"line":207,"column":86}},"type":"cond-expr","locations":[{"start":{"line":207,"column":61},"end":{"line":207,"column":81}},{"start":{"line":207,"column":84},"end":{"line":207,"column":86}}]},"3":{"loc":{"start":{"line":217,"column":2},"end":{"line":217,"column":35}},"type":"default-arg","locations":[{"start":{"line":217,"column":33},"end":{"line":217,"column":35}}]},"4":{"loc":{"start":{"line":221,"column":2},"end":{"line":221,"column":43}},"type":"if","locations":[{"start":{"line":221,"column":2},"end":{"line":221,"column":43}},{"start":{},"end":{}}]}},"s":{"0":12,"1":12,"2":12,"3":393,"4":393,"5":393,"6":0,"7":12,"8":78,"9":0,"10":2,"11":0,"12":4,"13":0,"14":3,"15":0,"16":2,"17":0,"18":2,"19":0,"20":4,"21":0,"22":43,"23":0,"24":62,"25":0,"26":32,"27":0,"28":40,"29":0,"30":110,"31":0,"32":3,"33":0,"34":3,"35":0,"36":2,"37":0,"38":0,"39":0,"40":1,"41":0,"42":2,"43":0,"44":393,"45":393,"46":393,"47":0,"48":393},"f":{"0":393,"1":78,"2":0,"3":2,"4":0,"5":4,"6":0,"7":3,"8":0,"9":2,"10":0,"11":2,"12":0,"13":4,"14":0,"15":43,"16":0,"17":62,"18":0,"19":32,"20":0,"21":40,"22":0,"23":110,"24":0,"25":3,"26":0,"27":3,"28":0,"29":2,"30":0,"31":0,"32":0,"33":1,"34":0,"35":2,"36":0,"37":393},"b":{"0":[0,393],"1":[1,1],"2":[0,0],"3":[0],"4":[0,393]}}
,"/Users/guyshick/Desktop/final project/CSFinalProject/backend/src/utils/profanityFilter.ts": {"path":"/Users/guyshick/Desktop/final project/CSFinalProject/backend/src/utils/profanityFilter.ts","statementMap":{"0":{"start":{"line":88,"column":0},"end":{"line":88,"column":16}},"1":{"start":{"line":6,"column":22},"end":{"line":27,"column":2}},"2":{"start":{"line":29,"column":21},"end":{"line":78,"column":2}},"3":{"start":{"line":89,"column":16},"end":{"line":89,"column":34}},"4":{"start":{"line":92,"column":2},"end":{"line":95,"column":3}},"5":{"start":{"line":93,"column":18},"end":{"line":93,"column":50}},"6":{"start":{"line":94,"column":4},"end":{"line":94,"column":39}},"7":{"start":{"line":94,"column":27},"end":{"line":94,"column":39}},"8":{"start":{"line":98,"column":19},"end":{"line":98,"column":44}},"9":{"start":{"line":99,"column":2},"end":{"line":101,"column":3}},"10":{"start":{"line":100,"column":4},"end":{"line":100,"column":45}},"11":{"start":{"line":100,"column":33},"end":{"line":100,"column":45}},"12":{"start":{"line":103,"column":2},"end":{"line":103,"column":15}},"13":{"start":{"line":106,"column":13},"end":{"line":107,"column":72}}},"fnMap":{"0":{"name":"containsProfanity","decl":{"start":{"line":88,"column":16},"end":{"line":88,"column":33}},"loc":{"start":{"line":88,"column":46},"end":{"line":104,"column":1}}}},"branchMap":{"0":{"loc":{"start":{"line":94,"column":4},"end":{"line":94,"column":39}},"type":"if","locations":[{"start":{"line":94,"column":4},"end":{"line":94,"column":39}},{"start":{},"end":{}}]},"1":{"loc":{"start":{"line":100,"column":4},"end":{"line":100,"column":45}},"type":"if","locations":[{"start":{"line":100,"column":4},"end":{"line":100,"column":45}},{"start":{},"end":{}}]}},"s":{"0":14,"1":14,"2":14,"3":31,"4":31,"5":1254,"6":1254,"7":2,"8":29,"9":29,"10":1204,"11":4,"12":25,"13":14},"f":{"0":31},"b":{"0":[2,1252],"1":[4,1200]}}
,"/Users/guyshick/Desktop/final project/CSFinalProject/backend/src/utils/ratingCalculator.ts": {"path":"/Users/guyshick/Desktop/final project/CSFinalProject/backend/src/utils/ratingCalculator.ts","statementMap":{"0":{"start":{"line":31,"column":0},"end":{"line":31,"column":7}},"1":{"start":{"line":1,"column":0},"end":{"line":1,"column":42}},"2":{"start":{"line":22,"column":21},"end":{"line":22,"column":35}},"3":{"start":{"line":29,"column":19},"end":{"line":29,"column":20}},"4":{"start":{"line":32,"column":18},"end":{"line":35,"column":4}},"5":{"start":{"line":37,"column":2},"end":{"line":43,"column":3}},"6":{"start":{"line":38,"column":4},"end":{"line":41,"column":7}},"7":{"start":{"line":42,"column":4},"end":{"line":42,"column":11}},"8":{"start":{"line":45,"column":14},"end":{"line":45,"column":24}},"9":{"start":{"line":49,"column":21},"end":{"line":49,"column":78}},"10":{"start":{"line":50,"column":2},"end":{"line":54,"column":3}},"11":{"start":{"line":51,"column":17},"end":{"line":51,"column":57}},"12":{"start":{"line":52,"column":4},"end":{"line":52,"column":72}},"13":{"start":{"line":53,"column":4},"end":{"line":53,"column":45}},"14":{"start":{"line":56,"column":28},"end":{"line":56,"column":29}},"15":{"start":{"line":57,"column":28},"end":{"line":57,"column":29}},"16":{"start":{"line":59,"column":2},"end":{"line":73,"column":3}},"17":{"start":{"line":60,"column":22},"end":{"line":60,"column":23}},"18":{"start":{"line":61,"column":20},"end":{"line":61,"column":21}},"19":{"start":{"line":63,"column":4},"end":{"line":68,"column":5}},"20":{"start":{"line":64,"column":24},"end":{"line":64,"column":76}},"21":{"start":{"line":65,"column":21},"end":{"line":65,"column":56}},"22":{"start":{"line":66,"column":6},"end":{"line":66,"column":37}},"23":{"start":{"line":67,"column":6},"end":{"line":67,"column":26}},"24":{"start":{"line":70,"column":24},"end":{"line":70,"column":67}},"25":{"start":{"line":71,"column":4},"end":{"line":71,"column":39}},"26":{"start":{"line":72,"column":4},"end":{"line":72,"column":29}},"27":{"start":{"line":76,"column":12},"end":{"line":76,"column":53}},"28":{"start":{"line":77,"column":12},"end":{"line":77,"column":31}},"29":{"start":{"line":80,"column":25},"end":{"line":83,"column":4}},"30":{"start":{"line":84,"column":12},"end":{"line":84,"column":43}},"31":{"start":{"line":88,"column":25},"end":{"line":88,"column":68}},"32":{"start":{"line":91,"column":22},"end":{"line":91,"column":60}},"33":{"start":{"line":93,"column":2},"end":{"line":96,"column":5}}},"fnMap":{"0":{"name":"recalculateFixerRating","decl":{"start":{"line":31,"column":22},"end":{"line":31,"column":44}},"loc":{"start":{"line":31,"column":60},"end":{"line":97,"column":1}}}},"branchMap":{"0":{"loc":{"start":{"line":37,"column":2},"end":{"line":43,"column":3}},"type":"if","locations":[{"start":{"line":37,"column":2},"end":{"line":43,"column":3}},{"start":{},"end":{}}]},"1":{"loc":{"start":{"line":51,"column":17},"end":{"line":51,"column":57}},"type":"binary-expr","locations":[{"start":{"line":51,"column":17},"end":{"line":51,"column":51}},{"start":{"line":51,"column":55},"end":{"line":51,"column":57}}]},"2":{"loc":{"start":{"line":70,"column":24},"end":{"line":70,"column":67}},"type":"cond-expr","locations":[{"start":{"line":70,"column":40},"end":{"line":70,"column":63}},{"start":{"line":70,"column":66},"end":{"line":70,"column":67}}]},"3":{"loc":{"start":{"line":84,"column":12},"end":{"line":84,"column":43}},"type":"binary-expr","locations":[{"start":{"line":84,"column":12},"end":{"line":84,"column":38}},{"start":{"line":84,"column":42},"end":{"line":84,"column":43}}]}},"s":{"0":12,"1":12,"2":12,"3":12,"4":23,"5":23,"6":1,"7":1,"8":22,"9":22,"10":22,"11":22,"12":22,"13":22,"14":22,"15":22,"16":22,"17":22,"18":22,"19":22,"20":22,"21":22,"22":22,"23":22,"24":22,"25":22,"26":22,"27":22,"28":22,"29":22,"30":22,"31":22,"32":22,"33":22},"f":{"0":23},"b":{"0":[1,22],"1":[22,22],"2":[22,0],"3":[22,0]}}
}
