TN:
SF:src/app.ts
FN:20,(anonymous_1)
FN:27,(anonymous_2)
FNF:2
FNH:0
FNDA:0,(anonymous_1)
FNDA:0,(anonymous_2)
DA:1,12
DA:2,12
DA:3,12
DA:4,12
DA:6,12
DA:7,12
DA:8,12
DA:9,12
DA:10,12
DA:11,12
DA:12,12
DA:13,12
DA:14,12
DA:16,12
DA:18,12
DA:20,0
DA:23,12
DA:24,12
DA:25,12
DA:27,12
DA:28,0
DA:31,12
DA:32,12
DA:33,12
DA:34,12
DA:35,12
DA:36,12
DA:37,12
DA:38,12
DA:40,12
DA:42,12
LF:31
LH:29
BRDA:19,0,0,0
BRDA:19,0,1,12
BRF:2
BRH:1
end_of_record
TN:
SF:src/schemas.ts
FN:51,(anonymous_0)
FN:61,(anonymous_1)
FNF:2
FNH:2
FNDA:21,(anonymous_0)
FNDA:1,(anonymous_1)
DA:1,13
DA:2,13
DA:4,13
DA:9,13
DA:22,13
DA:31,13
DA:35,13
DA:40,13
DA:45,13
DA:51,21
DA:55,13
DA:61,1
DA:65,13
DA:78,13
DA:82,13
DA:87,13
DA:91,13
DA:95,13
DA:101,13
LF:19
LH:19
BRF:0
BRH:0
end_of_record
TN:
SF:src/middleware/adminAuth.ts
FN:8,adminOnly
FNF:1
FNH:1
FNDA:22,adminOnly
DA:2,12
DA:8,12
DA:13,22
DA:14,4
DA:15,4
DA:17,18
LF:6
LH:6
BRDA:13,0,0,4
BRDA:13,0,1,18
BRF:2
BRH:2
end_of_record
TN:
SF:src/middleware/auth.ts
FN:6,authMiddleware
FNF:1
FNH:1
FNDA:700,authMiddleware
DA:2,12
DA:3,12
DA:4,12
DA:6,12
DA:11,700
DA:12,700
DA:13,700
DA:14,5
DA:17,695
DA:19,695
DA:20,695
DA:22,1
DA:25,694
DA:29,694
DA:30,1
DA:33,693
DA:34,693
DA:36,7
LF:18
LH:18
BRDA:13,0,0,5
BRDA:13,0,1,695
BRDA:29,1,0,1
BRDA:29,1,1,693
BRF:4
BRH:4
end_of_record
TN:
SF:src/middleware/errorHandler.ts
FN:4,errorHandler
FNF:1
FNH:1
FNDA:94,errorHandler
DA:2,13
DA:4,13
DA:10,94
DA:11,93
DA:18,93
DA:21,1
DA:22,1
LF:7
LH:7
BRDA:10,0,0,93
BRDA:10,0,1,1
BRF:2
BRH:2
end_of_record
TN:
SF:src/middleware/validate.ts
FN:5,validate
FN:6,(anonymous_1)
FNF:2
FNH:2
FNDA:183,validate
FNDA:363,(anonymous_1)
DA:2,13
DA:3,13
DA:5,13
DA:6,183
DA:7,363
DA:8,363
DA:9,354
DA:11,9
DA:12,9
DA:13,9
DA:15,0
LF:11
LH:10
BRDA:11,0,0,9
BRDA:11,0,1,0
BRF:2
BRH:1
end_of_record
TN:
SF:src/routes/admin.ts
FN:20,(anonymous_0)
FN:57,(anonymous_1)
FN:82,(anonymous_2)
FN:109,(anonymous_3)
FN:142,(anonymous_4)
FN:182,(anonymous_5)
FN:206,(anonymous_6)
FN:243,(anonymous_7)
FNF:8
FNH:8
FNDA:1,(anonymous_0)
FNDA:2,(anonymous_1)
FNDA:2,(anonymous_2)
FNDA:1,(anonymous_3)
FNDA:4,(anonymous_4)
FNDA:3,(anonymous_5)
FNDA:1,(anonymous_6)
FNDA:4,(anonymous_7)
DA:1,12
DA:2,12
DA:3,12
DA:4,12
DA:5,12
DA:6,12
DA:7,12
DA:8,12
DA:9,12
DA:10,12
DA:12,12
DA:14,12
DA:15,12
DA:18,12
DA:21,1
DA:22,1
DA:23,1
DA:24,1
DA:26,1
DA:47,1
DA:49,0
DA:55,12
DA:58,2
DA:59,2
DA:62,2
DA:64,1
DA:70,1
DA:72,1
DA:74,1
DA:80,12
DA:83,2
DA:84,2
DA:87,2
DA:89,1
DA:99,1
DA:101,1
DA:107,12
DA:110,1
DA:111,1
DA:112,1
DA:113,1
DA:115,1
DA:132,1
DA:134,0
DA:140,12
DA:143,4
DA:144,4
DA:145,4
DA:146,1
DA:149,3
DA:150,3
DA:152,2
DA:153,2
DA:159,2
DA:172,2
DA:174,1
DA:180,12
DA:183,3
DA:184,3
DA:185,3
DA:186,2
DA:189,1
DA:190,1
DA:192,0
DA:193,0
DA:195,0
DA:196,0
DA:198,0
DA:204,12
DA:207,1
DA:208,1
DA:209,1
DA:210,1
DA:212,1
DA:232,1
DA:234,0
DA:240,12
DA:244,4
DA:245,4
DA:247,4
DA:248,4
DA:250,3
DA:251,3
DA:261,3
DA:262,3
DA:263,3
DA:264,3
DA:265,3
DA:267,3
DA:269,1
DA:274,12
LF:91
LH:83
BRDA:22,0,0,1
BRDA:22,0,1,1
BRDA:23,1,0,1
BRDA:23,1,1,1
BRDA:62,2,0,1
BRDA:62,2,1,1
BRDA:87,3,0,1
BRDA:87,3,1,1
BRDA:111,4,0,1
BRDA:111,4,1,1
BRDA:112,5,0,1
BRDA:112,5,1,1
BRDA:145,6,0,1
BRDA:145,6,1,3
BRDA:145,7,0,4
BRDA:145,7,1,2
BRDA:150,8,0,1
BRDA:150,8,1,2
BRDA:152,9,0,1
BRDA:152,9,1,1
BRDA:162,10,0,1
BRDA:162,10,1,1
BRDA:163,11,0,1
BRDA:163,11,1,1
BRDA:166,12,0,1
BRDA:166,12,1,1
BRDA:185,13,0,2
BRDA:185,13,1,1
BRDA:185,14,0,3
BRDA:185,14,1,2
BRDA:190,15,0,1
BRDA:190,15,1,0
BRDA:192,16,0,0
BRDA:192,16,1,0
BRDA:208,17,0,1
BRDA:208,17,1,1
BRDA:209,18,0,1
BRDA:209,18,1,1
BRDA:248,19,0,1
BRDA:248,19,1,3
BRDA:250,20,0,1
BRDA:250,20,1,2
BRDA:257,21,0,1
BRDA:257,21,1,2
BRDA:257,22,0,3
BRDA:257,22,1,2
BRDA:262,23,0,1
BRDA:262,23,1,2
BRDA:263,24,0,1
BRDA:263,24,1,2
BRDA:264,25,0,3
BRDA:264,25,1,2
BRF:52
BRH:49
end_of_record
TN:
SF:src/routes/auth.ts
FN:13,(anonymous_1)
FNF:1
FNH:1
FNDA:6,(anonymous_1)
DA:1,12
DA:2,12
DA:3,12
DA:4,12
DA:5,12
DA:6,12
DA:7,12
DA:9,12
DA:13,12
DA:14,6
DA:15,6
DA:16,6
DA:17,1
DA:20,5
DA:21,5
DA:23,4
DA:28,4
DA:38,2
DA:40,4
DA:45,2
DA:46,2
DA:47,2
DA:48,2
DA:49,1
DA:53,1
DA:58,1
DA:61,2
DA:65,1
DA:66,1
DA:67,1
DA:70,1
DA:74,12
LF:32
LH:32
BRDA:16,0,0,1
BRDA:16,0,1,5
BRDA:31,1,0,4
BRDA:31,1,1,0
BRDA:34,2,0,4
BRDA:34,2,1,0
BRDA:40,3,0,2
BRDA:40,3,1,2
BRDA:41,4,0,4
BRDA:41,4,1,2
BRDA:47,5,0,2
BRDA:47,5,1,0
BRDA:48,6,0,1
BRDA:48,6,1,1
BRDA:48,7,0,2
BRDA:48,7,1,2
BRDA:51,8,0,1
BRDA:51,8,1,0
BRDA:61,9,0,1
BRDA:61,9,1,1
BRDA:62,10,0,2
BRDA:62,10,1,2
BRDA:66,11,0,1
BRDA:66,11,1,0
BRF:24
BRH:19
end_of_record
TN:
SF:src/routes/bids.ts
FN:22,(anonymous_0)
FN:41,(anonymous_1)
FN:88,(anonymous_2)
FN:120,(anonymous_3)
FN:146,(anonymous_4)
FN:158,(anonymous_5)
FN:188,(anonymous_6)
FN:212,(anonymous_7)
FN:253,(anonymous_8)
FNF:9
FNH:9
FNDA:80,(anonymous_0)
FNDA:78,(anonymous_1)
FNDA:5,(anonymous_2)
FNDA:3,(anonymous_3)
FNDA:4,(anonymous_4)
FNDA:2,(anonymous_5)
FNDA:2,(anonymous_6)
FNDA:6,(anonymous_7)
FNDA:3,(anonymous_8)
DA:1,12
DA:3,12
DA:4,12
DA:5,12
DA:6,12
DA:7,12
DA:8,12
DA:9,12
DA:10,12
DA:17,12
DA:19,12
DA:22,12
DA:23,80
DA:24,80
DA:29,80
DA:30,80
DA:31,79
DA:34,78
DA:41,78
DA:42,78
DA:43,78
DA:44,0
DA:47,78
DA:51,78
DA:55,78
DA:67,78
DA:68,78
DA:71,78
DA:75,78
DA:76,2
DA:77,2
DA:80,78
DA:81,78
DA:83,2
DA:88,12
DA:89,5
DA:90,5
DA:95,5
DA:96,5
DA:97,4
DA:99,4
DA:101,4
DA:110,4
DA:111,4
DA:113,4
DA:115,1
DA:120,12
DA:121,3
DA:122,3
DA:127,3
DA:128,3
DA:129,3
DA:131,3
DA:136,3
DA:137,3
DA:139,3
DA:141,0
DA:146,12
DA:147,4
DA:148,4
DA:153,4
DA:154,4
DA:155,3
DA:156,2
DA:158,2
DA:159,2
DA:163,2
DA:169,2
DA:170,2
DA:173,2
DA:174,2
DA:175,0
DA:181,2
DA:183,2
DA:188,12
DA:189,2
DA:190,2
DA:195,2
DA:196,2
DA:197,2
DA:198,1
DA:200,1
DA:205,1
DA:207,1
DA:212,12
DA:213,6
DA:214,6
DA:218,6
DA:219,6
DA:220,5
DA:222,4
DA:223,4
DA:224,4
DA:225,2
DA:226,1
DA:228,1
DA:230,3
DA:231,2
DA:232,1
DA:234,1
DA:237,2
DA:238,1
DA:241,1
DA:246,1
DA:248,5
DA:253,12
DA:254,3
DA:255,3
DA:256,3
DA:257,3
DA:258,3
DA:259,1
DA:261,2
DA:262,2
DA:264,1
DA:268,12
LF:116
LH:113
BRDA:29,0,0,0
BRDA:29,0,1,80
BRDA:30,1,0,1
BRDA:30,1,1,79
BRDA:31,2,0,1
BRDA:31,2,1,78
BRDA:43,3,0,0
BRDA:43,3,1,78
BRDA:43,4,0,78
BRDA:43,4,1,78
BRDA:61,5,0,78
BRDA:61,5,1,0
BRDA:95,6,0,0
BRDA:95,6,1,5
BRDA:96,7,0,1
BRDA:96,7,1,4
BRDA:97,8,0,0
BRDA:97,8,1,4
BRDA:106,9,0,4
BRDA:106,9,1,3
BRDA:127,10,0,0
BRDA:127,10,1,3
BRDA:128,11,0,0
BRDA:128,11,1,3
BRDA:129,12,0,0
BRDA:129,12,1,3
BRDA:153,13,0,0
BRDA:153,13,1,4
BRDA:154,14,0,1
BRDA:154,14,1,3
BRDA:155,15,0,1
BRDA:155,15,1,2
BRDA:156,16,0,0
BRDA:156,16,1,2
BRDA:174,17,0,0
BRDA:174,17,1,2
BRDA:195,18,0,0
BRDA:195,18,1,2
BRDA:196,19,0,0
BRDA:196,19,1,2
BRDA:197,20,0,1
BRDA:197,20,1,1
BRDA:198,21,0,0
BRDA:198,21,1,1
BRDA:218,22,0,0
BRDA:218,22,1,6
BRDA:219,23,0,1
BRDA:219,23,1,5
BRDA:220,24,0,1
BRDA:220,24,1,4
BRDA:224,25,0,2
BRDA:224,25,1,2
BRDA:225,26,0,1
BRDA:225,26,1,1
BRDA:225,27,0,2
BRDA:225,27,1,2
BRDA:230,28,0,2
BRDA:230,28,1,1
BRDA:231,29,0,1
BRDA:231,29,1,1
BRDA:231,30,0,2
BRDA:231,30,1,2
BRDA:237,31,0,1
BRDA:237,31,1,1
BRDA:256,32,0,0
BRDA:256,32,1,3
BRDA:257,33,0,0
BRDA:257,33,1,3
BRDA:258,34,0,1
BRDA:258,34,1,2
BRDA:258,35,0,3
BRDA:258,35,1,2
BRF:72
BRH:55
end_of_record
TN:
SF:src/routes/messages.ts
FN:12,(anonymous_0)
FN:53,(anonymous_1)
FN:90,(anonymous_2)
FN:101,(anonymous_3)
FN:104,(anonymous_4)
FN:133,(anonymous_5)
FN:146,(anonymous_6)
FN:171,(anonymous_7)
FN:206,(anonymous_8)
FNF:9
FNH:7
FNDA:7,(anonymous_0)
FNDA:12,(anonymous_1)
FNDA:8,(anonymous_2)
FNDA:8,(anonymous_3)
FNDA:8,(anonymous_4)
FNDA:0,(anonymous_5)
FNDA:5,(anonymous_6)
FNDA:6,(anonymous_7)
FNDA:0,(anonymous_8)
DA:1,12
DA:2,12
DA:3,12
DA:4,12
DA:5,12
DA:7,12
DA:9,12
DA:12,12
DA:13,7
DA:14,7
DA:15,7
DA:16,7
DA:17,7
DA:18,7
DA:20,7
DA:21,7
DA:24,6
DA:25,6
DA:30,6
DA:32,5
DA:45,5
DA:47,2
DA:53,12
DA:54,12
DA:55,12
DA:56,12
DA:60,12
DA:67,12
DA:90,12
DA:91,12
DA:101,12
DA:103,12
DA:106,8
DA:107,8
DA:108,8
DA:110,5
DA:112,3
DA:115,8
DA:116,0
DA:119,8
DA:121,8
DA:134,0
DA:135,0
DA:136,0
DA:139,12
DA:141,0
DA:146,12
DA:147,5
DA:148,5
DA:149,5
DA:151,5
DA:152,5
DA:155,4
DA:156,4
DA:158,3
DA:159,1
DA:162,2
DA:164,2
DA:166,3
DA:171,12
DA:172,6
DA:173,6
DA:174,6
DA:176,6
DA:177,6
DA:180,5
DA:181,5
DA:186,5
DA:189,4
DA:194,4
DA:200,4
DA:201,3
DA:202,3
DA:203,0
DA:206,0
DA:211,4
DA:213,2
DA:217,12
LF:78
LH:71
BRDA:16,0,0,7
BRDA:16,0,1,6
BRDA:17,1,0,7
BRDA:17,1,1,6
BRDA:21,2,0,1
BRDA:21,2,1,6
BRDA:24,3,0,6
BRDA:24,3,1,3
BRDA:25,4,0,4
BRDA:25,4,1,2
BRDA:30,5,0,1
BRDA:30,5,1,5
BRDA:30,6,0,6
BRDA:30,6,1,2
BRDA:60,7,0,2
BRDA:60,7,1,10
BRDA:62,8,0,2
BRDA:62,8,1,8
BRDA:108,9,0,5
BRDA:108,9,1,3
BRDA:110,10,0,5
BRDA:110,10,1,0
BRDA:110,10,2,0
BRDA:110,11,0,0
BRDA:110,11,1,0
BRDA:115,12,0,0
BRDA:115,12,1,8
BRDA:116,13,0,0
BRDA:116,13,1,0
BRDA:116,14,0,0
BRDA:116,14,1,0
BRDA:116,15,0,0
BRDA:116,15,1,0
BRDA:119,16,0,8
BRDA:119,16,1,0
BRDA:125,17,0,5
BRDA:125,17,1,3
BRDA:127,18,0,8
BRDA:127,18,1,0
BRDA:130,19,0,8
BRDA:130,19,1,0
BRDA:134,20,0,0
BRDA:134,20,1,0
BRDA:135,21,0,0
BRDA:135,21,1,0
BRDA:152,22,0,1
BRDA:152,22,1,4
BRDA:155,23,0,4
BRDA:155,23,1,2
BRDA:156,24,0,1
BRDA:156,24,1,3
BRDA:158,25,0,1
BRDA:158,25,1,2
BRDA:158,26,0,3
BRDA:158,26,1,1
BRDA:177,27,0,1
BRDA:177,27,1,5
BRDA:180,28,0,5
BRDA:180,28,1,2
BRDA:181,29,0,3
BRDA:181,29,1,2
BRDA:186,30,0,1
BRDA:186,30,1,4
BRDA:186,31,0,5
BRDA:186,31,1,2
BRDA:200,32,0,3
BRDA:200,32,1,1
BRDA:202,33,0,0
BRDA:202,33,1,3
BRF:69
BRH:50
end_of_record
TN:
SF:src/routes/notifications.ts
FN:12,(anonymous_0)
FN:48,(anonymous_1)
FN:62,(anonymous_2)
FN:85,(anonymous_3)
FN:97,(anonymous_4)
FNF:5
FNH:5
FNDA:1,(anonymous_0)
FNDA:1,(anonymous_1)
FNDA:3,(anonymous_2)
FNDA:1,(anonymous_3)
FNDA:3,(anonymous_4)
DA:1,12
DA:2,12
DA:3,12
DA:4,12
DA:6,12
DA:8,12
DA:12,12
DA:13,1
DA:18,1
DA:20,1
DA:21,1
DA:22,1
DA:24,1
DA:28,1
DA:30,1
DA:40,1
DA:42,0
DA:48,12
DA:49,1
DA:50,1
DA:55,1
DA:57,0
DA:62,12
DA:63,3
DA:64,3
DA:68,3
DA:69,2
DA:70,1
DA:73,1
DA:78,1
DA:80,2
DA:85,12
DA:86,1
DA:87,1
DA:90,1
DA:92,0
DA:97,12
DA:98,3
DA:99,3
DA:103,3
DA:104,2
DA:105,1
DA:108,1
DA:109,1
DA:111,2
DA:115,12
LF:46
LH:43
BRDA:15,0,0,1
BRDA:16,1,0,1
BRDA:24,2,0,0
BRDA:24,2,1,1
BRDA:24,3,0,1
BRDA:24,3,1,1
BRDA:68,4,0,1
BRDA:68,4,1,2
BRDA:69,5,0,1
BRDA:69,5,1,1
BRDA:103,6,0,1
BRDA:103,6,1,2
BRDA:104,7,0,1
BRDA:104,7,1,1
BRF:14
BRH:13
end_of_record
TN:
SF:src/routes/reviews.ts
FN:21,(anonymous_0)
FNF:1
FNH:1
FNDA:20,(anonymous_0)
DA:1,12
DA:2,12
DA:3,12
DA:4,12
DA:5,12
DA:6,12
DA:7,12
DA:13,12
DA:15,12
DA:18,12
DA:22,20
DA:23,20
DA:27,20
DA:29,19
DA:30,1
DA:33,18
DA:38,18
DA:39,18
DA:49,17
DA:54,17
DA:56,1
DA:60,1
DA:62,0
DA:65,3
DA:70,12
LF:25
LH:24
BRDA:27,0,0,1
BRDA:27,0,1,19
BRDA:29,1,0,1
BRDA:29,1,1,18
BRDA:44,2,0,18
BRDA:44,2,1,18
BRDA:56,3,0,1
BRDA:56,3,1,0
BRDA:57,4,0,1
BRDA:57,4,1,1
BRF:10
BRH:9
end_of_record
TN:
SF:src/routes/tasks.ts
FN:34,isInSea
FN:52,(anonymous_1)
FN:95,(anonymous_2)
FN:96,(anonymous_3)
FN:97,(anonymous_4)
FN:149,(anonymous_5)
FN:305,(anonymous_6)
FN:358,(anonymous_7)
FN:399,(anonymous_8)
FN:424,(anonymous_9)
FN:452,(anonymous_10)
FN:481,(anonymous_11)
FN:528,(anonymous_12)
FN:543,(anonymous_13)
FN:559,(anonymous_14)
FN:587,(anonymous_15)
FN:600,(anonymous_16)
FN:693,(anonymous_17)
FN:755,(anonymous_18)
FN:775,(anonymous_19)
FN:780,(anonymous_20)
FN:784,(anonymous_21)
FN:796,(anonymous_22)
FN:810,(anonymous_23)
FN:871,(anonymous_24)
FN:888,(anonymous_25)
FN:902,(anonymous_26)
FNF:27
FNH:26
FNDA:139,isInSea
FNDA:139,(anonymous_1)
FNDA:553,(anonymous_2)
FNDA:553,(anonymous_3)
FNDA:276,(anonymous_4)
FNDA:7,(anonymous_5)
FNDA:5,(anonymous_6)
FNDA:5,(anonymous_7)
FNDA:6,(anonymous_8)
FNDA:3,(anonymous_9)
FNDA:14,(anonymous_10)
FNDA:6,(anonymous_11)
FNDA:7,(anonymous_12)
FNDA:4,(anonymous_13)
FNDA:44,(anonymous_14)
FNDA:73,(anonymous_15)
FNDA:73,(anonymous_16)
FNDA:112,(anonymous_17)
FNDA:3,(anonymous_18)
FNDA:2,(anonymous_19)
FNDA:0,(anonymous_20)
FNDA:2,(anonymous_21)
FNDA:2,(anonymous_22)
FNDA:27,(anonymous_23)
FNDA:4,(anonymous_24)
FNDA:1,(anonymous_25)
FNDA:3,(anonymous_26)
DA:1,12
DA:2,12
DA:3,12
DA:4,12
DA:5,12
DA:6,12
DA:7,12
DA:8,12
DA:9,12
DA:15,12
DA:16,12
DA:25,12
DA:28,12
DA:35,139
DA:36,139
DA:37,558
DA:38,558
DA:39,558
DA:40,139
DA:41,139
DA:42,139
DA:45,0
DA:49,12
DA:52,12
DA:53,139
DA:65,139
DA:79,139
DA:80,1
DA:84,138
DA:85,138
DA:86,138
DA:87,138
DA:88,138
DA:89,138
DA:92,138
DA:93,138
DA:94,138
DA:95,553
DA:96,553
DA:97,276
DA:98,138
DA:99,138
DA:100,138
DA:109,138
DA:137,138
DA:142,138
DA:144,1
DA:149,12
DA:150,7
DA:161,7
DA:163,7
DA:164,1
DA:167,6
DA:168,6
DA:169,6
DA:170,6
DA:171,6
DA:172,6
DA:173,6
DA:175,6
DA:176,6
DA:205,6
DA:206,1
DA:239,1
DA:252,5
DA:284,5
DA:297,6
DA:298,6
DA:300,1
DA:305,12
DA:306,5
DA:307,5
DA:325,5
DA:328,4
DA:332,4
DA:334,4
DA:335,4
DA:338,4
DA:339,4
DA:343,4
DA:353,1
DA:358,12
DA:359,5
DA:360,5
DA:361,5
DA:363,4
DA:365,4
DA:369,4
DA:370,4
DA:372,3
DA:373,3
DA:374,0
DA:375,0
DA:379,3
DA:387,3
DA:389,3
DA:391,3
DA:392,1
DA:393,1
DA:396,2
DA:399,2
DA:400,6
DA:401,6
DA:408,0
DA:411,2
DA:419,2
DA:424,12
DA:425,3
DA:426,3
DA:427,3
DA:428,3
DA:429,2
DA:431,1
DA:433,1
DA:445,1
DA:447,2
DA:452,12
DA:453,14
DA:454,14
DA:455,14
DA:457,14
DA:459,14
DA:464,13
DA:469,13
DA:470,2
DA:475,11
DA:477,6
DA:481,6
DA:482,6
DA:486,6
DA:492,6
DA:493,2
DA:494,2
DA:496,5
DA:497,5
DA:498,1
DA:500,4
DA:505,4
DA:506,4
DA:507,4
DA:512,10
DA:513,10
DA:514,0
DA:520,10
DA:521,10
DA:523,4
DA:528,12
DA:529,7
DA:530,7
DA:532,7
DA:533,6
DA:534,5
DA:543,4
DA:544,4
DA:545,4
DA:546,4
DA:552,4
DA:554,3
DA:559,12
DA:560,44
DA:561,44
DA:563,44
DA:564,44
DA:565,44
DA:566,1
DA:569,43
DA:575,43
DA:576,43
DA:577,43
DA:580,43
DA:582,1
DA:587,12
DA:588,73
DA:589,73
DA:591,73
DA:592,73
DA:593,73
DA:595,73
DA:596,73
DA:597,73
DA:600,73
DA:601,73
DA:602,73
DA:603,0
DA:605,73
DA:606,1
DA:608,72
DA:609,1
DA:612,71
DA:613,71
DA:614,71
DA:615,39
DA:616,39
DA:619,71
DA:620,71
DA:621,71
DA:623,71
DA:624,31
DA:628,31
DA:629,31
DA:634,31
DA:636,40
DA:640,40
DA:644,71
DA:646,31
DA:647,31
DA:648,31
DA:649,31
DA:650,31
DA:653,31
DA:656,31
DA:657,30
DA:661,30
DA:662,30
DA:666,40
DA:667,40
DA:668,40
DA:669,40
DA:670,40
DA:675,71
DA:676,31
DA:677,31
DA:678,0
DA:685,71
DA:686,71
DA:688,2
DA:693,12
DA:694,112
DA:695,112
DA:697,112
DA:698,112
DA:699,112
DA:702,111
DA:705,111
DA:706,1
DA:710,110
DA:713,110
DA:715,110
DA:720,110
DA:730,110
DA:731,110
DA:735,110
DA:736,110
DA:737,110
DA:738,110
DA:739,110
DA:745,110
DA:746,110
DA:748,110
DA:750,1
DA:755,12
DA:756,3
DA:757,3
DA:759,3
DA:760,3
DA:762,2
DA:769,2
DA:775,2
DA:779,2
DA:780,0
DA:784,2
DA:785,2
DA:789,2
DA:790,2
DA:791,1
DA:792,1
DA:793,1
DA:796,2
DA:803,2
DA:805,1
DA:810,12
DA:811,27
DA:812,27
DA:816,27
DA:817,27
DA:818,1
DA:820,26
DA:821,1
DA:823,25
DA:824,1
DA:828,24
DA:829,0
DA:831,24
DA:832,24
DA:833,1
DA:837,23
DA:845,23
DA:846,1
DA:849,22
DA:851,22
DA:862,22
DA:864,22
DA:866,5
DA:871,12
DA:872,4
DA:873,4
DA:874,4
DA:875,3
DA:876,1
DA:877,0
DA:880,1
DA:882,1
DA:888,1
DA:893,1
DA:895,1
DA:897,3
DA:902,12
DA:903,3
DA:904,3
DA:905,3
DA:906,3
DA:907,2
DA:908,1
DA:911,1
DA:919,1
DA:921,2
DA:925,12
LF:317
LH:307
BRDA:35,0,0,0
BRDA:35,0,1,139
BRDA:35,1,0,139
BRDA:35,1,1,139
BRDA:39,2,0,139
BRDA:39,2,1,419
BRDA:39,3,0,558
BRDA:39,3,1,558
BRDA:79,4,0,1
BRDA:79,4,1,138
BRDA:86,5,0,138
BRDA:86,5,1,0
BRDA:87,6,0,138
BRDA:87,6,1,0
BRDA:93,7,0,138
BRDA:93,7,1,0
BRDA:93,8,0,138
BRDA:93,8,1,138
BRDA:94,9,0,138
BRDA:94,9,1,0
BRDA:98,10,0,138
BRDA:98,10,1,138
BRDA:99,11,0,138
BRDA:99,11,1,0
BRDA:100,12,0,138
BRDA:100,12,1,0
BRDA:119,13,0,138
BRDA:119,13,1,138
BRDA:121,14,0,138
BRDA:121,14,1,137
BRDA:122,15,0,138
BRDA:122,15,1,136
BRDA:154,16,0,4
BRDA:159,17,0,7
BRDA:160,18,0,7
BRDA:163,19,0,1
BRDA:163,19,1,6
BRDA:163,20,0,7
BRDA:163,20,1,6
BRDA:175,21,0,1
BRDA:175,21,1,5
BRDA:176,22,0,1
BRDA:176,22,1,5
BRDA:205,23,0,1
BRDA:205,23,1,5
BRDA:205,24,0,6
BRDA:205,24,1,1
BRDA:234,25,0,0
BRDA:234,25,1,1
BRDA:235,26,0,0
BRDA:235,26,1,1
BRDA:248,27,0,0
BRDA:248,27,1,1
BRDA:249,28,0,0
BRDA:249,28,1,1
BRDA:279,29,0,1
BRDA:279,29,1,4
BRDA:280,30,0,1
BRDA:280,30,1,4
BRDA:292,31,0,1
BRDA:292,31,1,4
BRDA:293,32,0,1
BRDA:293,32,1,4
BRDA:325,33,0,1
BRDA:325,33,1,4
BRDA:332,34,0,4
BRDA:332,34,1,0
BRDA:339,35,0,3
BRDA:339,35,1,1
BRDA:339,36,0,4
BRDA:339,36,1,2
BRDA:361,37,0,1
BRDA:361,37,1,4
BRDA:361,38,0,5
BRDA:361,38,1,4
BRDA:363,39,0,0
BRDA:363,39,1,4
BRDA:370,40,0,1
BRDA:370,40,1,3
BRDA:372,41,0,3
BRDA:372,41,1,0
BRDA:373,42,0,0
BRDA:373,42,1,3
BRDA:391,43,0,1
BRDA:391,43,1,2
BRDA:391,44,0,3
BRDA:391,44,1,2
BRDA:400,45,0,6
BRDA:400,45,1,0
BRDA:415,46,0,2
BRDA:415,46,1,0
BRDA:427,47,0,0
BRDA:427,47,1,3
BRDA:428,48,0,1
BRDA:428,48,1,2
BRDA:429,49,0,1
BRDA:429,49,1,1
BRDA:436,50,0,1
BRDA:436,50,1,1
BRDA:437,51,0,1
BRDA:437,51,1,0
BRDA:438,52,0,1
BRDA:438,52,1,0
BRDA:439,53,0,1
BRDA:439,53,1,0
BRDA:440,54,0,1
BRDA:440,54,1,0
BRDA:441,55,0,1
BRDA:441,55,1,0
BRDA:457,56,0,0
BRDA:457,56,1,14
BRDA:459,57,0,1
BRDA:459,57,1,13
BRDA:469,58,0,2
BRDA:469,58,1,11
BRDA:475,59,0,6
BRDA:475,59,1,5
BRDA:475,60,0,11
BRDA:475,60,1,6
BRDA:496,61,0,5
BRDA:496,61,1,0
BRDA:496,62,0,5
BRDA:496,62,1,5
BRDA:497,63,0,1
BRDA:497,63,1,4
BRDA:505,64,0,4
BRDA:505,64,1,0
BRDA:513,65,0,0
BRDA:513,65,1,10
BRDA:532,66,0,1
BRDA:532,66,1,6
BRDA:533,67,0,1
BRDA:533,67,1,5
BRDA:534,68,0,1
BRDA:534,68,1,4
BRDA:563,69,0,0
BRDA:563,69,1,44
BRDA:564,70,0,0
BRDA:564,70,1,44
BRDA:565,71,0,1
BRDA:565,71,1,43
BRDA:565,72,0,44
BRDA:565,72,1,1
BRDA:575,73,0,43
BRDA:575,73,1,0
BRDA:591,74,0,0
BRDA:591,74,1,73
BRDA:592,75,0,0
BRDA:592,75,1,73
BRDA:593,76,0,0
BRDA:593,76,1,73
BRDA:597,77,0,0
BRDA:597,77,1,73
BRDA:597,78,0,73
BRDA:597,78,1,40
BRDA:602,79,0,0
BRDA:602,79,1,73
BRDA:602,80,0,73
BRDA:602,80,1,73
BRDA:605,81,0,1
BRDA:605,81,1,72
BRDA:605,82,0,73
BRDA:605,82,1,33
BRDA:608,83,0,1
BRDA:608,83,1,71
BRDA:608,84,0,72
BRDA:608,84,1,40
BRDA:613,85,0,32
BRDA:613,85,1,39
BRDA:614,86,0,39
BRDA:614,86,1,32
BRDA:619,87,0,32
BRDA:619,87,1,39
BRDA:620,88,0,39
BRDA:620,88,1,32
BRDA:621,89,0,71
BRDA:621,89,1,63
BRDA:623,90,0,31
BRDA:623,90,1,40
BRDA:628,91,0,31
BRDA:628,91,1,0
BRDA:644,92,0,31
BRDA:644,92,1,40
BRDA:648,93,0,31
BRDA:648,93,1,0
BRDA:656,94,0,30
BRDA:656,94,1,1
BRDA:661,95,0,30
BRDA:661,95,1,0
BRDA:666,96,0,32
BRDA:666,96,1,8
BRDA:667,97,0,32
BRDA:667,97,1,8
BRDA:668,98,0,40
BRDA:668,98,1,0
BRDA:675,99,0,31
BRDA:675,99,1,40
BRDA:677,100,0,0
BRDA:677,100,1,31
BRDA:697,101,0,0
BRDA:697,101,1,112
BRDA:698,102,0,0
BRDA:698,102,1,112
BRDA:699,103,0,1
BRDA:699,103,1,111
BRDA:705,104,0,1
BRDA:705,104,1,110
BRDA:713,105,0,0
BRDA:713,105,1,110
BRDA:735,106,0,110
BRDA:735,106,1,0
BRDA:737,107,0,110
BRDA:737,107,1,109
BRDA:759,108,0,0
BRDA:759,108,1,3
BRDA:760,109,0,1
BRDA:760,109,1,2
BRDA:791,110,0,1
BRDA:791,110,1,1
BRDA:798,111,0,2
BRDA:798,111,1,2
BRDA:799,112,0,2
BRDA:799,112,1,2
BRDA:800,113,0,2
BRDA:800,113,1,1
BRDA:816,114,0,0
BRDA:816,114,1,27
BRDA:817,115,0,1
BRDA:817,115,1,26
BRDA:820,116,0,1
BRDA:820,116,1,25
BRDA:823,117,0,1
BRDA:823,117,1,24
BRDA:828,118,0,0
BRDA:828,118,1,24
BRDA:832,119,0,1
BRDA:832,119,1,23
BRDA:845,120,0,1
BRDA:845,120,1,22
BRDA:857,121,0,22
BRDA:857,121,1,1
BRDA:874,122,0,1
BRDA:874,122,1,3
BRDA:875,123,0,2
BRDA:875,123,1,1
BRDA:876,124,0,0
BRDA:876,124,1,1
BRDA:876,125,0,1
BRDA:876,125,1,0
BRDA:905,126,0,0
BRDA:905,126,1,3
BRDA:906,127,0,1
BRDA:906,127,1,2
BRDA:907,128,0,1
BRDA:907,128,1,1
BRDA:907,129,0,2
BRDA:907,129,1,2
BRF:257
BRH:207
end_of_record
TN:
SF:src/routes/users.ts
FN:16,(anonymous_1)
FN:32,(anonymous_2)
FN:64,(anonymous_3)
FN:83,(anonymous_4)
FN:126,(anonymous_5)
FN:142,(anonymous_6)
FN:167,(anonymous_7)
FN:197,(anonymous_8)
FN:210,(anonymous_9)
FN:222,(anonymous_10)
FN:235,(anonymous_11)
FN:259,(anonymous_12)
FN:272,(anonymous_13)
FN:312,(anonymous_14)
FN:342,(anonymous_15)
FNF:15
FNH:15
FNDA:5,(anonymous_1)
FNDA:2,(anonymous_2)
FNDA:1,(anonymous_3)
FNDA:1,(anonymous_4)
FNDA:2,(anonymous_5)
FNDA:2,(anonymous_6)
FNDA:2,(anonymous_7)
FNDA:1,(anonymous_8)
FNDA:1,(anonymous_9)
FNDA:2,(anonymous_10)
FNDA:9,(anonymous_11)
FNDA:1,(anonymous_12)
FNDA:6,(anonymous_13)
FNDA:3,(anonymous_14)
FNDA:2,(anonymous_15)
DA:1,12
DA:3,12
DA:4,12
DA:5,12
DA:6,12
DA:7,12
DA:8,12
DA:10,12
DA:13,12
DA:16,12
DA:17,5
DA:18,5
DA:25,5
DA:27,0
DA:32,12
DA:33,2
DA:38,2
DA:40,2
DA:41,2
DA:42,2
DA:44,2
DA:49,2
DA:64,2
DA:76,2
DA:78,0
DA:83,12
DA:84,1
DA:89,1
DA:91,1
DA:92,1
DA:93,1
DA:95,1
DA:100,1
DA:119,1
DA:121,0
DA:126,12
DA:127,2
DA:128,2
DA:132,2
DA:134,0
DA:135,0
DA:137,0
DA:142,12
DA:143,2
DA:145,2
DA:146,2
DA:147,0
DA:149,2
DA:150,2
DA:152,2
DA:153,1
DA:156,1
DA:160,1
DA:162,0
DA:167,12
DA:168,2
DA:169,2
DA:172,2
DA:184,2
DA:185,2
DA:190,2
DA:192,0
DA:197,12
DA:198,1
DA:199,1
DA:203,1
DA:205,0
DA:210,12
DA:211,1
DA:212,1
DA:215,1
DA:217,0
DA:222,12
DA:223,2
DA:224,2
DA:225,2
DA:226,2
DA:227,1
DA:228,1
DA:230,1
DA:235,12
DA:236,9
DA:237,9
DA:238,9
DA:239,1
DA:241,8
DA:242,1
DA:245,7
DA:252,7
DA:254,0
DA:259,12
DA:260,1
DA:261,1
DA:265,1
DA:267,0
DA:272,12
DA:273,6
DA:274,6
DA:277,6
DA:278,6
DA:279,1
DA:283,5
DA:287,5
DA:288,3
DA:289,1
DA:291,2
DA:292,1
DA:295,1
DA:299,1
DA:302,2
DA:305,2
DA:307,0
DA:312,12
DA:313,3
DA:314,3
DA:334,3
DA:335,2
DA:337,1
DA:342,12
DA:343,2
DA:344,2
DA:347,2
DA:352,1
DA:354,1
DA:355,1
DA:356,1
DA:358,1
DA:360,1
DA:371,1
DA:373,1
DA:377,12
LF:131
LH:117
BRDA:36,0,0,2
BRDA:37,1,0,2
BRDA:46,2,0,2
BRDA:46,2,1,1
BRDA:67,3,0,1
BRDA:67,3,1,1
BRDA:68,4,0,1
BRDA:68,4,1,1
BRDA:69,5,0,1
BRDA:69,5,1,1
BRDA:87,6,0,1
BRDA:88,7,0,1
BRDA:97,8,0,1
BRDA:97,8,1,0
BRDA:134,9,0,0
BRDA:134,9,1,0
BRDA:146,10,0,0
BRDA:146,10,1,2
BRDA:152,11,0,1
BRDA:152,11,1,1
BRDA:225,12,0,0
BRDA:225,12,1,2
BRDA:226,13,0,1
BRDA:226,13,1,1
BRDA:238,14,0,1
BRDA:238,14,1,8
BRDA:241,15,0,1
BRDA:241,15,1,7
BRDA:278,16,0,1
BRDA:278,16,1,5
BRDA:287,17,0,3
BRDA:287,17,1,2
BRDA:288,18,0,1
BRDA:288,18,1,2
BRDA:291,19,0,1
BRDA:291,19,1,1
BRDA:334,20,0,1
BRDA:334,20,1,2
BRDA:347,21,0,1
BRDA:347,21,1,1
BRDA:350,22,0,1
BRDA:351,23,0,1
BRF:42
BRH:37
end_of_record
TN:
SF:src/services/notificationService.ts
FN:8,getExpo
FN:10,(anonymous_10)
FN:22,sendNotification
FN:51,(anonymous_12)
FNF:4
FNH:4
FNDA:1,getExpo
FNDA:1,(anonymous_10)
FNDA:399,sendNotification
FNDA:397,(anonymous_12)
DA:3,13
DA:9,1
DA:10,2
DA:11,1
DA:13,1
DA:22,13
DA:31,399
DA:33,399
DA:46,397
DA:51,794
DA:52,397
DA:54,1
DA:61,1
DA:62,1
DA:65,2
LF:15
LH:15
BRDA:9,0,0,1
BRDA:9,0,1,0
BRDA:41,1,0,399
BRDA:41,1,1,6
BRDA:52,2,0,396
BRDA:52,2,1,1
BRDA:52,3,0,397
BRDA:52,3,1,2
BRF:8
BRH:7
end_of_record
TN:
SF:src/utils/completionChecker.ts
FN:13,checkPendingCompletions
FN:37,(anonymous_1)
FNF:2
FNH:2
FNDA:7,checkPendingCompletions
FNDA:3,(anonymous_1)
DA:1,1
DA:2,1
DA:3,1
DA:5,1
DA:6,1
DA:13,1
DA:14,7
DA:15,7
DA:27,7
DA:29,7
DA:30,7
DA:31,7
DA:32,7
DA:33,7
DA:35,7
DA:37,3
DA:38,3
DA:46,3
DA:47,3
DA:54,3
DA:55,3
DA:56,3
DA:57,3
DA:58,3
DA:62,3
DA:65,3
DA:66,2
DA:67,2
DA:70,3
DA:71,4
DA:73,3
DA:82,3
DA:83,2
DA:88,2
DA:89,2
DA:94,0
LF:36
LH:35
BRDA:30,0,0,0
BRDA:30,0,1,7
BRDA:35,1,0,3
BRDA:35,1,1,4
BRDA:46,2,0,3
BRDA:46,2,1,0
BRDA:56,3,0,3
BRDA:56,3,1,0
BRDA:65,4,0,2
BRDA:65,4,1,1
BRDA:66,5,0,2
BRDA:66,5,1,0
BRDA:71,6,0,3
BRDA:71,6,1,1
BRDA:82,7,0,2
BRDA:82,7,1,1
BRDA:85,8,0,2
BRDA:85,8,1,0
BRF:18
BRH:13
end_of_record
TN:
SF:src/utils/errors.ts
FN:6,(anonymous_0)
FN:13,(anonymous_1)
FN:18,(anonymous_2)
FN:23,(anonymous_3)
FN:28,(anonymous_4)
FN:33,(anonymous_5)
FN:38,(anonymous_6)
FNF:7
FNH:7
FNDA:104,(anonymous_0)
FNDA:10,(anonymous_1)
FNDA:29,(anonymous_2)
FNDA:20,(anonymous_3)
FNDA:13,(anonymous_4)
FNDA:31,(anonymous_5)
FNDA:1,(anonymous_6)
DA:1,15
DA:7,104
DA:8,104
DA:9,104
DA:13,15
DA:14,10
DA:15,10
DA:18,15
DA:19,29
DA:20,29
DA:23,15
DA:24,20
DA:25,20
DA:28,15
DA:29,13
DA:30,13
DA:33,15
DA:34,31
DA:35,31
DA:38,15
DA:39,1
DA:40,1
LF:22
LH:22
BRF:0
BRH:0
end_of_record
TN:
SF:src/utils/notificationMessages.ts
FN:15,getUserLanguage
FN:31,(anonymous_1)
FN:35,(anonymous_2)
FN:41,(anonymous_3)
FN:45,(anonymous_4)
FN:51,(anonymous_5)
FN:55,(anonymous_6)
FN:61,(anonymous_7)
FN:65,(anonymous_8)
FN:71,(anonymous_9)
FN:75,(anonymous_10)
FN:81,(anonymous_11)
FN:85,(anonymous_12)
FN:91,(anonymous_13)
FN:95,(anonymous_14)
FN:101,(anonymous_15)
FN:105,(anonymous_16)
FN:111,(anonymous_17)
FN:115,(anonymous_18)
FN:121,(anonymous_19)
FN:125,(anonymous_20)
FN:131,(anonymous_21)
FN:135,(anonymous_22)
FN:141,(anonymous_23)
FN:145,(anonymous_24)
FN:151,(anonymous_25)
FN:155,(anonymous_26)
FN:161,(anonymous_27)
FN:165,(anonymous_28)
FN:171,(anonymous_29)
FN:175,(anonymous_30)
FN:181,(anonymous_31)
FN:185,(anonymous_32)
FN:191,(anonymous_33)
FN:195,(anonymous_34)
FN:201,(anonymous_35)
FN:205,(anonymous_36)
FN:214,getNotificationText
FNF:38
FNH:19
FNDA:393,getUserLanguage
FNDA:78,(anonymous_1)
FNDA:0,(anonymous_2)
FNDA:2,(anonymous_3)
FNDA:0,(anonymous_4)
FNDA:4,(anonymous_5)
FNDA:0,(anonymous_6)
FNDA:3,(anonymous_7)
FNDA:0,(anonymous_8)
FNDA:2,(anonymous_9)
FNDA:0,(anonymous_10)
FNDA:2,(anonymous_11)
FNDA:0,(anonymous_12)
FNDA:4,(anonymous_13)
FNDA:0,(anonymous_14)
FNDA:43,(anonymous_15)
FNDA:0,(anonymous_16)
FNDA:62,(anonymous_17)
FNDA:0,(anonymous_18)
FNDA:32,(anonymous_19)
FNDA:0,(anonymous_20)
FNDA:40,(anonymous_21)
FNDA:0,(anonymous_22)
FNDA:110,(anonymous_23)
FNDA:0,(anonymous_24)
FNDA:3,(anonymous_25)
FNDA:0,(anonymous_26)
FNDA:3,(anonymous_27)
FNDA:0,(anonymous_28)
FNDA:2,(anonymous_29)
FNDA:0,(anonymous_30)
FNDA:0,(anonymous_31)
FNDA:0,(anonymous_32)
FNDA:1,(anonymous_33)
FNDA:0,(anonymous_34)
FNDA:2,(anonymous_35)
FNDA:0,(anonymous_36)
FNDA:393,getNotificationText
DA:6,12
DA:16,393
DA:17,393
DA:21,393
DA:23,0
DA:29,12
DA:31,78
DA:35,0
DA:41,2
DA:45,0
DA:51,4
DA:55,0
DA:61,3
DA:65,0
DA:71,2
DA:75,0
DA:81,2
DA:85,0
DA:91,4
DA:95,0
DA:101,43
DA:105,0
DA:111,62
DA:115,0
DA:121,32
DA:125,0
DA:131,40
DA:135,0
DA:141,110
DA:145,0
DA:151,3
DA:155,0
DA:161,3
DA:165,0
DA:171,2
DA:175,0
DA:181,0
DA:185,0
DA:191,1
DA:195,0
DA:201,2
DA:205,0
DA:214,12
DA:219,393
DA:220,393
DA:221,393
DA:222,393
DA:225,12
LF:48
LH:28
BRDA:21,0,0,0
BRDA:21,0,1,393
BRDA:203,1,0,1
BRDA:203,1,1,1
BRDA:207,2,0,0
BRDA:207,2,1,0
BRDA:217,3,0,0
BRDA:221,4,0,0
BRDA:221,4,1,393
BRF:9
BRH:4
end_of_record
TN:
SF:src/utils/profanityFilter.ts
FN:88,containsProfanity
FNF:1
FNH:1
FNDA:31,containsProfanity
DA:6,14
DA:29,14
DA:88,14
DA:89,31
DA:92,31
DA:93,1254
DA:94,1254
DA:98,29
DA:99,29
DA:100,1204
DA:103,25
DA:106,14
LF:12
LH:12
BRDA:94,0,0,2
BRDA:94,0,1,1252
BRDA:100,1,0,4
BRDA:100,1,1,1200
BRF:4
BRH:4
end_of_record
TN:
SF:src/utils/ratingCalculator.ts
FN:31,recalculateFixerRating
FNF:1
FNH:1
FNDA:23,recalculateFixerRating
DA:1,12
DA:22,12
DA:29,12
DA:31,12
DA:32,23
DA:37,23
DA:38,1
DA:42,1
DA:45,22
DA:49,22
DA:50,22
DA:51,22
DA:52,22
DA:53,22
DA:56,22
DA:57,22
DA:59,22
DA:60,22
DA:61,22
DA:63,22
DA:64,22
DA:65,22
DA:66,22
DA:67,22
DA:70,22
DA:71,22
DA:72,22
DA:76,22
DA:77,22
DA:80,22
DA:84,22
DA:88,22
DA:91,22
DA:93,22
LF:34
LH:34
BRDA:37,0,0,1
BRDA:37,0,1,22
BRDA:51,1,0,22
BRDA:51,1,1,22
BRDA:70,2,0,22
BRDA:70,2,1,0
BRDA:84,3,0,22
BRDA:84,3,1,0
BRF:8
BRH:6
end_of_record
