TN:
SF:src/app.ts
FN:20,(anonymous_1)
FN:27,(anonymous_2)
FNF:2
FNH:0
FNDA:0,(anonymous_1)
FNDA:0,(anonymous_2)
DA:1,12
DA:2,12
DA:3,12
DA:4,12
DA:6,12
DA:7,12
DA:8,12
DA:9,12
DA:10,12
DA:11,12
DA:12,12
DA:13,12
DA:14,12
DA:16,12
DA:18,12
DA:20,0
DA:23,12
DA:24,12
DA:25,12
DA:27,12
DA:28,0
DA:31,12
DA:32,12
DA:33,12
DA:34,12
DA:35,12
DA:36,12
DA:37,12
DA:38,12
DA:40,12
DA:42,12
LF:31
LH:29
BRDA:19,0,0,0
BRDA:19,0,1,12
BRF:2
BRH:1
end_of_record
TN:
SF:src/schemas.ts
FN:51,(anonymous_0)
FN:61,(anonymous_1)
FNF:2
FNH:2
FNDA:21,(anonymous_0)
FNDA:1,(anonymous_1)
DA:1,13
DA:2,13
DA:4,13
DA:9,13
DA:22,13
DA:31,13
DA:35,13
DA:40,13
DA:45,13
DA:51,21
DA:55,13
DA:61,1
DA:65,13
DA:77,13
DA:81,13
DA:86,13
DA:90,13
DA:94,13
DA:100,13
LF:19
LH:19
BRF:0
BRH:0
end_of_record
TN:
SF:src/middleware/adminAuth.ts
FN:8,adminOnly
FNF:1
FNH:1
FNDA:22,adminOnly
DA:2,12
DA:8,12
DA:13,22
DA:14,4
DA:15,4
DA:17,18
LF:6
LH:6
BRDA:13,0,0,4
BRDA:13,0,1,18
BRF:2
BRH:2
end_of_record
TN:
SF:src/middleware/auth.ts
FN:6,authMiddleware
FNF:1
FNH:1
FNDA:696,authMiddleware
DA:2,12
DA:3,12
DA:4,12
DA:6,12
DA:11,696
DA:12,696
DA:13,696
DA:14,5
DA:17,691
DA:19,691
DA:20,691
DA:22,1
DA:25,690
DA:29,690
DA:30,1
DA:33,689
DA:34,689
DA:36,7
LF:18
LH:18
BRDA:13,0,0,5
BRDA:13,0,1,691
BRDA:29,1,0,1
BRDA:29,1,1,689
BRF:4
BRH:4
end_of_record
TN:
SF:src/middleware/errorHandler.ts
FN:4,errorHandler
FNF:1
FNH:1
FNDA:94,errorHandler
DA:2,13
DA:4,13
DA:10,94
DA:11,93
DA:18,93
DA:21,1
DA:22,1
LF:7
LH:7
BRDA:10,0,0,93
BRDA:10,0,1,1
BRF:2
BRH:2
end_of_record
TN:
SF:src/middleware/validate.ts
FN:5,validate
FN:6,(anonymous_1)
FNF:2
FNH:2
FNDA:183,validate
FNDA:362,(anonymous_1)
DA:2,13
DA:3,13
DA:5,13
DA:6,183
DA:7,362
DA:8,362
DA:9,353
DA:11,9
DA:12,9
DA:13,9
DA:15,0
LF:11
LH:10
BRDA:11,0,0,9
BRDA:11,0,1,0
BRF:2
BRH:1
end_of_record
TN:
SF:src/routes/admin.ts
FN:19,(anonymous_0)
FN:56,(anonymous_1)
FN:81,(anonymous_2)
FN:108,(anonymous_3)
FN:141,(anonymous_4)
FN:181,(anonymous_5)
FN:205,(anonymous_6)
FN:242,(anonymous_7)
FNF:8
FNH:8
FNDA:1,(anonymous_0)
FNDA:2,(anonymous_1)
FNDA:2,(anonymous_2)
FNDA:1,(anonymous_3)
FNDA:4,(anonymous_4)
FNDA:3,(anonymous_5)
FNDA:1,(anonymous_6)
FNDA:4,(anonymous_7)
DA:1,12
DA:2,12
DA:3,12
DA:4,12
DA:5,12
DA:6,12
DA:7,12
DA:8,12
DA:9,12
DA:11,12
DA:13,12
DA:14,12
DA:17,12
DA:20,1
DA:21,1
DA:22,1
DA:23,1
DA:25,1
DA:46,1
DA:48,0
DA:54,12
DA:57,2
DA:58,2
DA:61,2
DA:63,1
DA:69,1
DA:71,1
DA:73,1
DA:79,12
DA:82,2
DA:83,2
DA:86,2
DA:88,1
DA:98,1
DA:100,1
DA:106,12
DA:109,1
DA:110,1
DA:111,1
DA:112,1
DA:114,1
DA:131,1
DA:133,0
DA:139,12
DA:142,4
DA:143,4
DA:144,4
DA:145,1
DA:148,3
DA:149,3
DA:151,2
DA:152,2
DA:158,2
DA:171,2
DA:173,1
DA:179,12
DA:182,3
DA:183,3
DA:184,3
DA:185,2
DA:188,1
DA:189,1
DA:191,0
DA:192,0
DA:194,0
DA:195,0
DA:197,0
DA:203,12
DA:206,1
DA:207,1
DA:208,1
DA:209,1
DA:211,1
DA:231,1
DA:233,0
DA:239,12
DA:243,4
DA:244,4
DA:246,4
DA:247,4
DA:249,3
DA:250,3
DA:260,3
DA:261,3
DA:262,3
DA:263,3
DA:267,3
DA:269,3
DA:271,1
DA:276,12
LF:90
LH:82
BRDA:21,0,0,1
BRDA:21,0,1,1
BRDA:22,1,0,1
BRDA:22,1,1,1
BRDA:61,2,0,1
BRDA:61,2,1,1
BRDA:86,3,0,1
BRDA:86,3,1,1
BRDA:110,4,0,1
BRDA:110,4,1,1
BRDA:111,5,0,1
BRDA:111,5,1,1
BRDA:144,6,0,1
BRDA:144,6,1,3
BRDA:144,7,0,4
BRDA:144,7,1,2
BRDA:149,8,0,1
BRDA:149,8,1,2
BRDA:151,9,0,1
BRDA:151,9,1,1
BRDA:161,10,0,1
BRDA:161,10,1,1
BRDA:162,11,0,1
BRDA:162,11,1,1
BRDA:165,12,0,1
BRDA:165,12,1,1
BRDA:184,13,0,2
BRDA:184,13,1,1
BRDA:184,14,0,3
BRDA:184,14,1,2
BRDA:189,15,0,1
BRDA:189,15,1,0
BRDA:191,16,0,0
BRDA:191,16,1,0
BRDA:207,17,0,1
BRDA:207,17,1,1
BRDA:208,18,0,1
BRDA:208,18,1,1
BRDA:247,19,0,1
BRDA:247,19,1,3
BRDA:249,20,0,1
BRDA:249,20,1,2
BRDA:256,21,0,1
BRDA:256,21,1,2
BRDA:256,22,0,3
BRDA:256,22,1,2
BRDA:260,23,0,3
BRDA:260,23,1,0
BRDA:261,24,0,1
BRDA:261,24,1,2
BRDA:262,25,0,1
BRDA:262,25,1,2
BRDA:263,26,0,1
BRDA:263,26,1,2
BRDA:265,27,0,1
BRDA:265,27,1,1
BRF:56
BRH:52
end_of_record
TN:
SF:src/routes/auth.ts
FN:13,(anonymous_1)
FNF:1
FNH:1
FNDA:5,(anonymous_1)
DA:1,12
DA:2,12
DA:3,12
DA:4,12
DA:5,12
DA:6,12
DA:7,12
DA:9,12
DA:13,12
DA:14,5
DA:15,5
DA:16,5
DA:17,1
DA:20,4
DA:21,4
DA:23,3
DA:28,3
DA:37,2
DA:39,3
DA:43,1
DA:46,2
DA:50,1
DA:51,1
DA:52,1
DA:55,1
DA:59,12
LF:26
LH:26
BRDA:16,0,0,1
BRDA:16,0,1,4
BRDA:31,1,0,3
BRDA:31,1,1,3
BRDA:39,2,0,1
BRDA:39,2,1,2
BRDA:40,3,0,3
BRDA:40,3,1,1
BRDA:46,4,0,1
BRDA:46,4,1,1
BRDA:47,5,0,2
BRDA:47,5,1,2
BRDA:51,6,0,1
BRDA:51,6,1,0
BRF:14
BRH:13
end_of_record
TN:
SF:src/routes/bids.ts
FN:21,(anonymous_0)
FN:40,(anonymous_1)
FN:99,(anonymous_2)
FN:137,(anonymous_3)
FN:169,(anonymous_4)
FN:181,(anonymous_5)
FN:217,(anonymous_6)
FN:241,(anonymous_7)
FN:282,(anonymous_8)
FNF:9
FNH:9
FNDA:80,(anonymous_0)
FNDA:78,(anonymous_1)
FNDA:5,(anonymous_2)
FNDA:3,(anonymous_3)
FNDA:4,(anonymous_4)
FNDA:2,(anonymous_5)
FNDA:2,(anonymous_6)
FNDA:6,(anonymous_7)
FNDA:3,(anonymous_8)
DA:1,12
DA:3,12
DA:4,12
DA:5,12
DA:6,12
DA:7,12
DA:8,12
DA:9,12
DA:16,12
DA:18,12
DA:21,12
DA:22,80
DA:23,80
DA:28,80
DA:29,80
DA:30,79
DA:33,78
DA:40,78
DA:41,78
DA:42,78
DA:43,0
DA:46,78
DA:50,78
DA:54,78
DA:66,78
DA:76,78
DA:80,78
DA:81,2
DA:91,78
DA:92,78
DA:94,2
DA:99,12
DA:100,5
DA:101,5
DA:106,5
DA:107,5
DA:108,4
DA:110,4
DA:112,4
DA:121,4
DA:130,4
DA:132,1
DA:137,12
DA:138,3
DA:139,3
DA:144,3
DA:145,3
DA:146,3
DA:148,3
DA:153,3
DA:162,3
DA:164,0
DA:169,12
DA:170,4
DA:171,4
DA:176,4
DA:177,4
DA:178,3
DA:179,2
DA:181,2
DA:182,2
DA:186,2
DA:192,2
DA:202,2
DA:203,2
DA:204,0
DA:210,2
DA:212,2
DA:217,12
DA:218,2
DA:219,2
DA:224,2
DA:225,2
DA:226,2
DA:227,1
DA:229,1
DA:234,1
DA:236,1
DA:241,12
DA:242,6
DA:243,6
DA:247,6
DA:248,6
DA:249,5
DA:251,4
DA:252,4
DA:253,4
DA:254,2
DA:255,1
DA:257,1
DA:259,3
DA:260,2
DA:261,1
DA:263,1
DA:266,2
DA:267,1
DA:270,1
DA:275,1
DA:277,5
DA:282,12
DA:283,3
DA:284,3
DA:285,3
DA:286,3
DA:287,3
DA:288,1
DA:290,2
DA:291,2
DA:293,1
DA:297,12
LF:110
LH:107
BRDA:28,0,0,0
BRDA:28,0,1,80
BRDA:29,1,0,1
BRDA:29,1,1,79
BRDA:30,2,0,1
BRDA:30,2,1,78
BRDA:42,3,0,0
BRDA:42,3,1,78
BRDA:42,4,0,78
BRDA:42,4,1,78
BRDA:60,5,0,78
BRDA:60,5,1,0
BRDA:106,6,0,0
BRDA:106,6,1,5
BRDA:107,7,0,1
BRDA:107,7,1,4
BRDA:108,8,0,0
BRDA:108,8,1,4
BRDA:117,9,0,4
BRDA:117,9,1,3
BRDA:144,10,0,0
BRDA:144,10,1,3
BRDA:145,11,0,0
BRDA:145,11,1,3
BRDA:146,12,0,0
BRDA:146,12,1,3
BRDA:176,13,0,0
BRDA:176,13,1,4
BRDA:177,14,0,1
BRDA:177,14,1,3
BRDA:178,15,0,1
BRDA:178,15,1,2
BRDA:179,16,0,0
BRDA:179,16,1,2
BRDA:203,17,0,0
BRDA:203,17,1,2
BRDA:224,18,0,0
BRDA:224,18,1,2
BRDA:225,19,0,0
BRDA:225,19,1,2
BRDA:226,20,0,1
BRDA:226,20,1,1
BRDA:227,21,0,0
BRDA:227,21,1,1
BRDA:247,22,0,0
BRDA:247,22,1,6
BRDA:248,23,0,1
BRDA:248,23,1,5
BRDA:249,24,0,1
BRDA:249,24,1,4
BRDA:253,25,0,2
BRDA:253,25,1,2
BRDA:254,26,0,1
BRDA:254,26,1,1
BRDA:254,27,0,2
BRDA:254,27,1,2
BRDA:259,28,0,2
BRDA:259,28,1,1
BRDA:260,29,0,1
BRDA:260,29,1,1
BRDA:260,30,0,2
BRDA:260,30,1,2
BRDA:266,31,0,1
BRDA:266,31,1,1
BRDA:285,32,0,0
BRDA:285,32,1,3
BRDA:286,33,0,0
BRDA:286,33,1,3
BRDA:287,34,0,1
BRDA:287,34,1,2
BRDA:287,35,0,3
BRDA:287,35,1,2
BRF:72
BRH:55
end_of_record
TN:
SF:src/routes/messages.ts
FN:12,(anonymous_0)
FN:53,(anonymous_1)
FN:90,(anonymous_2)
FN:101,(anonymous_3)
FN:104,(anonymous_4)
FN:133,(anonymous_5)
FN:146,(anonymous_6)
FN:171,(anonymous_7)
FN:206,(anonymous_8)
FNF:9
FNH:7
FNDA:7,(anonymous_0)
FNDA:12,(anonymous_1)
FNDA:8,(anonymous_2)
FNDA:8,(anonymous_3)
FNDA:8,(anonymous_4)
FNDA:0,(anonymous_5)
FNDA:5,(anonymous_6)
FNDA:6,(anonymous_7)
FNDA:0,(anonymous_8)
DA:1,12
DA:2,12
DA:3,12
DA:4,12
DA:5,12
DA:7,12
DA:9,12
DA:12,12
DA:13,7
DA:14,7
DA:15,7
DA:16,7
DA:17,7
DA:18,7
DA:20,7
DA:21,7
DA:24,6
DA:25,6
DA:30,6
DA:32,5
DA:45,5
DA:47,2
DA:53,12
DA:54,12
DA:55,12
DA:56,12
DA:60,12
DA:67,12
DA:90,12
DA:91,12
DA:101,12
DA:103,12
DA:106,8
DA:107,8
DA:108,8
DA:110,5
DA:112,3
DA:115,8
DA:116,0
DA:119,8
DA:121,8
DA:134,0
DA:135,0
DA:136,0
DA:139,12
DA:141,0
DA:146,12
DA:147,5
DA:148,5
DA:149,5
DA:151,5
DA:152,5
DA:155,4
DA:156,4
DA:158,3
DA:159,1
DA:162,2
DA:164,2
DA:166,3
DA:171,12
DA:172,6
DA:173,6
DA:174,6
DA:176,6
DA:177,6
DA:180,5
DA:181,5
DA:186,5
DA:189,4
DA:194,4
DA:200,4
DA:201,3
DA:202,3
DA:203,0
DA:206,0
DA:211,4
DA:213,2
DA:217,12
LF:78
LH:71
BRDA:16,0,0,7
BRDA:16,0,1,6
BRDA:17,1,0,7
BRDA:17,1,1,6
BRDA:21,2,0,1
BRDA:21,2,1,6
BRDA:24,3,0,6
BRDA:24,3,1,3
BRDA:25,4,0,4
BRDA:25,4,1,2
BRDA:30,5,0,1
BRDA:30,5,1,5
BRDA:30,6,0,6
BRDA:30,6,1,2
BRDA:60,7,0,2
BRDA:60,7,1,10
BRDA:62,8,0,2
BRDA:62,8,1,8
BRDA:108,9,0,5
BRDA:108,9,1,3
BRDA:110,10,0,5
BRDA:110,10,1,0
BRDA:110,10,2,0
BRDA:110,11,0,0
BRDA:110,11,1,0
BRDA:115,12,0,0
BRDA:115,12,1,8
BRDA:116,13,0,0
BRDA:116,13,1,0
BRDA:116,14,0,0
BRDA:116,14,1,0
BRDA:116,15,0,0
BRDA:116,15,1,0
BRDA:119,16,0,8
BRDA:119,16,1,0
BRDA:125,17,0,5
BRDA:125,17,1,3
BRDA:127,18,0,8
BRDA:127,18,1,0
BRDA:130,19,0,8
BRDA:130,19,1,0
BRDA:134,20,0,0
BRDA:134,20,1,0
BRDA:135,21,0,0
BRDA:135,21,1,0
BRDA:152,22,0,1
BRDA:152,22,1,4
BRDA:155,23,0,4
BRDA:155,23,1,2
BRDA:156,24,0,1
BRDA:156,24,1,3
BRDA:158,25,0,1
BRDA:158,25,1,2
BRDA:158,26,0,3
BRDA:158,26,1,1
BRDA:177,27,0,1
BRDA:177,27,1,5
BRDA:180,28,0,5
BRDA:180,28,1,2
BRDA:181,29,0,3
BRDA:181,29,1,2
BRDA:186,30,0,1
BRDA:186,30,1,4
BRDA:186,31,0,5
BRDA:186,31,1,2
BRDA:200,32,0,3
BRDA:200,32,1,1
BRDA:202,33,0,0
BRDA:202,33,1,3
BRF:69
BRH:50
end_of_record
TN:
SF:src/routes/notifications.ts
FN:11,(anonymous_0)
FN:40,(anonymous_1)
FN:54,(anonymous_2)
FN:77,(anonymous_3)
FN:89,(anonymous_4)
FNF:5
FNH:5
FNDA:1,(anonymous_0)
FNDA:1,(anonymous_1)
FNDA:3,(anonymous_2)
FNDA:1,(anonymous_3)
FNDA:3,(anonymous_4)
DA:1,12
DA:2,12
DA:3,12
DA:4,12
DA:6,12
DA:8,12
DA:11,12
DA:12,1
DA:16,1
DA:18,1
DA:19,1
DA:20,1
DA:22,1
DA:32,1
DA:34,0
DA:40,12
DA:41,1
DA:42,1
DA:47,1
DA:49,0
DA:54,12
DA:55,3
DA:56,3
DA:60,3
DA:61,2
DA:62,1
DA:65,1
DA:70,1
DA:72,2
DA:77,12
DA:78,1
DA:79,1
DA:82,1
DA:84,0
DA:89,12
DA:90,3
DA:91,3
DA:95,3
DA:96,2
DA:97,1
DA:100,1
DA:101,1
DA:103,2
DA:107,12
LF:44
LH:41
BRDA:14,0,0,1
BRDA:15,1,0,1
BRDA:60,2,0,1
BRDA:60,2,1,2
BRDA:61,3,0,1
BRDA:61,3,1,1
BRDA:95,4,0,1
BRDA:95,4,1,2
BRDA:96,5,0,1
BRDA:96,5,1,1
BRF:10
BRH:10
end_of_record
TN:
SF:src/routes/reviews.ts
FN:21,(anonymous_0)
FNF:1
FNH:1
FNDA:20,(anonymous_0)
DA:1,12
DA:2,12
DA:3,12
DA:4,12
DA:5,12
DA:6,12
DA:7,12
DA:13,12
DA:15,12
DA:18,12
DA:22,20
DA:23,20
DA:27,20
DA:29,19
DA:30,1
DA:33,18
DA:38,18
DA:39,18
DA:49,17
DA:54,17
DA:56,1
DA:60,1
DA:62,0
DA:65,3
DA:70,12
LF:25
LH:24
BRDA:27,0,0,1
BRDA:27,0,1,19
BRDA:29,1,0,1
BRDA:29,1,1,18
BRDA:44,2,0,18
BRDA:44,2,1,18
BRDA:56,3,0,1
BRDA:56,3,1,0
BRDA:57,4,0,1
BRDA:57,4,1,1
BRF:10
BRH:9
end_of_record
TN:
SF:src/routes/tasks.ts
FN:33,isInSea
FN:51,(anonymous_1)
FN:122,(anonymous_2)
FN:277,(anonymous_3)
FN:330,(anonymous_4)
FN:369,(anonymous_5)
FN:390,(anonymous_6)
FN:418,(anonymous_7)
FN:447,(anonymous_8)
FN:506,(anonymous_9)
FN:521,(anonymous_10)
FN:537,(anonymous_11)
FN:571,(anonymous_12)
FN:584,(anonymous_13)
FN:700,(anonymous_14)
FN:768,(anonymous_15)
FN:788,(anonymous_16)
FN:793,(anonymous_17)
FN:797,(anonymous_18)
FN:809,(anonymous_19)
FN:823,(anonymous_20)
FN:884,(anonymous_21)
FN:901,(anonymous_22)
FN:915,(anonymous_23)
FNF:24
FNH:23
FNDA:139,isInSea
FNDA:139,(anonymous_1)
FNDA:7,(anonymous_2)
FNDA:5,(anonymous_3)
FNDA:5,(anonymous_4)
FNDA:6,(anonymous_5)
FNDA:3,(anonymous_6)
FNDA:14,(anonymous_7)
FNDA:6,(anonymous_8)
FNDA:7,(anonymous_9)
FNDA:4,(anonymous_10)
FNDA:44,(anonymous_11)
FNDA:73,(anonymous_12)
FNDA:73,(anonymous_13)
FNDA:112,(anonymous_14)
FNDA:3,(anonymous_15)
FNDA:2,(anonymous_16)
FNDA:0,(anonymous_17)
FNDA:2,(anonymous_18)
FNDA:2,(anonymous_19)
FNDA:27,(anonymous_20)
FNDA:4,(anonymous_21)
FNDA:1,(anonymous_22)
FNDA:3,(anonymous_23)
DA:1,12
DA:2,12
DA:3,12
DA:4,12
DA:5,12
DA:6,12
DA:7,12
DA:8,12
DA:14,12
DA:15,12
DA:24,12
DA:27,12
DA:34,139
DA:35,139
DA:36,558
DA:37,558
DA:38,558
DA:39,139
DA:40,139
DA:41,139
DA:44,0
DA:48,12
DA:51,12
DA:52,139
DA:64,139
DA:78,139
DA:79,1
DA:84,138
DA:110,138
DA:115,138
DA:117,1
DA:122,12
DA:123,7
DA:134,7
DA:136,7
DA:137,1
DA:140,6
DA:141,6
DA:142,6
DA:143,6
DA:144,6
DA:145,6
DA:146,6
DA:148,6
DA:149,6
DA:177,6
DA:178,1
DA:211,1
DA:224,5
DA:256,5
DA:269,6
DA:270,6
DA:272,1
DA:277,12
DA:278,5
DA:279,5
DA:297,5
DA:300,4
DA:304,4
DA:306,4
DA:307,4
DA:310,4
DA:311,4
DA:315,4
DA:325,1
DA:330,12
DA:331,5
DA:332,5
DA:333,5
DA:335,4
DA:339,4
DA:340,4
DA:342,3
DA:343,3
DA:344,0
DA:345,0
DA:349,3
DA:357,3
DA:359,3
DA:361,3
DA:362,1
DA:363,1
DA:366,2
DA:369,2
DA:370,6
DA:377,2
DA:385,2
DA:390,12
DA:391,3
DA:392,3
DA:393,3
DA:394,3
DA:395,2
DA:397,1
DA:399,1
DA:411,1
DA:413,2
DA:418,12
DA:419,14
DA:420,14
DA:421,14
DA:423,14
DA:425,14
DA:430,13
DA:435,13
DA:436,2
DA:441,11
DA:443,6
DA:447,6
DA:448,6
DA:452,6
DA:458,6
DA:459,2
DA:468,5
DA:469,5
DA:470,1
DA:472,4
DA:477,4
DA:478,4
DA:490,10
DA:491,10
DA:492,0
DA:498,10
DA:499,10
DA:501,4
DA:506,12
DA:507,7
DA:508,7
DA:510,7
DA:511,6
DA:512,5
DA:521,4
DA:522,4
DA:523,4
DA:524,4
DA:530,4
DA:532,3
DA:537,12
DA:538,44
DA:539,44
DA:541,44
DA:542,44
DA:543,44
DA:544,1
DA:547,43
DA:553,43
DA:554,43
DA:564,43
DA:566,1
DA:571,12
DA:572,73
DA:573,73
DA:575,73
DA:576,73
DA:577,73
DA:579,73
DA:580,73
DA:581,73
DA:584,73
DA:585,73
DA:586,73
DA:587,0
DA:589,73
DA:590,1
DA:592,72
DA:593,1
DA:596,71
DA:597,71
DA:598,71
DA:599,39
DA:600,39
DA:603,71
DA:604,71
DA:605,71
DA:607,71
DA:608,31
DA:612,31
DA:613,31
DA:618,31
DA:620,40
DA:624,40
DA:628,71
DA:630,31
DA:638,31
DA:639,31
DA:649,31
DA:652,31
DA:653,30
DA:657,30
DA:668,40
DA:669,40
DA:670,40
DA:682,71
DA:683,31
DA:684,31
DA:685,0
DA:692,71
DA:693,71
DA:695,2
DA:700,12
DA:701,112
DA:702,112
DA:704,112
DA:705,112
DA:706,112
DA:709,111
DA:712,111
DA:713,1
DA:717,110
DA:720,110
DA:722,110
DA:727,110
DA:737,110
DA:738,110
DA:742,110
DA:743,110
DA:744,110
DA:745,110
DA:746,110
DA:752,110
DA:761,110
DA:763,1
DA:768,12
DA:769,3
DA:770,3
DA:772,3
DA:773,3
DA:775,2
DA:782,2
DA:788,2
DA:792,2
DA:793,0
DA:797,2
DA:798,2
DA:802,2
DA:803,2
DA:804,1
DA:805,1
DA:806,1
DA:809,2
DA:816,2
DA:818,1
DA:823,12
DA:824,27
DA:825,27
DA:829,27
DA:830,27
DA:831,1
DA:833,26
DA:834,1
DA:836,25
DA:837,1
DA:841,24
DA:842,0
DA:844,24
DA:845,24
DA:846,1
DA:850,23
DA:858,23
DA:859,1
DA:862,22
DA:864,22
DA:875,22
DA:877,22
DA:879,5
DA:884,12
DA:885,4
DA:886,4
DA:887,4
DA:888,3
DA:889,1
DA:890,0
DA:893,1
DA:895,1
DA:901,1
DA:906,1
DA:908,1
DA:910,3
DA:915,12
DA:916,3
DA:917,3
DA:918,3
DA:919,3
DA:920,2
DA:921,1
DA:924,1
DA:932,1
DA:934,2
DA:938,12
LF:289
LH:280
BRDA:34,0,0,0
BRDA:34,0,1,139
BRDA:34,1,0,139
BRDA:34,1,1,139
BRDA:38,2,0,139
BRDA:38,2,1,419
BRDA:38,3,0,558
BRDA:38,3,1,558
BRDA:78,4,0,1
BRDA:78,4,1,138
BRDA:94,5,0,138
BRDA:94,5,1,138
BRDA:96,6,0,138
BRDA:96,6,1,137
BRDA:97,7,0,138
BRDA:97,7,1,136
BRDA:127,8,0,4
BRDA:132,9,0,7
BRDA:133,10,0,7
BRDA:136,11,0,1
BRDA:136,11,1,6
BRDA:136,12,0,7
BRDA:136,12,1,6
BRDA:148,13,0,1
BRDA:148,13,1,5
BRDA:149,14,0,1
BRDA:149,14,1,5
BRDA:177,15,0,1
BRDA:177,15,1,5
BRDA:177,16,0,6
BRDA:177,16,1,1
BRDA:206,17,0,0
BRDA:206,17,1,1
BRDA:207,18,0,0
BRDA:207,18,1,1
BRDA:220,19,0,0
BRDA:220,19,1,1
BRDA:221,20,0,0
BRDA:221,20,1,1
BRDA:251,21,0,1
BRDA:251,21,1,4
BRDA:252,22,0,1
BRDA:252,22,1,4
BRDA:264,23,0,1
BRDA:264,23,1,4
BRDA:265,24,0,1
BRDA:265,24,1,4
BRDA:297,25,0,1
BRDA:297,25,1,4
BRDA:304,26,0,4
BRDA:304,26,1,0
BRDA:311,27,0,3
BRDA:311,27,1,1
BRDA:311,28,0,4
BRDA:311,28,1,2
BRDA:333,29,0,1
BRDA:333,29,1,4
BRDA:333,30,0,5
BRDA:333,30,1,4
BRDA:340,31,0,1
BRDA:340,31,1,3
BRDA:342,32,0,3
BRDA:342,32,1,0
BRDA:343,33,0,0
BRDA:343,33,1,3
BRDA:361,34,0,1
BRDA:361,34,1,2
BRDA:361,35,0,3
BRDA:361,35,1,2
BRDA:381,36,0,2
BRDA:381,36,1,0
BRDA:393,37,0,0
BRDA:393,37,1,3
BRDA:394,38,0,1
BRDA:394,38,1,2
BRDA:395,39,0,1
BRDA:395,39,1,1
BRDA:402,40,0,1
BRDA:402,40,1,1
BRDA:403,41,0,1
BRDA:403,41,1,0
BRDA:404,42,0,1
BRDA:404,42,1,0
BRDA:405,43,0,1
BRDA:405,43,1,0
BRDA:406,44,0,1
BRDA:406,44,1,0
BRDA:407,45,0,1
BRDA:407,45,1,0
BRDA:423,46,0,0
BRDA:423,46,1,14
BRDA:425,47,0,1
BRDA:425,47,1,13
BRDA:435,48,0,2
BRDA:435,48,1,11
BRDA:441,49,0,6
BRDA:441,49,1,5
BRDA:441,50,0,11
BRDA:441,50,1,6
BRDA:468,51,0,5
BRDA:468,51,1,0
BRDA:468,52,0,5
BRDA:468,52,1,5
BRDA:469,53,0,1
BRDA:469,53,1,4
BRDA:477,54,0,4
BRDA:477,54,1,0
BRDA:491,55,0,0
BRDA:491,55,1,10
BRDA:510,56,0,1
BRDA:510,56,1,6
BRDA:511,57,0,1
BRDA:511,57,1,5
BRDA:512,58,0,1
BRDA:512,58,1,4
BRDA:541,59,0,0
BRDA:541,59,1,44
BRDA:542,60,0,0
BRDA:542,60,1,44
BRDA:543,61,0,1
BRDA:543,61,1,43
BRDA:543,62,0,44
BRDA:543,62,1,1
BRDA:553,63,0,43
BRDA:553,63,1,0
BRDA:575,64,0,0
BRDA:575,64,1,73
BRDA:576,65,0,0
BRDA:576,65,1,73
BRDA:577,66,0,0
BRDA:577,66,1,73
BRDA:581,67,0,0
BRDA:581,67,1,73
BRDA:581,68,0,73
BRDA:581,68,1,40
BRDA:586,69,0,0
BRDA:586,69,1,73
BRDA:586,70,0,73
BRDA:586,70,1,73
BRDA:589,71,0,1
BRDA:589,71,1,72
BRDA:589,72,0,73
BRDA:589,72,1,33
BRDA:592,73,0,1
BRDA:592,73,1,71
BRDA:592,74,0,72
BRDA:592,74,1,40
BRDA:597,75,0,32
BRDA:597,75,1,39
BRDA:598,76,0,39
BRDA:598,76,1,32
BRDA:603,77,0,32
BRDA:603,77,1,39
BRDA:604,78,0,39
BRDA:604,78,1,32
BRDA:605,79,0,71
BRDA:605,79,1,63
BRDA:607,80,0,31
BRDA:607,80,1,40
BRDA:612,81,0,31
BRDA:612,81,1,0
BRDA:628,82,0,31
BRDA:628,82,1,40
BRDA:638,83,0,31
BRDA:638,83,1,0
BRDA:652,84,0,30
BRDA:652,84,1,1
BRDA:660,85,0,30
BRDA:660,85,1,0
BRDA:668,86,0,32
BRDA:668,86,1,8
BRDA:669,87,0,40
BRDA:669,87,1,0
BRDA:682,88,0,31
BRDA:682,88,1,40
BRDA:684,89,0,0
BRDA:684,89,1,31
BRDA:704,90,0,0
BRDA:704,90,1,112
BRDA:705,91,0,0
BRDA:705,91,1,112
BRDA:706,92,0,1
BRDA:706,92,1,111
BRDA:712,93,0,1
BRDA:712,93,1,110
BRDA:720,94,0,0
BRDA:720,94,1,110
BRDA:742,95,0,110
BRDA:742,95,1,0
BRDA:744,96,0,110
BRDA:744,96,1,109
BRDA:772,97,0,0
BRDA:772,97,1,3
BRDA:773,98,0,1
BRDA:773,98,1,2
BRDA:804,99,0,1
BRDA:804,99,1,1
BRDA:811,100,0,2
BRDA:811,100,1,2
BRDA:812,101,0,2
BRDA:812,101,1,2
BRDA:813,102,0,2
BRDA:813,102,1,1
BRDA:829,103,0,0
BRDA:829,103,1,27
BRDA:830,104,0,1
BRDA:830,104,1,26
BRDA:833,105,0,1
BRDA:833,105,1,25
BRDA:836,106,0,1
BRDA:836,106,1,24
BRDA:841,107,0,0
BRDA:841,107,1,24
BRDA:845,108,0,1
BRDA:845,108,1,23
BRDA:858,109,0,1
BRDA:858,109,1,22
BRDA:870,110,0,22
BRDA:870,110,1,1
BRDA:887,111,0,1
BRDA:887,111,1,3
BRDA:888,112,0,2
BRDA:888,112,1,1
BRDA:889,113,0,0
BRDA:889,113,1,1
BRDA:889,114,0,1
BRDA:889,114,1,0
BRDA:918,115,0,0
BRDA:918,115,1,3
BRDA:919,116,0,1
BRDA:919,116,1,2
BRDA:920,117,0,1
BRDA:920,117,1,1
BRDA:920,118,0,2
BRDA:920,118,1,2
BRF:235
BRH:193
end_of_record
TN:
SF:src/routes/users.ts
FN:15,(anonymous_0)
FN:31,(anonymous_1)
FN:63,(anonymous_2)
FN:82,(anonymous_3)
FN:125,(anonymous_4)
FN:141,(anonymous_5)
FN:154,(anonymous_6)
FN:166,(anonymous_7)
FN:179,(anonymous_8)
FN:203,(anonymous_9)
FN:216,(anonymous_10)
FN:256,(anonymous_11)
FN:286,(anonymous_12)
FNF:13
FNH:13
FNDA:5,(anonymous_0)
FNDA:2,(anonymous_1)
FNDA:1,(anonymous_2)
FNDA:1,(anonymous_3)
FNDA:2,(anonymous_4)
FNDA:1,(anonymous_5)
FNDA:1,(anonymous_6)
FNDA:2,(anonymous_7)
FNDA:9,(anonymous_8)
FNDA:1,(anonymous_9)
FNDA:6,(anonymous_10)
FNDA:3,(anonymous_11)
FNDA:2,(anonymous_12)
DA:1,12
DA:3,12
DA:4,12
DA:5,12
DA:6,12
DA:7,12
DA:9,12
DA:12,12
DA:15,12
DA:16,5
DA:17,5
DA:24,5
DA:26,0
DA:31,12
DA:32,2
DA:37,2
DA:39,2
DA:40,2
DA:41,2
DA:43,2
DA:48,2
DA:63,2
DA:75,2
DA:77,0
DA:82,12
DA:83,1
DA:88,1
DA:90,1
DA:91,1
DA:92,1
DA:94,1
DA:99,1
DA:118,1
DA:120,0
DA:125,12
DA:126,2
DA:127,2
DA:131,2
DA:133,0
DA:134,0
DA:136,0
DA:141,12
DA:142,1
DA:143,1
DA:147,1
DA:149,0
DA:154,12
DA:155,1
DA:156,1
DA:159,1
DA:161,0
DA:166,12
DA:167,2
DA:168,2
DA:169,2
DA:170,2
DA:171,1
DA:172,1
DA:174,1
DA:179,12
DA:180,9
DA:181,9
DA:182,9
DA:183,1
DA:185,8
DA:186,1
DA:189,7
DA:196,7
DA:198,0
DA:203,12
DA:204,1
DA:205,1
DA:209,1
DA:211,0
DA:216,12
DA:217,6
DA:218,6
DA:221,6
DA:222,6
DA:223,1
DA:227,5
DA:231,5
DA:232,3
DA:233,1
DA:235,2
DA:236,1
DA:239,1
DA:243,1
DA:246,2
DA:249,2
DA:251,0
DA:256,12
DA:257,3
DA:258,3
DA:278,3
DA:279,2
DA:281,1
DA:286,12
DA:287,2
DA:288,2
DA:291,2
DA:296,1
DA:298,1
DA:299,1
DA:300,1
DA:302,1
DA:304,1
DA:315,1
DA:317,1
DA:321,12
LF:110
LH:99
BRDA:35,0,0,2
BRDA:36,1,0,2
BRDA:45,2,0,2
BRDA:45,2,1,1
BRDA:66,3,0,1
BRDA:66,3,1,1
BRDA:67,4,0,1
BRDA:67,4,1,1
BRDA:68,5,0,1
BRDA:68,5,1,1
BRDA:86,6,0,1
BRDA:87,7,0,1
BRDA:96,8,0,1
BRDA:96,8,1,0
BRDA:133,9,0,0
BRDA:133,9,1,0
BRDA:169,10,0,0
BRDA:169,10,1,2
BRDA:170,11,0,1
BRDA:170,11,1,1
BRDA:182,12,0,1
BRDA:182,12,1,8
BRDA:185,13,0,1
BRDA:185,13,1,7
BRDA:222,14,0,1
BRDA:222,14,1,5
BRDA:231,15,0,3
BRDA:231,15,1,2
BRDA:232,16,0,1
BRDA:232,16,1,2
BRDA:235,17,0,1
BRDA:235,17,1,1
BRDA:278,18,0,1
BRDA:278,18,1,2
BRDA:291,19,0,1
BRDA:291,19,1,1
BRDA:294,20,0,1
BRDA:295,21,0,1
BRF:38
BRH:34
end_of_record
TN:
SF:src/services/notificationService.ts
FN:8,getExpo
FN:10,(anonymous_10)
FN:22,sendNotification
FN:51,(anonymous_12)
FNF:4
FNH:4
FNDA:1,getExpo
FNDA:1,(anonymous_10)
FNDA:399,sendNotification
FNDA:397,(anonymous_12)
DA:3,13
DA:9,1
DA:10,2
DA:11,1
DA:13,1
DA:22,13
DA:31,399
DA:33,399
DA:46,397
DA:51,794
DA:52,397
DA:54,1
DA:61,1
DA:62,1
DA:65,2
LF:15
LH:15
BRDA:9,0,0,1
BRDA:9,0,1,0
BRDA:41,1,0,399
BRDA:41,1,1,399
BRDA:52,2,0,396
BRDA:52,2,1,1
BRDA:52,3,0,397
BRDA:52,3,1,2
BRF:8
BRH:7
end_of_record
TN:
SF:src/utils/completionChecker.ts
FN:12,checkPendingCompletions
FN:36,(anonymous_1)
FNF:2
FNH:2
FNDA:7,checkPendingCompletions
FNDA:3,(anonymous_1)
DA:1,1
DA:2,1
DA:4,1
DA:5,1
DA:12,1
DA:13,7
DA:14,7
DA:26,7
DA:28,7
DA:29,7
DA:30,7
DA:31,7
DA:32,7
DA:34,7
DA:36,3
DA:37,3
DA:45,3
DA:46,3
DA:53,3
DA:61,3
DA:62,3
DA:73,3
DA:76,3
DA:77,2
DA:87,3
DA:88,4
DA:90,3
DA:99,3
DA:100,2
DA:108,2
DA:113,0
LF:31
LH:30
BRDA:29,0,0,0
BRDA:29,0,1,7
BRDA:34,1,0,3
BRDA:34,1,1,4
BRDA:45,2,0,3
BRDA:45,2,1,0
BRDA:61,3,0,3
BRDA:61,3,1,0
BRDA:76,4,0,2
BRDA:76,4,1,1
BRDA:80,5,0,2
BRDA:80,5,1,0
BRDA:88,6,0,3
BRDA:88,6,1,1
BRDA:99,7,0,2
BRDA:99,7,1,1
BRDA:103,8,0,2
BRDA:103,8,1,0
BRF:18
BRH:13
end_of_record
TN:
SF:src/utils/errors.ts
FN:6,(anonymous_0)
FN:13,(anonymous_1)
FN:18,(anonymous_2)
FN:23,(anonymous_3)
FN:28,(anonymous_4)
FN:33,(anonymous_5)
FN:38,(anonymous_6)
FNF:7
FNH:7
FNDA:104,(anonymous_0)
FNDA:10,(anonymous_1)
FNDA:29,(anonymous_2)
FNDA:20,(anonymous_3)
FNDA:13,(anonymous_4)
FNDA:31,(anonymous_5)
FNDA:1,(anonymous_6)
DA:1,15
DA:7,104
DA:8,104
DA:9,104
DA:13,15
DA:14,10
DA:15,10
DA:18,15
DA:19,29
DA:20,29
DA:23,15
DA:24,20
DA:25,20
DA:28,15
DA:29,13
DA:30,13
DA:33,15
DA:34,31
DA:35,31
DA:38,15
DA:39,1
DA:40,1
LF:22
LH:22
BRF:0
BRH:0
end_of_record
TN:
SF:src/utils/profanityFilter.ts
FN:88,containsProfanity
FNF:1
FNH:1
FNDA:31,containsProfanity
DA:6,14
DA:29,14
DA:88,14
DA:89,31
DA:92,31
DA:93,1254
DA:94,1254
DA:98,29
DA:99,29
DA:100,1204
DA:103,25
DA:106,14
LF:12
LH:12
BRDA:94,0,0,2
BRDA:94,0,1,1252
BRDA:100,1,0,4
BRDA:100,1,1,1200
BRF:4
BRH:4
end_of_record
TN:
SF:src/utils/ratingCalculator.ts
FN:31,recalculateFixerRating
FNF:1
FNH:1
FNDA:23,recalculateFixerRating
DA:1,12
DA:22,12
DA:29,12
DA:31,12
DA:32,23
DA:37,23
DA:38,1
DA:42,1
DA:45,22
DA:49,22
DA:50,22
DA:51,22
DA:52,22
DA:53,22
DA:56,22
DA:57,22
DA:59,22
DA:60,22
DA:61,22
DA:63,22
DA:64,22
DA:65,22
DA:66,22
DA:67,22
DA:70,22
DA:71,22
DA:72,22
DA:76,22
DA:77,22
DA:80,22
DA:84,22
DA:88,22
DA:91,22
DA:93,22
LF:34
LH:34
BRDA:37,0,0,1
BRDA:37,0,1,22
BRDA:51,1,0,22
BRDA:51,1,1,22
BRDA:70,2,0,22
BRDA:70,2,1,0
BRDA:84,3,0,22
BRDA:84,3,1,0
BRF:8
BRH:6
end_of_record
